[3.890s] Invoking command in '/home/sleepy/robp-group7-sleepy/build/simple_move': DEBUGINFOD_URLS=https://debuginfod.ubuntu.com PYTHONPATH=/home/sleepy/robp-group7-sleepy/build/simple_move/prefix_override:/usr/lib/python3/dist-packages/colcon_core/task/python/colcon_distutils_commands:/home/sleepy/robp-group7-sleepy/install/simple_move/lib/python3.12/site-packages:${PYTHONPATH} /usr/bin/python3 -W ignore:setup.py install is deprecated -W ignore:easy_install command is deprecated setup.py develop --editable --build-directory /home/sleepy/robp-group7-sleepy/build/simple_move/build --no-deps symlink_data
[10.950s] running develop
[10.950s] running egg_info
[10.950s] creating simple_move.egg-info
[10.950s] writing simple_move.egg-info/PKG-INFO
[10.951s] writing dependency_links to simple_move.egg-info/dependency_links.txt
[10.951s] writing entry points to simple_move.egg-info/entry_points.txt
[10.951s] writing requirements to simple_move.egg-info/requires.txt
[10.951s] writing top-level names to simple_move.egg-info/top_level.txt
[10.951s] writing manifest file 'simple_move.egg-info/SOURCES.txt'
[10.951s] reading manifest file 'simple_move.egg-info/SOURCES.txt'
[10.952s] writing manifest file 'simple_move.egg-info/SOURCES.txt'
[10.957s] running build_ext
[10.957s] Creating /home/sleepy/robp-group7-sleepy/install/simple_move/lib/python3.12/site-packages/simple-move.egg-link (link to .)
[10.957s] Installing simple_move script to /home/sleepy/robp-group7-sleepy/install/simple_move/lib/simple_move
[10.957s] 
[10.957s] Installed /home/sleepy/robp-group7-sleepy/build/simple_move
[10.957s] running symlink_data
[10.958s] creating /home/sleepy/robp-group7-sleepy/install/simple_move/share/ament_index
[10.958s] creating /home/sleepy/robp-group7-sleepy/install/simple_move/share/ament_index/resource_index
[10.958s] creating /home/sleepy/robp-group7-sleepy/install/simple_move/share/ament_index/resource_index/packages
[10.958s] symbolically linking /home/sleepy/robp-group7-sleepy/build/simple_move/resource/simple_move -> /home/sleepy/robp-group7-sleepy/install/simple_move/share/ament_index/resource_index/packages
[10.958s] symbolically linking /home/sleepy/robp-group7-sleepy/build/simple_move/package.xml -> /home/sleepy/robp-group7-sleepy/install/simple_move/share/simple_move
[10.994s] Invoked command in '/home/sleepy/robp-group7-sleepy/build/simple_move' returned '0': DEBUGINFOD_URLS=https://debuginfod.ubuntu.com PYTHONPATH=/home/sleepy/robp-group7-sleepy/build/simple_move/prefix_override:/usr/lib/python3/dist-packages/colcon_core/task/python/colcon_distutils_commands:/home/sleepy/robp-group7-sleepy/install/simple_move/lib/python3.12/site-packages:${PYTHONPATH} /usr/bin/python3 -W ignore:setup.py install is deprecated -W ignore:easy_install command is deprecated setup.py develop --editable --build-directory /home/sleepy/robp-group7-sleepy/build/simple_move/build --no-deps symlink_data
