running develop
Removing /home/sleepy/robp-group7-sleepy/install/lidar_processing/lib/python3.12/site-packages/lidar-processing.egg-link (link to .)
running egg_info
writing ../../../build/lidar_processing/lidar_processing.egg-info/PKG-INFO
writing dependency_links to ../../../build/lidar_processing/lidar_processing.egg-info/dependency_links.txt
writing entry points to ../../../build/lidar_processing/lidar_processing.egg-info/entry_points.txt
writing requirements to ../../../build/lidar_processing/lidar_processing.egg-info/requires.txt
writing top-level names to ../../../build/lidar_processing/lidar_processing.egg-info/top_level.txt
reading manifest file '../../../build/lidar_processing/lidar_processing.egg-info/SOURCES.txt'
writing manifest file '../../../build/lidar_processing/lidar_processing.egg-info/SOURCES.txt'
running build
running build_py
creating /home/sleepy/robp-group7-sleepy/build/lidar_processing/build
creating /home/sleepy/robp-group7-sleepy/build/lidar_processing/build/lib
creating /home/sleepy/robp-group7-sleepy/build/lidar_processing/build/lib/lidar_processing
copying lidar_processing/lidar_processing.py -> /home/sleepy/robp-group7-sleepy/build/lidar_processing/build/lib/lidar_processing
copying lidar_processing/__init__.py -> /home/sleepy/robp-group7-sleepy/build/lidar_processing/build/lib/lidar_processing
running install
running install_lib
creating /home/sleepy/robp-group7-sleepy/install/lidar_processing/lib/python3.12/site-packages/lidar_processing
copying /home/sleepy/robp-group7-sleepy/build/lidar_processing/build/lib/lidar_processing/lidar_processing.py -> /home/sleepy/robp-group7-sleepy/install/lidar_processing/lib/python3.12/site-packages/lidar_processing
copying /home/sleepy/robp-group7-sleepy/build/lidar_processing/build/lib/lidar_processing/__init__.py -> /home/sleepy/robp-group7-sleepy/install/lidar_processing/lib/python3.12/site-packages/lidar_processing
byte-compiling /home/sleepy/robp-group7-sleepy/install/lidar_processing/lib/python3.12/site-packages/lidar_processing/lidar_processing.py to lidar_processing.cpython-312.pyc
byte-compiling /home/sleepy/robp-group7-sleepy/install/lidar_processing/lib/python3.12/site-packages/lidar_processing/__init__.py to __init__.cpython-312.pyc
running install_data
copying resource/lidar_processing -> /home/sleepy/robp-group7-sleepy/install/lidar_processing/share/ament_index/resource_index/packages
copying package.xml -> /home/sleepy/robp-group7-sleepy/install/lidar_processing/share/lidar_processing
running install_egg_info
Copying ../../../build/lidar_processing/lidar_processing.egg-info to /home/sleepy/robp-group7-sleepy/install/lidar_processing/lib/python3.12/site-packages/lidar_processing-0.0.0-py3.12.egg-info
running install_scripts
Installing lidar_processing script to /home/sleepy/robp-group7-sleepy/install/lidar_processing/lib/lidar_processing
writing list of installed files to '/home/sleepy/robp-group7-sleepy/build/lidar_processing/install.log'
