[0.009s] Invoking command in '/home/group-7/dd2419_ws/build/robp_phidgets_spatial': AMENT_PREFIX_PATH=/home/group-7/dd2419_ws/install/robp_interfaces:${AMENT_PREFIX_PATH} CMAKE_PREFIX_PATH=/home/group-7/dd2419_ws/install/robp_interfaces:/opt/ros/jazzy/opt/gz_math_vendor:/opt/ros/jazzy/opt/gz_utils_vendor:/opt/ros/jazzy/opt/gz_cmake_vendor:/opt/ros/jazzy DEBUGINFOD_URLS=https://debuginfod.ubuntu.com LD_LIBRARY_PATH=/home/group-7/dd2419_ws/install/robp_interfaces/lib:${LD_LIBRARY_PATH} PYTHONPATH=/home/group-7/dd2419_ws/install/robp_interfaces/lib/python3.12/site-packages:${PYTHONPATH} /usr/bin/cmake --build /home/group-7/dd2419_ws/build/robp_phidgets_spatial -- -j16 -l16
[0.056s] [100%] Built target robp_phidgets_spatial
[0.066s] Invoked command in '/home/group-7/dd2419_ws/build/robp_phidgets_spatial' returned '0': AMENT_PREFIX_PATH=/home/group-7/dd2419_ws/install/robp_interfaces:${AMENT_PREFIX_PATH} CMAKE_PREFIX_PATH=/home/group-7/dd2419_ws/install/robp_interfaces:/opt/ros/jazzy/opt/gz_math_vendor:/opt/ros/jazzy/opt/gz_utils_vendor:/opt/ros/jazzy/opt/gz_cmake_vendor:/opt/ros/jazzy DEBUGINFOD_URLS=https://debuginfod.ubuntu.com LD_LIBRARY_PATH=/home/group-7/dd2419_ws/install/robp_interfaces/lib:${LD_LIBRARY_PATH} PYTHONPATH=/home/group-7/dd2419_ws/install/robp_interfaces/lib/python3.12/site-packages:${PYTHONPATH} /usr/bin/cmake --build /home/group-7/dd2419_ws/build/robp_phidgets_spatial -- -j16 -l16
[0.067s] Invoking command in '/home/group-7/dd2419_ws/build/robp_phidgets_spatial': AMENT_PREFIX_PATH=/home/group-7/dd2419_ws/install/robp_interfaces:${AMENT_PREFIX_PATH} CMAKE_PREFIX_PATH=/home/group-7/dd2419_ws/install/robp_interfaces:/opt/ros/jazzy/opt/gz_math_vendor:/opt/ros/jazzy/opt/gz_utils_vendor:/opt/ros/jazzy/opt/gz_cmake_vendor:/opt/ros/jazzy DEBUGINFOD_URLS=https://debuginfod.ubuntu.com LD_LIBRARY_PATH=/home/group-7/dd2419_ws/install/robp_interfaces/lib:${LD_LIBRARY_PATH} PYTHONPATH=/home/group-7/dd2419_ws/install/robp_interfaces/lib/python3.12/site-packages:${PYTHONPATH} /usr/bin/cmake --install /home/group-7/dd2419_ws/build/robp_phidgets_spatial
[0.074s] -- Install configuration: "Release"
[0.074s] -- Execute custom install script
[0.075s] -- Up-to-date symlink: /home/group-7/dd2419_ws/install/robp_phidgets_spatial/lib/librobp_phidgets_spatial.so
[0.075s] -- Up-to-date symlink: /home/group-7/dd2419_ws/install/robp_phidgets_spatial/include/robp_phidgets_spatial/spatial.hpp
[0.075s] -- Up-to-date symlink: /home/group-7/dd2419_ws/install/robp_phidgets_spatial/share/robp_phidgets_spatial/launch/spatial_launch.py
[0.076s] -- Up-to-date symlink: /home/group-7/dd2419_ws/install/robp_phidgets_spatial/share/ament_index/resource_index/package_run_dependencies/robp_phidgets_spatial
[0.076s] -- Up-to-date symlink: /home/group-7/dd2419_ws/install/robp_phidgets_spatial/share/ament_index/resource_index/parent_prefix_path/robp_phidgets_spatial
[0.076s] -- Up-to-date symlink: /home/group-7/dd2419_ws/install/robp_phidgets_spatial/share/robp_phidgets_spatial/environment/ament_prefix_path.sh
[0.076s] -- Up-to-date symlink: /home/group-7/dd2419_ws/install/robp_phidgets_spatial/share/robp_phidgets_spatial/environment/ament_prefix_path.dsv
[0.077s] -- Up-to-date symlink: /home/group-7/dd2419_ws/install/robp_phidgets_spatial/share/robp_phidgets_spatial/environment/path.sh
[0.077s] -- Up-to-date symlink: /home/group-7/dd2419_ws/install/robp_phidgets_spatial/share/robp_phidgets_spatial/environment/path.dsv
[0.077s] -- Up-to-date symlink: /home/group-7/dd2419_ws/install/robp_phidgets_spatial/share/robp_phidgets_spatial/local_setup.bash
[0.077s] -- Up-to-date symlink: /home/group-7/dd2419_ws/install/robp_phidgets_spatial/share/robp_phidgets_spatial/local_setup.sh
[0.077s] -- Up-to-date symlink: /home/group-7/dd2419_ws/install/robp_phidgets_spatial/share/robp_phidgets_spatial/local_setup.zsh
[0.078s] -- Up-to-date symlink: /home/group-7/dd2419_ws/install/robp_phidgets_spatial/share/robp_phidgets_spatial/local_setup.dsv
[0.078s] -- Symlinking: /home/group-7/dd2419_ws/install/robp_phidgets_spatial/share/robp_phidgets_spatial/package.dsv
[0.086s] -- Up-to-date symlink: /home/group-7/dd2419_ws/install/robp_phidgets_spatial/share/ament_index/resource_index/packages/robp_phidgets_spatial
[0.086s] -- Up-to-date symlink: /home/group-7/dd2419_ws/install/robp_phidgets_spatial/share/ament_index/resource_index/rclcpp_components/robp_phidgets_spatial
[0.086s] -- Up-to-date symlink: /home/group-7/dd2419_ws/install/robp_phidgets_spatial/share/robp_phidgets_spatial/cmake/robp_phidgets_spatialConfig.cmake
[0.086s] -- Up-to-date symlink: /home/group-7/dd2419_ws/install/robp_phidgets_spatial/share/robp_phidgets_spatial/cmake/robp_phidgets_spatialConfig-version.cmake
[0.086s] -- Up-to-date symlink: /home/group-7/dd2419_ws/install/robp_phidgets_spatial/share/robp_phidgets_spatial/package.xml
[0.099s] Invoked command in '/home/group-7/dd2419_ws/build/robp_phidgets_spatial' returned '0': AMENT_PREFIX_PATH=/home/group-7/dd2419_ws/install/robp_interfaces:${AMENT_PREFIX_PATH} CMAKE_PREFIX_PATH=/home/group-7/dd2419_ws/install/robp_interfaces:/opt/ros/jazzy/opt/gz_math_vendor:/opt/ros/jazzy/opt/gz_utils_vendor:/opt/ros/jazzy/opt/gz_cmake_vendor:/opt/ros/jazzy DEBUGINFOD_URLS=https://debuginfod.ubuntu.com LD_LIBRARY_PATH=/home/group-7/dd2419_ws/install/robp_interfaces/lib:${LD_LIBRARY_PATH} PYTHONPATH=/home/group-7/dd2419_ws/install/robp_interfaces/lib/python3.12/site-packages:${PYTHONPATH} /usr/bin/cmake --install /home/group-7/dd2419_ws/build/robp_phidgets_spatial
