[0.025s] Invoking command in '/home/sleepy/robp-group7-sleepy/build/robp_interfaces': CMAKE_PREFIX_PATH=${CMAKE_PREFIX_PATH}:/opt/ros/jazzy DEBUGINFOD_URLS=https://debuginfod.ubuntu.com /usr/bin/cmake /home/sleepy/robp-group7-sleepy/src/robp_robot/robp_interfaces -DAMENT_CMAKE_SYMLINK_INSTALL=1 -DCMAKE_INSTALL_PREFIX=/home/sleepy/robp-group7-sleepy/install/robp_interfaces
[0.289s] -- The C compiler identification is GNU 13.3.0
[0.290s] -- The CXX compiler identification is GNU 13.3.0
[0.290s] -- Detecting C compiler ABI info
[0.290s] -- Detecting C compiler ABI info - done
[0.290s] -- Check for working C compiler: /usr/bin/cc - skipped
[0.290s] -- Detecting C compile features
[0.291s] -- Detecting C compile features - done
[0.297s] -- Detecting CXX compiler ABI info
[0.449s] -- Detecting CXX compiler ABI info - done
[0.473s] -- Check for working CXX compiler: /usr/bin/c++ - skipped
[0.473s] -- Detecting CXX compile features
[0.474s] -- Detecting CXX compile features - done
[0.477s] -- Found ament_cmake: 2.5.3 (/opt/ros/jazzy/share/ament_cmake/cmake)
[0.682s] -- Found Python3: /usr/bin/python3 (found version "3.12.3") found components: Interpreter 
[0.786s] -- Override CMake install command with custom implementation using symlinks instead of copying resources
[0.818s] -- Found rosidl_default_generators: 1.6.0 (/opt/ros/jazzy/share/rosidl_default_generators/cmake)
[0.824s] -- Using all available rosidl_typesupport_c: rosidl_typesupport_fastrtps_c;rosidl_typesupport_introspection_c
[0.884s] -- Using all available rosidl_typesupport_cpp: rosidl_typesupport_fastrtps_cpp;rosidl_typesupport_introspection_cpp
[0.934s] -- Found rosidl_adapter: 4.6.5 (/opt/ros/jazzy/share/rosidl_adapter/cmake)
[0.938s] -- Found std_msgs: 5.3.5 (/opt/ros/jazzy/share/std_msgs/cmake)
[1.786s] -- Found ament_cmake_ros: 0.12.0 (/opt/ros/jazzy/share/ament_cmake_ros/cmake)
[2.632s] -- Using all available rosidl_typesupport_c: rosidl_typesupport_fastrtps_c;rosidl_typesupport_introspection_c
[4.413s] -- Using all available rosidl_typesupport_cpp: rosidl_typesupport_fastrtps_cpp;rosidl_typesupport_introspection_cpp
[4.419s] -- Found python_cmake_module: 0.11.1 (/opt/ros/jazzy/share/python_cmake_module/cmake)
[4.874s] -- Found PythonExtra: /usr/bin/python3  
[6.515s] -- Found Python3: /usr/bin/python3 (found version "3.12.3") found components: Interpreter Development NumPy Development.Module Development.Embed 
[6.625s] -- Found ament_lint_auto: 0.17.1 (/opt/ros/jazzy/share/ament_lint_auto/cmake)
[6.680s] -- Added test 'lint_cmake' to check CMake code style
[6.680s] -- Added test 'xmllint' to check XML markup files
[6.695s] -- Configuring done (6.7s)
[6.841s] -- Generating done (0.1s)
[6.889s] -- Build files have been written to: /home/sleepy/robp-group7-sleepy/build/robp_interfaces
[6.913s] Invoked command in '/home/sleepy/robp-group7-sleepy/build/robp_interfaces' returned '0': CMAKE_PREFIX_PATH=${CMAKE_PREFIX_PATH}:/opt/ros/jazzy DEBUGINFOD_URLS=https://debuginfod.ubuntu.com /usr/bin/cmake /home/sleepy/robp-group7-sleepy/src/robp_robot/robp_interfaces -DAMENT_CMAKE_SYMLINK_INSTALL=1 -DCMAKE_INSTALL_PREFIX=/home/sleepy/robp-group7-sleepy/install/robp_interfaces
[6.915s] Invoking command in '/home/sleepy/robp-group7-sleepy/build/robp_interfaces': CMAKE_PREFIX_PATH=${CMAKE_PREFIX_PATH}:/opt/ros/jazzy DEBUGINFOD_URLS=https://debuginfod.ubuntu.com /usr/bin/cmake --build /home/sleepy/robp-group7-sleepy/build/robp_interfaces -- -j8 -l8
[7.024s] [  2%] [34m[1mGenerating type hashes for ROS interfaces[0m
[7.040s] [  2%] Built target ament_cmake_python_symlink_robp_interfaces
[7.534s] running egg_info
[7.537s] creating robp_interfaces.egg-info
[7.550s] [  2%] Built target robp_interfaces__rosidl_generator_type_description
[7.579s] writing robp_interfaces.egg-info/PKG-INFO
[7.580s] writing dependency_links to robp_interfaces.egg-info/dependency_links.txt
[7.581s] writing top-level names to robp_interfaces.egg-info/top_level.txt
[7.581s] writing manifest file 'robp_interfaces.egg-info/SOURCES.txt'
[7.582s] [  4%] [34m[1mGenerating C code for ROS interfaces[0m
[7.617s] [  6%] [34m[1mGenerating C++ code for ROS interfaces[0m
[7.743s] reading manifest file 'robp_interfaces.egg-info/SOURCES.txt'
[7.743s] writing manifest file 'robp_interfaces.egg-info/SOURCES.txt'
[7.853s] [  6%] Built target ament_cmake_python_build_robp_interfaces_egg
[8.431s] [  9%] [32mBuilding C object CMakeFiles/robp_interfaces__rosidl_generator_c.dir/rosidl_generator_c/robp_interfaces/msg/detail/duty_cycles__description.c.o[0m
[8.435s] [ 11%] [32mBuilding C object CMakeFiles/robp_interfaces__rosidl_generator_c.dir/rosidl_generator_c/robp_interfaces/msg/detail/duty_cycles__functions.c.o[0m
[8.448s] [ 13%] [32mBuilding C object CMakeFiles/robp_interfaces__rosidl_generator_c.dir/rosidl_generator_c/robp_interfaces/msg/detail/duty_cycles__type_support.c.o[0m
[8.452s] [ 15%] [32mBuilding C object CMakeFiles/robp_interfaces__rosidl_generator_c.dir/rosidl_generator_c/robp_interfaces/msg/detail/encoders__functions.c.o[0m
[8.454s] [ 18%] [32mBuilding C object CMakeFiles/robp_interfaces__rosidl_generator_c.dir/rosidl_generator_c/robp_interfaces/msg/detail/encoders__type_support.c.o[0m
[8.462s] [ 20%] [32mBuilding C object CMakeFiles/robp_interfaces__rosidl_generator_c.dir/rosidl_generator_c/robp_interfaces/msg/detail/encoders__description.c.o[0m
[8.475s] [ 20%] Built target robp_interfaces__cpp
[8.581s] [ 22%] [32m[1mLinking C shared library librobp_interfaces__rosidl_generator_c.so[0m
[8.645s] [ 22%] Built target robp_interfaces__rosidl_generator_c
[8.667s] [ 25%] [34m[1mGenerating C++ type support for eProsima Fast-RTPS[0m
[8.681s] [ 27%] [34m[1mGenerating C++ introspection for ROS interfaces[0m
[8.684s] [ 29%] [34m[1mGenerating C++ type support dispatch for ROS interfaces[0m
[8.689s] [ 31%] [34m[1mGenerating C type support for eProsima Fast-RTPS[0m
[8.692s] [ 34%] [34m[1mGenerating C introspection for ROS interfaces[0m
[8.698s] [ 36%] [34m[1mGenerating C type support dispatch for ROS interfaces[0m
[9.441s] [ 38%] [32mBuilding CXX object CMakeFiles/robp_interfaces__rosidl_typesupport_c.dir/rosidl_typesupport_c/robp_interfaces/msg/duty_cycles__type_support.cpp.o[0m
[9.444s] [ 40%] [32mBuilding CXX object CMakeFiles/robp_interfaces__rosidl_typesupport_c.dir/rosidl_typesupport_c/robp_interfaces/msg/encoders__type_support.cpp.o[0m
[9.489s] [ 43%] [32mBuilding CXX object CMakeFiles/robp_interfaces__rosidl_typesupport_cpp.dir/rosidl_typesupport_cpp/robp_interfaces/msg/duty_cycles__type_support.cpp.o[0m
[9.491s] [ 45%] [32mBuilding CXX object CMakeFiles/robp_interfaces__rosidl_typesupport_cpp.dir/rosidl_typesupport_cpp/robp_interfaces/msg/encoders__type_support.cpp.o[0m
[9.628s] [ 47%] [32m[1mLinking CXX shared library librobp_interfaces__rosidl_typesupport_c.so[0m
[9.735s] [ 52%] [32mBuilding CXX object CMakeFiles/robp_interfaces__rosidl_typesupport_introspection_cpp.dir/rosidl_typesupport_introspection_cpp/robp_interfaces/msg/detail/encoders__type_support.cpp.o[0m
[9.739s] [ 52%] [32mBuilding CXX object CMakeFiles/robp_interfaces__rosidl_typesupport_introspection_cpp.dir/rosidl_typesupport_introspection_cpp/robp_interfaces/msg/detail/duty_cycles__type_support.cpp.o[0m
[9.749s] [ 54%] [32mBuilding CXX object CMakeFiles/robp_interfaces__rosidl_typesupport_fastrtps_c.dir/rosidl_typesupport_fastrtps_c/robp_interfaces/msg/detail/duty_cycles__type_support_c.cpp.o[0m
[9.750s] [ 54%] Built target robp_interfaces__rosidl_typesupport_c
[9.766s] [ 56%] [32mBuilding C object CMakeFiles/robp_interfaces__rosidl_typesupport_introspection_c.dir/rosidl_typesupport_introspection_c/robp_interfaces/msg/detail/duty_cycles__type_support.c.o[0m
[9.775s] [ 59%] [32mBuilding CXX object CMakeFiles/robp_interfaces__rosidl_typesupport_fastrtps_c.dir/rosidl_typesupport_fastrtps_c/robp_interfaces/msg/detail/encoders__type_support_c.cpp.o[0m
[9.931s] [ 61%] [32mBuilding C object CMakeFiles/robp_interfaces__rosidl_typesupport_introspection_c.dir/rosidl_typesupport_introspection_c/robp_interfaces/msg/detail/encoders__type_support.c.o[0m
[10.061s] [ 63%] [32m[1mLinking C shared library librobp_interfaces__rosidl_typesupport_introspection_c.so[0m
[10.139s] [ 65%] [32mBuilding CXX object CMakeFiles/robp_interfaces__rosidl_typesupport_fastrtps_cpp.dir/rosidl_typesupport_fastrtps_cpp/robp_interfaces/msg/detail/dds_fastrtps/duty_cycles__type_support.cpp.o[0m
[10.176s] [ 65%] Built target robp_interfaces__rosidl_typesupport_introspection_c
[10.209s] [ 68%] [32mBuilding CXX object CMakeFiles/robp_interfaces__rosidl_typesupport_fastrtps_cpp.dir/rosidl_typesupport_fastrtps_cpp/robp_interfaces/msg/detail/dds_fastrtps/encoders__type_support.cpp.o[0m
[10.739s] [ 70%] [32m[1mLinking CXX shared library librobp_interfaces__rosidl_typesupport_cpp.so[0m
[10.896s] [ 70%] Built target robp_interfaces__rosidl_typesupport_cpp
[10.924s] [ 72%] [32m[1mLinking CXX shared library librobp_interfaces__rosidl_typesupport_introspection_cpp.so[0m
[11.133s] [ 72%] Built target robp_interfaces__rosidl_typesupport_introspection_cpp
[11.222s] [ 75%] [32m[1mLinking CXX shared library librobp_interfaces__rosidl_typesupport_fastrtps_c.so[0m
[11.358s] [ 75%] Built target robp_interfaces__rosidl_typesupport_fastrtps_c
[11.550s] [ 77%] [32m[1mLinking CXX shared library librobp_interfaces__rosidl_typesupport_fastrtps_cpp.so[0m
[11.644s] [ 77%] Built target robp_interfaces__rosidl_typesupport_fastrtps_cpp
[11.678s] [ 77%] Built target robp_interfaces
[11.715s] [ 79%] [34m[1mGenerating Python code for ROS interfaces[0m
[12.322s] [ 79%] Built target robp_interfaces__py
[12.349s] [ 84%] [32mBuilding C object CMakeFiles/robp_interfaces__rosidl_generator_py.dir/rosidl_generator_py/robp_interfaces/msg/_encoders_s.c.o[0m
[12.349s] [ 84%] [32mBuilding C object CMakeFiles/robp_interfaces__rosidl_generator_py.dir/rosidl_generator_py/robp_interfaces/msg/_duty_cycles_s.c.o[0m
[12.585s] [ 86%] [32m[1mLinking C shared library librobp_interfaces__rosidl_generator_py.so[0m
[12.635s] [ 86%] Built target robp_interfaces__rosidl_generator_py
[12.669s] [ 90%] [32mBuilding C object CMakeFiles/robp_interfaces_s__rosidl_typesupport_fastrtps_c.dir/rosidl_generator_py/robp_interfaces/_robp_interfaces_s.ep.rosidl_typesupport_fastrtps_c.c.o[0m
[12.670s] [ 90%] [32mBuilding C object CMakeFiles/robp_interfaces_s__rosidl_typesupport_c.dir/rosidl_generator_py/robp_interfaces/_robp_interfaces_s.ep.rosidl_typesupport_c.c.o[0m
[12.670s] [ 93%] [32mBuilding C object CMakeFiles/robp_interfaces_s__rosidl_typesupport_introspection_c.dir/rosidl_generator_py/robp_interfaces/_robp_interfaces_s.ep.rosidl_typesupport_introspection_c.c.o[0m
[12.869s] [ 95%] [32m[1mLinking C shared module rosidl_generator_py/robp_interfaces/robp_interfaces_s__rosidl_typesupport_c.so[0m
[12.869s] [ 97%] [32m[1mLinking C shared module rosidl_generator_py/robp_interfaces/robp_interfaces_s__rosidl_typesupport_introspection_c.so[0m
[12.888s] [100%] [32m[1mLinking C shared module rosidl_generator_py/robp_interfaces/robp_interfaces_s__rosidl_typesupport_fastrtps_c.so[0m
[12.925s] [100%] Built target robp_interfaces_s__rosidl_typesupport_introspection_c
[12.927s] [100%] Built target robp_interfaces_s__rosidl_typesupport_c
[12.939s] [100%] Built target robp_interfaces_s__rosidl_typesupport_fastrtps_c
[12.953s] Invoked command in '/home/sleepy/robp-group7-sleepy/build/robp_interfaces' returned '0': CMAKE_PREFIX_PATH=${CMAKE_PREFIX_PATH}:/opt/ros/jazzy DEBUGINFOD_URLS=https://debuginfod.ubuntu.com /usr/bin/cmake --build /home/sleepy/robp-group7-sleepy/build/robp_interfaces -- -j8 -l8
[12.964s] Invoking command in '/home/sleepy/robp-group7-sleepy/build/robp_interfaces': CMAKE_PREFIX_PATH=${CMAKE_PREFIX_PATH}:/opt/ros/jazzy DEBUGINFOD_URLS=https://debuginfod.ubuntu.com /usr/bin/cmake --install /home/sleepy/robp-group7-sleepy/build/robp_interfaces
[12.977s] -- Install configuration: ""
[12.978s] -- Execute custom install script
[12.978s] -- Symlinking: /home/sleepy/robp-group7-sleepy/install/robp_interfaces/share/ament_index/resource_index/rosidl_interfaces/robp_interfaces
[12.989s] -- Symlinking: /home/sleepy/robp-group7-sleepy/install/robp_interfaces/share/robp_interfaces/msg/DutyCycles.json
[13.001s] -- Symlinking: /home/sleepy/robp-group7-sleepy/install/robp_interfaces/share/robp_interfaces/msg/Encoders.json
[13.013s] -- Symlinking: /home/sleepy/robp-group7-sleepy/install/robp_interfaces/include/robp_interfaces/robp_interfaces/msg/detail/duty_cycles__functions.h
[13.024s] -- Symlinking: /home/sleepy/robp-group7-sleepy/install/robp_interfaces/include/robp_interfaces/robp_interfaces/msg/detail/duty_cycles__struct.h
[13.039s] -- Symlinking: /home/sleepy/robp-group7-sleepy/install/robp_interfaces/include/robp_interfaces/robp_interfaces/msg/detail/duty_cycles__type_support.h
[13.054s] -- Symlinking: /home/sleepy/robp-group7-sleepy/install/robp_interfaces/include/robp_interfaces/robp_interfaces/msg/detail/encoders__functions.h
[13.069s] -- Symlinking: /home/sleepy/robp-group7-sleepy/install/robp_interfaces/include/robp_interfaces/robp_interfaces/msg/detail/encoders__struct.h
[13.084s] -- Symlinking: /home/sleepy/robp-group7-sleepy/install/robp_interfaces/include/robp_interfaces/robp_interfaces/msg/detail/encoders__type_support.h
[13.098s] -- Symlinking: /home/sleepy/robp-group7-sleepy/install/robp_interfaces/include/robp_interfaces/robp_interfaces/msg/duty_cycles.h
[13.113s] -- Symlinking: /home/sleepy/robp-group7-sleepy/install/robp_interfaces/include/robp_interfaces/robp_interfaces/msg/encoders.h
[13.129s] -- Symlinking: /home/sleepy/robp-group7-sleepy/install/robp_interfaces/include/robp_interfaces/robp_interfaces/msg/rosidl_generator_c__visibility_control.h
[13.143s] -- Symlinking: /home/sleepy/robp-group7-sleepy/install/robp_interfaces/share/robp_interfaces/environment/library_path.sh
[13.159s] -- Symlinking: /home/sleepy/robp-group7-sleepy/install/robp_interfaces/share/robp_interfaces/environment/library_path.dsv
[13.174s] -- Symlinking: /home/sleepy/robp-group7-sleepy/install/robp_interfaces/include/robp_interfaces/robp_interfaces/msg/detail/duty_cycles__rosidl_typesupport_fastrtps_c.h
[13.190s] -- Symlinking: /home/sleepy/robp-group7-sleepy/install/robp_interfaces/include/robp_interfaces/robp_interfaces/msg/detail/encoders__rosidl_typesupport_fastrtps_c.h
[13.205s] -- Symlinking: /home/sleepy/robp-group7-sleepy/install/robp_interfaces/include/robp_interfaces/robp_interfaces/msg/rosidl_typesupport_fastrtps_c__visibility_control.h
[13.220s] -- Symlinking: /home/sleepy/robp-group7-sleepy/install/robp_interfaces/include/robp_interfaces/robp_interfaces/msg/detail/duty_cycles__rosidl_typesupport_introspection_c.h
[13.237s] -- Symlinking: /home/sleepy/robp-group7-sleepy/install/robp_interfaces/include/robp_interfaces/robp_interfaces/msg/detail/encoders__rosidl_typesupport_introspection_c.h
[13.252s] -- Symlinking: /home/sleepy/robp-group7-sleepy/install/robp_interfaces/include/robp_interfaces/robp_interfaces/msg/rosidl_typesupport_introspection_c__visibility_control.h
[13.270s] -- Symlinking: /home/sleepy/robp-group7-sleepy/install/robp_interfaces/include/robp_interfaces/robp_interfaces/msg/detail/duty_cycles__builder.hpp
[13.284s] -- Symlinking: /home/sleepy/robp-group7-sleepy/install/robp_interfaces/include/robp_interfaces/robp_interfaces/msg/detail/duty_cycles__struct.hpp
[13.301s] -- Symlinking: /home/sleepy/robp-group7-sleepy/install/robp_interfaces/include/robp_interfaces/robp_interfaces/msg/detail/duty_cycles__traits.hpp
[13.316s] -- Symlinking: /home/sleepy/robp-group7-sleepy/install/robp_interfaces/include/robp_interfaces/robp_interfaces/msg/detail/duty_cycles__type_support.hpp
[13.332s] -- Symlinking: /home/sleepy/robp-group7-sleepy/install/robp_interfaces/include/robp_interfaces/robp_interfaces/msg/detail/encoders__builder.hpp
[13.348s] -- Symlinking: /home/sleepy/robp-group7-sleepy/install/robp_interfaces/include/robp_interfaces/robp_interfaces/msg/detail/encoders__struct.hpp
[13.363s] -- Symlinking: /home/sleepy/robp-group7-sleepy/install/robp_interfaces/include/robp_interfaces/robp_interfaces/msg/detail/encoders__traits.hpp
[13.377s] -- Symlinking: /home/sleepy/robp-group7-sleepy/install/robp_interfaces/include/robp_interfaces/robp_interfaces/msg/detail/encoders__type_support.hpp
[13.387s] -- Symlinking: /home/sleepy/robp-group7-sleepy/install/robp_interfaces/include/robp_interfaces/robp_interfaces/msg/duty_cycles.hpp
[13.399s] -- Symlinking: /home/sleepy/robp-group7-sleepy/install/robp_interfaces/include/robp_interfaces/robp_interfaces/msg/encoders.hpp
[13.410s] -- Symlinking: /home/sleepy/robp-group7-sleepy/install/robp_interfaces/include/robp_interfaces/robp_interfaces/msg/rosidl_generator_cpp__visibility_control.hpp
[13.423s] -- Symlinking: /home/sleepy/robp-group7-sleepy/install/robp_interfaces/include/robp_interfaces/robp_interfaces/msg/detail/duty_cycles__rosidl_typesupport_fastrtps_cpp.hpp
[13.436s] -- Symlinking: /home/sleepy/robp-group7-sleepy/install/robp_interfaces/include/robp_interfaces/robp_interfaces/msg/detail/encoders__rosidl_typesupport_fastrtps_cpp.hpp
[13.452s] -- Symlinking: /home/sleepy/robp-group7-sleepy/install/robp_interfaces/include/robp_interfaces/robp_interfaces/msg/rosidl_typesupport_fastrtps_cpp__visibility_control.h
[13.466s] -- Symlinking: /home/sleepy/robp-group7-sleepy/install/robp_interfaces/include/robp_interfaces/robp_interfaces/msg/detail/duty_cycles__rosidl_typesupport_introspection_cpp.hpp
[13.482s] -- Symlinking: /home/sleepy/robp-group7-sleepy/install/robp_interfaces/include/robp_interfaces/robp_interfaces/msg/detail/encoders__rosidl_typesupport_introspection_cpp.hpp
[13.497s] -- Symlinking: /home/sleepy/robp-group7-sleepy/install/robp_interfaces/share/robp_interfaces/environment/pythonpath.sh
[13.512s] -- Symlinking: /home/sleepy/robp-group7-sleepy/install/robp_interfaces/share/robp_interfaces/environment/pythonpath.dsv
[13.527s] -- Symlinking: /home/sleepy/robp-group7-sleepy/install/robp_interfaces/lib/python3.12/site-packages/robp_interfaces-1.0.0-py3.12.egg-info/PKG-INFO
[13.542s] -- Symlinking: /home/sleepy/robp-group7-sleepy/install/robp_interfaces/lib/python3.12/site-packages/robp_interfaces-1.0.0-py3.12.egg-info/SOURCES.txt
[13.557s] -- Symlinking: /home/sleepy/robp-group7-sleepy/install/robp_interfaces/lib/python3.12/site-packages/robp_interfaces-1.0.0-py3.12.egg-info/dependency_links.txt
[13.573s] -- Symlinking: /home/sleepy/robp-group7-sleepy/install/robp_interfaces/lib/python3.12/site-packages/robp_interfaces-1.0.0-py3.12.egg-info/top_level.txt
[13.590s] -- Symlinking: /home/sleepy/robp-group7-sleepy/install/robp_interfaces/lib/python3.12/site-packages/robp_interfaces/__init__.py
[13.605s] -- Symlinking: /home/sleepy/robp-group7-sleepy/install/robp_interfaces/lib/python3.12/site-packages/robp_interfaces/_robp_interfaces_s.ep.rosidl_typesupport_c.c
[13.620s] -- Symlinking: /home/sleepy/robp-group7-sleepy/install/robp_interfaces/lib/python3.12/site-packages/robp_interfaces/_robp_interfaces_s.ep.rosidl_typesupport_fastrtps_c.c
[13.636s] -- Symlinking: /home/sleepy/robp-group7-sleepy/install/robp_interfaces/lib/python3.12/site-packages/robp_interfaces/_robp_interfaces_s.ep.rosidl_typesupport_introspection_c.c
[13.651s] -- Symlinking: /home/sleepy/robp-group7-sleepy/install/robp_interfaces/lib/python3.12/site-packages/robp_interfaces/msg/__init__.py
[13.666s] -- Symlinking: /home/sleepy/robp-group7-sleepy/install/robp_interfaces/lib/python3.12/site-packages/robp_interfaces/msg/_duty_cycles.py
[13.681s] -- Symlinking: /home/sleepy/robp-group7-sleepy/install/robp_interfaces/lib/python3.12/site-packages/robp_interfaces/msg/_duty_cycles_s.c
[13.697s] -- Symlinking: /home/sleepy/robp-group7-sleepy/install/robp_interfaces/lib/python3.12/site-packages/robp_interfaces/msg/_encoders.py
[13.713s] -- Symlinking: /home/sleepy/robp-group7-sleepy/install/robp_interfaces/lib/python3.12/site-packages/robp_interfaces/msg/_encoders_s.c
[13.728s] -- Symlinking: /home/sleepy/robp-group7-sleepy/install/robp_interfaces/lib/python3.12/site-packages/robp_interfaces/robp_interfaces_s__rosidl_typesupport_c.so
[13.743s] -- Symlinking: /home/sleepy/robp-group7-sleepy/install/robp_interfaces/lib/python3.12/site-packages/robp_interfaces/robp_interfaces_s__rosidl_typesupport_fastrtps_c.so
[13.759s] -- Symlinking: /home/sleepy/robp-group7-sleepy/install/robp_interfaces/lib/python3.12/site-packages/robp_interfaces/robp_interfaces_s__rosidl_typesupport_introspection_c.so
[13.774s] -- Up-to-date symlink: /home/sleepy/robp-group7-sleepy/install/robp_interfaces/lib/python3.12/site-packages/robp_interfaces/robp_interfaces_s__rosidl_typesupport_fastrtps_c.so
[13.774s] -- Up-to-date symlink: /home/sleepy/robp-group7-sleepy/install/robp_interfaces/lib/python3.12/site-packages/robp_interfaces/robp_interfaces_s__rosidl_typesupport_introspection_c.so
[13.775s] -- Up-to-date symlink: /home/sleepy/robp-group7-sleepy/install/robp_interfaces/lib/python3.12/site-packages/robp_interfaces/robp_interfaces_s__rosidl_typesupport_c.so
[13.775s] -- Symlinking: /home/sleepy/robp-group7-sleepy/install/robp_interfaces/share/robp_interfaces/msg/DutyCycles.idl
[13.790s] -- Symlinking: /home/sleepy/robp-group7-sleepy/install/robp_interfaces/share/robp_interfaces/msg/Encoders.idl
[13.808s] -- Symlinking: /home/sleepy/robp-group7-sleepy/install/robp_interfaces/share/robp_interfaces/msg/DutyCycles.msg
[13.826s] -- Symlinking: /home/sleepy/robp-group7-sleepy/install/robp_interfaces/share/robp_interfaces/msg/Encoders.msg
[13.844s] -- Symlinking: /home/sleepy/robp-group7-sleepy/install/robp_interfaces/share/ament_index/resource_index/package_run_dependencies/robp_interfaces
[13.862s] -- Symlinking: /home/sleepy/robp-group7-sleepy/install/robp_interfaces/share/ament_index/resource_index/parent_prefix_path/robp_interfaces
[13.879s] -- Symlinking: /home/sleepy/robp-group7-sleepy/install/robp_interfaces/share/robp_interfaces/environment/ament_prefix_path.sh
[13.891s] -- Symlinking: /home/sleepy/robp-group7-sleepy/install/robp_interfaces/share/robp_interfaces/environment/ament_prefix_path.dsv
[13.901s] -- Symlinking: /home/sleepy/robp-group7-sleepy/install/robp_interfaces/share/robp_interfaces/environment/path.sh
[13.914s] -- Symlinking: /home/sleepy/robp-group7-sleepy/install/robp_interfaces/share/robp_interfaces/environment/path.dsv
[13.927s] -- Symlinking: /home/sleepy/robp-group7-sleepy/install/robp_interfaces/share/robp_interfaces/local_setup.bash
[13.941s] -- Symlinking: /home/sleepy/robp-group7-sleepy/install/robp_interfaces/share/robp_interfaces/local_setup.sh
[13.950s] -- Symlinking: /home/sleepy/robp-group7-sleepy/install/robp_interfaces/share/robp_interfaces/local_setup.zsh
[13.962s] -- Symlinking: /home/sleepy/robp-group7-sleepy/install/robp_interfaces/share/robp_interfaces/local_setup.dsv
[13.973s] -- Symlinking: /home/sleepy/robp-group7-sleepy/install/robp_interfaces/share/robp_interfaces/package.dsv
[13.983s] -- Symlinking: /home/sleepy/robp-group7-sleepy/install/robp_interfaces/share/ament_index/resource_index/packages/robp_interfaces
[13.994s] -- Symlinking: /home/sleepy/robp-group7-sleepy/install/robp_interfaces/share/robp_interfaces/cmake/rosidl_cmake-extras.cmake
[14.006s] -- Symlinking: /home/sleepy/robp-group7-sleepy/install/robp_interfaces/share/robp_interfaces/cmake/ament_cmake_export_dependencies-extras.cmake
[14.017s] -- Symlinking: /home/sleepy/robp-group7-sleepy/install/robp_interfaces/share/robp_interfaces/cmake/ament_cmake_export_include_directories-extras.cmake
[14.028s] -- Symlinking: /home/sleepy/robp-group7-sleepy/install/robp_interfaces/share/robp_interfaces/cmake/ament_cmake_export_libraries-extras.cmake
[14.038s] -- Symlinking: /home/sleepy/robp-group7-sleepy/install/robp_interfaces/share/robp_interfaces/cmake/ament_cmake_export_targets-extras.cmake
[14.049s] -- Symlinking: /home/sleepy/robp-group7-sleepy/install/robp_interfaces/share/robp_interfaces/cmake/rosidl_cmake_export_typesupport_targets-extras.cmake
[14.059s] -- Symlinking: /home/sleepy/robp-group7-sleepy/install/robp_interfaces/share/robp_interfaces/cmake/rosidl_cmake_export_typesupport_libraries-extras.cmake
[14.069s] -- Symlinking: /home/sleepy/robp-group7-sleepy/install/robp_interfaces/share/robp_interfaces/cmake/robp_interfacesConfig.cmake
[14.080s] -- Symlinking: /home/sleepy/robp-group7-sleepy/install/robp_interfaces/share/robp_interfaces/cmake/robp_interfacesConfig-version.cmake
[14.090s] -- Symlinking: /home/sleepy/robp-group7-sleepy/install/robp_interfaces/share/robp_interfaces/package.xml
[14.104s] -- Installing: /home/sleepy/robp-group7-sleepy/install/robp_interfaces/lib/librobp_interfaces__rosidl_generator_c.so
[14.105s] -- Set non-toolchain portion of runtime path of "/home/sleepy/robp-group7-sleepy/install/robp_interfaces/lib/librobp_interfaces__rosidl_generator_c.so" to ""
[14.105s] -- Installing: /home/sleepy/robp-group7-sleepy/install/robp_interfaces/lib/librobp_interfaces__rosidl_typesupport_fastrtps_c.so
[14.105s] -- Set non-toolchain portion of runtime path of "/home/sleepy/robp-group7-sleepy/install/robp_interfaces/lib/librobp_interfaces__rosidl_typesupport_fastrtps_c.so" to ""
[14.105s] -- Installing: /home/sleepy/robp-group7-sleepy/install/robp_interfaces/lib/librobp_interfaces__rosidl_typesupport_introspection_c.so
[14.105s] -- Set non-toolchain portion of runtime path of "/home/sleepy/robp-group7-sleepy/install/robp_interfaces/lib/librobp_interfaces__rosidl_typesupport_introspection_c.so" to ""
[14.105s] -- Installing: /home/sleepy/robp-group7-sleepy/install/robp_interfaces/lib/librobp_interfaces__rosidl_typesupport_c.so
[14.105s] -- Set non-toolchain portion of runtime path of "/home/sleepy/robp-group7-sleepy/install/robp_interfaces/lib/librobp_interfaces__rosidl_typesupport_c.so" to ""
[14.106s] -- Installing: /home/sleepy/robp-group7-sleepy/install/robp_interfaces/lib/librobp_interfaces__rosidl_typesupport_fastrtps_cpp.so
[14.106s] -- Set non-toolchain portion of runtime path of "/home/sleepy/robp-group7-sleepy/install/robp_interfaces/lib/librobp_interfaces__rosidl_typesupport_fastrtps_cpp.so" to ""
[14.106s] -- Installing: /home/sleepy/robp-group7-sleepy/install/robp_interfaces/lib/librobp_interfaces__rosidl_typesupport_introspection_cpp.so
[14.106s] -- Set non-toolchain portion of runtime path of "/home/sleepy/robp-group7-sleepy/install/robp_interfaces/lib/librobp_interfaces__rosidl_typesupport_introspection_cpp.so" to ""
[14.106s] -- Installing: /home/sleepy/robp-group7-sleepy/install/robp_interfaces/lib/librobp_interfaces__rosidl_typesupport_cpp.so
[14.106s] -- Set non-toolchain portion of runtime path of "/home/sleepy/robp-group7-sleepy/install/robp_interfaces/lib/librobp_interfaces__rosidl_typesupport_cpp.so" to ""
[14.158s] Listing '/home/sleepy/robp-group7-sleepy/install/robp_interfaces/lib/python3.12/site-packages/robp_interfaces'...
[14.159s] Compiling '/home/sleepy/robp-group7-sleepy/install/robp_interfaces/lib/python3.12/site-packages/robp_interfaces/__init__.py'...
[14.159s] Listing '/home/sleepy/robp-group7-sleepy/install/robp_interfaces/lib/python3.12/site-packages/robp_interfaces/msg'...
[14.159s] Compiling '/home/sleepy/robp-group7-sleepy/install/robp_interfaces/lib/python3.12/site-packages/robp_interfaces/msg/__init__.py'...
[14.159s] Compiling '/home/sleepy/robp-group7-sleepy/install/robp_interfaces/lib/python3.12/site-packages/robp_interfaces/msg/_duty_cycles.py'...
[14.159s] Compiling '/home/sleepy/robp-group7-sleepy/install/robp_interfaces/lib/python3.12/site-packages/robp_interfaces/msg/_encoders.py'...
[14.166s] -- Installing: /home/sleepy/robp-group7-sleepy/install/robp_interfaces/lib/librobp_interfaces__rosidl_generator_py.so
[14.168s] -- Set non-toolchain portion of runtime path of "/home/sleepy/robp-group7-sleepy/install/robp_interfaces/lib/librobp_interfaces__rosidl_generator_py.so" to ""
[14.168s] -- Installing: /home/sleepy/robp-group7-sleepy/install/robp_interfaces/share/robp_interfaces/cmake/export_robp_interfaces__rosidl_generator_cExport.cmake
[14.168s] -- Installing: /home/sleepy/robp-group7-sleepy/install/robp_interfaces/share/robp_interfaces/cmake/export_robp_interfaces__rosidl_generator_cExport-noconfig.cmake
[14.168s] -- Installing: /home/sleepy/robp-group7-sleepy/install/robp_interfaces/share/robp_interfaces/cmake/export_robp_interfaces__rosidl_typesupport_fastrtps_cExport.cmake
[14.168s] -- Installing: /home/sleepy/robp-group7-sleepy/install/robp_interfaces/share/robp_interfaces/cmake/export_robp_interfaces__rosidl_typesupport_fastrtps_cExport-noconfig.cmake
[14.169s] -- Installing: /home/sleepy/robp-group7-sleepy/install/robp_interfaces/share/robp_interfaces/cmake/robp_interfaces__rosidl_typesupport_introspection_cExport.cmake
[14.169s] -- Installing: /home/sleepy/robp-group7-sleepy/install/robp_interfaces/share/robp_interfaces/cmake/robp_interfaces__rosidl_typesupport_introspection_cExport-noconfig.cmake
[14.169s] -- Installing: /home/sleepy/robp-group7-sleepy/install/robp_interfaces/share/robp_interfaces/cmake/robp_interfaces__rosidl_typesupport_cExport.cmake
[14.169s] -- Installing: /home/sleepy/robp-group7-sleepy/install/robp_interfaces/share/robp_interfaces/cmake/robp_interfaces__rosidl_typesupport_cExport-noconfig.cmake
[14.169s] -- Installing: /home/sleepy/robp-group7-sleepy/install/robp_interfaces/share/robp_interfaces/cmake/export_robp_interfaces__rosidl_generator_cppExport.cmake
[14.170s] -- Installing: /home/sleepy/robp-group7-sleepy/install/robp_interfaces/share/robp_interfaces/cmake/export_robp_interfaces__rosidl_typesupport_fastrtps_cppExport.cmake
[14.170s] -- Installing: /home/sleepy/robp-group7-sleepy/install/robp_interfaces/share/robp_interfaces/cmake/export_robp_interfaces__rosidl_typesupport_fastrtps_cppExport-noconfig.cmake
[14.170s] -- Installing: /home/sleepy/robp-group7-sleepy/install/robp_interfaces/share/robp_interfaces/cmake/robp_interfaces__rosidl_typesupport_introspection_cppExport.cmake
[14.170s] -- Installing: /home/sleepy/robp-group7-sleepy/install/robp_interfaces/share/robp_interfaces/cmake/robp_interfaces__rosidl_typesupport_introspection_cppExport-noconfig.cmake
[14.170s] -- Installing: /home/sleepy/robp-group7-sleepy/install/robp_interfaces/share/robp_interfaces/cmake/robp_interfaces__rosidl_typesupport_cppExport.cmake
[14.170s] -- Installing: /home/sleepy/robp-group7-sleepy/install/robp_interfaces/share/robp_interfaces/cmake/robp_interfaces__rosidl_typesupport_cppExport-noconfig.cmake
[14.171s] -- Installing: /home/sleepy/robp-group7-sleepy/install/robp_interfaces/share/robp_interfaces/cmake/export_robp_interfaces__rosidl_generator_pyExport.cmake
[14.171s] -- Installing: /home/sleepy/robp-group7-sleepy/install/robp_interfaces/share/robp_interfaces/cmake/export_robp_interfaces__rosidl_generator_pyExport-noconfig.cmake
[14.174s] Invoked command in '/home/sleepy/robp-group7-sleepy/build/robp_interfaces' returned '0': CMAKE_PREFIX_PATH=${CMAKE_PREFIX_PATH}:/opt/ros/jazzy DEBUGINFOD_URLS=https://debuginfod.ubuntu.com /usr/bin/cmake --install /home/sleepy/robp-group7-sleepy/build/robp_interfaces
