[0.012s] Invoking command in '/home/sleepy/robp-group7-sleepy/build/micro_ros_msgs': CMAKE_PREFIX_PATH=${CMAKE_PREFIX_PATH}:/home/sleepy/robp-group7-sleepy/install/robp_launch:/home/sleepy/robp-group7-sleepy/install/arm_servos_pubs_subs:/opt/ros/jazzy DEBUGINFOD_URLS=https://debuginfod.ubuntu.com /usr/bin/cmake --build /home/sleepy/robp-group7-sleepy/build/micro_ros_msgs -- -j8 -l8
[0.069s] [  1%] Built target micro_ros_msgs__rosidl_generator_type_description
[0.078s] [  1%] Built target ament_cmake_python_symlink_micro_ros_msgs
[0.091s] [  3%] Built target micro_ros_msgs__cpp
[0.096s] [ 24%] Built target micro_ros_msgs__rosidl_generator_c
[0.131s] [ 33%] Built target micro_ros_msgs__rosidl_typesupport_fastrtps_cpp
[0.131s] [ 42%] Built target micro_ros_msgs__rosidl_typesupport_c
[0.131s] [ 51%] Built target micro_ros_msgs__rosidl_typesupport_introspection_c
[0.131s] [ 61%] Built target micro_ros_msgs__rosidl_typesupport_cpp
[0.133s] [ 70%] Built target micro_ros_msgs__rosidl_typesupport_introspection_cpp
[0.135s] [ 79%] Built target micro_ros_msgs__rosidl_typesupport_fastrtps_c
[0.158s] [ 79%] Built target micro_ros_msgs
[0.180s] [ 81%] Built target micro_ros_msgs__py
[0.208s] [ 88%] Built target micro_ros_msgs__rosidl_generator_py
[0.233s] [ 94%] [32m[1mLinking C shared module rosidl_generator_py/micro_ros_msgs/micro_ros_msgs_s__rosidl_typesupport_introspection_c.so[0m
[0.234s] [ 94%] [32m[1mLinking C shared module rosidl_generator_py/micro_ros_msgs/micro_ros_msgs_s__rosidl_typesupport_fastrtps_c.so[0m
[0.234s] [ 94%] [32m[1mLinking C shared module rosidl_generator_py/micro_ros_msgs/micro_ros_msgs_s__rosidl_typesupport_c.so[0m
[0.266s] [100%] Built target micro_ros_msgs_s__rosidl_typesupport_c
[0.267s] [100%] Built target micro_ros_msgs_s__rosidl_typesupport_introspection_c
[0.267s] [100%] Built target micro_ros_msgs_s__rosidl_typesupport_fastrtps_c
[0.351s] running egg_info
[0.374s] writing micro_ros_msgs.egg-info/PKG-INFO
[0.375s] writing dependency_links to micro_ros_msgs.egg-info/dependency_links.txt
[0.375s] writing top-level names to micro_ros_msgs.egg-info/top_level.txt
[0.442s] reading manifest file 'micro_ros_msgs.egg-info/SOURCES.txt'
[0.442s] writing manifest file 'micro_ros_msgs.egg-info/SOURCES.txt'
[0.472s] [100%] Built target ament_cmake_python_build_micro_ros_msgs_egg
[0.485s] Invoked command in '/home/sleepy/robp-group7-sleepy/build/micro_ros_msgs' returned '0': CMAKE_PREFIX_PATH=${CMAKE_PREFIX_PATH}:/home/sleepy/robp-group7-sleepy/install/robp_launch:/home/sleepy/robp-group7-sleepy/install/arm_servos_pubs_subs:/opt/ros/jazzy DEBUGINFOD_URLS=https://debuginfod.ubuntu.com /usr/bin/cmake --build /home/sleepy/robp-group7-sleepy/build/micro_ros_msgs -- -j8 -l8
[0.498s] Invoking command in '/home/sleepy/robp-group7-sleepy/build/micro_ros_msgs': CMAKE_PREFIX_PATH=${CMAKE_PREFIX_PATH}:/home/sleepy/robp-group7-sleepy/install/robp_launch:/home/sleepy/robp-group7-sleepy/install/arm_servos_pubs_subs:/opt/ros/jazzy DEBUGINFOD_URLS=https://debuginfod.ubuntu.com /usr/bin/cmake --install /home/sleepy/robp-group7-sleepy/build/micro_ros_msgs
[0.506s] -- Install configuration: ""
[0.507s] -- Execute custom install script
[0.507s] -- Symlinking: /home/sleepy/robp-group7-sleepy/install/micro_ros_msgs/share/ament_index/resource_index/rosidl_interfaces/micro_ros_msgs
[0.517s] -- Symlinking: /home/sleepy/robp-group7-sleepy/install/micro_ros_msgs/share/micro_ros_msgs/msg/Graph.json
[0.527s] -- Symlinking: /home/sleepy/robp-group7-sleepy/install/micro_ros_msgs/share/micro_ros_msgs/msg/Node.json
[0.537s] -- Symlinking: /home/sleepy/robp-group7-sleepy/install/micro_ros_msgs/share/micro_ros_msgs/msg/Entity.json
[0.548s] -- Symlinking: /home/sleepy/robp-group7-sleepy/install/micro_ros_msgs/include/micro_ros_msgs/micro_ros_msgs/msg/detail/entity__functions.h
[0.557s] -- Symlinking: /home/sleepy/robp-group7-sleepy/install/micro_ros_msgs/include/micro_ros_msgs/micro_ros_msgs/msg/detail/entity__struct.h
[0.567s] -- Symlinking: /home/sleepy/robp-group7-sleepy/install/micro_ros_msgs/include/micro_ros_msgs/micro_ros_msgs/msg/detail/entity__type_support.h
[0.577s] -- Symlinking: /home/sleepy/robp-group7-sleepy/install/micro_ros_msgs/include/micro_ros_msgs/micro_ros_msgs/msg/detail/graph__functions.h
[0.587s] -- Symlinking: /home/sleepy/robp-group7-sleepy/install/micro_ros_msgs/include/micro_ros_msgs/micro_ros_msgs/msg/detail/graph__struct.h
[0.597s] -- Symlinking: /home/sleepy/robp-group7-sleepy/install/micro_ros_msgs/include/micro_ros_msgs/micro_ros_msgs/msg/detail/graph__type_support.h
[0.607s] -- Symlinking: /home/sleepy/robp-group7-sleepy/install/micro_ros_msgs/include/micro_ros_msgs/micro_ros_msgs/msg/detail/node__functions.h
[0.617s] -- Symlinking: /home/sleepy/robp-group7-sleepy/install/micro_ros_msgs/include/micro_ros_msgs/micro_ros_msgs/msg/detail/node__struct.h
[0.627s] -- Symlinking: /home/sleepy/robp-group7-sleepy/install/micro_ros_msgs/include/micro_ros_msgs/micro_ros_msgs/msg/detail/node__type_support.h
[0.637s] -- Symlinking: /home/sleepy/robp-group7-sleepy/install/micro_ros_msgs/include/micro_ros_msgs/micro_ros_msgs/msg/entity.h
[0.647s] -- Symlinking: /home/sleepy/robp-group7-sleepy/install/micro_ros_msgs/include/micro_ros_msgs/micro_ros_msgs/msg/graph.h
[0.657s] -- Symlinking: /home/sleepy/robp-group7-sleepy/install/micro_ros_msgs/include/micro_ros_msgs/micro_ros_msgs/msg/node.h
[0.666s] -- Symlinking: /home/sleepy/robp-group7-sleepy/install/micro_ros_msgs/include/micro_ros_msgs/micro_ros_msgs/msg/rosidl_generator_c__visibility_control.h
[0.676s] -- Symlinking: /home/sleepy/robp-group7-sleepy/install/micro_ros_msgs/share/micro_ros_msgs/environment/library_path.sh
[0.686s] -- Symlinking: /home/sleepy/robp-group7-sleepy/install/micro_ros_msgs/share/micro_ros_msgs/environment/library_path.dsv
[0.696s] -- Symlinking: /home/sleepy/robp-group7-sleepy/install/micro_ros_msgs/include/micro_ros_msgs/micro_ros_msgs/msg/detail/entity__rosidl_typesupport_fastrtps_c.h
[0.706s] -- Symlinking: /home/sleepy/robp-group7-sleepy/install/micro_ros_msgs/include/micro_ros_msgs/micro_ros_msgs/msg/detail/graph__rosidl_typesupport_fastrtps_c.h
[0.717s] -- Symlinking: /home/sleepy/robp-group7-sleepy/install/micro_ros_msgs/include/micro_ros_msgs/micro_ros_msgs/msg/detail/node__rosidl_typesupport_fastrtps_c.h
[0.726s] -- Symlinking: /home/sleepy/robp-group7-sleepy/install/micro_ros_msgs/include/micro_ros_msgs/micro_ros_msgs/msg/rosidl_typesupport_fastrtps_c__visibility_control.h
[0.736s] -- Symlinking: /home/sleepy/robp-group7-sleepy/install/micro_ros_msgs/include/micro_ros_msgs/micro_ros_msgs/msg/detail/entity__rosidl_typesupport_introspection_c.h
[0.746s] -- Symlinking: /home/sleepy/robp-group7-sleepy/install/micro_ros_msgs/include/micro_ros_msgs/micro_ros_msgs/msg/detail/graph__rosidl_typesupport_introspection_c.h
[0.755s] -- Symlinking: /home/sleepy/robp-group7-sleepy/install/micro_ros_msgs/include/micro_ros_msgs/micro_ros_msgs/msg/detail/node__rosidl_typesupport_introspection_c.h
[0.765s] -- Symlinking: /home/sleepy/robp-group7-sleepy/install/micro_ros_msgs/include/micro_ros_msgs/micro_ros_msgs/msg/rosidl_typesupport_introspection_c__visibility_control.h
[0.775s] -- Symlinking: /home/sleepy/robp-group7-sleepy/install/micro_ros_msgs/include/micro_ros_msgs/micro_ros_msgs/msg/detail/entity__builder.hpp
[0.785s] -- Symlinking: /home/sleepy/robp-group7-sleepy/install/micro_ros_msgs/include/micro_ros_msgs/micro_ros_msgs/msg/detail/entity__struct.hpp
[0.795s] -- Symlinking: /home/sleepy/robp-group7-sleepy/install/micro_ros_msgs/include/micro_ros_msgs/micro_ros_msgs/msg/detail/entity__traits.hpp
[0.804s] -- Symlinking: /home/sleepy/robp-group7-sleepy/install/micro_ros_msgs/include/micro_ros_msgs/micro_ros_msgs/msg/detail/entity__type_support.hpp
[0.814s] -- Symlinking: /home/sleepy/robp-group7-sleepy/install/micro_ros_msgs/include/micro_ros_msgs/micro_ros_msgs/msg/detail/graph__builder.hpp
[0.824s] -- Symlinking: /home/sleepy/robp-group7-sleepy/install/micro_ros_msgs/include/micro_ros_msgs/micro_ros_msgs/msg/detail/graph__struct.hpp
[0.834s] -- Symlinking: /home/sleepy/robp-group7-sleepy/install/micro_ros_msgs/include/micro_ros_msgs/micro_ros_msgs/msg/detail/graph__traits.hpp
[0.844s] -- Symlinking: /home/sleepy/robp-group7-sleepy/install/micro_ros_msgs/include/micro_ros_msgs/micro_ros_msgs/msg/detail/graph__type_support.hpp
[0.854s] -- Symlinking: /home/sleepy/robp-group7-sleepy/install/micro_ros_msgs/include/micro_ros_msgs/micro_ros_msgs/msg/detail/node__builder.hpp
[0.863s] -- Symlinking: /home/sleepy/robp-group7-sleepy/install/micro_ros_msgs/include/micro_ros_msgs/micro_ros_msgs/msg/detail/node__struct.hpp
[0.873s] -- Symlinking: /home/sleepy/robp-group7-sleepy/install/micro_ros_msgs/include/micro_ros_msgs/micro_ros_msgs/msg/detail/node__traits.hpp
[0.883s] -- Symlinking: /home/sleepy/robp-group7-sleepy/install/micro_ros_msgs/include/micro_ros_msgs/micro_ros_msgs/msg/detail/node__type_support.hpp
[0.892s] -- Symlinking: /home/sleepy/robp-group7-sleepy/install/micro_ros_msgs/include/micro_ros_msgs/micro_ros_msgs/msg/entity.hpp
[0.902s] -- Symlinking: /home/sleepy/robp-group7-sleepy/install/micro_ros_msgs/include/micro_ros_msgs/micro_ros_msgs/msg/graph.hpp
[0.912s] -- Symlinking: /home/sleepy/robp-group7-sleepy/install/micro_ros_msgs/include/micro_ros_msgs/micro_ros_msgs/msg/node.hpp
[0.923s] -- Symlinking: /home/sleepy/robp-group7-sleepy/install/micro_ros_msgs/include/micro_ros_msgs/micro_ros_msgs/msg/rosidl_generator_cpp__visibility_control.hpp
[0.933s] -- Symlinking: /home/sleepy/robp-group7-sleepy/install/micro_ros_msgs/include/micro_ros_msgs/micro_ros_msgs/msg/detail/entity__rosidl_typesupport_fastrtps_cpp.hpp
[0.943s] -- Symlinking: /home/sleepy/robp-group7-sleepy/install/micro_ros_msgs/include/micro_ros_msgs/micro_ros_msgs/msg/detail/graph__rosidl_typesupport_fastrtps_cpp.hpp
[0.952s] -- Symlinking: /home/sleepy/robp-group7-sleepy/install/micro_ros_msgs/include/micro_ros_msgs/micro_ros_msgs/msg/detail/node__rosidl_typesupport_fastrtps_cpp.hpp
[0.962s] -- Symlinking: /home/sleepy/robp-group7-sleepy/install/micro_ros_msgs/include/micro_ros_msgs/micro_ros_msgs/msg/rosidl_typesupport_fastrtps_cpp__visibility_control.h
[0.972s] -- Symlinking: /home/sleepy/robp-group7-sleepy/install/micro_ros_msgs/include/micro_ros_msgs/micro_ros_msgs/msg/detail/entity__rosidl_typesupport_introspection_cpp.hpp
[0.982s] -- Symlinking: /home/sleepy/robp-group7-sleepy/install/micro_ros_msgs/include/micro_ros_msgs/micro_ros_msgs/msg/detail/graph__rosidl_typesupport_introspection_cpp.hpp
[0.991s] -- Symlinking: /home/sleepy/robp-group7-sleepy/install/micro_ros_msgs/include/micro_ros_msgs/micro_ros_msgs/msg/detail/node__rosidl_typesupport_introspection_cpp.hpp
[1.001s] -- Symlinking: /home/sleepy/robp-group7-sleepy/install/micro_ros_msgs/share/micro_ros_msgs/environment/pythonpath.sh
[1.011s] -- Symlinking: /home/sleepy/robp-group7-sleepy/install/micro_ros_msgs/share/micro_ros_msgs/environment/pythonpath.dsv
[1.021s] -- Symlinking: /home/sleepy/robp-group7-sleepy/install/micro_ros_msgs/lib/python3.12/site-packages/micro_ros_msgs-5.0.2-py3.12.egg-info/PKG-INFO
[1.031s] -- Symlinking: /home/sleepy/robp-group7-sleepy/install/micro_ros_msgs/lib/python3.12/site-packages/micro_ros_msgs-5.0.2-py3.12.egg-info/SOURCES.txt
[1.040s] -- Symlinking: /home/sleepy/robp-group7-sleepy/install/micro_ros_msgs/lib/python3.12/site-packages/micro_ros_msgs-5.0.2-py3.12.egg-info/dependency_links.txt
[1.050s] -- Symlinking: /home/sleepy/robp-group7-sleepy/install/micro_ros_msgs/lib/python3.12/site-packages/micro_ros_msgs-5.0.2-py3.12.egg-info/top_level.txt
[1.061s] -- Symlinking: /home/sleepy/robp-group7-sleepy/install/micro_ros_msgs/lib/python3.12/site-packages/micro_ros_msgs/__init__.py
[1.070s] -- Symlinking: /home/sleepy/robp-group7-sleepy/install/micro_ros_msgs/lib/python3.12/site-packages/micro_ros_msgs/_micro_ros_msgs_s.ep.rosidl_typesupport_c.c
[1.080s] -- Symlinking: /home/sleepy/robp-group7-sleepy/install/micro_ros_msgs/lib/python3.12/site-packages/micro_ros_msgs/_micro_ros_msgs_s.ep.rosidl_typesupport_fastrtps_c.c
[1.090s] -- Symlinking: /home/sleepy/robp-group7-sleepy/install/micro_ros_msgs/lib/python3.12/site-packages/micro_ros_msgs/_micro_ros_msgs_s.ep.rosidl_typesupport_introspection_c.c
[1.099s] -- Symlinking: /home/sleepy/robp-group7-sleepy/install/micro_ros_msgs/lib/python3.12/site-packages/micro_ros_msgs/micro_ros_msgs_s__rosidl_typesupport_c.so
[1.110s] -- Symlinking: /home/sleepy/robp-group7-sleepy/install/micro_ros_msgs/lib/python3.12/site-packages/micro_ros_msgs/micro_ros_msgs_s__rosidl_typesupport_fastrtps_c.so
[1.119s] -- Symlinking: /home/sleepy/robp-group7-sleepy/install/micro_ros_msgs/lib/python3.12/site-packages/micro_ros_msgs/micro_ros_msgs_s__rosidl_typesupport_introspection_c.so
[1.129s] -- Symlinking: /home/sleepy/robp-group7-sleepy/install/micro_ros_msgs/lib/python3.12/site-packages/micro_ros_msgs/msg/__init__.py
[1.139s] -- Symlinking: /home/sleepy/robp-group7-sleepy/install/micro_ros_msgs/lib/python3.12/site-packages/micro_ros_msgs/msg/_entity.py
[1.148s] -- Symlinking: /home/sleepy/robp-group7-sleepy/install/micro_ros_msgs/lib/python3.12/site-packages/micro_ros_msgs/msg/_entity_s.c
[1.158s] -- Symlinking: /home/sleepy/robp-group7-sleepy/install/micro_ros_msgs/lib/python3.12/site-packages/micro_ros_msgs/msg/_graph.py
[1.167s] -- Symlinking: /home/sleepy/robp-group7-sleepy/install/micro_ros_msgs/lib/python3.12/site-packages/micro_ros_msgs/msg/_graph_s.c
[1.177s] -- Symlinking: /home/sleepy/robp-group7-sleepy/install/micro_ros_msgs/lib/python3.12/site-packages/micro_ros_msgs/msg/_node.py
[1.187s] -- Symlinking: /home/sleepy/robp-group7-sleepy/install/micro_ros_msgs/lib/python3.12/site-packages/micro_ros_msgs/msg/_node_s.c
[1.196s] -- Up-to-date symlink: /home/sleepy/robp-group7-sleepy/install/micro_ros_msgs/lib/python3.12/site-packages/micro_ros_msgs/micro_ros_msgs_s__rosidl_typesupport_fastrtps_c.so
[1.196s] -- Up-to-date symlink: /home/sleepy/robp-group7-sleepy/install/micro_ros_msgs/lib/python3.12/site-packages/micro_ros_msgs/micro_ros_msgs_s__rosidl_typesupport_introspection_c.so
[1.197s] -- Up-to-date symlink: /home/sleepy/robp-group7-sleepy/install/micro_ros_msgs/lib/python3.12/site-packages/micro_ros_msgs/micro_ros_msgs_s__rosidl_typesupport_c.so
[1.197s] -- Symlinking: /home/sleepy/robp-group7-sleepy/install/micro_ros_msgs/share/micro_ros_msgs/msg/Graph.idl
[1.207s] -- Symlinking: /home/sleepy/robp-group7-sleepy/install/micro_ros_msgs/share/micro_ros_msgs/msg/Node.idl
[1.217s] -- Symlinking: /home/sleepy/robp-group7-sleepy/install/micro_ros_msgs/share/micro_ros_msgs/msg/Entity.idl
[1.227s] -- Symlinking: /home/sleepy/robp-group7-sleepy/install/micro_ros_msgs/share/micro_ros_msgs/msg/Graph.msg
[1.236s] -- Symlinking: /home/sleepy/robp-group7-sleepy/install/micro_ros_msgs/share/micro_ros_msgs/msg/Node.msg
[1.246s] -- Symlinking: /home/sleepy/robp-group7-sleepy/install/micro_ros_msgs/share/micro_ros_msgs/msg/Entity.msg
[1.256s] -- Symlinking: /home/sleepy/robp-group7-sleepy/install/micro_ros_msgs/share/ament_index/resource_index/package_run_dependencies/micro_ros_msgs
[1.266s] -- Symlinking: /home/sleepy/robp-group7-sleepy/install/micro_ros_msgs/share/ament_index/resource_index/parent_prefix_path/micro_ros_msgs
[1.276s] -- Symlinking: /home/sleepy/robp-group7-sleepy/install/micro_ros_msgs/share/micro_ros_msgs/environment/ament_prefix_path.sh
[1.285s] -- Symlinking: /home/sleepy/robp-group7-sleepy/install/micro_ros_msgs/share/micro_ros_msgs/environment/ament_prefix_path.dsv
[1.295s] -- Symlinking: /home/sleepy/robp-group7-sleepy/install/micro_ros_msgs/share/micro_ros_msgs/environment/path.sh
[1.305s] -- Symlinking: /home/sleepy/robp-group7-sleepy/install/micro_ros_msgs/share/micro_ros_msgs/environment/path.dsv
[1.315s] -- Symlinking: /home/sleepy/robp-group7-sleepy/install/micro_ros_msgs/share/micro_ros_msgs/local_setup.bash
[1.325s] -- Symlinking: /home/sleepy/robp-group7-sleepy/install/micro_ros_msgs/share/micro_ros_msgs/local_setup.sh
[1.335s] -- Symlinking: /home/sleepy/robp-group7-sleepy/install/micro_ros_msgs/share/micro_ros_msgs/local_setup.zsh
[1.345s] -- Symlinking: /home/sleepy/robp-group7-sleepy/install/micro_ros_msgs/share/micro_ros_msgs/local_setup.dsv
[1.355s] -- Symlinking: /home/sleepy/robp-group7-sleepy/install/micro_ros_msgs/share/micro_ros_msgs/package.dsv
[1.364s] -- Symlinking: /home/sleepy/robp-group7-sleepy/install/micro_ros_msgs/share/ament_index/resource_index/packages/micro_ros_msgs
[1.374s] -- Symlinking: /home/sleepy/robp-group7-sleepy/install/micro_ros_msgs/share/micro_ros_msgs/cmake/rosidl_cmake-extras.cmake
[1.384s] -- Symlinking: /home/sleepy/robp-group7-sleepy/install/micro_ros_msgs/share/micro_ros_msgs/cmake/ament_cmake_export_include_directories-extras.cmake
[1.394s] -- Symlinking: /home/sleepy/robp-group7-sleepy/install/micro_ros_msgs/share/micro_ros_msgs/cmake/ament_cmake_export_libraries-extras.cmake
[1.404s] -- Symlinking: /home/sleepy/robp-group7-sleepy/install/micro_ros_msgs/share/micro_ros_msgs/cmake/ament_cmake_export_targets-extras.cmake
[1.414s] -- Symlinking: /home/sleepy/robp-group7-sleepy/install/micro_ros_msgs/share/micro_ros_msgs/cmake/rosidl_cmake_export_typesupport_targets-extras.cmake
[1.424s] -- Symlinking: /home/sleepy/robp-group7-sleepy/install/micro_ros_msgs/share/micro_ros_msgs/cmake/ament_cmake_export_dependencies-extras.cmake
[1.434s] -- Symlinking: /home/sleepy/robp-group7-sleepy/install/micro_ros_msgs/share/micro_ros_msgs/cmake/rosidl_cmake_export_typesupport_libraries-extras.cmake
[1.444s] -- Symlinking: /home/sleepy/robp-group7-sleepy/install/micro_ros_msgs/share/micro_ros_msgs/cmake/micro_ros_msgsConfig.cmake
[1.454s] -- Symlinking: /home/sleepy/robp-group7-sleepy/install/micro_ros_msgs/share/micro_ros_msgs/cmake/micro_ros_msgsConfig-version.cmake
[1.464s] -- Symlinking: /home/sleepy/robp-group7-sleepy/install/micro_ros_msgs/share/micro_ros_msgs/package.xml
[1.473s] -- Up-to-date: /home/sleepy/robp-group7-sleepy/install/micro_ros_msgs/lib/libmicro_ros_msgs__rosidl_generator_c.so
[1.474s] -- Up-to-date: /home/sleepy/robp-group7-sleepy/install/micro_ros_msgs/lib/libmicro_ros_msgs__rosidl_typesupport_fastrtps_c.so
[1.474s] -- Up-to-date: /home/sleepy/robp-group7-sleepy/install/micro_ros_msgs/lib/libmicro_ros_msgs__rosidl_typesupport_introspection_c.so
[1.474s] -- Up-to-date: /home/sleepy/robp-group7-sleepy/install/micro_ros_msgs/lib/libmicro_ros_msgs__rosidl_typesupport_c.so
[1.474s] -- Up-to-date: /home/sleepy/robp-group7-sleepy/install/micro_ros_msgs/lib/libmicro_ros_msgs__rosidl_typesupport_fastrtps_cpp.so
[1.474s] -- Up-to-date: /home/sleepy/robp-group7-sleepy/install/micro_ros_msgs/lib/libmicro_ros_msgs__rosidl_typesupport_introspection_cpp.so
[1.475s] -- Up-to-date: /home/sleepy/robp-group7-sleepy/install/micro_ros_msgs/lib/libmicro_ros_msgs__rosidl_typesupport_cpp.so
[1.521s] Listing '/home/sleepy/robp-group7-sleepy/install/micro_ros_msgs/lib/python3.12/site-packages/micro_ros_msgs'...
[1.521s] Compiling '/home/sleepy/robp-group7-sleepy/install/micro_ros_msgs/lib/python3.12/site-packages/micro_ros_msgs/__init__.py'...
[1.521s] Listing '/home/sleepy/robp-group7-sleepy/install/micro_ros_msgs/lib/python3.12/site-packages/micro_ros_msgs/msg'...
[1.527s] -- Up-to-date: /home/sleepy/robp-group7-sleepy/install/micro_ros_msgs/lib/libmicro_ros_msgs__rosidl_generator_py.so
[1.527s] -- Up-to-date: /home/sleepy/robp-group7-sleepy/install/micro_ros_msgs/share/micro_ros_msgs/cmake/export_micro_ros_msgs__rosidl_generator_cExport.cmake
[1.527s] -- Up-to-date: /home/sleepy/robp-group7-sleepy/install/micro_ros_msgs/share/micro_ros_msgs/cmake/export_micro_ros_msgs__rosidl_generator_cExport-noconfig.cmake
[1.527s] -- Up-to-date: /home/sleepy/robp-group7-sleepy/install/micro_ros_msgs/share/micro_ros_msgs/cmake/export_micro_ros_msgs__rosidl_typesupport_fastrtps_cExport.cmake
[1.527s] -- Up-to-date: /home/sleepy/robp-group7-sleepy/install/micro_ros_msgs/share/micro_ros_msgs/cmake/export_micro_ros_msgs__rosidl_typesupport_fastrtps_cExport-noconfig.cmake
[1.528s] -- Up-to-date: /home/sleepy/robp-group7-sleepy/install/micro_ros_msgs/share/micro_ros_msgs/cmake/micro_ros_msgs__rosidl_typesupport_introspection_cExport.cmake
[1.528s] -- Up-to-date: /home/sleepy/robp-group7-sleepy/install/micro_ros_msgs/share/micro_ros_msgs/cmake/micro_ros_msgs__rosidl_typesupport_introspection_cExport-noconfig.cmake
[1.528s] -- Up-to-date: /home/sleepy/robp-group7-sleepy/install/micro_ros_msgs/share/micro_ros_msgs/cmake/micro_ros_msgs__rosidl_typesupport_cExport.cmake
[1.528s] -- Up-to-date: /home/sleepy/robp-group7-sleepy/install/micro_ros_msgs/share/micro_ros_msgs/cmake/micro_ros_msgs__rosidl_typesupport_cExport-noconfig.cmake
[1.528s] -- Up-to-date: /home/sleepy/robp-group7-sleepy/install/micro_ros_msgs/share/micro_ros_msgs/cmake/export_micro_ros_msgs__rosidl_generator_cppExport.cmake
[1.528s] -- Up-to-date: /home/sleepy/robp-group7-sleepy/install/micro_ros_msgs/share/micro_ros_msgs/cmake/export_micro_ros_msgs__rosidl_typesupport_fastrtps_cppExport.cmake
[1.528s] -- Up-to-date: /home/sleepy/robp-group7-sleepy/install/micro_ros_msgs/share/micro_ros_msgs/cmake/export_micro_ros_msgs__rosidl_typesupport_fastrtps_cppExport-noconfig.cmake
[1.528s] -- Up-to-date: /home/sleepy/robp-group7-sleepy/install/micro_ros_msgs/share/micro_ros_msgs/cmake/micro_ros_msgs__rosidl_typesupport_introspection_cppExport.cmake
[1.528s] -- Up-to-date: /home/sleepy/robp-group7-sleepy/install/micro_ros_msgs/share/micro_ros_msgs/cmake/micro_ros_msgs__rosidl_typesupport_introspection_cppExport-noconfig.cmake
[1.528s] -- Up-to-date: /home/sleepy/robp-group7-sleepy/install/micro_ros_msgs/share/micro_ros_msgs/cmake/micro_ros_msgs__rosidl_typesupport_cppExport.cmake
[1.528s] -- Up-to-date: /home/sleepy/robp-group7-sleepy/install/micro_ros_msgs/share/micro_ros_msgs/cmake/micro_ros_msgs__rosidl_typesupport_cppExport-noconfig.cmake
[1.529s] -- Up-to-date: /home/sleepy/robp-group7-sleepy/install/micro_ros_msgs/share/micro_ros_msgs/cmake/export_micro_ros_msgs__rosidl_generator_pyExport.cmake
[1.529s] -- Up-to-date: /home/sleepy/robp-group7-sleepy/install/micro_ros_msgs/share/micro_ros_msgs/cmake/export_micro_ros_msgs__rosidl_generator_pyExport-noconfig.cmake
[1.530s] Invoked command in '/home/sleepy/robp-group7-sleepy/build/micro_ros_msgs' returned '0': CMAKE_PREFIX_PATH=${CMAKE_PREFIX_PATH}:/home/sleepy/robp-group7-sleepy/install/robp_launch:/home/sleepy/robp-group7-sleepy/install/arm_servos_pubs_subs:/opt/ros/jazzy DEBUGINFOD_URLS=https://debuginfod.ubuntu.com /usr/bin/cmake --install /home/sleepy/robp-group7-sleepy/build/micro_ros_msgs
