running develop
running egg_info
creating odometry.egg-info
writing odometry.egg-info/PKG-INFO
writing dependency_links to odometry.egg-info/dependency_links.txt
writing entry points to odometry.egg-info/entry_points.txt
writing requirements to odometry.egg-info/requires.txt
writing top-level names to odometry.egg-info/top_level.txt
writing manifest file 'odometry.egg-info/SOURCES.txt'
reading manifest file 'odometry.egg-info/SOURCES.txt'
writing manifest file 'odometry.egg-info/SOURCES.txt'
running build_ext
Creating /home/sleepy/robp-group7-sleepy/install/odometry/lib/python3.12/site-packages/odometry.egg-link (link to .)
Installing odometry script to /home/sleepy/robp-group7-sleepy/install/odometry/lib/odometry

Installed /home/sleepy/robp-group7-sleepy/build/odometry
running symlink_data
creating /home/sleepy/robp-group7-sleepy/install/odometry/share/ament_index
creating /home/sleepy/robp-group7-sleepy/install/odometry/share/ament_index/resource_index
creating /home/sleepy/robp-group7-sleepy/install/odometry/share/ament_index/resource_index/packages
symbolically linking /home/sleepy/robp-group7-sleepy/build/odometry/resource/odometry -> /home/sleepy/robp-group7-sleepy/install/odometry/share/ament_index/resource_index/packages
symbolically linking /home/sleepy/robp-group7-sleepy/build/odometry/package.xml -> /home/sleepy/robp-group7-sleepy/install/odometry/share/odometry
