[2.422s] Invoking command in '/home/sleepy/robp-group7-sleepy/build/odometry': DEBUGINFOD_URLS=https://debuginfod.ubuntu.com PYTHONPATH=/home/sleepy/robp-group7-sleepy/build/odometry/prefix_override:/usr/lib/python3/dist-packages/colcon_core/task/python/colcon_distutils_commands:/home/sleepy/robp-group7-sleepy/install/odometry/lib/python3.12/site-packages:${PYTHONPATH} /usr/bin/python3 -W ignore:setup.py install is deprecated -W ignore:easy_install command is deprecated setup.py develop --editable --build-directory /home/sleepy/robp-group7-sleepy/build/odometry/build --no-deps symlink_data
[3.785s] running develop
[3.785s] running egg_info
[3.785s] creating odometry.egg-info
[3.785s] writing odometry.egg-info/PKG-INFO
[3.785s] writing dependency_links to odometry.egg-info/dependency_links.txt
[3.786s] writing entry points to odometry.egg-info/entry_points.txt
[3.786s] writing requirements to odometry.egg-info/requires.txt
[3.786s] writing top-level names to odometry.egg-info/top_level.txt
[3.786s] writing manifest file 'odometry.egg-info/SOURCES.txt'
[3.786s] reading manifest file 'odometry.egg-info/SOURCES.txt'
[3.786s] writing manifest file 'odometry.egg-info/SOURCES.txt'
[3.787s] running build_ext
[3.787s] Creating /home/sleepy/robp-group7-sleepy/install/odometry/lib/python3.12/site-packages/odometry.egg-link (link to .)
[3.787s] Installing odometry script to /home/sleepy/robp-group7-sleepy/install/odometry/lib/odometry
[3.787s] 
[3.787s] Installed /home/sleepy/robp-group7-sleepy/build/odometry
[3.787s] running symlink_data
[3.788s] creating /home/sleepy/robp-group7-sleepy/install/odometry/share/ament_index
[3.788s] creating /home/sleepy/robp-group7-sleepy/install/odometry/share/ament_index/resource_index
[3.788s] creating /home/sleepy/robp-group7-sleepy/install/odometry/share/ament_index/resource_index/packages
[3.788s] symbolically linking /home/sleepy/robp-group7-sleepy/build/odometry/resource/odometry -> /home/sleepy/robp-group7-sleepy/install/odometry/share/ament_index/resource_index/packages
[3.788s] symbolically linking /home/sleepy/robp-group7-sleepy/build/odometry/package.xml -> /home/sleepy/robp-group7-sleepy/install/odometry/share/odometry
[4.360s] Invoked command in '/home/sleepy/robp-group7-sleepy/build/odometry' returned '0': DEBUGINFOD_URLS=https://debuginfod.ubuntu.com PYTHONPATH=/home/sleepy/robp-group7-sleepy/build/odometry/prefix_override:/usr/lib/python3/dist-packages/colcon_core/task/python/colcon_distutils_commands:/home/sleepy/robp-group7-sleepy/install/odometry/lib/python3.12/site-packages:${PYTHONPATH} /usr/bin/python3 -W ignore:setup.py install is deprecated -W ignore:easy_install command is deprecated setup.py develop --editable --build-directory /home/sleepy/robp-group7-sleepy/build/odometry/build --no-deps symlink_data
