[0.995s] Invoking command in '/home/sleepy/robp-group7-sleepy/src/core/odometry': DEBUGINFOD_URLS=https://debuginfod.ubuntu.com PYTHONPATH=/home/sleepy/robp-group7-sleepy/src/core/build/odometry/prefix_override:/usr/lib/python3/dist-packages/colcon_core/task/python/colcon_distutils_commands:/home/sleepy/robp-group7-sleepy/src/core/install/odometry/lib/python3.12/site-packages:${PYTHONPATH} /usr/bin/python3 -W ignore:setup.py install is deprecated -W ignore:easy_install command is deprecated setup.py egg_info --egg-base ../build/odometry build --build-base /home/sleepy/robp-group7-sleepy/src/core/build/odometry/build install --record /home/sleepy/robp-group7-sleepy/src/core/build/odometry/install.log --single-version-externally-managed install_data
[1.327s] running egg_info
[1.327s] creating ../build/odometry/odometry.egg-info
[1.351s] writing ../build/odometry/odometry.egg-info/PKG-INFO
[1.351s] writing dependency_links to ../build/odometry/odometry.egg-info/dependency_links.txt
[1.351s] writing entry points to ../build/odometry/odometry.egg-info/entry_points.txt
[1.351s] writing requirements to ../build/odometry/odometry.egg-info/requires.txt
[1.351s] writing top-level names to ../build/odometry/odometry.egg-info/top_level.txt
[1.351s] writing manifest file '../build/odometry/odometry.egg-info/SOURCES.txt'
[1.399s] reading manifest file '../build/odometry/odometry.egg-info/SOURCES.txt'
[1.399s] writing manifest file '../build/odometry/odometry.egg-info/SOURCES.txt'
[1.399s] running build
[1.400s] running build_py
[1.400s] creating /home/sleepy/robp-group7-sleepy/src/core/build/odometry/build
[1.400s] creating /home/sleepy/robp-group7-sleepy/src/core/build/odometry/build/lib
[1.400s] creating /home/sleepy/robp-group7-sleepy/src/core/build/odometry/build/lib/odometry
[1.400s] copying odometry/odometry.py -> /home/sleepy/robp-group7-sleepy/src/core/build/odometry/build/lib/odometry
[1.400s] copying odometry/__init__.py -> /home/sleepy/robp-group7-sleepy/src/core/build/odometry/build/lib/odometry
[1.400s] running install
[1.408s] running install_lib
[1.432s] creating /home/sleepy/robp-group7-sleepy/src/core/install/odometry/lib/python3.12/site-packages/odometry
[1.432s] copying /home/sleepy/robp-group7-sleepy/src/core/build/odometry/build/lib/odometry/odometry.py -> /home/sleepy/robp-group7-sleepy/src/core/install/odometry/lib/python3.12/site-packages/odometry
[1.432s] copying /home/sleepy/robp-group7-sleepy/src/core/build/odometry/build/lib/odometry/__init__.py -> /home/sleepy/robp-group7-sleepy/src/core/install/odometry/lib/python3.12/site-packages/odometry
[1.433s] byte-compiling /home/sleepy/robp-group7-sleepy/src/core/install/odometry/lib/python3.12/site-packages/odometry/odometry.py to odometry.cpython-312.pyc
[1.434s] byte-compiling /home/sleepy/robp-group7-sleepy/src/core/install/odometry/lib/python3.12/site-packages/odometry/__init__.py to __init__.cpython-312.pyc
[1.435s] running install_data
[1.435s] creating /home/sleepy/robp-group7-sleepy/src/core/install/odometry/share/ament_index
[1.435s] creating /home/sleepy/robp-group7-sleepy/src/core/install/odometry/share/ament_index/resource_index
[1.435s] creating /home/sleepy/robp-group7-sleepy/src/core/install/odometry/share/ament_index/resource_index/packages
[1.435s] copying resource/odometry -> /home/sleepy/robp-group7-sleepy/src/core/install/odometry/share/ament_index/resource_index/packages
[1.435s] copying package.xml -> /home/sleepy/robp-group7-sleepy/src/core/install/odometry/share/odometry
[1.435s] running install_egg_info
[1.461s] Copying ../build/odometry/odometry.egg-info to /home/sleepy/robp-group7-sleepy/src/core/install/odometry/lib/python3.12/site-packages/odometry-0.0.0-py3.12.egg-info
[1.461s] running install_scripts
[1.623s] Installing odometry script to /home/sleepy/robp-group7-sleepy/src/core/install/odometry/lib/custom_launch
[1.623s] writing list of installed files to '/home/sleepy/robp-group7-sleepy/src/core/build/odometry/install.log'
[1.655s] Invoked command in '/home/sleepy/robp-group7-sleepy/src/core/odometry' returned '0': DEBUGINFOD_URLS=https://debuginfod.ubuntu.com PYTHONPATH=/home/sleepy/robp-group7-sleepy/src/core/build/odometry/prefix_override:/usr/lib/python3/dist-packages/colcon_core/task/python/colcon_distutils_commands:/home/sleepy/robp-group7-sleepy/src/core/install/odometry/lib/python3.12/site-packages:${PYTHONPATH} /usr/bin/python3 -W ignore:setup.py install is deprecated -W ignore:easy_install command is deprecated setup.py egg_info --egg-base ../build/odometry build --build-base /home/sleepy/robp-group7-sleepy/src/core/build/odometry/build install --record /home/sleepy/robp-group7-sleepy/src/core/build/odometry/install.log --single-version-externally-managed install_data
