[0.027s] Invoking command in '/home/sleepy/robp-group7-sleepy/build/robp_phidgets_encoders': AMENT_PREFIX_PATH=/home/sleepy/robp-group7-sleepy/install/robp_interfaces:${AMENT_PREFIX_PATH} CMAKE_PREFIX_PATH=/home/sleepy/robp-group7-sleepy/install/robp_interfaces:/opt/ros/jazzy/opt/gz_math_vendor:/opt/ros/jazzy/opt/gz_utils_vendor:/opt/ros/jazzy/opt/gz_cmake_vendor:/opt/ros/jazzy DEBUGINFOD_URLS=https://debuginfod.ubuntu.com LD_LIBRARY_PATH=/home/sleepy/robp-group7-sleepy/install/robp_interfaces/lib:${LD_LIBRARY_PATH} PYTHONPATH=/home/sleepy/robp-group7-sleepy/install/robp_interfaces/lib/python3.12/site-packages:${PYTHONPATH} /usr/bin/cmake /home/sleepy/robp-group7-sleepy/src/robp_robot/robp_phidgets/robp_phidgets_encoders -DAMENT_CMAKE_SYMLINK_INSTALL=1 -DCMAKE_INSTALL_PREFIX=/home/sleepy/robp-group7-sleepy/install/robp_phidgets_encoders
[0.134s] -- The C compiler identification is GNU 13.3.0
[0.260s] -- The CXX compiler identification is GNU 13.3.0
[0.306s] -- Detecting C compiler ABI info
[0.499s] -- Detecting C compiler ABI info - done
[0.536s] -- Check for working C compiler: /usr/bin/cc - skipped
[0.536s] -- Detecting C compile features
[0.537s] -- Detecting C compile features - done
[0.559s] -- Detecting CXX compiler ABI info
[0.728s] -- Detecting CXX compiler ABI info - done
[0.755s] -- Check for working CXX compiler: /usr/bin/c++ - skipped
[0.756s] -- Detecting CXX compile features
[0.758s] -- Detecting CXX compile features - done
[0.766s] -- Found ament_cmake_ros: 0.12.0 (/opt/ros/jazzy/share/ament_cmake_ros/cmake)
[1.069s] -- Found Python3: /usr/bin/python3 (found version "3.12.3") found components: Interpreter 
[1.234s] -- Override CMake install command with custom implementation using symlinks instead of copying resources
[1.289s] -- Found libphidget22: 2.3.3 (/opt/ros/jazzy/share/libphidget22/cmake)
[1.293s] -- Found phidgets_api: 2.3.3 (/opt/ros/jazzy/share/phidgets_api/cmake)
[1.301s] -- Found rclcpp: 28.1.6 (/opt/ros/jazzy/share/rclcpp/cmake)
[1.377s] -- Found rosidl_generator_c: 4.6.5 (/opt/ros/jazzy/share/rosidl_generator_c/cmake)
[1.405s] -- Found rosidl_generator_cpp: 4.6.5 (/opt/ros/jazzy/share/rosidl_generator_cpp/cmake)
[1.437s] -- Using all available rosidl_typesupport_c: rosidl_typesupport_fastrtps_c;rosidl_typesupport_introspection_c
[1.475s] -- Using all available rosidl_typesupport_cpp: rosidl_typesupport_fastrtps_cpp;rosidl_typesupport_introspection_cpp
[1.644s] -- Found rmw_implementation_cmake: 7.3.1 (/opt/ros/jazzy/share/rmw_implementation_cmake/cmake)
[1.649s] -- Found rmw_fastrtps_cpp: 8.4.1 (/opt/ros/jazzy/share/rmw_fastrtps_cpp/cmake)
[1.800s] -- Found OpenSSL: /usr/lib/x86_64-linux-gnu/libcrypto.so (found version "3.0.13")  
[1.844s] -- Found FastRTPS: /opt/ros/jazzy/include (Required is at least version "2.13") 
[1.894s] -- Using RMW implementation 'rmw_fastrtps_cpp' as default
[2.042s] -- Found rclcpp_components: 28.1.6 (/opt/ros/jazzy/share/rclcpp_components/cmake)
[2.114s] -- Found robp_interfaces: 1.0.0 (/home/sleepy/robp-group7-sleepy/install/robp_interfaces/share/robp_interfaces/cmake)
[2.371s] -- Configuring done (2.3s)
[2.392s] -- Generating done (0.0s)
[2.400s] -- Build files have been written to: /home/sleepy/robp-group7-sleepy/build/robp_phidgets_encoders
[2.419s] Invoked command in '/home/sleepy/robp-group7-sleepy/build/robp_phidgets_encoders' returned '0': AMENT_PREFIX_PATH=/home/sleepy/robp-group7-sleepy/install/robp_interfaces:${AMENT_PREFIX_PATH} CMAKE_PREFIX_PATH=/home/sleepy/robp-group7-sleepy/install/robp_interfaces:/opt/ros/jazzy/opt/gz_math_vendor:/opt/ros/jazzy/opt/gz_utils_vendor:/opt/ros/jazzy/opt/gz_cmake_vendor:/opt/ros/jazzy DEBUGINFOD_URLS=https://debuginfod.ubuntu.com LD_LIBRARY_PATH=/home/sleepy/robp-group7-sleepy/install/robp_interfaces/lib:${LD_LIBRARY_PATH} PYTHONPATH=/home/sleepy/robp-group7-sleepy/install/robp_interfaces/lib/python3.12/site-packages:${PYTHONPATH} /usr/bin/cmake /home/sleepy/robp-group7-sleepy/src/robp_robot/robp_phidgets/robp_phidgets_encoders -DAMENT_CMAKE_SYMLINK_INSTALL=1 -DCMAKE_INSTALL_PREFIX=/home/sleepy/robp-group7-sleepy/install/robp_phidgets_encoders
[2.420s] Invoking command in '/home/sleepy/robp-group7-sleepy/build/robp_phidgets_encoders': AMENT_PREFIX_PATH=/home/sleepy/robp-group7-sleepy/install/robp_interfaces:${AMENT_PREFIX_PATH} CMAKE_PREFIX_PATH=/home/sleepy/robp-group7-sleepy/install/robp_interfaces:/opt/ros/jazzy/opt/gz_math_vendor:/opt/ros/jazzy/opt/gz_utils_vendor:/opt/ros/jazzy/opt/gz_cmake_vendor:/opt/ros/jazzy DEBUGINFOD_URLS=https://debuginfod.ubuntu.com LD_LIBRARY_PATH=/home/sleepy/robp-group7-sleepy/install/robp_interfaces/lib:${LD_LIBRARY_PATH} PYTHONPATH=/home/sleepy/robp-group7-sleepy/install/robp_interfaces/lib/python3.12/site-packages:${PYTHONPATH} /usr/bin/cmake --build /home/sleepy/robp-group7-sleepy/build/robp_phidgets_encoders -- -j8 -l8
[2.504s] [ 33%] [32mBuilding CXX object CMakeFiles/robp_phidgets_encoders.dir/src/encoder.cpp.o[0m
[2.504s] [ 66%] [32mBuilding CXX object CMakeFiles/robp_phidgets_encoders.dir/src/encoders.cpp.o[0m
[10.384s] [100%] [32m[1mLinking CXX shared library librobp_phidgets_encoders.so[0m
[10.572s] [100%] Built target robp_phidgets_encoders
[10.584s] Invoked command in '/home/sleepy/robp-group7-sleepy/build/robp_phidgets_encoders' returned '0': AMENT_PREFIX_PATH=/home/sleepy/robp-group7-sleepy/install/robp_interfaces:${AMENT_PREFIX_PATH} CMAKE_PREFIX_PATH=/home/sleepy/robp-group7-sleepy/install/robp_interfaces:/opt/ros/jazzy/opt/gz_math_vendor:/opt/ros/jazzy/opt/gz_utils_vendor:/opt/ros/jazzy/opt/gz_cmake_vendor:/opt/ros/jazzy DEBUGINFOD_URLS=https://debuginfod.ubuntu.com LD_LIBRARY_PATH=/home/sleepy/robp-group7-sleepy/install/robp_interfaces/lib:${LD_LIBRARY_PATH} PYTHONPATH=/home/sleepy/robp-group7-sleepy/install/robp_interfaces/lib/python3.12/site-packages:${PYTHONPATH} /usr/bin/cmake --build /home/sleepy/robp-group7-sleepy/build/robp_phidgets_encoders -- -j8 -l8
[10.586s] Invoking command in '/home/sleepy/robp-group7-sleepy/build/robp_phidgets_encoders': AMENT_PREFIX_PATH=/home/sleepy/robp-group7-sleepy/install/robp_interfaces:${AMENT_PREFIX_PATH} CMAKE_PREFIX_PATH=/home/sleepy/robp-group7-sleepy/install/robp_interfaces:/opt/ros/jazzy/opt/gz_math_vendor:/opt/ros/jazzy/opt/gz_utils_vendor:/opt/ros/jazzy/opt/gz_cmake_vendor:/opt/ros/jazzy DEBUGINFOD_URLS=https://debuginfod.ubuntu.com LD_LIBRARY_PATH=/home/sleepy/robp-group7-sleepy/install/robp_interfaces/lib:${LD_LIBRARY_PATH} PYTHONPATH=/home/sleepy/robp-group7-sleepy/install/robp_interfaces/lib/python3.12/site-packages:${PYTHONPATH} /usr/bin/cmake --install /home/sleepy/robp-group7-sleepy/build/robp_phidgets_encoders
[10.594s] -- Install configuration: "Release"
[10.595s] -- Execute custom install script
[10.595s] -- Symlinking: /home/sleepy/robp-group7-sleepy/install/robp_phidgets_encoders/lib/librobp_phidgets_encoders.so
[10.606s] -- Symlinking: /home/sleepy/robp-group7-sleepy/install/robp_phidgets_encoders/include/robp_phidgets_encoders/encoder.hpp
[10.615s] -- Symlinking: /home/sleepy/robp-group7-sleepy/install/robp_phidgets_encoders/include/robp_phidgets_encoders/encoders.hpp
[10.626s] -- Symlinking: /home/sleepy/robp-group7-sleepy/install/robp_phidgets_encoders/share/robp_phidgets_encoders/launch/encoders_launch.py
[10.637s] -- Symlinking: /home/sleepy/robp-group7-sleepy/install/robp_phidgets_encoders/share/ament_index/resource_index/package_run_dependencies/robp_phidgets_encoders
[10.647s] -- Symlinking: /home/sleepy/robp-group7-sleepy/install/robp_phidgets_encoders/share/ament_index/resource_index/parent_prefix_path/robp_phidgets_encoders
[10.659s] -- Symlinking: /home/sleepy/robp-group7-sleepy/install/robp_phidgets_encoders/share/robp_phidgets_encoders/environment/ament_prefix_path.sh
[10.670s] -- Symlinking: /home/sleepy/robp-group7-sleepy/install/robp_phidgets_encoders/share/robp_phidgets_encoders/environment/ament_prefix_path.dsv
[10.680s] -- Symlinking: /home/sleepy/robp-group7-sleepy/install/robp_phidgets_encoders/share/robp_phidgets_encoders/environment/path.sh
[10.690s] -- Symlinking: /home/sleepy/robp-group7-sleepy/install/robp_phidgets_encoders/share/robp_phidgets_encoders/environment/path.dsv
[10.700s] -- Symlinking: /home/sleepy/robp-group7-sleepy/install/robp_phidgets_encoders/share/robp_phidgets_encoders/local_setup.bash
[10.711s] -- Symlinking: /home/sleepy/robp-group7-sleepy/install/robp_phidgets_encoders/share/robp_phidgets_encoders/local_setup.sh
[10.721s] -- Symlinking: /home/sleepy/robp-group7-sleepy/install/robp_phidgets_encoders/share/robp_phidgets_encoders/local_setup.zsh
[10.731s] -- Symlinking: /home/sleepy/robp-group7-sleepy/install/robp_phidgets_encoders/share/robp_phidgets_encoders/local_setup.dsv
[10.741s] -- Symlinking: /home/sleepy/robp-group7-sleepy/install/robp_phidgets_encoders/share/robp_phidgets_encoders/package.dsv
[10.751s] -- Symlinking: /home/sleepy/robp-group7-sleepy/install/robp_phidgets_encoders/share/ament_index/resource_index/packages/robp_phidgets_encoders
[10.761s] -- Symlinking: /home/sleepy/robp-group7-sleepy/install/robp_phidgets_encoders/share/ament_index/resource_index/rclcpp_components/robp_phidgets_encoders
[10.771s] -- Symlinking: /home/sleepy/robp-group7-sleepy/install/robp_phidgets_encoders/share/robp_phidgets_encoders/cmake/robp_phidgets_encodersConfig.cmake
[10.781s] -- Symlinking: /home/sleepy/robp-group7-sleepy/install/robp_phidgets_encoders/share/robp_phidgets_encoders/cmake/robp_phidgets_encodersConfig-version.cmake
[10.791s] -- Symlinking: /home/sleepy/robp-group7-sleepy/install/robp_phidgets_encoders/share/robp_phidgets_encoders/package.xml
[10.803s] Invoked command in '/home/sleepy/robp-group7-sleepy/build/robp_phidgets_encoders' returned '0': AMENT_PREFIX_PATH=/home/sleepy/robp-group7-sleepy/install/robp_interfaces:${AMENT_PREFIX_PATH} CMAKE_PREFIX_PATH=/home/sleepy/robp-group7-sleepy/install/robp_interfaces:/opt/ros/jazzy/opt/gz_math_vendor:/opt/ros/jazzy/opt/gz_utils_vendor:/opt/ros/jazzy/opt/gz_cmake_vendor:/opt/ros/jazzy DEBUGINFOD_URLS=https://debuginfod.ubuntu.com LD_LIBRARY_PATH=/home/sleepy/robp-group7-sleepy/install/robp_interfaces/lib:${LD_LIBRARY_PATH} PYTHONPATH=/home/sleepy/robp-group7-sleepy/install/robp_interfaces/lib/python3.12/site-packages:${PYTHONPATH} /usr/bin/cmake --install /home/sleepy/robp-group7-sleepy/build/robp_phidgets_encoders
