[0.041s] Invoking command in '/home/sleepy/robp-group7-sleepy/build/micro_ros_msgs': CMAKE_PREFIX_PATH=${CMAKE_PREFIX_PATH}:/home/sleepy/robp-group7-sleepy/install/robp_launch:/home/sleepy/robp-group7-sleepy/install/arm_servos_pubs_subs:/opt/ros/jazzy DEBUGINFOD_URLS=https://debuginfod.ubuntu.com /usr/bin/cmake /home/sleepy/robp-group7-sleepy/src/uros/micro_ros_msgs -DAMENT_CMAKE_SYMLINK_INSTALL=1 -DCMAKE_INSTALL_PREFIX=/home/sleepy/robp-group7-sleepy/install/micro_ros_msgs
[0.359s] -- Found ament_cmake: 2.5.3 (/opt/ros/jazzy/share/ament_cmake/cmake)
[0.360s] -- Found Python3: /usr/bin/python3 (found version "3.12.3") found components: Interpreter 
[0.360s] -- Override CMake install command with custom implementation using symlinks instead of copying resources
[0.360s] -- Found rosidl_default_generators: 1.6.0 (/opt/ros/jazzy/share/rosidl_default_generators/cmake)
[0.360s] -- Using all available rosidl_typesupport_c: rosidl_typesupport_fastrtps_c;rosidl_typesupport_introspection_c
[0.360s] -- Using all available rosidl_typesupport_cpp: rosidl_typesupport_fastrtps_cpp;rosidl_typesupport_introspection_cpp
[0.361s] -- Found rosidl_adapter: 4.6.5 (/opt/ros/jazzy/share/rosidl_adapter/cmake)
[0.361s] -- Found ament_lint_auto: 0.17.1 (/opt/ros/jazzy/share/ament_lint_auto/cmake)
[0.762s] -- Found ament_cmake_ros: 0.12.0 (/opt/ros/jazzy/share/ament_cmake_ros/cmake)
[0.905s] -- Using all available rosidl_typesupport_c: rosidl_typesupport_fastrtps_c;rosidl_typesupport_introspection_c
[1.075s] -- Using all available rosidl_typesupport_cpp: rosidl_typesupport_fastrtps_cpp;rosidl_typesupport_introspection_cpp
[1.077s] -- Found python_cmake_module: 0.11.1 (/opt/ros/jazzy/share/python_cmake_module/cmake)
[1.438s] -- Found Python3: /usr/bin/python3 (found version "3.12.3") found components: Interpreter Development NumPy Development.Module Development.Embed 
[1.467s] -- Added test 'copyright' to check source files copyright and LICENSE
[1.478s] -- Added test 'lint_cmake' to check CMake code style
[1.484s] -- Added test 'xmllint' to check XML markup files
[1.489s] -- Configuring done (1.4s)
[1.527s] -- Generating done (0.0s)
[1.539s] -- Build files have been written to: /home/sleepy/robp-group7-sleepy/build/micro_ros_msgs
[1.547s] Invoked command in '/home/sleepy/robp-group7-sleepy/build/micro_ros_msgs' returned '0': CMAKE_PREFIX_PATH=${CMAKE_PREFIX_PATH}:/home/sleepy/robp-group7-sleepy/install/robp_launch:/home/sleepy/robp-group7-sleepy/install/arm_servos_pubs_subs:/opt/ros/jazzy DEBUGINFOD_URLS=https://debuginfod.ubuntu.com /usr/bin/cmake /home/sleepy/robp-group7-sleepy/src/uros/micro_ros_msgs -DAMENT_CMAKE_SYMLINK_INSTALL=1 -DCMAKE_INSTALL_PREFIX=/home/sleepy/robp-group7-sleepy/install/micro_ros_msgs
[1.549s] Invoking command in '/home/sleepy/robp-group7-sleepy/build/micro_ros_msgs': CMAKE_PREFIX_PATH=${CMAKE_PREFIX_PATH}:/home/sleepy/robp-group7-sleepy/install/robp_launch:/home/sleepy/robp-group7-sleepy/install/arm_servos_pubs_subs:/opt/ros/jazzy DEBUGINFOD_URLS=https://debuginfod.ubuntu.com /usr/bin/cmake --build /home/sleepy/robp-group7-sleepy/build/micro_ros_msgs -- -j8 -l8
[1.604s] [  1%] Built target micro_ros_msgs__rosidl_generator_type_description
[1.613s] failed to create symbolic link '/home/sleepy/robp-group7-sleepy/build/micro_ros_msgs/ament_cmake_python/micro_ros_msgs/micro_ros_msgs' because existing path cannot be removed: Is a directory
[1.615s] gmake[2]: *** [CMakeFiles/ament_cmake_python_symlink_micro_ros_msgs.dir/build.make:70: CMakeFiles/ament_cmake_python_symlink_micro_ros_msgs] Error 1
[1.615s] gmake[1]: *** [CMakeFiles/Makefile2:452: CMakeFiles/ament_cmake_python_symlink_micro_ros_msgs.dir/all] Error 2
[1.615s] gmake[1]: *** Waiting for unfinished jobs....
[1.632s] [  3%] Built target micro_ros_msgs__cpp
[1.635s] [ 24%] Built target micro_ros_msgs__rosidl_generator_c
[1.636s] gmake: *** [Makefile:146: all] Error 2
[1.639s] Invoked command in '/home/sleepy/robp-group7-sleepy/build/micro_ros_msgs' returned '2': CMAKE_PREFIX_PATH=${CMAKE_PREFIX_PATH}:/home/sleepy/robp-group7-sleepy/install/robp_launch:/home/sleepy/robp-group7-sleepy/install/arm_servos_pubs_subs:/opt/ros/jazzy DEBUGINFOD_URLS=https://debuginfod.ubuntu.com /usr/bin/cmake --build /home/sleepy/robp-group7-sleepy/build/micro_ros_msgs -- -j8 -l8
