running develop
running egg_info
creating core_launch.egg-info
writing core_launch.egg-info/PKG-INFO
writing dependency_links to core_launch.egg-info/dependency_links.txt
writing requirements to core_launch.egg-info/requires.txt
writing top-level names to core_launch.egg-info/top_level.txt
writing manifest file 'core_launch.egg-info/SOURCES.txt'
reading manifest file 'core_launch.egg-info/SOURCES.txt'
writing manifest file 'core_launch.egg-info/SOURCES.txt'
running build_ext
Creating /home/sleepy/robp-group7-sleepy/install/core_launch/lib/python3.12/site-packages/core-launch.egg-link (link to .)

Installed /home/sleepy/robp-group7-sleepy/build/core_launch
running symlink_data
creating /home/sleepy/robp-group7-sleepy/install/core_launch/share/ament_index
creating /home/sleepy/robp-group7-sleepy/install/core_launch/share/ament_index/resource_index
creating /home/sleepy/robp-group7-sleepy/install/core_launch/share/ament_index/resource_index/packages
symbolically linking /home/sleepy/robp-group7-sleepy/build/core_launch/resource/core_launch -> /home/sleepy/robp-group7-sleepy/install/core_launch/share/ament_index/resource_index/packages
symbolically linking /home/sleepy/robp-group7-sleepy/build/core_launch/package.xml -> /home/sleepy/robp-group7-sleepy/install/core_launch/share/core_launch
creating /home/sleepy/robp-group7-sleepy/install/core_launch/share/core_launch/launch
symbolically linking /home/sleepy/robp-group7-sleepy/build/core_launch/launch/launch_everything.py -> /home/sleepy/robp-group7-sleepy/install/core_launch/share/core_launch/launch
symbolically linking /home/sleepy/robp-group7-sleepy/build/core_launch/launch/launch_static_tf.py -> /home/sleepy/robp-group7-sleepy/install/core_launch/share/core_launch/launch
symbolically linking /home/sleepy/robp-group7-sleepy/build/core_launch/launch/launch_joymove.py -> /home/sleepy/robp-group7-sleepy/install/core_launch/share/core_launch/launch
