[0.023s] Invoking command in '/home/sleepy/robp-group7-sleepy/build/robp_phidgets_motors': CMAKE_PREFIX_PATH=/home/sleepy/robp-group7-sleepy/install/robp_interfaces:/home/sleepy/robp-group7-sleepy/install/usb_cam:/home/sleepy/robp-group7-sleepy/install/sllidar_ros2:/home/sleepy/robp-group7-sleepy/install/robp_phidgets_temperature:/home/sleepy/robp-group7-sleepy/install/robp_phidgets_spatial:/home/sleepy/robp-group7-sleepy/install/robp_phidgets_motors:/home/sleepy/robp-group7-sleepy/install/robp_phidgets_encoders:/opt/ros/jazzy/opt/gz_math_vendor:/opt/ros/jazzy/opt/gz_utils_vendor:/opt/ros/jazzy/opt/gz_cmake_vendor:/home/sleepy/robp-group7-sleepy/install/robp_launch:/home/sleepy/robp-group7-sleepy/install/arm_servos_pubs_subs:/opt/ros/jazzy DEBUGINFOD_URLS=https://debuginfod.ubuntu.com LD_LIBRARY_PATH=/home/sleepy/robp-group7-sleepy/install/robp_interfaces/lib:/home/sleepy/robp-group7-sleepy/install/usb_cam/lib:/home/sleepy/robp-group7-sleepy/install/robp_phidgets_temperature/lib:/home/sleepy/robp-group7-sleepy/install/robp_phidgets_spatial/lib:/home/sleepy/robp-group7-sleepy/install/robp_phidgets_motors/lib:/home/sleepy/robp-group7-sleepy/install/robp_phidgets_encoders/lib:/opt/ros/jazzy/opt/rviz_ogre_vendor/lib:/opt/ros/jazzy/lib/x86_64-linux-gnu:/opt/ros/jazzy/opt/libphidget22/lib:/opt/ros/jazzy/opt/gz_math_vendor/lib:/opt/ros/jazzy/opt/gz_utils_vendor/lib:/opt/ros/jazzy/opt/gz_cmake_vendor/lib:/opt/ros/jazzy/lib PYTHONPATH=/home/sleepy/robp-group7-sleepy/install/robp_interfaces/lib/python3.12/site-packages:/home/sleepy/robp-group7-sleepy/build/robp_launch:/home/sleepy/robp-group7-sleepy/install/robp_launch/lib/python3.12/site-packages:/home/sleepy/robp-group7-sleepy/build/arm_servos_pubs_subs:/home/sleepy/robp-group7-sleepy/install/arm_servos_pubs_subs/lib/python3.12/site-packages:/opt/ros/jazzy/lib/python3.12/site-packages /usr/bin/cmake /home/sleepy/robp-group7-sleepy/src/robp_robot/robp_phidgets/robp_phidgets_motors -DAMENT_CMAKE_SYMLINK_INSTALL=1 -DCMAKE_INSTALL_PREFIX=/home/sleepy/robp-group7-sleepy/install/robp_phidgets_motors
[0.035s] -- robp_phidgets_motors: You did not request a specific build type: Choosing 'Release' for maximum performance
[0.119s] -- The C compiler identification is GNU 13.3.0
[0.221s] -- The CXX compiler identification is GNU 13.3.0
[0.245s] -- Detecting C compiler ABI info
[0.346s] -- Detecting C compiler ABI info - done
[0.360s] -- Check for working C compiler: /usr/bin/cc - skipped
[0.360s] -- Detecting C compile features
[0.361s] -- Detecting C compile features - done
[0.374s] -- Detecting CXX compiler ABI info
[0.510s] -- Detecting CXX compiler ABI info - done
[0.532s] -- Check for working CXX compiler: /usr/bin/c++ - skipped
[0.532s] -- Detecting CXX compile features
[0.533s] -- Detecting CXX compile features - done
[0.537s] -- Found ament_cmake_ros: 0.12.0 (/opt/ros/jazzy/share/ament_cmake_ros/cmake)
[0.767s] -- Found Python3: /usr/bin/python3 (found version "3.12.3") found components: Interpreter 
[0.910s] -- Override CMake install command with custom implementation using symlinks instead of copying resources
[0.944s] -- Found libphidget22: 2.3.3 (/opt/ros/jazzy/share/libphidget22/cmake)
[0.946s] -- Found phidgets_api: 2.3.3 (/opt/ros/jazzy/share/phidgets_api/cmake)
[0.950s] -- Found rclcpp: 28.1.6 (/opt/ros/jazzy/share/rclcpp/cmake)
[1.001s] -- Found rosidl_generator_c: 4.6.5 (/opt/ros/jazzy/share/rosidl_generator_c/cmake)
[1.023s] -- Found rosidl_generator_cpp: 4.6.5 (/opt/ros/jazzy/share/rosidl_generator_cpp/cmake)
[1.043s] -- Using all available rosidl_typesupport_c: rosidl_typesupport_fastrtps_c;rosidl_typesupport_introspection_c
[1.074s] -- Using all available rosidl_typesupport_cpp: rosidl_typesupport_fastrtps_cpp;rosidl_typesupport_introspection_cpp
[1.244s] -- Found rmw_implementation_cmake: 7.3.1 (/opt/ros/jazzy/share/rmw_implementation_cmake/cmake)
[1.250s] -- Found rmw_fastrtps_cpp: 8.4.1 (/opt/ros/jazzy/share/rmw_fastrtps_cpp/cmake)
[1.364s] -- Found OpenSSL: /usr/lib/x86_64-linux-gnu/libcrypto.so (found version "3.0.13")  
[1.394s] -- Found FastRTPS: /opt/ros/jazzy/include (Required is at least version "2.13") 
[1.426s] -- Using RMW implementation 'rmw_fastrtps_cpp' as default
[1.523s] -- Found rclcpp_components: 28.1.6 (/opt/ros/jazzy/share/rclcpp_components/cmake)
[1.567s] -- Found robp_interfaces: 1.0.0 (/home/sleepy/robp-group7-sleepy/install/robp_interfaces/share/robp_interfaces/cmake)
[1.611s] -- Found std_srvs: 5.3.5 (/opt/ros/jazzy/share/std_srvs/cmake)
[1.756s] -- Configuring done (1.7s)
[1.771s] -- Generating done (0.0s)
[1.776s] -- Build files have been written to: /home/sleepy/robp-group7-sleepy/build/robp_phidgets_motors
[1.787s] Invoked command in '/home/sleepy/robp-group7-sleepy/build/robp_phidgets_motors' returned '0': CMAKE_PREFIX_PATH=/home/sleepy/robp-group7-sleepy/install/robp_interfaces:/home/sleepy/robp-group7-sleepy/install/usb_cam:/home/sleepy/robp-group7-sleepy/install/sllidar_ros2:/home/sleepy/robp-group7-sleepy/install/robp_phidgets_temperature:/home/sleepy/robp-group7-sleepy/install/robp_phidgets_spatial:/home/sleepy/robp-group7-sleepy/install/robp_phidgets_motors:/home/sleepy/robp-group7-sleepy/install/robp_phidgets_encoders:/opt/ros/jazzy/opt/gz_math_vendor:/opt/ros/jazzy/opt/gz_utils_vendor:/opt/ros/jazzy/opt/gz_cmake_vendor:/home/sleepy/robp-group7-sleepy/install/robp_launch:/home/sleepy/robp-group7-sleepy/install/arm_servos_pubs_subs:/opt/ros/jazzy DEBUGINFOD_URLS=https://debuginfod.ubuntu.com LD_LIBRARY_PATH=/home/sleepy/robp-group7-sleepy/install/robp_interfaces/lib:/home/sleepy/robp-group7-sleepy/install/usb_cam/lib:/home/sleepy/robp-group7-sleepy/install/robp_phidgets_temperature/lib:/home/sleepy/robp-group7-sleepy/install/robp_phidgets_spatial/lib:/home/sleepy/robp-group7-sleepy/install/robp_phidgets_motors/lib:/home/sleepy/robp-group7-sleepy/install/robp_phidgets_encoders/lib:/opt/ros/jazzy/opt/rviz_ogre_vendor/lib:/opt/ros/jazzy/lib/x86_64-linux-gnu:/opt/ros/jazzy/opt/libphidget22/lib:/opt/ros/jazzy/opt/gz_math_vendor/lib:/opt/ros/jazzy/opt/gz_utils_vendor/lib:/opt/ros/jazzy/opt/gz_cmake_vendor/lib:/opt/ros/jazzy/lib PYTHONPATH=/home/sleepy/robp-group7-sleepy/install/robp_interfaces/lib/python3.12/site-packages:/home/sleepy/robp-group7-sleepy/build/robp_launch:/home/sleepy/robp-group7-sleepy/install/robp_launch/lib/python3.12/site-packages:/home/sleepy/robp-group7-sleepy/build/arm_servos_pubs_subs:/home/sleepy/robp-group7-sleepy/install/arm_servos_pubs_subs/lib/python3.12/site-packages:/opt/ros/jazzy/lib/python3.12/site-packages /usr/bin/cmake /home/sleepy/robp-group7-sleepy/src/robp_robot/robp_phidgets/robp_phidgets_motors -DAMENT_CMAKE_SYMLINK_INSTALL=1 -DCMAKE_INSTALL_PREFIX=/home/sleepy/robp-group7-sleepy/install/robp_phidgets_motors
[1.789s] Invoking command in '/home/sleepy/robp-group7-sleepy/build/robp_phidgets_motors': CMAKE_PREFIX_PATH=/home/sleepy/robp-group7-sleepy/install/robp_interfaces:/home/sleepy/robp-group7-sleepy/install/usb_cam:/home/sleepy/robp-group7-sleepy/install/sllidar_ros2:/home/sleepy/robp-group7-sleepy/install/robp_phidgets_temperature:/home/sleepy/robp-group7-sleepy/install/robp_phidgets_spatial:/home/sleepy/robp-group7-sleepy/install/robp_phidgets_motors:/home/sleepy/robp-group7-sleepy/install/robp_phidgets_encoders:/opt/ros/jazzy/opt/gz_math_vendor:/opt/ros/jazzy/opt/gz_utils_vendor:/opt/ros/jazzy/opt/gz_cmake_vendor:/home/sleepy/robp-group7-sleepy/install/robp_launch:/home/sleepy/robp-group7-sleepy/install/arm_servos_pubs_subs:/opt/ros/jazzy DEBUGINFOD_URLS=https://debuginfod.ubuntu.com LD_LIBRARY_PATH=/home/sleepy/robp-group7-sleepy/install/robp_interfaces/lib:/home/sleepy/robp-group7-sleepy/install/usb_cam/lib:/home/sleepy/robp-group7-sleepy/install/robp_phidgets_temperature/lib:/home/sleepy/robp-group7-sleepy/install/robp_phidgets_spatial/lib:/home/sleepy/robp-group7-sleepy/install/robp_phidgets_motors/lib:/home/sleepy/robp-group7-sleepy/install/robp_phidgets_encoders/lib:/opt/ros/jazzy/opt/rviz_ogre_vendor/lib:/opt/ros/jazzy/lib/x86_64-linux-gnu:/opt/ros/jazzy/opt/libphidget22/lib:/opt/ros/jazzy/opt/gz_math_vendor/lib:/opt/ros/jazzy/opt/gz_utils_vendor/lib:/opt/ros/jazzy/opt/gz_cmake_vendor/lib:/opt/ros/jazzy/lib PYTHONPATH=/home/sleepy/robp-group7-sleepy/install/robp_interfaces/lib/python3.12/site-packages:/home/sleepy/robp-group7-sleepy/build/robp_launch:/home/sleepy/robp-group7-sleepy/install/robp_launch/lib/python3.12/site-packages:/home/sleepy/robp-group7-sleepy/build/arm_servos_pubs_subs:/home/sleepy/robp-group7-sleepy/install/arm_servos_pubs_subs/lib/python3.12/site-packages:/opt/ros/jazzy/lib/python3.12/site-packages /usr/bin/cmake --build /home/sleepy/robp-group7-sleepy/build/robp_phidgets_motors -- -j8 -l8
[1.865s] [ 66%] [32mBuilding CXX object CMakeFiles/robp_phidgets_motors.dir/src/motors.cpp.o[0m
[1.865s] [ 66%] [32mBuilding CXX object CMakeFiles/robp_phidgets_motors.dir/src/motor.cpp.o[0m
[15.375s] [100%] [32m[1mLinking CXX shared library librobp_phidgets_motors.so[0m
[15.580s] [100%] Built target robp_phidgets_motors
[15.592s] Invoked command in '/home/sleepy/robp-group7-sleepy/build/robp_phidgets_motors' returned '0': CMAKE_PREFIX_PATH=/home/sleepy/robp-group7-sleepy/install/robp_interfaces:/home/sleepy/robp-group7-sleepy/install/usb_cam:/home/sleepy/robp-group7-sleepy/install/sllidar_ros2:/home/sleepy/robp-group7-sleepy/install/robp_phidgets_temperature:/home/sleepy/robp-group7-sleepy/install/robp_phidgets_spatial:/home/sleepy/robp-group7-sleepy/install/robp_phidgets_motors:/home/sleepy/robp-group7-sleepy/install/robp_phidgets_encoders:/opt/ros/jazzy/opt/gz_math_vendor:/opt/ros/jazzy/opt/gz_utils_vendor:/opt/ros/jazzy/opt/gz_cmake_vendor:/home/sleepy/robp-group7-sleepy/install/robp_launch:/home/sleepy/robp-group7-sleepy/install/arm_servos_pubs_subs:/opt/ros/jazzy DEBUGINFOD_URLS=https://debuginfod.ubuntu.com LD_LIBRARY_PATH=/home/sleepy/robp-group7-sleepy/install/robp_interfaces/lib:/home/sleepy/robp-group7-sleepy/install/usb_cam/lib:/home/sleepy/robp-group7-sleepy/install/robp_phidgets_temperature/lib:/home/sleepy/robp-group7-sleepy/install/robp_phidgets_spatial/lib:/home/sleepy/robp-group7-sleepy/install/robp_phidgets_motors/lib:/home/sleepy/robp-group7-sleepy/install/robp_phidgets_encoders/lib:/opt/ros/jazzy/opt/rviz_ogre_vendor/lib:/opt/ros/jazzy/lib/x86_64-linux-gnu:/opt/ros/jazzy/opt/libphidget22/lib:/opt/ros/jazzy/opt/gz_math_vendor/lib:/opt/ros/jazzy/opt/gz_utils_vendor/lib:/opt/ros/jazzy/opt/gz_cmake_vendor/lib:/opt/ros/jazzy/lib PYTHONPATH=/home/sleepy/robp-group7-sleepy/install/robp_interfaces/lib/python3.12/site-packages:/home/sleepy/robp-group7-sleepy/build/robp_launch:/home/sleepy/robp-group7-sleepy/install/robp_launch/lib/python3.12/site-packages:/home/sleepy/robp-group7-sleepy/build/arm_servos_pubs_subs:/home/sleepy/robp-group7-sleepy/install/arm_servos_pubs_subs/lib/python3.12/site-packages:/opt/ros/jazzy/lib/python3.12/site-packages /usr/bin/cmake --build /home/sleepy/robp-group7-sleepy/build/robp_phidgets_motors -- -j8 -l8
[15.594s] Invoking command in '/home/sleepy/robp-group7-sleepy/build/robp_phidgets_motors': CMAKE_PREFIX_PATH=/home/sleepy/robp-group7-sleepy/install/robp_interfaces:/home/sleepy/robp-group7-sleepy/install/usb_cam:/home/sleepy/robp-group7-sleepy/install/sllidar_ros2:/home/sleepy/robp-group7-sleepy/install/robp_phidgets_temperature:/home/sleepy/robp-group7-sleepy/install/robp_phidgets_spatial:/home/sleepy/robp-group7-sleepy/install/robp_phidgets_motors:/home/sleepy/robp-group7-sleepy/install/robp_phidgets_encoders:/opt/ros/jazzy/opt/gz_math_vendor:/opt/ros/jazzy/opt/gz_utils_vendor:/opt/ros/jazzy/opt/gz_cmake_vendor:/home/sleepy/robp-group7-sleepy/install/robp_launch:/home/sleepy/robp-group7-sleepy/install/arm_servos_pubs_subs:/opt/ros/jazzy DEBUGINFOD_URLS=https://debuginfod.ubuntu.com LD_LIBRARY_PATH=/home/sleepy/robp-group7-sleepy/install/robp_interfaces/lib:/home/sleepy/robp-group7-sleepy/install/usb_cam/lib:/home/sleepy/robp-group7-sleepy/install/robp_phidgets_temperature/lib:/home/sleepy/robp-group7-sleepy/install/robp_phidgets_spatial/lib:/home/sleepy/robp-group7-sleepy/install/robp_phidgets_motors/lib:/home/sleepy/robp-group7-sleepy/install/robp_phidgets_encoders/lib:/opt/ros/jazzy/opt/rviz_ogre_vendor/lib:/opt/ros/jazzy/lib/x86_64-linux-gnu:/opt/ros/jazzy/opt/libphidget22/lib:/opt/ros/jazzy/opt/gz_math_vendor/lib:/opt/ros/jazzy/opt/gz_utils_vendor/lib:/opt/ros/jazzy/opt/gz_cmake_vendor/lib:/opt/ros/jazzy/lib PYTHONPATH=/home/sleepy/robp-group7-sleepy/install/robp_interfaces/lib/python3.12/site-packages:/home/sleepy/robp-group7-sleepy/build/robp_launch:/home/sleepy/robp-group7-sleepy/install/robp_launch/lib/python3.12/site-packages:/home/sleepy/robp-group7-sleepy/build/arm_servos_pubs_subs:/home/sleepy/robp-group7-sleepy/install/arm_servos_pubs_subs/lib/python3.12/site-packages:/opt/ros/jazzy/lib/python3.12/site-packages /usr/bin/cmake --install /home/sleepy/robp-group7-sleepy/build/robp_phidgets_motors
[15.602s] -- Install configuration: "Release"
[15.603s] -- Execute custom install script
[15.603s] -- Symlinking: /home/sleepy/robp-group7-sleepy/install/robp_phidgets_motors/lib/librobp_phidgets_motors.so
[15.614s] -- Symlinking: /home/sleepy/robp-group7-sleepy/install/robp_phidgets_motors/include/robp_phidgets_motors/motor.hpp
[15.624s] -- Symlinking: /home/sleepy/robp-group7-sleepy/install/robp_phidgets_motors/include/robp_phidgets_motors/motors.hpp
[15.634s] -- Symlinking: /home/sleepy/robp-group7-sleepy/install/robp_phidgets_motors/share/robp_phidgets_motors/launch/motors_launch.py
[15.644s] -- Symlinking: /home/sleepy/robp-group7-sleepy/install/robp_phidgets_motors/share/ament_index/resource_index/package_run_dependencies/robp_phidgets_motors
[15.653s] -- Symlinking: /home/sleepy/robp-group7-sleepy/install/robp_phidgets_motors/share/ament_index/resource_index/parent_prefix_path/robp_phidgets_motors
[15.664s] -- Symlinking: /home/sleepy/robp-group7-sleepy/install/robp_phidgets_motors/share/robp_phidgets_motors/environment/ament_prefix_path.sh
[15.674s] -- Symlinking: /home/sleepy/robp-group7-sleepy/install/robp_phidgets_motors/share/robp_phidgets_motors/environment/ament_prefix_path.dsv
[15.684s] -- Symlinking: /home/sleepy/robp-group7-sleepy/install/robp_phidgets_motors/share/robp_phidgets_motors/environment/path.sh
[15.694s] -- Symlinking: /home/sleepy/robp-group7-sleepy/install/robp_phidgets_motors/share/robp_phidgets_motors/environment/path.dsv
[15.703s] -- Symlinking: /home/sleepy/robp-group7-sleepy/install/robp_phidgets_motors/share/robp_phidgets_motors/local_setup.bash
[15.713s] -- Symlinking: /home/sleepy/robp-group7-sleepy/install/robp_phidgets_motors/share/robp_phidgets_motors/local_setup.sh
[15.722s] -- Symlinking: /home/sleepy/robp-group7-sleepy/install/robp_phidgets_motors/share/robp_phidgets_motors/local_setup.zsh
[15.732s] -- Symlinking: /home/sleepy/robp-group7-sleepy/install/robp_phidgets_motors/share/robp_phidgets_motors/local_setup.dsv
[15.742s] -- Symlinking: /home/sleepy/robp-group7-sleepy/install/robp_phidgets_motors/share/robp_phidgets_motors/package.dsv
[15.751s] -- Symlinking: /home/sleepy/robp-group7-sleepy/install/robp_phidgets_motors/share/ament_index/resource_index/packages/robp_phidgets_motors
[15.761s] -- Symlinking: /home/sleepy/robp-group7-sleepy/install/robp_phidgets_motors/share/ament_index/resource_index/rclcpp_components/robp_phidgets_motors
[15.772s] -- Symlinking: /home/sleepy/robp-group7-sleepy/install/robp_phidgets_motors/share/robp_phidgets_motors/cmake/robp_phidgets_motorsConfig.cmake
[15.781s] -- Symlinking: /home/sleepy/robp-group7-sleepy/install/robp_phidgets_motors/share/robp_phidgets_motors/cmake/robp_phidgets_motorsConfig-version.cmake
[15.791s] -- Symlinking: /home/sleepy/robp-group7-sleepy/install/robp_phidgets_motors/share/robp_phidgets_motors/package.xml
[15.802s] Invoked command in '/home/sleepy/robp-group7-sleepy/build/robp_phidgets_motors' returned '0': CMAKE_PREFIX_PATH=/home/sleepy/robp-group7-sleepy/install/robp_interfaces:/home/sleepy/robp-group7-sleepy/install/usb_cam:/home/sleepy/robp-group7-sleepy/install/sllidar_ros2:/home/sleepy/robp-group7-sleepy/install/robp_phidgets_temperature:/home/sleepy/robp-group7-sleepy/install/robp_phidgets_spatial:/home/sleepy/robp-group7-sleepy/install/robp_phidgets_motors:/home/sleepy/robp-group7-sleepy/install/robp_phidgets_encoders:/opt/ros/jazzy/opt/gz_math_vendor:/opt/ros/jazzy/opt/gz_utils_vendor:/opt/ros/jazzy/opt/gz_cmake_vendor:/home/sleepy/robp-group7-sleepy/install/robp_launch:/home/sleepy/robp-group7-sleepy/install/arm_servos_pubs_subs:/opt/ros/jazzy DEBUGINFOD_URLS=https://debuginfod.ubuntu.com LD_LIBRARY_PATH=/home/sleepy/robp-group7-sleepy/install/robp_interfaces/lib:/home/sleepy/robp-group7-sleepy/install/usb_cam/lib:/home/sleepy/robp-group7-sleepy/install/robp_phidgets_temperature/lib:/home/sleepy/robp-group7-sleepy/install/robp_phidgets_spatial/lib:/home/sleepy/robp-group7-sleepy/install/robp_phidgets_motors/lib:/home/sleepy/robp-group7-sleepy/install/robp_phidgets_encoders/lib:/opt/ros/jazzy/opt/rviz_ogre_vendor/lib:/opt/ros/jazzy/lib/x86_64-linux-gnu:/opt/ros/jazzy/opt/libphidget22/lib:/opt/ros/jazzy/opt/gz_math_vendor/lib:/opt/ros/jazzy/opt/gz_utils_vendor/lib:/opt/ros/jazzy/opt/gz_cmake_vendor/lib:/opt/ros/jazzy/lib PYTHONPATH=/home/sleepy/robp-group7-sleepy/install/robp_interfaces/lib/python3.12/site-packages:/home/sleepy/robp-group7-sleepy/build/robp_launch:/home/sleepy/robp-group7-sleepy/install/robp_launch/lib/python3.12/site-packages:/home/sleepy/robp-group7-sleepy/build/arm_servos_pubs_subs:/home/sleepy/robp-group7-sleepy/install/arm_servos_pubs_subs/lib/python3.12/site-packages:/opt/ros/jazzy/lib/python3.12/site-packages /usr/bin/cmake --install /home/sleepy/robp-group7-sleepy/build/robp_phidgets_motors
