[0.985s] Invoking command in '/home/sleepy/robp-group7-sleepy/build/robp_launch': AMENT_PREFIX_PATH=/home/sleepy/robp-group7-sleepy/install/robp_phidgets_spatial:/home/sleepy/robp-group7-sleepy/install/robp_phidgets_motors:/home/sleepy/robp-group7-sleepy/install/robp_phidgets_encoders:/home/sleepy/robp-group7-sleepy/install/robp_phidgets_temperature:/home/sleepy/robp-group7-sleepy/install/robp_interfaces:${AMENT_PREFIX_PATH} CMAKE_PREFIX_PATH=/home/sleepy/robp-group7-sleepy/install/robp_phidgets_spatial:/home/sleepy/robp-group7-sleepy/install/robp_phidgets_motors:/home/sleepy/robp-group7-sleepy/install/robp_phidgets_encoders:/home/sleepy/robp-group7-sleepy/install/robp_phidgets_temperature:/home/sleepy/robp-group7-sleepy/install/robp_interfaces:${CMAKE_PREFIX_PATH} DEBUGINFOD_URLS=https://debuginfod.ubuntu.com LD_LIBRARY_PATH=/home/sleepy/robp-group7-sleepy/install/robp_phidgets_spatial/lib:/home/sleepy/robp-group7-sleepy/install/robp_phidgets_motors/lib:/home/sleepy/robp-group7-sleepy/install/robp_phidgets_encoders/lib:/home/sleepy/robp-group7-sleepy/install/robp_phidgets_temperature/lib:/home/sleepy/robp-group7-sleepy/install/robp_interfaces/lib:${LD_LIBRARY_PATH} PYTHONPATH=/home/sleepy/robp-group7-sleepy/build/robp_launch/prefix_override:/usr/lib/python3/dist-packages/colcon_core/task/python/colcon_distutils_commands:/home/sleepy/robp-group7-sleepy/install/robp_launch/lib/python3.12/site-packages:/home/sleepy/robp-group7-sleepy/install/robp_interfaces/lib/python3.12/site-packages:${PYTHONPATH} /usr/bin/python3 -W ignore:setup.py install is deprecated -W ignore:easy_install command is deprecated setup.py develop --editable --build-directory /home/sleepy/robp-group7-sleepy/build/robp_launch/build --no-deps symlink_data
[1.358s] running develop
[1.583s] running egg_info
[1.583s] creating robp_launch.egg-info
[1.604s] writing robp_launch.egg-info/PKG-INFO
[1.605s] writing dependency_links to robp_launch.egg-info/dependency_links.txt
[1.605s] writing requirements to robp_launch.egg-info/requires.txt
[1.605s] writing top-level names to robp_launch.egg-info/top_level.txt
[1.605s] writing manifest file 'robp_launch.egg-info/SOURCES.txt'
[1.649s] reading manifest file 'robp_launch.egg-info/SOURCES.txt'
[1.650s] writing manifest file 'robp_launch.egg-info/SOURCES.txt'
[1.673s] running build_ext
[1.673s] Creating /home/sleepy/robp-group7-sleepy/install/robp_launch/lib/python3.12/site-packages/robp-launch.egg-link (link to .)
[1.674s] 
[1.674s] Installed /home/sleepy/robp-group7-sleepy/build/robp_launch
[1.674s] running symlink_data
[1.674s] creating /home/sleepy/robp-group7-sleepy/install/robp_launch/share/ament_index
[1.674s] creating /home/sleepy/robp-group7-sleepy/install/robp_launch/share/ament_index/resource_index
[1.674s] creating /home/sleepy/robp-group7-sleepy/install/robp_launch/share/ament_index/resource_index/packages
[1.674s] symbolically linking /home/sleepy/robp-group7-sleepy/build/robp_launch/resource/robp_launch -> /home/sleepy/robp-group7-sleepy/install/robp_launch/share/ament_index/resource_index/packages
[1.674s] creating /home/sleepy/robp-group7-sleepy/install/robp_launch/share/robp_launch/launch
[1.674s] symbolically linking /home/sleepy/robp-group7-sleepy/build/robp_launch/launch/frames_launch.xml -> /home/sleepy/robp-group7-sleepy/install/robp_launch/share/robp_launch/launch
[1.674s] symbolically linking /home/sleepy/robp-group7-sleepy/build/robp_launch/launch/lidar_launch.yaml -> /home/sleepy/robp-group7-sleepy/install/robp_launch/share/robp_launch/launch
[1.675s] symbolically linking /home/sleepy/robp-group7-sleepy/build/robp_launch/launch/rs_d435i_launch.py -> /home/sleepy/robp-group7-sleepy/install/robp_launch/share/robp_launch/launch
[1.675s] symbolically linking /home/sleepy/robp-group7-sleepy/build/robp_launch/launch/arm_camera_launch.yaml -> /home/sleepy/robp-group7-sleepy/install/robp_launch/share/robp_launch/launch
[1.675s] symbolically linking /home/sleepy/robp-group7-sleepy/build/robp_launch/launch/phidgets_launch.py -> /home/sleepy/robp-group7-sleepy/install/robp_launch/share/robp_launch/launch
[1.675s] symbolically linking /home/sleepy/robp-group7-sleepy/build/robp_launch/package.xml -> /home/sleepy/robp-group7-sleepy/install/robp_launch/share/robp_launch
[1.709s] Invoked command in '/home/sleepy/robp-group7-sleepy/build/robp_launch' returned '0': AMENT_PREFIX_PATH=/home/sleepy/robp-group7-sleepy/install/robp_phidgets_spatial:/home/sleepy/robp-group7-sleepy/install/robp_phidgets_motors:/home/sleepy/robp-group7-sleepy/install/robp_phidgets_encoders:/home/sleepy/robp-group7-sleepy/install/robp_phidgets_temperature:/home/sleepy/robp-group7-sleepy/install/robp_interfaces:${AMENT_PREFIX_PATH} CMAKE_PREFIX_PATH=/home/sleepy/robp-group7-sleepy/install/robp_phidgets_spatial:/home/sleepy/robp-group7-sleepy/install/robp_phidgets_motors:/home/sleepy/robp-group7-sleepy/install/robp_phidgets_encoders:/home/sleepy/robp-group7-sleepy/install/robp_phidgets_temperature:/home/sleepy/robp-group7-sleepy/install/robp_interfaces:${CMAKE_PREFIX_PATH} DEBUGINFOD_URLS=https://debuginfod.ubuntu.com LD_LIBRARY_PATH=/home/sleepy/robp-group7-sleepy/install/robp_phidgets_spatial/lib:/home/sleepy/robp-group7-sleepy/install/robp_phidgets_motors/lib:/home/sleepy/robp-group7-sleepy/install/robp_phidgets_encoders/lib:/home/sleepy/robp-group7-sleepy/install/robp_phidgets_temperature/lib:/home/sleepy/robp-group7-sleepy/install/robp_interfaces/lib:${LD_LIBRARY_PATH} PYTHONPATH=/home/sleepy/robp-group7-sleepy/build/robp_launch/prefix_override:/usr/lib/python3/dist-packages/colcon_core/task/python/colcon_distutils_commands:/home/sleepy/robp-group7-sleepy/install/robp_launch/lib/python3.12/site-packages:/home/sleepy/robp-group7-sleepy/install/robp_interfaces/lib/python3.12/site-packages:${PYTHONPATH} /usr/bin/python3 -W ignore:setup.py install is deprecated -W ignore:easy_install command is deprecated setup.py develop --editable --build-directory /home/sleepy/robp-group7-sleepy/build/robp_launch/build --no-deps symlink_data
