[4.017s] Invoking command in '/home/sleepy/robp-group7-sleepy/build/odometry': DEBUGINFOD_URLS=https://debuginfod.ubuntu.com PYTHONPATH=/home/sleepy/robp-group7-sleepy/build/odometry/prefix_override:/usr/lib/python3/dist-packages/colcon_core/task/python/colcon_distutils_commands:/home/sleepy/robp-group7-sleepy/install/odometry/lib/python3.12/site-packages:${PYTHONPATH} /usr/bin/python3 -W ignore:setup.py install is deprecated -W ignore:easy_install command is deprecated setup.py develop --editable --build-directory /home/sleepy/robp-group7-sleepy/build/odometry/build --no-deps symlink_data
[4.925s] running develop
[5.712s] running egg_info
[5.713s] creating odometry.egg-info
[5.847s] writing odometry.egg-info/PKG-INFO
[5.847s] writing dependency_links to odometry.egg-info/dependency_links.txt
[5.848s] writing entry points to odometry.egg-info/entry_points.txt
[5.848s] writing requirements to odometry.egg-info/requires.txt
[5.849s] writing top-level names to odometry.egg-info/top_level.txt
[5.858s] writing manifest file 'odometry.egg-info/SOURCES.txt'
[6.034s] reading manifest file 'odometry.egg-info/SOURCES.txt'
[6.034s] writing manifest file 'odometry.egg-info/SOURCES.txt'
[6.118s] running build_ext
[6.119s] Creating /home/sleepy/robp-group7-sleepy/install/odometry/lib/python3.12/site-packages/odometry.egg-link (link to .)
[6.121s] Installing odometry script to /home/sleepy/robp-group7-sleepy/install/odometry/lib/odometry
[6.122s] 
[6.122s] Installed /home/sleepy/robp-group7-sleepy/build/odometry
[6.122s] running symlink_data
[6.122s] creating /home/sleepy/robp-group7-sleepy/install/odometry/share/ament_index
[6.123s] creating /home/sleepy/robp-group7-sleepy/install/odometry/share/ament_index/resource_index
[6.123s] creating /home/sleepy/robp-group7-sleepy/install/odometry/share/ament_index/resource_index/packages
[6.123s] symbolically linking /home/sleepy/robp-group7-sleepy/build/odometry/resource/odometry -> /home/sleepy/robp-group7-sleepy/install/odometry/share/ament_index/resource_index/packages
[6.123s] symbolically linking /home/sleepy/robp-group7-sleepy/build/odometry/package.xml -> /home/sleepy/robp-group7-sleepy/install/odometry/share/odometry
[6.266s] Invoked command in '/home/sleepy/robp-group7-sleepy/build/odometry' returned '0': DEBUGINFOD_URLS=https://debuginfod.ubuntu.com PYTHONPATH=/home/sleepy/robp-group7-sleepy/build/odometry/prefix_override:/usr/lib/python3/dist-packages/colcon_core/task/python/colcon_distutils_commands:/home/sleepy/robp-group7-sleepy/install/odometry/lib/python3.12/site-packages:${PYTHONPATH} /usr/bin/python3 -W ignore:setup.py install is deprecated -W ignore:easy_install command is deprecated setup.py develop --editable --build-directory /home/sleepy/robp-group7-sleepy/build/odometry/build --no-deps symlink_data
