[0.040s] Invoking command in '/home/sleepy/robp-group7-sleepy/build/robp_phidgets_temperature': CMAKE_PREFIX_PATH=${CMAKE_PREFIX_PATH}:/home/sleepy/robp-group7-sleepy/install/simple_move:/home/sleepy/robp-group7-sleepy/install/core_launch:/home/sleepy/robp-group7-sleepy/install/robp_launch:/home/sleepy/robp-group7-sleepy/install/perception:/home/sleepy/robp-group7-sleepy/install/odometry:/home/sleepy/robp-group7-sleepy/install/navigation:/home/sleepy/robp-group7-sleepy/install/lidar_processing:/home/sleepy/robp-group7-sleepy/install/arm_servos_pubs_subs:/home/sleepy/robp-group7-sleepy/install/arm_control:/opt/ros/jazzy DEBUGINFOD_URLS=https://debuginfod.ubuntu.com /usr/bin/cmake /home/sleepy/robp-group7-sleepy/src/robp_robot/robp_phidgets/robp_phidgets_temperature -DAMENT_CMAKE_SYMLINK_INSTALL=1 -DCMAKE_INSTALL_PREFIX=/home/sleepy/robp-group7-sleepy/install/robp_phidgets_temperature
[1.125s] -- robp_phidgets_temperature: You did not request a specific build type: Choosing 'Release' for maximum performance
[1.125s] -- The C compiler identification is GNU 13.3.0
[1.125s] -- The CXX compiler identification is GNU 13.3.0
[1.126s] -- Detecting C compiler ABI info
[1.126s] -- Detecting C compiler ABI info - done
[1.126s] -- Check for working C compiler: /usr/bin/cc - skipped
[1.126s] -- Detecting C compile features
[1.126s] -- Detecting C compile features - done
[1.127s] -- Detecting CXX compiler ABI info
[1.127s] -- Detecting CXX compiler ABI info - done
[1.127s] -- Check for working CXX compiler: /usr/bin/c++ - skipped
[1.127s] -- Detecting CXX compile features
[1.127s] -- Detecting CXX compile features - done
[1.127s] -- Found ament_cmake_ros: 0.12.0 (/opt/ros/jazzy/share/ament_cmake_ros/cmake)
[1.128s] -- Found Python3: /usr/bin/python3 (found version "3.12.3") found components: Interpreter 
[1.128s] -- Override CMake install command with custom implementation using symlinks instead of copying resources
[1.128s] -- Found libphidget22: 2.3.3 (/opt/ros/jazzy/share/libphidget22/cmake)
[1.128s] -- Found phidgets_api: 2.3.3 (/opt/ros/jazzy/share/phidgets_api/cmake)
[1.128s] -- Found rclcpp: 28.1.6 (/opt/ros/jazzy/share/rclcpp/cmake)
[1.128s] -- Found rosidl_generator_c: 4.6.5 (/opt/ros/jazzy/share/rosidl_generator_c/cmake)
[1.129s] -- Found rosidl_generator_cpp: 4.6.5 (/opt/ros/jazzy/share/rosidl_generator_cpp/cmake)
[1.129s] -- Using all available rosidl_typesupport_c: rosidl_typesupport_fastrtps_c;rosidl_typesupport_introspection_c
[1.129s] -- Using all available rosidl_typesupport_cpp: rosidl_typesupport_fastrtps_cpp;rosidl_typesupport_introspection_cpp
[1.301s] -- Found rmw_implementation_cmake: 7.3.1 (/opt/ros/jazzy/share/rmw_implementation_cmake/cmake)
[1.310s] -- Found rmw_fastrtps_cpp: 8.4.1 (/opt/ros/jazzy/share/rmw_fastrtps_cpp/cmake)
[1.523s] -- Found OpenSSL: /usr/lib/x86_64-linux-gnu/libcrypto.so (found version "3.0.13")  
[1.572s] -- Found FastRTPS: /opt/ros/jazzy/include (Required is at least version "2.13") 
[1.636s] -- Using RMW implementation 'rmw_fastrtps_cpp' as default
[1.878s] -- Found rclcpp_components: 28.1.6 (/opt/ros/jazzy/share/rclcpp_components/cmake)
[1.969s] -- Found sensor_msgs: 5.3.5 (/opt/ros/jazzy/share/sensor_msgs/cmake)
[2.364s] -- Configuring done (2.3s)
[2.405s] -- Generating done (0.0s)
[2.415s] -- Build files have been written to: /home/sleepy/robp-group7-sleepy/build/robp_phidgets_temperature
[2.437s] Invoked command in '/home/sleepy/robp-group7-sleepy/build/robp_phidgets_temperature' returned '0': CMAKE_PREFIX_PATH=${CMAKE_PREFIX_PATH}:/home/sleepy/robp-group7-sleepy/install/simple_move:/home/sleepy/robp-group7-sleepy/install/core_launch:/home/sleepy/robp-group7-sleepy/install/robp_launch:/home/sleepy/robp-group7-sleepy/install/perception:/home/sleepy/robp-group7-sleepy/install/odometry:/home/sleepy/robp-group7-sleepy/install/navigation:/home/sleepy/robp-group7-sleepy/install/lidar_processing:/home/sleepy/robp-group7-sleepy/install/arm_servos_pubs_subs:/home/sleepy/robp-group7-sleepy/install/arm_control:/opt/ros/jazzy DEBUGINFOD_URLS=https://debuginfod.ubuntu.com /usr/bin/cmake /home/sleepy/robp-group7-sleepy/src/robp_robot/robp_phidgets/robp_phidgets_temperature -DAMENT_CMAKE_SYMLINK_INSTALL=1 -DCMAKE_INSTALL_PREFIX=/home/sleepy/robp-group7-sleepy/install/robp_phidgets_temperature
[2.439s] Invoking command in '/home/sleepy/robp-group7-sleepy/build/robp_phidgets_temperature': CMAKE_PREFIX_PATH=${CMAKE_PREFIX_PATH}:/home/sleepy/robp-group7-sleepy/install/simple_move:/home/sleepy/robp-group7-sleepy/install/core_launch:/home/sleepy/robp-group7-sleepy/install/robp_launch:/home/sleepy/robp-group7-sleepy/install/perception:/home/sleepy/robp-group7-sleepy/install/odometry:/home/sleepy/robp-group7-sleepy/install/navigation:/home/sleepy/robp-group7-sleepy/install/lidar_processing:/home/sleepy/robp-group7-sleepy/install/arm_servos_pubs_subs:/home/sleepy/robp-group7-sleepy/install/arm_control:/opt/ros/jazzy DEBUGINFOD_URLS=https://debuginfod.ubuntu.com /usr/bin/cmake --build /home/sleepy/robp-group7-sleepy/build/robp_phidgets_temperature -- -j8 -l8
[3.852s] [ 50%] [32mBuilding CXX object CMakeFiles/robp_phidgets_temperature.dir/src/temperature.cpp.o[0m
[26.859s] [100%] [32m[1mLinking CXX shared library librobp_phidgets_temperature.so[0m
[27.730s] [100%] Built target robp_phidgets_temperature
[27.785s] Invoked command in '/home/sleepy/robp-group7-sleepy/build/robp_phidgets_temperature' returned '0': CMAKE_PREFIX_PATH=${CMAKE_PREFIX_PATH}:/home/sleepy/robp-group7-sleepy/install/simple_move:/home/sleepy/robp-group7-sleepy/install/core_launch:/home/sleepy/robp-group7-sleepy/install/robp_launch:/home/sleepy/robp-group7-sleepy/install/perception:/home/sleepy/robp-group7-sleepy/install/odometry:/home/sleepy/robp-group7-sleepy/install/navigation:/home/sleepy/robp-group7-sleepy/install/lidar_processing:/home/sleepy/robp-group7-sleepy/install/arm_servos_pubs_subs:/home/sleepy/robp-group7-sleepy/install/arm_control:/opt/ros/jazzy DEBUGINFOD_URLS=https://debuginfod.ubuntu.com /usr/bin/cmake --build /home/sleepy/robp-group7-sleepy/build/robp_phidgets_temperature -- -j8 -l8
[27.786s] Invoking command in '/home/sleepy/robp-group7-sleepy/build/robp_phidgets_temperature': CMAKE_PREFIX_PATH=${CMAKE_PREFIX_PATH}:/home/sleepy/robp-group7-sleepy/install/simple_move:/home/sleepy/robp-group7-sleepy/install/core_launch:/home/sleepy/robp-group7-sleepy/install/robp_launch:/home/sleepy/robp-group7-sleepy/install/perception:/home/sleepy/robp-group7-sleepy/install/odometry:/home/sleepy/robp-group7-sleepy/install/navigation:/home/sleepy/robp-group7-sleepy/install/lidar_processing:/home/sleepy/robp-group7-sleepy/install/arm_servos_pubs_subs:/home/sleepy/robp-group7-sleepy/install/arm_control:/opt/ros/jazzy DEBUGINFOD_URLS=https://debuginfod.ubuntu.com /usr/bin/cmake --install /home/sleepy/robp-group7-sleepy/build/robp_phidgets_temperature
[31.449s] -- Install configuration: "Release"
[31.449s] -- Execute custom install script
[31.449s] -- Symlinking: /home/sleepy/robp-group7-sleepy/install/robp_phidgets_temperature/lib/librobp_phidgets_temperature.so
[31.449s] -- Symlinking: /home/sleepy/robp-group7-sleepy/install/robp_phidgets_temperature/include/robp_phidgets_temperature/temperature.hpp
[31.449s] -- Symlinking: /home/sleepy/robp-group7-sleepy/install/robp_phidgets_temperature/share/robp_phidgets_temperature/launch/temperature_launch.py
[31.449s] -- Symlinking: /home/sleepy/robp-group7-sleepy/install/robp_phidgets_temperature/share/ament_index/resource_index/package_run_dependencies/robp_phidgets_temperature
[31.450s] -- Symlinking: /home/sleepy/robp-group7-sleepy/install/robp_phidgets_temperature/share/ament_index/resource_index/parent_prefix_path/robp_phidgets_temperature
[31.450s] -- Symlinking: /home/sleepy/robp-group7-sleepy/install/robp_phidgets_temperature/share/robp_phidgets_temperature/environment/ament_prefix_path.sh
[31.450s] -- Symlinking: /home/sleepy/robp-group7-sleepy/install/robp_phidgets_temperature/share/robp_phidgets_temperature/environment/ament_prefix_path.dsv
[31.450s] -- Symlinking: /home/sleepy/robp-group7-sleepy/install/robp_phidgets_temperature/share/robp_phidgets_temperature/environment/path.sh
[31.450s] -- Symlinking: /home/sleepy/robp-group7-sleepy/install/robp_phidgets_temperature/share/robp_phidgets_temperature/environment/path.dsv
[31.450s] -- Symlinking: /home/sleepy/robp-group7-sleepy/install/robp_phidgets_temperature/share/robp_phidgets_temperature/local_setup.bash
[31.450s] -- Symlinking: /home/sleepy/robp-group7-sleepy/install/robp_phidgets_temperature/share/robp_phidgets_temperature/local_setup.sh
[31.451s] -- Symlinking: /home/sleepy/robp-group7-sleepy/install/robp_phidgets_temperature/share/robp_phidgets_temperature/local_setup.zsh
[31.451s] -- Symlinking: /home/sleepy/robp-group7-sleepy/install/robp_phidgets_temperature/share/robp_phidgets_temperature/local_setup.dsv
[31.451s] -- Symlinking: /home/sleepy/robp-group7-sleepy/install/robp_phidgets_temperature/share/robp_phidgets_temperature/package.dsv
[31.451s] -- Symlinking: /home/sleepy/robp-group7-sleepy/install/robp_phidgets_temperature/share/ament_index/resource_index/packages/robp_phidgets_temperature
[31.451s] -- Symlinking: /home/sleepy/robp-group7-sleepy/install/robp_phidgets_temperature/share/ament_index/resource_index/rclcpp_components/robp_phidgets_temperature
[31.451s] -- Symlinking: /home/sleepy/robp-group7-sleepy/install/robp_phidgets_temperature/share/robp_phidgets_temperature/cmake/robp_phidgets_temperatureConfig.cmake
[31.451s] -- Symlinking: /home/sleepy/robp-group7-sleepy/install/robp_phidgets_temperature/share/robp_phidgets_temperature/cmake/robp_phidgets_temperatureConfig-version.cmake
[31.456s] -- Symlinking: /home/sleepy/robp-group7-sleepy/install/robp_phidgets_temperature/share/robp_phidgets_temperature/package.xml
[31.463s] Invoked command in '/home/sleepy/robp-group7-sleepy/build/robp_phidgets_temperature' returned '0': CMAKE_PREFIX_PATH=${CMAKE_PREFIX_PATH}:/home/sleepy/robp-group7-sleepy/install/simple_move:/home/sleepy/robp-group7-sleepy/install/core_launch:/home/sleepy/robp-group7-sleepy/install/robp_launch:/home/sleepy/robp-group7-sleepy/install/perception:/home/sleepy/robp-group7-sleepy/install/odometry:/home/sleepy/robp-group7-sleepy/install/navigation:/home/sleepy/robp-group7-sleepy/install/lidar_processing:/home/sleepy/robp-group7-sleepy/install/arm_servos_pubs_subs:/home/sleepy/robp-group7-sleepy/install/arm_control:/opt/ros/jazzy DEBUGINFOD_URLS=https://debuginfod.ubuntu.com /usr/bin/cmake --install /home/sleepy/robp-group7-sleepy/build/robp_phidgets_temperature
