[0.018s] Invoking command in '/home/group-7/dd2419_ws/build/robp_interfaces': CMAKE_PREFIX_PATH=${CMAKE_PREFIX_PATH}:/opt/ros/jazzy DEBUGINFOD_URLS=https://debuginfod.ubuntu.com /usr/bin/cmake --build /home/group-7/dd2419_ws/build/robp_interfaces -- -j16 -l16
[0.197s] [  2%] Built target robp_interfaces__rosidl_generator_type_description
[0.197s] [  2%] Built target ament_cmake_python_symlink_robp_interfaces
[0.197s] [  4%] Built target robp_interfaces__cpp
[0.197s] [ 22%] Built target robp_interfaces__rosidl_generator_c
[0.198s] [ 61%] Built target robp_interfaces__rosidl_typesupport_c
[0.198s] [ 61%] Built target robp_interfaces__rosidl_typesupport_introspection_c
[0.198s] [ 61%] Built target robp_interfaces__rosidl_typesupport_introspection_cpp
[0.198s] [ 61%] Built target robp_interfaces__rosidl_typesupport_cpp
[0.198s] [ 68%] Built target robp_interfaces__rosidl_typesupport_fastrtps_c
[0.198s] [ 77%] Built target robp_interfaces__rosidl_typesupport_fastrtps_cpp
[0.198s] [ 77%] Built target robp_interfaces
[0.198s] [ 79%] Built target robp_interfaces__py
[0.198s] [ 86%] Built target robp_interfaces__rosidl_generator_py
[0.198s] [100%] Built target robp_interfaces_s__rosidl_typesupport_c
[0.198s] [100%] Built target robp_interfaces_s__rosidl_typesupport_fastrtps_c
[0.198s] [100%] Built target robp_interfaces_s__rosidl_typesupport_introspection_c
[0.246s] running egg_info
[0.263s] writing robp_interfaces.egg-info/PKG-INFO
[0.263s] writing dependency_links to robp_interfaces.egg-info/dependency_links.txt
[0.263s] writing top-level names to robp_interfaces.egg-info/top_level.txt
[0.310s] reading manifest file 'robp_interfaces.egg-info/SOURCES.txt'
[0.310s] writing manifest file 'robp_interfaces.egg-info/SOURCES.txt'
[0.335s] [100%] Built target ament_cmake_python_build_robp_interfaces_egg
[0.346s] Invoked command in '/home/group-7/dd2419_ws/build/robp_interfaces' returned '0': CMAKE_PREFIX_PATH=${CMAKE_PREFIX_PATH}:/opt/ros/jazzy DEBUGINFOD_URLS=https://debuginfod.ubuntu.com /usr/bin/cmake --build /home/group-7/dd2419_ws/build/robp_interfaces -- -j16 -l16
[0.347s] Invoking command in '/home/group-7/dd2419_ws/build/robp_interfaces': CMAKE_PREFIX_PATH=${CMAKE_PREFIX_PATH}:/opt/ros/jazzy DEBUGINFOD_URLS=https://debuginfod.ubuntu.com /usr/bin/cmake --install /home/group-7/dd2419_ws/build/robp_interfaces
[0.354s] -- Install configuration: ""
[0.354s] -- Execute custom install script
[0.355s] -- Up-to-date symlink: /home/group-7/dd2419_ws/install/robp_interfaces/share/ament_index/resource_index/rosidl_interfaces/robp_interfaces
[0.355s] -- Up-to-date symlink: /home/group-7/dd2419_ws/install/robp_interfaces/share/robp_interfaces/msg/DutyCycles.json
[0.355s] -- Up-to-date symlink: /home/group-7/dd2419_ws/install/robp_interfaces/share/robp_interfaces/msg/Encoders.json
[0.355s] -- Up-to-date symlink: /home/group-7/dd2419_ws/install/robp_interfaces/include/robp_interfaces/robp_interfaces/msg/detail/duty_cycles__functions.h
[0.355s] -- Up-to-date symlink: /home/group-7/dd2419_ws/install/robp_interfaces/include/robp_interfaces/robp_interfaces/msg/detail/duty_cycles__struct.h
[0.355s] -- Up-to-date symlink: /home/group-7/dd2419_ws/install/robp_interfaces/include/robp_interfaces/robp_interfaces/msg/detail/duty_cycles__type_support.h
[0.356s] -- Up-to-date symlink: /home/group-7/dd2419_ws/install/robp_interfaces/include/robp_interfaces/robp_interfaces/msg/detail/encoders__functions.h
[0.356s] -- Up-to-date symlink: /home/group-7/dd2419_ws/install/robp_interfaces/include/robp_interfaces/robp_interfaces/msg/detail/encoders__struct.h
[0.356s] -- Up-to-date symlink: /home/group-7/dd2419_ws/install/robp_interfaces/include/robp_interfaces/robp_interfaces/msg/detail/encoders__type_support.h
[0.356s] -- Up-to-date symlink: /home/group-7/dd2419_ws/install/robp_interfaces/include/robp_interfaces/robp_interfaces/msg/duty_cycles.h
[0.356s] -- Up-to-date symlink: /home/group-7/dd2419_ws/install/robp_interfaces/include/robp_interfaces/robp_interfaces/msg/encoders.h
[0.356s] -- Up-to-date symlink: /home/group-7/dd2419_ws/install/robp_interfaces/include/robp_interfaces/robp_interfaces/msg/rosidl_generator_c__visibility_control.h
[0.356s] -- Up-to-date symlink: /home/group-7/dd2419_ws/install/robp_interfaces/share/robp_interfaces/environment/library_path.sh
[0.356s] -- Up-to-date symlink: /home/group-7/dd2419_ws/install/robp_interfaces/share/robp_interfaces/environment/library_path.dsv
[0.357s] -- Up-to-date symlink: /home/group-7/dd2419_ws/install/robp_interfaces/include/robp_interfaces/robp_interfaces/msg/detail/duty_cycles__rosidl_typesupport_fastrtps_c.h
[0.357s] -- Up-to-date symlink: /home/group-7/dd2419_ws/install/robp_interfaces/include/robp_interfaces/robp_interfaces/msg/detail/encoders__rosidl_typesupport_fastrtps_c.h
[0.357s] -- Up-to-date symlink: /home/group-7/dd2419_ws/install/robp_interfaces/include/robp_interfaces/robp_interfaces/msg/rosidl_typesupport_fastrtps_c__visibility_control.h
[0.357s] -- Up-to-date symlink: /home/group-7/dd2419_ws/install/robp_interfaces/include/robp_interfaces/robp_interfaces/msg/detail/duty_cycles__rosidl_typesupport_introspection_c.h
[0.357s] -- Up-to-date symlink: /home/group-7/dd2419_ws/install/robp_interfaces/include/robp_interfaces/robp_interfaces/msg/detail/encoders__rosidl_typesupport_introspection_c.h
[0.357s] -- Up-to-date symlink: /home/group-7/dd2419_ws/install/robp_interfaces/include/robp_interfaces/robp_interfaces/msg/rosidl_typesupport_introspection_c__visibility_control.h
[0.357s] -- Up-to-date symlink: /home/group-7/dd2419_ws/install/robp_interfaces/include/robp_interfaces/robp_interfaces/msg/detail/duty_cycles__builder.hpp
[0.358s] -- Up-to-date symlink: /home/group-7/dd2419_ws/install/robp_interfaces/include/robp_interfaces/robp_interfaces/msg/detail/duty_cycles__struct.hpp
[0.358s] -- Up-to-date symlink: /home/group-7/dd2419_ws/install/robp_interfaces/include/robp_interfaces/robp_interfaces/msg/detail/duty_cycles__traits.hpp
[0.358s] -- Up-to-date symlink: /home/group-7/dd2419_ws/install/robp_interfaces/include/robp_interfaces/robp_interfaces/msg/detail/duty_cycles__type_support.hpp
[0.358s] -- Up-to-date symlink: /home/group-7/dd2419_ws/install/robp_interfaces/include/robp_interfaces/robp_interfaces/msg/detail/encoders__builder.hpp
[0.358s] -- Up-to-date symlink: /home/group-7/dd2419_ws/install/robp_interfaces/include/robp_interfaces/robp_interfaces/msg/detail/encoders__struct.hpp
[0.358s] -- Up-to-date symlink: /home/group-7/dd2419_ws/install/robp_interfaces/include/robp_interfaces/robp_interfaces/msg/detail/encoders__traits.hpp
[0.358s] -- Up-to-date symlink: /home/group-7/dd2419_ws/install/robp_interfaces/include/robp_interfaces/robp_interfaces/msg/detail/encoders__type_support.hpp
[0.358s] -- Up-to-date symlink: /home/group-7/dd2419_ws/install/robp_interfaces/include/robp_interfaces/robp_interfaces/msg/duty_cycles.hpp
[0.358s] -- Up-to-date symlink: /home/group-7/dd2419_ws/install/robp_interfaces/include/robp_interfaces/robp_interfaces/msg/encoders.hpp
[0.358s] -- Up-to-date symlink: /home/group-7/dd2419_ws/install/robp_interfaces/include/robp_interfaces/robp_interfaces/msg/rosidl_generator_cpp__visibility_control.hpp
[0.359s] -- Up-to-date symlink: /home/group-7/dd2419_ws/install/robp_interfaces/include/robp_interfaces/robp_interfaces/msg/detail/duty_cycles__rosidl_typesupport_fastrtps_cpp.hpp
[0.359s] -- Up-to-date symlink: /home/group-7/dd2419_ws/install/robp_interfaces/include/robp_interfaces/robp_interfaces/msg/detail/encoders__rosidl_typesupport_fastrtps_cpp.hpp
[0.359s] -- Up-to-date symlink: /home/group-7/dd2419_ws/install/robp_interfaces/include/robp_interfaces/robp_interfaces/msg/rosidl_typesupport_fastrtps_cpp__visibility_control.h
[0.359s] -- Up-to-date symlink: /home/group-7/dd2419_ws/install/robp_interfaces/include/robp_interfaces/robp_interfaces/msg/detail/duty_cycles__rosidl_typesupport_introspection_cpp.hpp
[0.359s] -- Up-to-date symlink: /home/group-7/dd2419_ws/install/robp_interfaces/include/robp_interfaces/robp_interfaces/msg/detail/encoders__rosidl_typesupport_introspection_cpp.hpp
[0.359s] -- Up-to-date symlink: /home/group-7/dd2419_ws/install/robp_interfaces/share/robp_interfaces/environment/pythonpath.sh
[0.359s] -- Up-to-date symlink: /home/group-7/dd2419_ws/install/robp_interfaces/share/robp_interfaces/environment/pythonpath.dsv
[0.360s] -- Up-to-date symlink: /home/group-7/dd2419_ws/install/robp_interfaces/lib/python3.12/site-packages/robp_interfaces-1.0.0-py3.12.egg-info/PKG-INFO
[0.360s] -- Up-to-date symlink: /home/group-7/dd2419_ws/install/robp_interfaces/lib/python3.12/site-packages/robp_interfaces-1.0.0-py3.12.egg-info/SOURCES.txt
[0.360s] -- Up-to-date symlink: /home/group-7/dd2419_ws/install/robp_interfaces/lib/python3.12/site-packages/robp_interfaces-1.0.0-py3.12.egg-info/dependency_links.txt
[0.360s] -- Up-to-date symlink: /home/group-7/dd2419_ws/install/robp_interfaces/lib/python3.12/site-packages/robp_interfaces-1.0.0-py3.12.egg-info/top_level.txt
[0.360s] -- Up-to-date symlink: /home/group-7/dd2419_ws/install/robp_interfaces/lib/python3.12/site-packages/robp_interfaces/__init__.py
[0.360s] -- Up-to-date symlink: /home/group-7/dd2419_ws/install/robp_interfaces/lib/python3.12/site-packages/robp_interfaces/_robp_interfaces_s.ep.rosidl_typesupport_c.c
[0.361s] -- Up-to-date symlink: /home/group-7/dd2419_ws/install/robp_interfaces/lib/python3.12/site-packages/robp_interfaces/_robp_interfaces_s.ep.rosidl_typesupport_fastrtps_c.c
[0.361s] -- Up-to-date symlink: /home/group-7/dd2419_ws/install/robp_interfaces/lib/python3.12/site-packages/robp_interfaces/_robp_interfaces_s.ep.rosidl_typesupport_introspection_c.c
[0.361s] -- Up-to-date symlink: /home/group-7/dd2419_ws/install/robp_interfaces/lib/python3.12/site-packages/robp_interfaces/msg/__init__.py
[0.361s] -- Up-to-date symlink: /home/group-7/dd2419_ws/install/robp_interfaces/lib/python3.12/site-packages/robp_interfaces/msg/_duty_cycles.py
[0.361s] -- Up-to-date symlink: /home/group-7/dd2419_ws/install/robp_interfaces/lib/python3.12/site-packages/robp_interfaces/msg/_duty_cycles_s.c
[0.361s] -- Up-to-date symlink: /home/group-7/dd2419_ws/install/robp_interfaces/lib/python3.12/site-packages/robp_interfaces/msg/_encoders.py
[0.361s] -- Up-to-date symlink: /home/group-7/dd2419_ws/install/robp_interfaces/lib/python3.12/site-packages/robp_interfaces/msg/_encoders_s.c
[0.361s] -- Up-to-date symlink: /home/group-7/dd2419_ws/install/robp_interfaces/lib/python3.12/site-packages/robp_interfaces/robp_interfaces_s__rosidl_typesupport_c.so
[0.361s] -- Up-to-date symlink: /home/group-7/dd2419_ws/install/robp_interfaces/lib/python3.12/site-packages/robp_interfaces/robp_interfaces_s__rosidl_typesupport_fastrtps_c.so
[0.361s] -- Up-to-date symlink: /home/group-7/dd2419_ws/install/robp_interfaces/lib/python3.12/site-packages/robp_interfaces/robp_interfaces_s__rosidl_typesupport_introspection_c.so
[0.361s] -- Up-to-date symlink: /home/group-7/dd2419_ws/install/robp_interfaces/lib/python3.12/site-packages/robp_interfaces/robp_interfaces_s__rosidl_typesupport_fastrtps_c.so
[0.362s] -- Up-to-date symlink: /home/group-7/dd2419_ws/install/robp_interfaces/lib/python3.12/site-packages/robp_interfaces/robp_interfaces_s__rosidl_typesupport_introspection_c.so
[0.362s] -- Up-to-date symlink: /home/group-7/dd2419_ws/install/robp_interfaces/lib/python3.12/site-packages/robp_interfaces/robp_interfaces_s__rosidl_typesupport_c.so
[0.362s] -- Up-to-date symlink: /home/group-7/dd2419_ws/install/robp_interfaces/share/robp_interfaces/msg/DutyCycles.idl
[0.362s] -- Up-to-date symlink: /home/group-7/dd2419_ws/install/robp_interfaces/share/robp_interfaces/msg/Encoders.idl
[0.362s] -- Up-to-date symlink: /home/group-7/dd2419_ws/install/robp_interfaces/share/robp_interfaces/msg/DutyCycles.msg
[0.362s] -- Up-to-date symlink: /home/group-7/dd2419_ws/install/robp_interfaces/share/robp_interfaces/msg/Encoders.msg
[0.362s] -- Up-to-date symlink: /home/group-7/dd2419_ws/install/robp_interfaces/share/ament_index/resource_index/package_run_dependencies/robp_interfaces
[0.363s] -- Up-to-date symlink: /home/group-7/dd2419_ws/install/robp_interfaces/share/ament_index/resource_index/parent_prefix_path/robp_interfaces
[0.363s] -- Up-to-date symlink: /home/group-7/dd2419_ws/install/robp_interfaces/share/robp_interfaces/environment/ament_prefix_path.sh
[0.363s] -- Up-to-date symlink: /home/group-7/dd2419_ws/install/robp_interfaces/share/robp_interfaces/environment/ament_prefix_path.dsv
[0.363s] -- Up-to-date symlink: /home/group-7/dd2419_ws/install/robp_interfaces/share/robp_interfaces/environment/path.sh
[0.363s] -- Up-to-date symlink: /home/group-7/dd2419_ws/install/robp_interfaces/share/robp_interfaces/environment/path.dsv
[0.363s] -- Up-to-date symlink: /home/group-7/dd2419_ws/install/robp_interfaces/share/robp_interfaces/local_setup.bash
[0.363s] -- Up-to-date symlink: /home/group-7/dd2419_ws/install/robp_interfaces/share/robp_interfaces/local_setup.sh
[0.363s] -- Up-to-date symlink: /home/group-7/dd2419_ws/install/robp_interfaces/share/robp_interfaces/local_setup.zsh
[0.363s] -- Up-to-date symlink: /home/group-7/dd2419_ws/install/robp_interfaces/share/robp_interfaces/local_setup.dsv
[0.364s] -- Symlinking: /home/group-7/dd2419_ws/install/robp_interfaces/share/robp_interfaces/package.dsv
[0.371s] -- Up-to-date symlink: /home/group-7/dd2419_ws/install/robp_interfaces/share/ament_index/resource_index/packages/robp_interfaces
[0.371s] -- Up-to-date symlink: /home/group-7/dd2419_ws/install/robp_interfaces/share/robp_interfaces/cmake/rosidl_cmake-extras.cmake
[0.372s] -- Up-to-date symlink: /home/group-7/dd2419_ws/install/robp_interfaces/share/robp_interfaces/cmake/ament_cmake_export_dependencies-extras.cmake
[0.372s] -- Up-to-date symlink: /home/group-7/dd2419_ws/install/robp_interfaces/share/robp_interfaces/cmake/ament_cmake_export_include_directories-extras.cmake
[0.372s] -- Up-to-date symlink: /home/group-7/dd2419_ws/install/robp_interfaces/share/robp_interfaces/cmake/ament_cmake_export_libraries-extras.cmake
[0.372s] -- Up-to-date symlink: /home/group-7/dd2419_ws/install/robp_interfaces/share/robp_interfaces/cmake/ament_cmake_export_targets-extras.cmake
[0.372s] -- Up-to-date symlink: /home/group-7/dd2419_ws/install/robp_interfaces/share/robp_interfaces/cmake/rosidl_cmake_export_typesupport_targets-extras.cmake
[0.372s] -- Up-to-date symlink: /home/group-7/dd2419_ws/install/robp_interfaces/share/robp_interfaces/cmake/rosidl_cmake_export_typesupport_libraries-extras.cmake
[0.372s] -- Up-to-date symlink: /home/group-7/dd2419_ws/install/robp_interfaces/share/robp_interfaces/cmake/robp_interfacesConfig.cmake
[0.372s] -- Up-to-date symlink: /home/group-7/dd2419_ws/install/robp_interfaces/share/robp_interfaces/cmake/robp_interfacesConfig-version.cmake
[0.373s] -- Up-to-date symlink: /home/group-7/dd2419_ws/install/robp_interfaces/share/robp_interfaces/package.xml
[0.373s] -- Up-to-date: /home/group-7/dd2419_ws/install/robp_interfaces/lib/librobp_interfaces__rosidl_generator_c.so
[0.373s] -- Up-to-date: /home/group-7/dd2419_ws/install/robp_interfaces/lib/librobp_interfaces__rosidl_typesupport_fastrtps_c.so
[0.373s] -- Up-to-date: /home/group-7/dd2419_ws/install/robp_interfaces/lib/librobp_interfaces__rosidl_typesupport_introspection_c.so
[0.373s] -- Up-to-date: /home/group-7/dd2419_ws/install/robp_interfaces/lib/librobp_interfaces__rosidl_typesupport_c.so
[0.374s] -- Up-to-date: /home/group-7/dd2419_ws/install/robp_interfaces/lib/librobp_interfaces__rosidl_typesupport_fastrtps_cpp.so
[0.374s] -- Up-to-date: /home/group-7/dd2419_ws/install/robp_interfaces/lib/librobp_interfaces__rosidl_typesupport_introspection_cpp.so
[0.374s] -- Up-to-date: /home/group-7/dd2419_ws/install/robp_interfaces/lib/librobp_interfaces__rosidl_typesupport_cpp.so
[0.402s] Listing '/home/group-7/dd2419_ws/install/robp_interfaces/lib/python3.12/site-packages/robp_interfaces'...
[0.402s] Listing '/home/group-7/dd2419_ws/install/robp_interfaces/lib/python3.12/site-packages/robp_interfaces/msg'...
[0.407s] -- Up-to-date: /home/group-7/dd2419_ws/install/robp_interfaces/lib/librobp_interfaces__rosidl_generator_py.so
[0.407s] -- Up-to-date: /home/group-7/dd2419_ws/install/robp_interfaces/share/robp_interfaces/cmake/export_robp_interfaces__rosidl_generator_cExport.cmake
[0.407s] -- Up-to-date: /home/group-7/dd2419_ws/install/robp_interfaces/share/robp_interfaces/cmake/export_robp_interfaces__rosidl_generator_cExport-noconfig.cmake
[0.407s] -- Up-to-date: /home/group-7/dd2419_ws/install/robp_interfaces/share/robp_interfaces/cmake/export_robp_interfaces__rosidl_typesupport_fastrtps_cExport.cmake
[0.407s] -- Up-to-date: /home/group-7/dd2419_ws/install/robp_interfaces/share/robp_interfaces/cmake/export_robp_interfaces__rosidl_typesupport_fastrtps_cExport-noconfig.cmake
[0.408s] -- Up-to-date: /home/group-7/dd2419_ws/install/robp_interfaces/share/robp_interfaces/cmake/robp_interfaces__rosidl_typesupport_introspection_cExport.cmake
[0.408s] -- Up-to-date: /home/group-7/dd2419_ws/install/robp_interfaces/share/robp_interfaces/cmake/robp_interfaces__rosidl_typesupport_introspection_cExport-noconfig.cmake
[0.408s] -- Up-to-date: /home/group-7/dd2419_ws/install/robp_interfaces/share/robp_interfaces/cmake/robp_interfaces__rosidl_typesupport_cExport.cmake
[0.408s] -- Up-to-date: /home/group-7/dd2419_ws/install/robp_interfaces/share/robp_interfaces/cmake/robp_interfaces__rosidl_typesupport_cExport-noconfig.cmake
[0.408s] -- Up-to-date: /home/group-7/dd2419_ws/install/robp_interfaces/share/robp_interfaces/cmake/export_robp_interfaces__rosidl_generator_cppExport.cmake
[0.408s] -- Up-to-date: /home/group-7/dd2419_ws/install/robp_interfaces/share/robp_interfaces/cmake/export_robp_interfaces__rosidl_typesupport_fastrtps_cppExport.cmake
[0.408s] -- Up-to-date: /home/group-7/dd2419_ws/install/robp_interfaces/share/robp_interfaces/cmake/export_robp_interfaces__rosidl_typesupport_fastrtps_cppExport-noconfig.cmake
[0.408s] -- Up-to-date: /home/group-7/dd2419_ws/install/robp_interfaces/share/robp_interfaces/cmake/robp_interfaces__rosidl_typesupport_introspection_cppExport.cmake
[0.408s] -- Up-to-date: /home/group-7/dd2419_ws/install/robp_interfaces/share/robp_interfaces/cmake/robp_interfaces__rosidl_typesupport_introspection_cppExport-noconfig.cmake
[0.408s] -- Up-to-date: /home/group-7/dd2419_ws/install/robp_interfaces/share/robp_interfaces/cmake/robp_interfaces__rosidl_typesupport_cppExport.cmake
[0.408s] -- Up-to-date: /home/group-7/dd2419_ws/install/robp_interfaces/share/robp_interfaces/cmake/robp_interfaces__rosidl_typesupport_cppExport-noconfig.cmake
[0.408s] -- Up-to-date: /home/group-7/dd2419_ws/install/robp_interfaces/share/robp_interfaces/cmake/export_robp_interfaces__rosidl_generator_pyExport.cmake
[0.409s] -- Up-to-date: /home/group-7/dd2419_ws/install/robp_interfaces/share/robp_interfaces/cmake/export_robp_interfaces__rosidl_generator_pyExport-noconfig.cmake
[0.410s] Invoked command in '/home/group-7/dd2419_ws/build/robp_interfaces' returned '0': CMAKE_PREFIX_PATH=${CMAKE_PREFIX_PATH}:/opt/ros/jazzy DEBUGINFOD_URLS=https://debuginfod.ubuntu.com /usr/bin/cmake --install /home/group-7/dd2419_ws/build/robp_interfaces
