-- Found ament_cmake: 2.5.3 (/opt/ros/jazzy/share/ament_cmake/cmake)
-- Found Python3: /usr/bin/python3 (found version "3.12.3") found components: Interpreter 
-- Override CMake install command with custom implementation using symlinks instead of copying resources
-- Found ament_lint_auto: 0.17.1 (/opt/ros/jazzy/share/ament_lint_auto/cmake)
-- Found rosidl_default_generators: 1.6.0 (/opt/ros/jazzy/share/rosidl_default_generators/cmake)
-- Using all available rosidl_typesupport_c: rosidl_typesupport_fastrtps_c;rosidl_typesupport_introspection_c
-- Using all available rosidl_typesupport_cpp: rosidl_typesupport_fastrtps_cpp;rosidl_typesupport_introspection_cpp
-- Found rosidl_adapter: 4.6.5 (/opt/ros/jazzy/share/rosidl_adapter/cmake)
-- Found geometry_msgs: 5.3.5 (/opt/ros/jazzy/share/geometry_msgs/cmake)
-- Found ament_cmake_ros: 0.12.0 (/opt/ros/jazzy/share/ament_cmake_ros/cmake)
-- Using all available rosidl_typesupport_c: rosidl_typesupport_fastrtps_c;rosidl_typesupport_introspection_c
-- Using all available rosidl_typesupport_cpp: rosidl_typesupport_fastrtps_cpp;rosidl_typesupport_introspection_cpp
-- Found python_cmake_module: 0.11.1 (/opt/ros/jazzy/share/python_cmake_module/cmake)
-- Found Python3: /usr/bin/python3 (found version "3.12.3") found components: Interpreter Development NumPy Development.Module Development.Embed 
-- Added test 'lint_cmake' to check CMake code style
-- Added test 'xmllint' to check XML markup files
-- Configuring done (3.8s)
-- Generating done (0.4s)
-- Build files have been written to: /home/sleepy/robp-group7-sleepy/build/core_interfaces
[  1%] [34m[1mGenerating type hashes for ROS interfaces[0m
[  1%] Built target ament_cmake_python_symlink_core_interfaces
running egg_info
writing core_interfaces.egg-info/PKG-INFO
writing dependency_links to core_interfaces.egg-info/dependency_links.txt
writing top-level names to core_interfaces.egg-info/top_level.txt
[  1%] Built target core_interfaces__rosidl_generator_type_description
reading manifest file 'core_interfaces.egg-info/SOURCES.txt'
writing manifest file 'core_interfaces.egg-info/SOURCES.txt'
[  3%] [34m[1mGenerating C code for ROS interfaces[0m
[  4%] [34m[1mGenerating C++ code for ROS interfaces[0m
[  4%] Built target ament_cmake_python_build_core_interfaces_egg
[  4%] Built target core_interfaces__cpp
[  6%] [32mBuilding C object CMakeFiles/core_interfaces__rosidl_generator_c.dir/rosidl_generator_c/core_interfaces/srv/detail/geofence_compliance__description.c.o[0m
[  7%] [32mBuilding C object CMakeFiles/core_interfaces__rosidl_generator_c.dir/rosidl_generator_c/core_interfaces/action/detail/move_to__functions.c.o[0m
[  9%] [32mBuilding C object CMakeFiles/core_interfaces__rosidl_generator_c.dir/rosidl_generator_c/core_interfaces/srv/detail/geofence_compliance__functions.c.o[0m
[ 10%] [32mBuilding C object CMakeFiles/core_interfaces__rosidl_generator_c.dir/rosidl_generator_c/core_interfaces/action/detail/move_to__type_support.c.o[0m
[ 14%] [32mBuilding C object CMakeFiles/core_interfaces__rosidl_generator_c.dir/rosidl_generator_c/core_interfaces/action/detail/path_planner__description.c.o[0m
[ 15%] [32mBuilding C object CMakeFiles/core_interfaces__rosidl_generator_c.dir/rosidl_generator_c/core_interfaces/action/detail/path_planner__functions.c.o[0m
[ 15%] [32mBuilding C object CMakeFiles/core_interfaces__rosidl_generator_c.dir/rosidl_generator_c/core_interfaces/srv/detail/geofence_compliance__type_support.c.o[0m
[ 17%] [32mBuilding C object CMakeFiles/core_interfaces__rosidl_generator_c.dir/rosidl_generator_c/core_interfaces/action/detail/move_to__description.c.o[0m
[ 18%] [32mBuilding C object CMakeFiles/core_interfaces__rosidl_generator_c.dir/rosidl_generator_c/core_interfaces/action/detail/path_planner__type_support.c.o[0m
[ 20%] [32mBuilding C object CMakeFiles/core_interfaces__rosidl_generator_c.dir/rosidl_generator_c/core_interfaces/msg/detail/detected_msg__description.c.o[0m
[ 21%] [32mBuilding C object CMakeFiles/core_interfaces__rosidl_generator_c.dir/rosidl_generator_c/core_interfaces/msg/detail/detected_msg__functions.c.o[0m
[ 23%] [32mBuilding C object CMakeFiles/core_interfaces__rosidl_generator_c.dir/rosidl_generator_c/core_interfaces/msg/detail/detected_msg__type_support.c.o[0m
[ 25%] [32m[1mLinking C shared library libcore_interfaces__rosidl_generator_c.so[0m
[ 25%] Built target core_interfaces__rosidl_generator_c
[ 26%] [34m[1mGenerating C++ type support dispatch for ROS interfaces[0m
[ 28%] [34m[1mGenerating C type support for eProsima Fast-RTPS[0m
[ 29%] [34m[1mGenerating C introspection for ROS interfaces[0m
[ 31%] [34m[1mGenerating C++ introspection for ROS interfaces[0m
[ 32%] [34m[1mGenerating C type support dispatch for ROS interfaces[0m
[ 34%] [34m[1mGenerating C++ type support for eProsima Fast-RTPS[0m
[ 35%] [32mBuilding CXX object CMakeFiles/core_interfaces__rosidl_typesupport_c.dir/rosidl_typesupport_c/core_interfaces/srv/geofence_compliance__type_support.cpp.o[0m
[ 37%] [32mBuilding CXX object CMakeFiles/core_interfaces__rosidl_typesupport_c.dir/rosidl_typesupport_c/core_interfaces/action/move_to__type_support.cpp.o[0m
[ 39%] [32mBuilding CXX object CMakeFiles/core_interfaces__rosidl_typesupport_c.dir/rosidl_typesupport_c/core_interfaces/action/path_planner__type_support.cpp.o[0m
[ 40%] [32mBuilding CXX object CMakeFiles/core_interfaces__rosidl_typesupport_c.dir/rosidl_typesupport_c/core_interfaces/msg/detected_msg__type_support.cpp.o[0m
[ 42%] [32mBuilding CXX object CMakeFiles/core_interfaces__rosidl_typesupport_cpp.dir/rosidl_typesupport_cpp/core_interfaces/srv/geofence_compliance__type_support.cpp.o[0m
[ 43%] [32mBuilding CXX object CMakeFiles/core_interfaces__rosidl_typesupport_cpp.dir/rosidl_typesupport_cpp/core_interfaces/action/path_planner__type_support.cpp.o[0m
[ 45%] [32mBuilding CXX object CMakeFiles/core_interfaces__rosidl_typesupport_cpp.dir/rosidl_typesupport_cpp/core_interfaces/action/move_to__type_support.cpp.o[0m
[ 46%] [32m[1mLinking CXX shared library libcore_interfaces__rosidl_typesupport_c.so[0m
[ 46%] Built target core_interfaces__rosidl_typesupport_c
[ 48%] [32mBuilding CXX object CMakeFiles/core_interfaces__rosidl_typesupport_cpp.dir/rosidl_typesupport_cpp/core_interfaces/msg/detected_msg__type_support.cpp.o[0m
[ 50%] [32mBuilding CXX object CMakeFiles/core_interfaces__rosidl_typesupport_introspection_cpp.dir/rosidl_typesupport_introspection_cpp/core_interfaces/srv/detail/geofence_compliance__type_support.cpp.o[0m
[ 51%] [32mBuilding C object CMakeFiles/core_interfaces__rosidl_typesupport_introspection_c.dir/rosidl_typesupport_introspection_c/core_interfaces/srv/detail/geofence_compliance__type_support.c.o[0m
[ 53%] [32mBuilding C object CMakeFiles/core_interfaces__rosidl_typesupport_introspection_c.dir/rosidl_typesupport_introspection_c/core_interfaces/action/detail/move_to__type_support.c.o[0m
[ 54%] [32mBuilding CXX object CMakeFiles/core_interfaces__rosidl_typesupport_introspection_cpp.dir/rosidl_typesupport_introspection_cpp/core_interfaces/action/detail/move_to__type_support.cpp.o[0m
[ 56%] [32mBuilding C object CMakeFiles/core_interfaces__rosidl_typesupport_introspection_c.dir/rosidl_typesupport_introspection_c/core_interfaces/action/detail/path_planner__type_support.c.o[0m
[ 57%] [32mBuilding C object CMakeFiles/core_interfaces__rosidl_typesupport_introspection_c.dir/rosidl_typesupport_introspection_c/core_interfaces/msg/detail/detected_msg__type_support.c.o[0m
[ 59%] [32mBuilding CXX object CMakeFiles/core_interfaces__rosidl_typesupport_introspection_cpp.dir/rosidl_typesupport_introspection_cpp/core_interfaces/action/detail/path_planner__type_support.cpp.o[0m
[ 60%] [32m[1mLinking C shared library libcore_interfaces__rosidl_typesupport_introspection_c.so[0m
[ 60%] Built target core_interfaces__rosidl_typesupport_introspection_c
[ 62%] [32mBuilding CXX object CMakeFiles/core_interfaces__rosidl_typesupport_introspection_cpp.dir/rosidl_typesupport_introspection_cpp/core_interfaces/msg/detail/detected_msg__type_support.cpp.o[0m
[ 64%] [32mBuilding CXX object CMakeFiles/core_interfaces__rosidl_typesupport_fastrtps_cpp.dir/rosidl_typesupport_fastrtps_cpp/core_interfaces/srv/detail/dds_fastrtps/geofence_compliance__type_support.cpp.o[0m
[ 65%] [32mBuilding CXX object CMakeFiles/core_interfaces__rosidl_typesupport_fastrtps_cpp.dir/rosidl_typesupport_fastrtps_cpp/core_interfaces/action/detail/dds_fastrtps/move_to__type_support.cpp.o[0m
[ 67%] [32mBuilding CXX object CMakeFiles/core_interfaces__rosidl_typesupport_fastrtps_cpp.dir/rosidl_typesupport_fastrtps_cpp/core_interfaces/action/detail/dds_fastrtps/path_planner__type_support.cpp.o[0m
[ 68%] [32mBuilding CXX object CMakeFiles/core_interfaces__rosidl_typesupport_fastrtps_c.dir/rosidl_typesupport_fastrtps_c/core_interfaces/srv/detail/geofence_compliance__type_support_c.cpp.o[0m
[ 70%] [32m[1mLinking CXX shared library libcore_interfaces__rosidl_typesupport_cpp.so[0m
[ 71%] [32mBuilding CXX object CMakeFiles/core_interfaces__rosidl_typesupport_fastrtps_cpp.dir/rosidl_typesupport_fastrtps_cpp/core_interfaces/msg/detail/dds_fastrtps/detected_msg__type_support.cpp.o[0m
[ 71%] Built target core_interfaces__rosidl_typesupport_cpp
[ 73%] [32mBuilding CXX object CMakeFiles/core_interfaces__rosidl_typesupport_fastrtps_c.dir/rosidl_typesupport_fastrtps_c/core_interfaces/action/detail/move_to__type_support_c.cpp.o[0m
[ 75%] [32mBuilding CXX object CMakeFiles/core_interfaces__rosidl_typesupport_fastrtps_c.dir/rosidl_typesupport_fastrtps_c/core_interfaces/action/detail/path_planner__type_support_c.cpp.o[0m
[ 76%] [32mBuilding CXX object CMakeFiles/core_interfaces__rosidl_typesupport_fastrtps_c.dir/rosidl_typesupport_fastrtps_c/core_interfaces/msg/detail/detected_msg__type_support_c.cpp.o[0m
[ 78%] [32m[1mLinking CXX shared library libcore_interfaces__rosidl_typesupport_introspection_cpp.so[0m
[ 78%] Built target core_interfaces__rosidl_typesupport_introspection_cpp
[ 79%] [32m[1mLinking CXX shared library libcore_interfaces__rosidl_typesupport_fastrtps_cpp.so[0m
[ 81%] [32m[1mLinking CXX shared library libcore_interfaces__rosidl_typesupport_fastrtps_c.so[0m
[ 81%] Built target core_interfaces__rosidl_typesupport_fastrtps_cpp
[ 81%] Built target core_interfaces__rosidl_typesupport_fastrtps_c
[ 81%] Built target core_interfaces
[ 82%] [34m[1mGenerating Python code for ROS interfaces[0m
[ 82%] Built target core_interfaces__py
[ 85%] [32mBuilding C object CMakeFiles/core_interfaces__rosidl_generator_py.dir/rosidl_generator_py/core_interfaces/action/_path_planner_s.c.o[0m
[ 85%] [32mBuilding C object CMakeFiles/core_interfaces__rosidl_generator_py.dir/rosidl_generator_py/core_interfaces/msg/_detected_msg_s.c.o[0m
[ 87%] [32mBuilding C object CMakeFiles/core_interfaces__rosidl_generator_py.dir/rosidl_generator_py/core_interfaces/srv/_geofence_compliance_s.c.o[0m
[ 89%] [32mBuilding C object CMakeFiles/core_interfaces__rosidl_generator_py.dir/rosidl_generator_py/core_interfaces/action/_move_to_s.c.o[0m
[ 90%] [32m[1mLinking C shared library libcore_interfaces__rosidl_generator_py.so[0m
[ 90%] Built target core_interfaces__rosidl_generator_py
[ 92%] [32mBuilding C object CMakeFiles/core_interfaces_s__rosidl_typesupport_fastrtps_c.dir/rosidl_generator_py/core_interfaces/_core_interfaces_s.ep.rosidl_typesupport_fastrtps_c.c.o[0m
[ 93%] [32mBuilding C object CMakeFiles/core_interfaces_s__rosidl_typesupport_c.dir/rosidl_generator_py/core_interfaces/_core_interfaces_s.ep.rosidl_typesupport_c.c.o[0m
[ 95%] [32mBuilding C object CMakeFiles/core_interfaces_s__rosidl_typesupport_introspection_c.dir/rosidl_generator_py/core_interfaces/_core_interfaces_s.ep.rosidl_typesupport_introspection_c.c.o[0m
[ 96%] [32m[1mLinking C shared module rosidl_generator_py/core_interfaces/core_interfaces_s__rosidl_typesupport_fastrtps_c.so[0m
[ 98%] [32m[1mLinking C shared module rosidl_generator_py/core_interfaces/core_interfaces_s__rosidl_typesupport_c.so[0m
[100%] [32m[1mLinking C shared module rosidl_generator_py/core_interfaces/core_interfaces_s__rosidl_typesupport_introspection_c.so[0m
[100%] Built target core_interfaces_s__rosidl_typesupport_fastrtps_c
[100%] Built target core_interfaces_s__rosidl_typesupport_c
[100%] Built target core_interfaces_s__rosidl_typesupport_introspection_c
-- Install configuration: ""
-- Execute custom install script
-- Up-to-date symlink: /home/sleepy/robp-group7-sleepy/install/core_interfaces/share/ament_index/resource_index/rosidl_interfaces/core_interfaces
-- Up-to-date symlink: /home/sleepy/robp-group7-sleepy/install/core_interfaces/share/core_interfaces/srv/GeofenceCompliance.json
-- Up-to-date symlink: /home/sleepy/robp-group7-sleepy/install/core_interfaces/share/core_interfaces/action/MoveTo.json
-- Up-to-date symlink: /home/sleepy/robp-group7-sleepy/install/core_interfaces/share/core_interfaces/action/PathPlanner.json
-- Symlinking: /home/sleepy/robp-group7-sleepy/install/core_interfaces/share/core_interfaces/msg/DetectedMsg.json
-- Up-to-date symlink: /home/sleepy/robp-group7-sleepy/install/core_interfaces/include/core_interfaces/core_interfaces/action/detail/move_to__functions.h
-- Up-to-date symlink: /home/sleepy/robp-group7-sleepy/install/core_interfaces/include/core_interfaces/core_interfaces/action/detail/move_to__struct.h
-- Up-to-date symlink: /home/sleepy/robp-group7-sleepy/install/core_interfaces/include/core_interfaces/core_interfaces/action/detail/move_to__type_support.h
-- Up-to-date symlink: /home/sleepy/robp-group7-sleepy/install/core_interfaces/include/core_interfaces/core_interfaces/action/detail/path_planner__functions.h
-- Up-to-date symlink: /home/sleepy/robp-group7-sleepy/install/core_interfaces/include/core_interfaces/core_interfaces/action/detail/path_planner__struct.h
-- Up-to-date symlink: /home/sleepy/robp-group7-sleepy/install/core_interfaces/include/core_interfaces/core_interfaces/action/detail/path_planner__type_support.h
-- Up-to-date symlink: /home/sleepy/robp-group7-sleepy/install/core_interfaces/include/core_interfaces/core_interfaces/action/move_to.h
-- Up-to-date symlink: /home/sleepy/robp-group7-sleepy/install/core_interfaces/include/core_interfaces/core_interfaces/action/path_planner.h
-- Symlinking: /home/sleepy/robp-group7-sleepy/install/core_interfaces/include/core_interfaces/core_interfaces/msg/detail/detected_msg__functions.h
-- Symlinking: /home/sleepy/robp-group7-sleepy/install/core_interfaces/include/core_interfaces/core_interfaces/msg/detail/detected_msg__struct.h
-- Symlinking: /home/sleepy/robp-group7-sleepy/install/core_interfaces/include/core_interfaces/core_interfaces/msg/detail/detected_msg__type_support.h
-- Symlinking: /home/sleepy/robp-group7-sleepy/install/core_interfaces/include/core_interfaces/core_interfaces/msg/detected_msg.h
-- Up-to-date symlink: /home/sleepy/robp-group7-sleepy/install/core_interfaces/include/core_interfaces/core_interfaces/msg/rosidl_generator_c__visibility_control.h
-- Up-to-date symlink: /home/sleepy/robp-group7-sleepy/install/core_interfaces/include/core_interfaces/core_interfaces/srv/detail/geofence_compliance__functions.h
-- Up-to-date symlink: /home/sleepy/robp-group7-sleepy/install/core_interfaces/include/core_interfaces/core_interfaces/srv/detail/geofence_compliance__struct.h
-- Up-to-date symlink: /home/sleepy/robp-group7-sleepy/install/core_interfaces/include/core_interfaces/core_interfaces/srv/detail/geofence_compliance__type_support.h
-- Up-to-date symlink: /home/sleepy/robp-group7-sleepy/install/core_interfaces/include/core_interfaces/core_interfaces/srv/geofence_compliance.h
-- Up-to-date symlink: /home/sleepy/robp-group7-sleepy/install/core_interfaces/share/core_interfaces/environment/library_path.sh
-- Up-to-date symlink: /home/sleepy/robp-group7-sleepy/install/core_interfaces/share/core_interfaces/environment/library_path.dsv
-- Up-to-date symlink: /home/sleepy/robp-group7-sleepy/install/core_interfaces/include/core_interfaces/core_interfaces/action/detail/move_to__rosidl_typesupport_fastrtps_c.h
-- Up-to-date symlink: /home/sleepy/robp-group7-sleepy/install/core_interfaces/include/core_interfaces/core_interfaces/action/detail/path_planner__rosidl_typesupport_fastrtps_c.h
-- Symlinking: /home/sleepy/robp-group7-sleepy/install/core_interfaces/include/core_interfaces/core_interfaces/msg/detail/detected_msg__rosidl_typesupport_fastrtps_c.h
-- Up-to-date symlink: /home/sleepy/robp-group7-sleepy/install/core_interfaces/include/core_interfaces/core_interfaces/msg/rosidl_typesupport_fastrtps_c__visibility_control.h
-- Up-to-date symlink: /home/sleepy/robp-group7-sleepy/install/core_interfaces/include/core_interfaces/core_interfaces/srv/detail/geofence_compliance__rosidl_typesupport_fastrtps_c.h
-- Up-to-date symlink: /home/sleepy/robp-group7-sleepy/install/core_interfaces/include/core_interfaces/core_interfaces/action/detail/move_to__rosidl_typesupport_introspection_c.h
-- Up-to-date symlink: /home/sleepy/robp-group7-sleepy/install/core_interfaces/include/core_interfaces/core_interfaces/action/detail/path_planner__rosidl_typesupport_introspection_c.h
-- Symlinking: /home/sleepy/robp-group7-sleepy/install/core_interfaces/include/core_interfaces/core_interfaces/msg/detail/detected_msg__rosidl_typesupport_introspection_c.h
-- Up-to-date symlink: /home/sleepy/robp-group7-sleepy/install/core_interfaces/include/core_interfaces/core_interfaces/msg/rosidl_typesupport_introspection_c__visibility_control.h
-- Up-to-date symlink: /home/sleepy/robp-group7-sleepy/install/core_interfaces/include/core_interfaces/core_interfaces/srv/detail/geofence_compliance__rosidl_typesupport_introspection_c.h
-- Up-to-date symlink: /home/sleepy/robp-group7-sleepy/install/core_interfaces/include/core_interfaces/core_interfaces/action/detail/move_to__builder.hpp
-- Up-to-date symlink: /home/sleepy/robp-group7-sleepy/install/core_interfaces/include/core_interfaces/core_interfaces/action/detail/move_to__struct.hpp
-- Up-to-date symlink: /home/sleepy/robp-group7-sleepy/install/core_interfaces/include/core_interfaces/core_interfaces/action/detail/move_to__traits.hpp
-- Up-to-date symlink: /home/sleepy/robp-group7-sleepy/install/core_interfaces/include/core_interfaces/core_interfaces/action/detail/move_to__type_support.hpp
-- Up-to-date symlink: /home/sleepy/robp-group7-sleepy/install/core_interfaces/include/core_interfaces/core_interfaces/action/detail/path_planner__builder.hpp
-- Up-to-date symlink: /home/sleepy/robp-group7-sleepy/install/core_interfaces/include/core_interfaces/core_interfaces/action/detail/path_planner__struct.hpp
-- Up-to-date symlink: /home/sleepy/robp-group7-sleepy/install/core_interfaces/include/core_interfaces/core_interfaces/action/detail/path_planner__traits.hpp
-- Up-to-date symlink: /home/sleepy/robp-group7-sleepy/install/core_interfaces/include/core_interfaces/core_interfaces/action/detail/path_planner__type_support.hpp
-- Up-to-date symlink: /home/sleepy/robp-group7-sleepy/install/core_interfaces/include/core_interfaces/core_interfaces/action/move_to.hpp
-- Up-to-date symlink: /home/sleepy/robp-group7-sleepy/install/core_interfaces/include/core_interfaces/core_interfaces/action/path_planner.hpp
-- Symlinking: /home/sleepy/robp-group7-sleepy/install/core_interfaces/include/core_interfaces/core_interfaces/msg/detail/detected_msg__builder.hpp
-- Symlinking: /home/sleepy/robp-group7-sleepy/install/core_interfaces/include/core_interfaces/core_interfaces/msg/detail/detected_msg__struct.hpp
-- Symlinking: /home/sleepy/robp-group7-sleepy/install/core_interfaces/include/core_interfaces/core_interfaces/msg/detail/detected_msg__traits.hpp
-- Symlinking: /home/sleepy/robp-group7-sleepy/install/core_interfaces/include/core_interfaces/core_interfaces/msg/detail/detected_msg__type_support.hpp
-- Symlinking: /home/sleepy/robp-group7-sleepy/install/core_interfaces/include/core_interfaces/core_interfaces/msg/detected_msg.hpp
-- Up-to-date symlink: /home/sleepy/robp-group7-sleepy/install/core_interfaces/include/core_interfaces/core_interfaces/msg/rosidl_generator_cpp__visibility_control.hpp
-- Up-to-date symlink: /home/sleepy/robp-group7-sleepy/install/core_interfaces/include/core_interfaces/core_interfaces/srv/detail/geofence_compliance__builder.hpp
-- Up-to-date symlink: /home/sleepy/robp-group7-sleepy/install/core_interfaces/include/core_interfaces/core_interfaces/srv/detail/geofence_compliance__struct.hpp
-- Up-to-date symlink: /home/sleepy/robp-group7-sleepy/install/core_interfaces/include/core_interfaces/core_interfaces/srv/detail/geofence_compliance__traits.hpp
-- Up-to-date symlink: /home/sleepy/robp-group7-sleepy/install/core_interfaces/include/core_interfaces/core_interfaces/srv/detail/geofence_compliance__type_support.hpp
-- Up-to-date symlink: /home/sleepy/robp-group7-sleepy/install/core_interfaces/include/core_interfaces/core_interfaces/srv/geofence_compliance.hpp
-- Up-to-date symlink: /home/sleepy/robp-group7-sleepy/install/core_interfaces/include/core_interfaces/core_interfaces/action/detail/move_to__rosidl_typesupport_fastrtps_cpp.hpp
-- Up-to-date symlink: /home/sleepy/robp-group7-sleepy/install/core_interfaces/include/core_interfaces/core_interfaces/action/detail/path_planner__rosidl_typesupport_fastrtps_cpp.hpp
-- Symlinking: /home/sleepy/robp-group7-sleepy/install/core_interfaces/include/core_interfaces/core_interfaces/msg/detail/detected_msg__rosidl_typesupport_fastrtps_cpp.hpp
-- Up-to-date symlink: /home/sleepy/robp-group7-sleepy/install/core_interfaces/include/core_interfaces/core_interfaces/msg/rosidl_typesupport_fastrtps_cpp__visibility_control.h
-- Up-to-date symlink: /home/sleepy/robp-group7-sleepy/install/core_interfaces/include/core_interfaces/core_interfaces/srv/detail/geofence_compliance__rosidl_typesupport_fastrtps_cpp.hpp
-- Up-to-date symlink: /home/sleepy/robp-group7-sleepy/install/core_interfaces/include/core_interfaces/core_interfaces/action/detail/move_to__rosidl_typesupport_introspection_cpp.hpp
-- Up-to-date symlink: /home/sleepy/robp-group7-sleepy/install/core_interfaces/include/core_interfaces/core_interfaces/action/detail/path_planner__rosidl_typesupport_introspection_cpp.hpp
-- Symlinking: /home/sleepy/robp-group7-sleepy/install/core_interfaces/include/core_interfaces/core_interfaces/msg/detail/detected_msg__rosidl_typesupport_introspection_cpp.hpp
-- Up-to-date symlink: /home/sleepy/robp-group7-sleepy/install/core_interfaces/include/core_interfaces/core_interfaces/srv/detail/geofence_compliance__rosidl_typesupport_introspection_cpp.hpp
-- Up-to-date symlink: /home/sleepy/robp-group7-sleepy/install/core_interfaces/share/core_interfaces/environment/pythonpath.sh
-- Up-to-date symlink: /home/sleepy/robp-group7-sleepy/install/core_interfaces/share/core_interfaces/environment/pythonpath.dsv
-- Up-to-date symlink: /home/sleepy/robp-group7-sleepy/install/core_interfaces/lib/python3.12/site-packages/core_interfaces-0.0.0-py3.12.egg-info/PKG-INFO
-- Up-to-date symlink: /home/sleepy/robp-group7-sleepy/install/core_interfaces/lib/python3.12/site-packages/core_interfaces-0.0.0-py3.12.egg-info/SOURCES.txt
-- Up-to-date symlink: /home/sleepy/robp-group7-sleepy/install/core_interfaces/lib/python3.12/site-packages/core_interfaces-0.0.0-py3.12.egg-info/dependency_links.txt
-- Up-to-date symlink: /home/sleepy/robp-group7-sleepy/install/core_interfaces/lib/python3.12/site-packages/core_interfaces-0.0.0-py3.12.egg-info/top_level.txt
-- Up-to-date symlink: /home/sleepy/robp-group7-sleepy/install/core_interfaces/lib/python3.12/site-packages/core_interfaces/__init__.py
-- Up-to-date symlink: /home/sleepy/robp-group7-sleepy/install/core_interfaces/lib/python3.12/site-packages/core_interfaces/_core_interfaces_s.ep.rosidl_typesupport_c.c
-- Up-to-date symlink: /home/sleepy/robp-group7-sleepy/install/core_interfaces/lib/python3.12/site-packages/core_interfaces/_core_interfaces_s.ep.rosidl_typesupport_fastrtps_c.c
-- Up-to-date symlink: /home/sleepy/robp-group7-sleepy/install/core_interfaces/lib/python3.12/site-packages/core_interfaces/_core_interfaces_s.ep.rosidl_typesupport_introspection_c.c
-- Up-to-date symlink: /home/sleepy/robp-group7-sleepy/install/core_interfaces/lib/python3.12/site-packages/core_interfaces/action/__init__.py
-- Up-to-date symlink: /home/sleepy/robp-group7-sleepy/install/core_interfaces/lib/python3.12/site-packages/core_interfaces/action/_move_to.py
-- Up-to-date symlink: /home/sleepy/robp-group7-sleepy/install/core_interfaces/lib/python3.12/site-packages/core_interfaces/action/_move_to_s.c
-- Up-to-date symlink: /home/sleepy/robp-group7-sleepy/install/core_interfaces/lib/python3.12/site-packages/core_interfaces/action/_path_planner.py
-- Up-to-date symlink: /home/sleepy/robp-group7-sleepy/install/core_interfaces/lib/python3.12/site-packages/core_interfaces/action/_path_planner_s.c
-- Up-to-date symlink: /home/sleepy/robp-group7-sleepy/install/core_interfaces/lib/python3.12/site-packages/core_interfaces/core_interfaces_s__rosidl_typesupport_c.so
-- Up-to-date symlink: /home/sleepy/robp-group7-sleepy/install/core_interfaces/lib/python3.12/site-packages/core_interfaces/core_interfaces_s__rosidl_typesupport_fastrtps_c.so
-- Up-to-date symlink: /home/sleepy/robp-group7-sleepy/install/core_interfaces/lib/python3.12/site-packages/core_interfaces/core_interfaces_s__rosidl_typesupport_introspection_c.so
-- Symlinking: /home/sleepy/robp-group7-sleepy/install/core_interfaces/lib/python3.12/site-packages/core_interfaces/msg/__init__.py
-- Symlinking: /home/sleepy/robp-group7-sleepy/install/core_interfaces/lib/python3.12/site-packages/core_interfaces/msg/_detected_msg.py
-- Symlinking: /home/sleepy/robp-group7-sleepy/install/core_interfaces/lib/python3.12/site-packages/core_interfaces/msg/_detected_msg_s.c
-- Up-to-date symlink: /home/sleepy/robp-group7-sleepy/install/core_interfaces/lib/python3.12/site-packages/core_interfaces/srv/__init__.py
-- Up-to-date symlink: /home/sleepy/robp-group7-sleepy/install/core_interfaces/lib/python3.12/site-packages/core_interfaces/srv/_geofence_compliance.py
-- Up-to-date symlink: /home/sleepy/robp-group7-sleepy/install/core_interfaces/lib/python3.12/site-packages/core_interfaces/srv/_geofence_compliance_s.c
-- Up-to-date symlink: /home/sleepy/robp-group7-sleepy/install/core_interfaces/lib/python3.12/site-packages/core_interfaces/core_interfaces_s__rosidl_typesupport_fastrtps_c.so
-- Up-to-date symlink: /home/sleepy/robp-group7-sleepy/install/core_interfaces/lib/python3.12/site-packages/core_interfaces/core_interfaces_s__rosidl_typesupport_introspection_c.so
-- Up-to-date symlink: /home/sleepy/robp-group7-sleepy/install/core_interfaces/lib/python3.12/site-packages/core_interfaces/core_interfaces_s__rosidl_typesupport_c.so
-- Up-to-date symlink: /home/sleepy/robp-group7-sleepy/install/core_interfaces/share/core_interfaces/srv/GeofenceCompliance.idl
-- Up-to-date symlink: /home/sleepy/robp-group7-sleepy/install/core_interfaces/share/core_interfaces/action/MoveTo.idl
-- Up-to-date symlink: /home/sleepy/robp-group7-sleepy/install/core_interfaces/share/core_interfaces/action/PathPlanner.idl
-- Symlinking: /home/sleepy/robp-group7-sleepy/install/core_interfaces/share/core_interfaces/msg/DetectedMsg.idl
-- Up-to-date symlink: /home/sleepy/robp-group7-sleepy/install/core_interfaces/share/core_interfaces/srv/GeofenceCompliance.srv
-- Up-to-date symlink: /home/sleepy/robp-group7-sleepy/install/core_interfaces/share/core_interfaces/action/MoveTo.action
-- Up-to-date symlink: /home/sleepy/robp-group7-sleepy/install/core_interfaces/share/core_interfaces/action/PathPlanner.action
-- Symlinking: /home/sleepy/robp-group7-sleepy/install/core_interfaces/share/core_interfaces/msg/DetectedMsg.msg
-- Up-to-date symlink: /home/sleepy/robp-group7-sleepy/install/core_interfaces/share/ament_index/resource_index/package_run_dependencies/core_interfaces
-- Up-to-date symlink: /home/sleepy/robp-group7-sleepy/install/core_interfaces/share/ament_index/resource_index/parent_prefix_path/core_interfaces
-- Up-to-date symlink: /home/sleepy/robp-group7-sleepy/install/core_interfaces/share/core_interfaces/environment/ament_prefix_path.sh
-- Up-to-date symlink: /home/sleepy/robp-group7-sleepy/install/core_interfaces/share/core_interfaces/environment/ament_prefix_path.dsv
-- Up-to-date symlink: /home/sleepy/robp-group7-sleepy/install/core_interfaces/share/core_interfaces/environment/path.sh
-- Up-to-date symlink: /home/sleepy/robp-group7-sleepy/install/core_interfaces/share/core_interfaces/environment/path.dsv
-- Up-to-date symlink: /home/sleepy/robp-group7-sleepy/install/core_interfaces/share/core_interfaces/local_setup.bash
-- Up-to-date symlink: /home/sleepy/robp-group7-sleepy/install/core_interfaces/share/core_interfaces/local_setup.sh
-- Up-to-date symlink: /home/sleepy/robp-group7-sleepy/install/core_interfaces/share/core_interfaces/local_setup.zsh
-- Up-to-date symlink: /home/sleepy/robp-group7-sleepy/install/core_interfaces/share/core_interfaces/local_setup.dsv
-- Symlinking: /home/sleepy/robp-group7-sleepy/install/core_interfaces/share/core_interfaces/package.dsv
-- Up-to-date symlink: /home/sleepy/robp-group7-sleepy/install/core_interfaces/share/ament_index/resource_index/packages/core_interfaces
-- Up-to-date symlink: /home/sleepy/robp-group7-sleepy/install/core_interfaces/share/core_interfaces/cmake/rosidl_cmake-extras.cmake
-- Up-to-date symlink: /home/sleepy/robp-group7-sleepy/install/core_interfaces/share/core_interfaces/cmake/ament_cmake_export_dependencies-extras.cmake
-- Up-to-date symlink: /home/sleepy/robp-group7-sleepy/install/core_interfaces/share/core_interfaces/cmake/ament_cmake_export_include_directories-extras.cmake
-- Up-to-date symlink: /home/sleepy/robp-group7-sleepy/install/core_interfaces/share/core_interfaces/cmake/ament_cmake_export_libraries-extras.cmake
-- Up-to-date symlink: /home/sleepy/robp-group7-sleepy/install/core_interfaces/share/core_interfaces/cmake/ament_cmake_export_targets-extras.cmake
-- Up-to-date symlink: /home/sleepy/robp-group7-sleepy/install/core_interfaces/share/core_interfaces/cmake/rosidl_cmake_export_typesupport_targets-extras.cmake
-- Up-to-date symlink: /home/sleepy/robp-group7-sleepy/install/core_interfaces/share/core_interfaces/cmake/rosidl_cmake_export_typesupport_libraries-extras.cmake
-- Up-to-date symlink: /home/sleepy/robp-group7-sleepy/install/core_interfaces/share/core_interfaces/cmake/core_interfacesConfig.cmake
-- Up-to-date symlink: /home/sleepy/robp-group7-sleepy/install/core_interfaces/share/core_interfaces/cmake/core_interfacesConfig-version.cmake
-- Up-to-date symlink: /home/sleepy/robp-group7-sleepy/install/core_interfaces/share/core_interfaces/package.xml
-- Installing: /home/sleepy/robp-group7-sleepy/install/core_interfaces/lib/libcore_interfaces__rosidl_generator_c.so
-- Set non-toolchain portion of runtime path of "/home/sleepy/robp-group7-sleepy/install/core_interfaces/lib/libcore_interfaces__rosidl_generator_c.so" to ""
-- Installing: /home/sleepy/robp-group7-sleepy/install/core_interfaces/lib/libcore_interfaces__rosidl_typesupport_fastrtps_c.so
-- Set non-toolchain portion of runtime path of "/home/sleepy/robp-group7-sleepy/install/core_interfaces/lib/libcore_interfaces__rosidl_typesupport_fastrtps_c.so" to ""
-- Installing: /home/sleepy/robp-group7-sleepy/install/core_interfaces/lib/libcore_interfaces__rosidl_typesupport_introspection_c.so
-- Set non-toolchain portion of runtime path of "/home/sleepy/robp-group7-sleepy/install/core_interfaces/lib/libcore_interfaces__rosidl_typesupport_introspection_c.so" to ""
-- Installing: /home/sleepy/robp-group7-sleepy/install/core_interfaces/lib/libcore_interfaces__rosidl_typesupport_c.so
-- Set non-toolchain portion of runtime path of "/home/sleepy/robp-group7-sleepy/install/core_interfaces/lib/libcore_interfaces__rosidl_typesupport_c.so" to ""
-- Installing: /home/sleepy/robp-group7-sleepy/install/core_interfaces/lib/libcore_interfaces__rosidl_typesupport_fastrtps_cpp.so
-- Set non-toolchain portion of runtime path of "/home/sleepy/robp-group7-sleepy/install/core_interfaces/lib/libcore_interfaces__rosidl_typesupport_fastrtps_cpp.so" to ""
-- Installing: /home/sleepy/robp-group7-sleepy/install/core_interfaces/lib/libcore_interfaces__rosidl_typesupport_introspection_cpp.so
-- Set non-toolchain portion of runtime path of "/home/sleepy/robp-group7-sleepy/install/core_interfaces/lib/libcore_interfaces__rosidl_typesupport_introspection_cpp.so" to ""
-- Installing: /home/sleepy/robp-group7-sleepy/install/core_interfaces/lib/libcore_interfaces__rosidl_typesupport_cpp.so
-- Set non-toolchain portion of runtime path of "/home/sleepy/robp-group7-sleepy/install/core_interfaces/lib/libcore_interfaces__rosidl_typesupport_cpp.so" to ""
Listing '/home/sleepy/robp-group7-sleepy/install/core_interfaces/lib/python3.12/site-packages/core_interfaces'...
Compiling '/home/sleepy/robp-group7-sleepy/install/core_interfaces/lib/python3.12/site-packages/core_interfaces/__init__.py'...
Listing '/home/sleepy/robp-group7-sleepy/install/core_interfaces/lib/python3.12/site-packages/core_interfaces/action'...
Compiling '/home/sleepy/robp-group7-sleepy/install/core_interfaces/lib/python3.12/site-packages/core_interfaces/action/__init__.py'...
Compiling '/home/sleepy/robp-group7-sleepy/install/core_interfaces/lib/python3.12/site-packages/core_interfaces/action/_move_to.py'...
Compiling '/home/sleepy/robp-group7-sleepy/install/core_interfaces/lib/python3.12/site-packages/core_interfaces/action/_path_planner.py'...
Listing '/home/sleepy/robp-group7-sleepy/install/core_interfaces/lib/python3.12/site-packages/core_interfaces/msg'...
Compiling '/home/sleepy/robp-group7-sleepy/install/core_interfaces/lib/python3.12/site-packages/core_interfaces/msg/__init__.py'...
Compiling '/home/sleepy/robp-group7-sleepy/install/core_interfaces/lib/python3.12/site-packages/core_interfaces/msg/_detected_msg.py'...
Listing '/home/sleepy/robp-group7-sleepy/install/core_interfaces/lib/python3.12/site-packages/core_interfaces/srv'...
Compiling '/home/sleepy/robp-group7-sleepy/install/core_interfaces/lib/python3.12/site-packages/core_interfaces/srv/__init__.py'...
Compiling '/home/sleepy/robp-group7-sleepy/install/core_interfaces/lib/python3.12/site-packages/core_interfaces/srv/_geofence_compliance.py'...
-- Installing: /home/sleepy/robp-group7-sleepy/install/core_interfaces/lib/libcore_interfaces__rosidl_generator_py.so
-- Set non-toolchain portion of runtime path of "/home/sleepy/robp-group7-sleepy/install/core_interfaces/lib/libcore_interfaces__rosidl_generator_py.so" to ""
-- Old export file "/home/sleepy/robp-group7-sleepy/install/core_interfaces/share/core_interfaces/cmake/export_core_interfaces__rosidl_generator_cExport.cmake" will be replaced.  Removing files [/home/sleepy/robp-group7-sleepy/install/core_interfaces/share/core_interfaces/cmake/export_core_interfaces__rosidl_generator_cExport-noconfig.cmake].
-- Installing: /home/sleepy/robp-group7-sleepy/install/core_interfaces/share/core_interfaces/cmake/export_core_interfaces__rosidl_generator_cExport.cmake
-- Installing: /home/sleepy/robp-group7-sleepy/install/core_interfaces/share/core_interfaces/cmake/export_core_interfaces__rosidl_generator_cExport-noconfig.cmake
-- Old export file "/home/sleepy/robp-group7-sleepy/install/core_interfaces/share/core_interfaces/cmake/export_core_interfaces__rosidl_typesupport_fastrtps_cExport.cmake" will be replaced.  Removing files [/home/sleepy/robp-group7-sleepy/install/core_interfaces/share/core_interfaces/cmake/export_core_interfaces__rosidl_typesupport_fastrtps_cExport-noconfig.cmake].
-- Installing: /home/sleepy/robp-group7-sleepy/install/core_interfaces/share/core_interfaces/cmake/export_core_interfaces__rosidl_typesupport_fastrtps_cExport.cmake
-- Installing: /home/sleepy/robp-group7-sleepy/install/core_interfaces/share/core_interfaces/cmake/export_core_interfaces__rosidl_typesupport_fastrtps_cExport-noconfig.cmake
-- Old export file "/home/sleepy/robp-group7-sleepy/install/core_interfaces/share/core_interfaces/cmake/core_interfaces__rosidl_typesupport_introspection_cExport.cmake" will be replaced.  Removing files [/home/sleepy/robp-group7-sleepy/install/core_interfaces/share/core_interfaces/cmake/core_interfaces__rosidl_typesupport_introspection_cExport-noconfig.cmake].
-- Installing: /home/sleepy/robp-group7-sleepy/install/core_interfaces/share/core_interfaces/cmake/core_interfaces__rosidl_typesupport_introspection_cExport.cmake
-- Installing: /home/sleepy/robp-group7-sleepy/install/core_interfaces/share/core_interfaces/cmake/core_interfaces__rosidl_typesupport_introspection_cExport-noconfig.cmake
-- Old export file "/home/sleepy/robp-group7-sleepy/install/core_interfaces/share/core_interfaces/cmake/core_interfaces__rosidl_typesupport_cExport.cmake" will be replaced.  Removing files [/home/sleepy/robp-group7-sleepy/install/core_interfaces/share/core_interfaces/cmake/core_interfaces__rosidl_typesupport_cExport-noconfig.cmake].
-- Installing: /home/sleepy/robp-group7-sleepy/install/core_interfaces/share/core_interfaces/cmake/core_interfaces__rosidl_typesupport_cExport.cmake
-- Installing: /home/sleepy/robp-group7-sleepy/install/core_interfaces/share/core_interfaces/cmake/core_interfaces__rosidl_typesupport_cExport-noconfig.cmake
-- Installing: /home/sleepy/robp-group7-sleepy/install/core_interfaces/share/core_interfaces/cmake/export_core_interfaces__rosidl_generator_cppExport.cmake
-- Old export file "/home/sleepy/robp-group7-sleepy/install/core_interfaces/share/core_interfaces/cmake/export_core_interfaces__rosidl_typesupport_fastrtps_cppExport.cmake" will be replaced.  Removing files [/home/sleepy/robp-group7-sleepy/install/core_interfaces/share/core_interfaces/cmake/export_core_interfaces__rosidl_typesupport_fastrtps_cppExport-noconfig.cmake].
-- Installing: /home/sleepy/robp-group7-sleepy/install/core_interfaces/share/core_interfaces/cmake/export_core_interfaces__rosidl_typesupport_fastrtps_cppExport.cmake
-- Installing: /home/sleepy/robp-group7-sleepy/install/core_interfaces/share/core_interfaces/cmake/export_core_interfaces__rosidl_typesupport_fastrtps_cppExport-noconfig.cmake
-- Old export file "/home/sleepy/robp-group7-sleepy/install/core_interfaces/share/core_interfaces/cmake/core_interfaces__rosidl_typesupport_introspection_cppExport.cmake" will be replaced.  Removing files [/home/sleepy/robp-group7-sleepy/install/core_interfaces/share/core_interfaces/cmake/core_interfaces__rosidl_typesupport_introspection_cppExport-noconfig.cmake].
-- Installing: /home/sleepy/robp-group7-sleepy/install/core_interfaces/share/core_interfaces/cmake/core_interfaces__rosidl_typesupport_introspection_cppExport.cmake
-- Installing: /home/sleepy/robp-group7-sleepy/install/core_interfaces/share/core_interfaces/cmake/core_interfaces__rosidl_typesupport_introspection_cppExport-noconfig.cmake
-- Old export file "/home/sleepy/robp-group7-sleepy/install/core_interfaces/share/core_interfaces/cmake/core_interfaces__rosidl_typesupport_cppExport.cmake" will be replaced.  Removing files [/home/sleepy/robp-group7-sleepy/install/core_interfaces/share/core_interfaces/cmake/core_interfaces__rosidl_typesupport_cppExport-noconfig.cmake].
-- Installing: /home/sleepy/robp-group7-sleepy/install/core_interfaces/share/core_interfaces/cmake/core_interfaces__rosidl_typesupport_cppExport.cmake
-- Installing: /home/sleepy/robp-group7-sleepy/install/core_interfaces/share/core_interfaces/cmake/core_interfaces__rosidl_typesupport_cppExport-noconfig.cmake
-- Up-to-date: /home/sleepy/robp-group7-sleepy/install/core_interfaces/share/core_interfaces/cmake/export_core_interfaces__rosidl_generator_pyExport.cmake
-- Installing: /home/sleepy/robp-group7-sleepy/install/core_interfaces/share/core_interfaces/cmake/export_core_interfaces__rosidl_generator_pyExport-noconfig.cmake
