[1.263s] Invoking command in '/home/sleepy/robp-group7-sleepy/build/drive_base_msgs': CMAKE_PREFIX_PATH=${CMAKE_PREFIX_PATH}:/home/sleepy/robp-group7-sleepy/install/simple_move:/home/sleepy/robp-group7-sleepy/install/core_launch:/home/sleepy/robp-group7-sleepy/install/robp_launch:/home/sleepy/robp-group7-sleepy/install/perception:/home/sleepy/robp-group7-sleepy/install/odometry:/home/sleepy/robp-group7-sleepy/install/navigation:/home/sleepy/robp-group7-sleepy/install/lidar_processing:/home/sleepy/robp-group7-sleepy/install/arm_servos_pubs_subs:/home/sleepy/robp-group7-sleepy/install/arm_control:/opt/ros/jazzy DEBUGINFOD_URLS=https://debuginfod.ubuntu.com /usr/bin/cmake --build /home/sleepy/robp-group7-sleepy/build/drive_base_msgs -- -j8 -l8
[1.521s] [  0%] Built target ament_cmake_python_symlink_drive_base_msgs
[1.522s] [  1%] Built target drive_base_msgs__rosidl_generator_type_description
[1.533s] [  3%] Built target drive_base_msgs__cpp
[1.621s] [ 25%] Built target drive_base_msgs__rosidl_generator_c
[1.722s] [ 34%] Built target drive_base_msgs__rosidl_typesupport_cpp
[1.722s] [ 43%] Built target drive_base_msgs__rosidl_typesupport_introspection_cpp
[1.728s] [ 53%] Built target drive_base_msgs__rosidl_typesupport_introspection_c
[1.738s] [ 62%] Built target drive_base_msgs__rosidl_typesupport_fastrtps_cpp
[1.747s] [ 76%] Built target drive_base_msgs__rosidl_typesupport_c
[1.753s] [ 81%] Built target drive_base_msgs__rosidl_typesupport_fastrtps_c
[1.827s] [ 81%] Built target drive_base_msgs
[1.880s] [ 82%] Built target drive_base_msgs__py
[1.928s] [ 90%] Built target drive_base_msgs__rosidl_generator_py
[2.026s] [ 93%] Built target drive_base_msgs_s__rosidl_typesupport_introspection_c
[2.036s] [ 96%] Built target drive_base_msgs_s__rosidl_typesupport_fastrtps_c
[2.044s] [100%] Built target drive_base_msgs_s__rosidl_typesupport_c
[2.331s] running egg_info
[2.402s] writing drive_base_msgs.egg-info/PKG-INFO
[2.404s] writing dependency_links to drive_base_msgs.egg-info/dependency_links.txt
[2.406s] writing top-level names to drive_base_msgs.egg-info/top_level.txt
[2.582s] reading manifest file 'drive_base_msgs.egg-info/SOURCES.txt'
[2.585s] writing manifest file 'drive_base_msgs.egg-info/SOURCES.txt'
[2.651s] [100%] Built target ament_cmake_python_build_drive_base_msgs_egg
[2.795s] Invoked command in '/home/sleepy/robp-group7-sleepy/build/drive_base_msgs' returned '0': CMAKE_PREFIX_PATH=${CMAKE_PREFIX_PATH}:/home/sleepy/robp-group7-sleepy/install/simple_move:/home/sleepy/robp-group7-sleepy/install/core_launch:/home/sleepy/robp-group7-sleepy/install/robp_launch:/home/sleepy/robp-group7-sleepy/install/perception:/home/sleepy/robp-group7-sleepy/install/odometry:/home/sleepy/robp-group7-sleepy/install/navigation:/home/sleepy/robp-group7-sleepy/install/lidar_processing:/home/sleepy/robp-group7-sleepy/install/arm_servos_pubs_subs:/home/sleepy/robp-group7-sleepy/install/arm_control:/opt/ros/jazzy DEBUGINFOD_URLS=https://debuginfod.ubuntu.com /usr/bin/cmake --build /home/sleepy/robp-group7-sleepy/build/drive_base_msgs -- -j8 -l8
[2.799s] Invoking command in '/home/sleepy/robp-group7-sleepy/build/drive_base_msgs': CMAKE_PREFIX_PATH=${CMAKE_PREFIX_PATH}:/home/sleepy/robp-group7-sleepy/install/simple_move:/home/sleepy/robp-group7-sleepy/install/core_launch:/home/sleepy/robp-group7-sleepy/install/robp_launch:/home/sleepy/robp-group7-sleepy/install/perception:/home/sleepy/robp-group7-sleepy/install/odometry:/home/sleepy/robp-group7-sleepy/install/navigation:/home/sleepy/robp-group7-sleepy/install/lidar_processing:/home/sleepy/robp-group7-sleepy/install/arm_servos_pubs_subs:/home/sleepy/robp-group7-sleepy/install/arm_control:/opt/ros/jazzy DEBUGINFOD_URLS=https://debuginfod.ubuntu.com /usr/bin/cmake --install /home/sleepy/robp-group7-sleepy/build/drive_base_msgs
[2.830s] -- Install configuration: ""
[2.836s] -- Execute custom install script
[2.836s] -- Up-to-date symlink: /home/sleepy/robp-group7-sleepy/install/drive_base_msgs/share/ament_index/resource_index/rosidl_interfaces/drive_base_msgs
[2.844s] -- Up-to-date symlink: /home/sleepy/robp-group7-sleepy/install/drive_base_msgs/share/drive_base_msgs/msg/CommandHeader.json
[2.844s] -- Up-to-date symlink: /home/sleepy/robp-group7-sleepy/install/drive_base_msgs/share/drive_base_msgs/msg/BaseInfo.json
[2.844s] -- Up-to-date symlink: /home/sleepy/robp-group7-sleepy/install/drive_base_msgs/share/drive_base_msgs/msg/CommandStatus.json
[2.844s] -- Up-to-date symlink: /home/sleepy/robp-group7-sleepy/install/drive_base_msgs/share/drive_base_msgs/msg/TRVCommand.json
[2.845s] -- Up-to-date symlink: /home/sleepy/robp-group7-sleepy/install/drive_base_msgs/include/drive_base_msgs/drive_base_msgs/msg/base_info.h
[2.845s] -- Up-to-date symlink: /home/sleepy/robp-group7-sleepy/install/drive_base_msgs/include/drive_base_msgs/drive_base_msgs/msg/command_header.h
[2.845s] -- Up-to-date symlink: /home/sleepy/robp-group7-sleepy/install/drive_base_msgs/include/drive_base_msgs/drive_base_msgs/msg/command_status.h
[2.845s] -- Up-to-date symlink: /home/sleepy/robp-group7-sleepy/install/drive_base_msgs/include/drive_base_msgs/drive_base_msgs/msg/detail/base_info__functions.h
[2.845s] -- Up-to-date symlink: /home/sleepy/robp-group7-sleepy/install/drive_base_msgs/include/drive_base_msgs/drive_base_msgs/msg/detail/base_info__struct.h
[2.846s] -- Up-to-date symlink: /home/sleepy/robp-group7-sleepy/install/drive_base_msgs/include/drive_base_msgs/drive_base_msgs/msg/detail/base_info__type_support.h
[2.846s] -- Up-to-date symlink: /home/sleepy/robp-group7-sleepy/install/drive_base_msgs/include/drive_base_msgs/drive_base_msgs/msg/detail/command_header__functions.h
[2.846s] -- Up-to-date symlink: /home/sleepy/robp-group7-sleepy/install/drive_base_msgs/include/drive_base_msgs/drive_base_msgs/msg/detail/command_header__struct.h
[2.855s] -- Up-to-date symlink: /home/sleepy/robp-group7-sleepy/install/drive_base_msgs/include/drive_base_msgs/drive_base_msgs/msg/detail/command_header__type_support.h
[2.856s] -- Up-to-date symlink: /home/sleepy/robp-group7-sleepy/install/drive_base_msgs/include/drive_base_msgs/drive_base_msgs/msg/detail/command_status__functions.h
[2.857s] -- Up-to-date symlink: /home/sleepy/robp-group7-sleepy/install/drive_base_msgs/include/drive_base_msgs/drive_base_msgs/msg/detail/command_status__struct.h
[2.858s] -- Up-to-date symlink: /home/sleepy/robp-group7-sleepy/install/drive_base_msgs/include/drive_base_msgs/drive_base_msgs/msg/detail/command_status__type_support.h
[2.858s] -- Up-to-date symlink: /home/sleepy/robp-group7-sleepy/install/drive_base_msgs/include/drive_base_msgs/drive_base_msgs/msg/detail/trv_command__functions.h
[2.858s] -- Up-to-date symlink: /home/sleepy/robp-group7-sleepy/install/drive_base_msgs/include/drive_base_msgs/drive_base_msgs/msg/detail/trv_command__struct.h
[2.858s] -- Up-to-date symlink: /home/sleepy/robp-group7-sleepy/install/drive_base_msgs/include/drive_base_msgs/drive_base_msgs/msg/detail/trv_command__type_support.h
[2.864s] -- Up-to-date symlink: /home/sleepy/robp-group7-sleepy/install/drive_base_msgs/include/drive_base_msgs/drive_base_msgs/msg/rosidl_generator_c__visibility_control.h
[2.864s] -- Up-to-date symlink: /home/sleepy/robp-group7-sleepy/install/drive_base_msgs/include/drive_base_msgs/drive_base_msgs/msg/trv_command.h
[2.864s] -- Up-to-date symlink: /home/sleepy/robp-group7-sleepy/install/drive_base_msgs/share/drive_base_msgs/environment/library_path.sh
[2.864s] -- Up-to-date symlink: /home/sleepy/robp-group7-sleepy/install/drive_base_msgs/share/drive_base_msgs/environment/library_path.dsv
[2.864s] -- Up-to-date symlink: /home/sleepy/robp-group7-sleepy/install/drive_base_msgs/include/drive_base_msgs/drive_base_msgs/msg/detail/base_info__rosidl_typesupport_fastrtps_c.h
[2.865s] -- Up-to-date symlink: /home/sleepy/robp-group7-sleepy/install/drive_base_msgs/include/drive_base_msgs/drive_base_msgs/msg/detail/command_header__rosidl_typesupport_fastrtps_c.h
[2.865s] -- Up-to-date symlink: /home/sleepy/robp-group7-sleepy/install/drive_base_msgs/include/drive_base_msgs/drive_base_msgs/msg/detail/command_status__rosidl_typesupport_fastrtps_c.h
[2.865s] -- Up-to-date symlink: /home/sleepy/robp-group7-sleepy/install/drive_base_msgs/include/drive_base_msgs/drive_base_msgs/msg/detail/trv_command__rosidl_typesupport_fastrtps_c.h
[2.865s] -- Up-to-date symlink: /home/sleepy/robp-group7-sleepy/install/drive_base_msgs/include/drive_base_msgs/drive_base_msgs/msg/rosidl_typesupport_fastrtps_c__visibility_control.h
[2.865s] -- Up-to-date symlink: /home/sleepy/robp-group7-sleepy/install/drive_base_msgs/include/drive_base_msgs/drive_base_msgs/msg/base_info.hpp
[2.876s] -- Up-to-date symlink: /home/sleepy/robp-group7-sleepy/install/drive_base_msgs/include/drive_base_msgs/drive_base_msgs/msg/command_header.hpp
[2.876s] -- Up-to-date symlink: /home/sleepy/robp-group7-sleepy/install/drive_base_msgs/include/drive_base_msgs/drive_base_msgs/msg/command_status.hpp
[2.876s] -- Up-to-date symlink: /home/sleepy/robp-group7-sleepy/install/drive_base_msgs/include/drive_base_msgs/drive_base_msgs/msg/detail/base_info__builder.hpp
[2.876s] -- Up-to-date symlink: /home/sleepy/robp-group7-sleepy/install/drive_base_msgs/include/drive_base_msgs/drive_base_msgs/msg/detail/base_info__struct.hpp
[2.876s] -- Up-to-date symlink: /home/sleepy/robp-group7-sleepy/install/drive_base_msgs/include/drive_base_msgs/drive_base_msgs/msg/detail/base_info__traits.hpp
[2.877s] -- Up-to-date symlink: /home/sleepy/robp-group7-sleepy/install/drive_base_msgs/include/drive_base_msgs/drive_base_msgs/msg/detail/base_info__type_support.hpp
[2.877s] -- Up-to-date symlink: /home/sleepy/robp-group7-sleepy/install/drive_base_msgs/include/drive_base_msgs/drive_base_msgs/msg/detail/command_header__builder.hpp
[2.877s] -- Up-to-date symlink: /home/sleepy/robp-group7-sleepy/install/drive_base_msgs/include/drive_base_msgs/drive_base_msgs/msg/detail/command_header__struct.hpp
[2.877s] -- Up-to-date symlink: /home/sleepy/robp-group7-sleepy/install/drive_base_msgs/include/drive_base_msgs/drive_base_msgs/msg/detail/command_header__traits.hpp
[2.877s] -- Up-to-date symlink: /home/sleepy/robp-group7-sleepy/install/drive_base_msgs/include/drive_base_msgs/drive_base_msgs/msg/detail/command_header__type_support.hpp
[2.877s] -- Up-to-date symlink: /home/sleepy/robp-group7-sleepy/install/drive_base_msgs/include/drive_base_msgs/drive_base_msgs/msg/detail/command_status__builder.hpp
[2.878s] -- Up-to-date symlink: /home/sleepy/robp-group7-sleepy/install/drive_base_msgs/include/drive_base_msgs/drive_base_msgs/msg/detail/command_status__struct.hpp
[2.883s] -- Up-to-date symlink: /home/sleepy/robp-group7-sleepy/install/drive_base_msgs/include/drive_base_msgs/drive_base_msgs/msg/detail/command_status__traits.hpp
[2.884s] -- Up-to-date symlink: /home/sleepy/robp-group7-sleepy/install/drive_base_msgs/include/drive_base_msgs/drive_base_msgs/msg/detail/command_status__type_support.hpp
[2.884s] -- Up-to-date symlink: /home/sleepy/robp-group7-sleepy/install/drive_base_msgs/include/drive_base_msgs/drive_base_msgs/msg/detail/trv_command__builder.hpp
[2.891s] -- Up-to-date symlink: /home/sleepy/robp-group7-sleepy/install/drive_base_msgs/include/drive_base_msgs/drive_base_msgs/msg/detail/trv_command__struct.hpp
[2.892s] -- Up-to-date symlink: /home/sleepy/robp-group7-sleepy/install/drive_base_msgs/include/drive_base_msgs/drive_base_msgs/msg/detail/trv_command__traits.hpp
[2.892s] -- Up-to-date symlink: /home/sleepy/robp-group7-sleepy/install/drive_base_msgs/include/drive_base_msgs/drive_base_msgs/msg/detail/trv_command__type_support.hpp
[2.893s] -- Up-to-date symlink: /home/sleepy/robp-group7-sleepy/install/drive_base_msgs/include/drive_base_msgs/drive_base_msgs/msg/rosidl_generator_cpp__visibility_control.hpp
[2.893s] -- Up-to-date symlink: /home/sleepy/robp-group7-sleepy/install/drive_base_msgs/include/drive_base_msgs/drive_base_msgs/msg/trv_command.hpp
[2.898s] -- Up-to-date symlink: /home/sleepy/robp-group7-sleepy/install/drive_base_msgs/include/drive_base_msgs/drive_base_msgs/msg/detail/base_info__rosidl_typesupport_fastrtps_cpp.hpp
[2.900s] -- Up-to-date symlink: /home/sleepy/robp-group7-sleepy/install/drive_base_msgs/include/drive_base_msgs/drive_base_msgs/msg/detail/command_header__rosidl_typesupport_fastrtps_cpp.hpp
[2.900s] -- Up-to-date symlink: /home/sleepy/robp-group7-sleepy/install/drive_base_msgs/include/drive_base_msgs/drive_base_msgs/msg/detail/command_status__rosidl_typesupport_fastrtps_cpp.hpp
[2.901s] -- Up-to-date symlink: /home/sleepy/robp-group7-sleepy/install/drive_base_msgs/include/drive_base_msgs/drive_base_msgs/msg/detail/trv_command__rosidl_typesupport_fastrtps_cpp.hpp
[2.901s] -- Up-to-date symlink: /home/sleepy/robp-group7-sleepy/install/drive_base_msgs/include/drive_base_msgs/drive_base_msgs/msg/rosidl_typesupport_fastrtps_cpp__visibility_control.h
[2.903s] -- Up-to-date symlink: /home/sleepy/robp-group7-sleepy/install/drive_base_msgs/include/drive_base_msgs/drive_base_msgs/msg/detail/base_info__rosidl_typesupport_introspection_c.h
[2.903s] -- Up-to-date symlink: /home/sleepy/robp-group7-sleepy/install/drive_base_msgs/include/drive_base_msgs/drive_base_msgs/msg/detail/command_header__rosidl_typesupport_introspection_c.h
[2.903s] -- Up-to-date symlink: /home/sleepy/robp-group7-sleepy/install/drive_base_msgs/include/drive_base_msgs/drive_base_msgs/msg/detail/command_status__rosidl_typesupport_introspection_c.h
[2.903s] -- Up-to-date symlink: /home/sleepy/robp-group7-sleepy/install/drive_base_msgs/include/drive_base_msgs/drive_base_msgs/msg/detail/trv_command__rosidl_typesupport_introspection_c.h
[2.904s] -- Up-to-date symlink: /home/sleepy/robp-group7-sleepy/install/drive_base_msgs/include/drive_base_msgs/drive_base_msgs/msg/rosidl_typesupport_introspection_c__visibility_control.h
[2.904s] -- Up-to-date symlink: /home/sleepy/robp-group7-sleepy/install/drive_base_msgs/include/drive_base_msgs/drive_base_msgs/msg/detail/base_info__rosidl_typesupport_introspection_cpp.hpp
[2.904s] -- Up-to-date symlink: /home/sleepy/robp-group7-sleepy/install/drive_base_msgs/include/drive_base_msgs/drive_base_msgs/msg/detail/command_header__rosidl_typesupport_introspection_cpp.hpp
[2.904s] -- Up-to-date symlink: /home/sleepy/robp-group7-sleepy/install/drive_base_msgs/include/drive_base_msgs/drive_base_msgs/msg/detail/command_status__rosidl_typesupport_introspection_cpp.hpp
[2.908s] -- Up-to-date symlink: /home/sleepy/robp-group7-sleepy/install/drive_base_msgs/include/drive_base_msgs/drive_base_msgs/msg/detail/trv_command__rosidl_typesupport_introspection_cpp.hpp
[2.908s] -- Up-to-date symlink: /home/sleepy/robp-group7-sleepy/install/drive_base_msgs/share/drive_base_msgs/environment/pythonpath.sh
[2.909s] -- Up-to-date symlink: /home/sleepy/robp-group7-sleepy/install/drive_base_msgs/share/drive_base_msgs/environment/pythonpath.dsv
[2.910s] -- Up-to-date symlink: /home/sleepy/robp-group7-sleepy/install/drive_base_msgs/lib/python3.12/site-packages/drive_base_msgs-0.0.0-py3.12.egg-info/PKG-INFO
[2.911s] -- Up-to-date symlink: /home/sleepy/robp-group7-sleepy/install/drive_base_msgs/lib/python3.12/site-packages/drive_base_msgs-0.0.0-py3.12.egg-info/SOURCES.txt
[2.914s] -- Up-to-date symlink: /home/sleepy/robp-group7-sleepy/install/drive_base_msgs/lib/python3.12/site-packages/drive_base_msgs-0.0.0-py3.12.egg-info/dependency_links.txt
[2.914s] -- Up-to-date symlink: /home/sleepy/robp-group7-sleepy/install/drive_base_msgs/lib/python3.12/site-packages/drive_base_msgs-0.0.0-py3.12.egg-info/top_level.txt
[2.914s] -- Up-to-date symlink: /home/sleepy/robp-group7-sleepy/install/drive_base_msgs/lib/python3.12/site-packages/drive_base_msgs/__init__.py
[2.916s] -- Up-to-date symlink: /home/sleepy/robp-group7-sleepy/install/drive_base_msgs/lib/python3.12/site-packages/drive_base_msgs/_drive_base_msgs_s.ep.rosidl_typesupport_c.c
[2.917s] -- Up-to-date symlink: /home/sleepy/robp-group7-sleepy/install/drive_base_msgs/lib/python3.12/site-packages/drive_base_msgs/_drive_base_msgs_s.ep.rosidl_typesupport_fastrtps_c.c
[2.917s] -- Up-to-date symlink: /home/sleepy/robp-group7-sleepy/install/drive_base_msgs/lib/python3.12/site-packages/drive_base_msgs/_drive_base_msgs_s.ep.rosidl_typesupport_introspection_c.c
[2.917s] -- Up-to-date symlink: /home/sleepy/robp-group7-sleepy/install/drive_base_msgs/lib/python3.12/site-packages/drive_base_msgs/drive_base_msgs_s__rosidl_typesupport_c.so
[2.917s] -- Up-to-date symlink: /home/sleepy/robp-group7-sleepy/install/drive_base_msgs/lib/python3.12/site-packages/drive_base_msgs/drive_base_msgs_s__rosidl_typesupport_fastrtps_c.so
[2.917s] -- Up-to-date symlink: /home/sleepy/robp-group7-sleepy/install/drive_base_msgs/lib/python3.12/site-packages/drive_base_msgs/drive_base_msgs_s__rosidl_typesupport_introspection_c.so
[2.917s] -- Up-to-date symlink: /home/sleepy/robp-group7-sleepy/install/drive_base_msgs/lib/python3.12/site-packages/drive_base_msgs/msg/__init__.py
[2.917s] -- Up-to-date symlink: /home/sleepy/robp-group7-sleepy/install/drive_base_msgs/lib/python3.12/site-packages/drive_base_msgs/msg/_base_info.py
[2.920s] -- Up-to-date symlink: /home/sleepy/robp-group7-sleepy/install/drive_base_msgs/lib/python3.12/site-packages/drive_base_msgs/msg/_base_info_s.c
[2.921s] -- Up-to-date symlink: /home/sleepy/robp-group7-sleepy/install/drive_base_msgs/lib/python3.12/site-packages/drive_base_msgs/msg/_command_header.py
[2.921s] -- Up-to-date symlink: /home/sleepy/robp-group7-sleepy/install/drive_base_msgs/lib/python3.12/site-packages/drive_base_msgs/msg/_command_header_s.c
[2.921s] -- Up-to-date symlink: /home/sleepy/robp-group7-sleepy/install/drive_base_msgs/lib/python3.12/site-packages/drive_base_msgs/msg/_command_status.py
[2.921s] -- Up-to-date symlink: /home/sleepy/robp-group7-sleepy/install/drive_base_msgs/lib/python3.12/site-packages/drive_base_msgs/msg/_command_status_s.c
[2.921s] -- Up-to-date symlink: /home/sleepy/robp-group7-sleepy/install/drive_base_msgs/lib/python3.12/site-packages/drive_base_msgs/msg/_trv_command.py
[2.921s] -- Up-to-date symlink: /home/sleepy/robp-group7-sleepy/install/drive_base_msgs/lib/python3.12/site-packages/drive_base_msgs/msg/_trv_command_s.c
[2.921s] -- Up-to-date symlink: /home/sleepy/robp-group7-sleepy/install/drive_base_msgs/lib/python3.12/site-packages/drive_base_msgs/drive_base_msgs_s__rosidl_typesupport_fastrtps_c.so
[2.922s] -- Up-to-date symlink: /home/sleepy/robp-group7-sleepy/install/drive_base_msgs/lib/python3.12/site-packages/drive_base_msgs/drive_base_msgs_s__rosidl_typesupport_introspection_c.so
[2.925s] -- Up-to-date symlink: /home/sleepy/robp-group7-sleepy/install/drive_base_msgs/lib/python3.12/site-packages/drive_base_msgs/drive_base_msgs_s__rosidl_typesupport_c.so
[2.925s] -- Up-to-date symlink: /home/sleepy/robp-group7-sleepy/install/drive_base_msgs/share/drive_base_msgs/msg/CommandHeader.idl
[2.925s] -- Up-to-date symlink: /home/sleepy/robp-group7-sleepy/install/drive_base_msgs/share/drive_base_msgs/msg/BaseInfo.idl
[2.928s] -- Up-to-date symlink: /home/sleepy/robp-group7-sleepy/install/drive_base_msgs/share/drive_base_msgs/msg/CommandStatus.idl
[2.928s] -- Up-to-date symlink: /home/sleepy/robp-group7-sleepy/install/drive_base_msgs/share/drive_base_msgs/msg/TRVCommand.idl
[2.928s] -- Up-to-date symlink: /home/sleepy/robp-group7-sleepy/install/drive_base_msgs/share/drive_base_msgs/msg/CommandHeader.msg
[2.929s] -- Up-to-date symlink: /home/sleepy/robp-group7-sleepy/install/drive_base_msgs/share/drive_base_msgs/msg/BaseInfo.msg
[2.931s] -- Up-to-date symlink: /home/sleepy/robp-group7-sleepy/install/drive_base_msgs/share/drive_base_msgs/msg/CommandStatus.msg
[2.931s] -- Up-to-date symlink: /home/sleepy/robp-group7-sleepy/install/drive_base_msgs/share/drive_base_msgs/msg/TRVCommand.msg
[2.934s] -- Up-to-date symlink: /home/sleepy/robp-group7-sleepy/install/drive_base_msgs/share/ament_index/resource_index/package_run_dependencies/drive_base_msgs
[2.934s] -- Up-to-date symlink: /home/sleepy/robp-group7-sleepy/install/drive_base_msgs/share/ament_index/resource_index/parent_prefix_path/drive_base_msgs
[2.934s] -- Up-to-date symlink: /home/sleepy/robp-group7-sleepy/install/drive_base_msgs/share/drive_base_msgs/environment/ament_prefix_path.sh
[2.937s] -- Up-to-date symlink: /home/sleepy/robp-group7-sleepy/install/drive_base_msgs/share/drive_base_msgs/environment/ament_prefix_path.dsv
[2.937s] -- Up-to-date symlink: /home/sleepy/robp-group7-sleepy/install/drive_base_msgs/share/drive_base_msgs/environment/path.sh
[2.937s] -- Up-to-date symlink: /home/sleepy/robp-group7-sleepy/install/drive_base_msgs/share/drive_base_msgs/environment/path.dsv
[2.940s] -- Up-to-date symlink: /home/sleepy/robp-group7-sleepy/install/drive_base_msgs/share/drive_base_msgs/local_setup.bash
[2.940s] -- Up-to-date symlink: /home/sleepy/robp-group7-sleepy/install/drive_base_msgs/share/drive_base_msgs/local_setup.sh
[2.941s] -- Up-to-date symlink: /home/sleepy/robp-group7-sleepy/install/drive_base_msgs/share/drive_base_msgs/local_setup.zsh
[2.941s] -- Up-to-date symlink: /home/sleepy/robp-group7-sleepy/install/drive_base_msgs/share/drive_base_msgs/local_setup.dsv
[2.941s] -- Symlinking: /home/sleepy/robp-group7-sleepy/install/drive_base_msgs/share/drive_base_msgs/package.dsv
[2.975s] -- Up-to-date symlink: /home/sleepy/robp-group7-sleepy/install/drive_base_msgs/share/ament_index/resource_index/packages/drive_base_msgs
[2.975s] -- Up-to-date symlink: /home/sleepy/robp-group7-sleepy/install/drive_base_msgs/share/drive_base_msgs/cmake/rosidl_cmake-extras.cmake
[2.975s] -- Up-to-date symlink: /home/sleepy/robp-group7-sleepy/install/drive_base_msgs/share/drive_base_msgs/cmake/ament_cmake_export_dependencies-extras.cmake
[2.975s] -- Up-to-date symlink: /home/sleepy/robp-group7-sleepy/install/drive_base_msgs/share/drive_base_msgs/cmake/ament_cmake_export_include_directories-extras.cmake
[2.975s] -- Up-to-date symlink: /home/sleepy/robp-group7-sleepy/install/drive_base_msgs/share/drive_base_msgs/cmake/ament_cmake_export_libraries-extras.cmake
[2.976s] -- Up-to-date symlink: /home/sleepy/robp-group7-sleepy/install/drive_base_msgs/share/drive_base_msgs/cmake/ament_cmake_export_targets-extras.cmake
[2.976s] -- Up-to-date symlink: /home/sleepy/robp-group7-sleepy/install/drive_base_msgs/share/drive_base_msgs/cmake/rosidl_cmake_export_typesupport_targets-extras.cmake
[2.976s] -- Up-to-date symlink: /home/sleepy/robp-group7-sleepy/install/drive_base_msgs/share/drive_base_msgs/cmake/rosidl_cmake_export_typesupport_libraries-extras.cmake
[2.976s] -- Up-to-date symlink: /home/sleepy/robp-group7-sleepy/install/drive_base_msgs/share/drive_base_msgs/cmake/drive_base_msgsConfig.cmake
[2.976s] -- Up-to-date symlink: /home/sleepy/robp-group7-sleepy/install/drive_base_msgs/share/drive_base_msgs/cmake/drive_base_msgsConfig-version.cmake
[2.976s] -- Up-to-date symlink: /home/sleepy/robp-group7-sleepy/install/drive_base_msgs/share/drive_base_msgs/package.xml
[2.976s] -- Up-to-date: /home/sleepy/robp-group7-sleepy/install/drive_base_msgs/lib/libdrive_base_msgs__rosidl_generator_c.so
[2.977s] -- Up-to-date: /home/sleepy/robp-group7-sleepy/install/drive_base_msgs/lib/libdrive_base_msgs__rosidl_typesupport_fastrtps_c.so
[2.977s] -- Up-to-date: /home/sleepy/robp-group7-sleepy/install/drive_base_msgs/lib/libdrive_base_msgs__rosidl_typesupport_fastrtps_cpp.so
[2.977s] -- Up-to-date: /home/sleepy/robp-group7-sleepy/install/drive_base_msgs/lib/libdrive_base_msgs__rosidl_typesupport_introspection_c.so
[2.981s] -- Up-to-date: /home/sleepy/robp-group7-sleepy/install/drive_base_msgs/lib/libdrive_base_msgs__rosidl_typesupport_c.so
[2.982s] -- Up-to-date: /home/sleepy/robp-group7-sleepy/install/drive_base_msgs/lib/libdrive_base_msgs__rosidl_typesupport_introspection_cpp.so
[2.983s] -- Up-to-date: /home/sleepy/robp-group7-sleepy/install/drive_base_msgs/lib/libdrive_base_msgs__rosidl_typesupport_cpp.so
[3.154s] Listing '/home/sleepy/robp-group7-sleepy/install/drive_base_msgs/lib/python3.12/site-packages/drive_base_msgs'...
[3.154s] Listing '/home/sleepy/robp-group7-sleepy/install/drive_base_msgs/lib/python3.12/site-packages/drive_base_msgs/msg'...
[3.195s] -- Up-to-date: /home/sleepy/robp-group7-sleepy/install/drive_base_msgs/lib/libdrive_base_msgs__rosidl_generator_py.so
[3.195s] -- Up-to-date: /home/sleepy/robp-group7-sleepy/install/drive_base_msgs/share/drive_base_msgs/cmake/export_drive_base_msgs__rosidl_generator_cExport.cmake
[3.196s] -- Up-to-date: /home/sleepy/robp-group7-sleepy/install/drive_base_msgs/share/drive_base_msgs/cmake/export_drive_base_msgs__rosidl_generator_cExport-noconfig.cmake
[3.196s] -- Up-to-date: /home/sleepy/robp-group7-sleepy/install/drive_base_msgs/share/drive_base_msgs/cmake/export_drive_base_msgs__rosidl_typesupport_fastrtps_cExport.cmake
[3.197s] -- Up-to-date: /home/sleepy/robp-group7-sleepy/install/drive_base_msgs/share/drive_base_msgs/cmake/export_drive_base_msgs__rosidl_typesupport_fastrtps_cExport-noconfig.cmake
[3.198s] -- Up-to-date: /home/sleepy/robp-group7-sleepy/install/drive_base_msgs/share/drive_base_msgs/cmake/export_drive_base_msgs__rosidl_generator_cppExport.cmake
[3.198s] -- Up-to-date: /home/sleepy/robp-group7-sleepy/install/drive_base_msgs/share/drive_base_msgs/cmake/export_drive_base_msgs__rosidl_typesupport_fastrtps_cppExport.cmake
[3.199s] -- Up-to-date: /home/sleepy/robp-group7-sleepy/install/drive_base_msgs/share/drive_base_msgs/cmake/export_drive_base_msgs__rosidl_typesupport_fastrtps_cppExport-noconfig.cmake
[3.199s] -- Up-to-date: /home/sleepy/robp-group7-sleepy/install/drive_base_msgs/share/drive_base_msgs/cmake/drive_base_msgs__rosidl_typesupport_introspection_cExport.cmake
[3.205s] -- Up-to-date: /home/sleepy/robp-group7-sleepy/install/drive_base_msgs/share/drive_base_msgs/cmake/drive_base_msgs__rosidl_typesupport_introspection_cExport-noconfig.cmake
[3.206s] -- Up-to-date: /home/sleepy/robp-group7-sleepy/install/drive_base_msgs/share/drive_base_msgs/cmake/drive_base_msgs__rosidl_typesupport_cExport.cmake
[3.206s] -- Up-to-date: /home/sleepy/robp-group7-sleepy/install/drive_base_msgs/share/drive_base_msgs/cmake/drive_base_msgs__rosidl_typesupport_cExport-noconfig.cmake
[3.209s] -- Up-to-date: /home/sleepy/robp-group7-sleepy/install/drive_base_msgs/share/drive_base_msgs/cmake/drive_base_msgs__rosidl_typesupport_introspection_cppExport.cmake
[3.209s] -- Up-to-date: /home/sleepy/robp-group7-sleepy/install/drive_base_msgs/share/drive_base_msgs/cmake/drive_base_msgs__rosidl_typesupport_introspection_cppExport-noconfig.cmake
[3.209s] -- Up-to-date: /home/sleepy/robp-group7-sleepy/install/drive_base_msgs/share/drive_base_msgs/cmake/drive_base_msgs__rosidl_typesupport_cppExport.cmake
[3.209s] -- Up-to-date: /home/sleepy/robp-group7-sleepy/install/drive_base_msgs/share/drive_base_msgs/cmake/drive_base_msgs__rosidl_typesupport_cppExport-noconfig.cmake
[3.209s] -- Up-to-date: /home/sleepy/robp-group7-sleepy/install/drive_base_msgs/share/drive_base_msgs/cmake/export_drive_base_msgs__rosidl_generator_pyExport.cmake
[3.214s] -- Up-to-date: /home/sleepy/robp-group7-sleepy/install/drive_base_msgs/share/drive_base_msgs/cmake/export_drive_base_msgs__rosidl_generator_pyExport-noconfig.cmake
[3.214s] Invoked command in '/home/sleepy/robp-group7-sleepy/build/drive_base_msgs' returned '0': CMAKE_PREFIX_PATH=${CMAKE_PREFIX_PATH}:/home/sleepy/robp-group7-sleepy/install/simple_move:/home/sleepy/robp-group7-sleepy/install/core_launch:/home/sleepy/robp-group7-sleepy/install/robp_launch:/home/sleepy/robp-group7-sleepy/install/perception:/home/sleepy/robp-group7-sleepy/install/odometry:/home/sleepy/robp-group7-sleepy/install/navigation:/home/sleepy/robp-group7-sleepy/install/lidar_processing:/home/sleepy/robp-group7-sleepy/install/arm_servos_pubs_subs:/home/sleepy/robp-group7-sleepy/install/arm_control:/opt/ros/jazzy DEBUGINFOD_URLS=https://debuginfod.ubuntu.com /usr/bin/cmake --install /home/sleepy/robp-group7-sleepy/build/drive_base_msgs
