[0.050s] Invoking command in '/home/sleepy/robp-group7-sleepy/build/robp_phidgets_temperature': CMAKE_PREFIX_PATH=${CMAKE_PREFIX_PATH}:/home/sleepy/robp-group7-sleepy/install/simple_move:/home/sleepy/robp-group7-sleepy/install/core_launch:/home/sleepy/robp-group7-sleepy/install/robp_launch:/home/sleepy/robp-group7-sleepy/install/perception:/home/sleepy/robp-group7-sleepy/install/odometry:/home/sleepy/robp-group7-sleepy/install/lidar_processing:/home/sleepy/robp-group7-sleepy/install/arm_servos_pubs_subs:/home/sleepy/robp-group7-sleepy/install/arm_control:/opt/ros/jazzy DEBUGINFOD_URLS=https://debuginfod.ubuntu.com /usr/bin/cmake --build /home/sleepy/robp-group7-sleepy/build/robp_phidgets_temperature -- -j8 -l8
[1.092s] [100%] Built target robp_phidgets_temperature
[1.429s] Invoked command in '/home/sleepy/robp-group7-sleepy/build/robp_phidgets_temperature' returned '0': CMAKE_PREFIX_PATH=${CMAKE_PREFIX_PATH}:/home/sleepy/robp-group7-sleepy/install/simple_move:/home/sleepy/robp-group7-sleepy/install/core_launch:/home/sleepy/robp-group7-sleepy/install/robp_launch:/home/sleepy/robp-group7-sleepy/install/perception:/home/sleepy/robp-group7-sleepy/install/odometry:/home/sleepy/robp-group7-sleepy/install/lidar_processing:/home/sleepy/robp-group7-sleepy/install/arm_servos_pubs_subs:/home/sleepy/robp-group7-sleepy/install/arm_control:/opt/ros/jazzy DEBUGINFOD_URLS=https://debuginfod.ubuntu.com /usr/bin/cmake --build /home/sleepy/robp-group7-sleepy/build/robp_phidgets_temperature -- -j8 -l8
[1.430s] Invoking command in '/home/sleepy/robp-group7-sleepy/build/robp_phidgets_temperature': CMAKE_PREFIX_PATH=${CMAKE_PREFIX_PATH}:/home/sleepy/robp-group7-sleepy/install/simple_move:/home/sleepy/robp-group7-sleepy/install/core_launch:/home/sleepy/robp-group7-sleepy/install/robp_launch:/home/sleepy/robp-group7-sleepy/install/perception:/home/sleepy/robp-group7-sleepy/install/odometry:/home/sleepy/robp-group7-sleepy/install/lidar_processing:/home/sleepy/robp-group7-sleepy/install/arm_servos_pubs_subs:/home/sleepy/robp-group7-sleepy/install/arm_control:/opt/ros/jazzy DEBUGINFOD_URLS=https://debuginfod.ubuntu.com /usr/bin/cmake --install /home/sleepy/robp-group7-sleepy/build/robp_phidgets_temperature
[1.445s] -- Install configuration: "Release"
[1.446s] -- Execute custom install script
[1.449s] -- Up-to-date symlink: /home/sleepy/robp-group7-sleepy/install/robp_phidgets_temperature/lib/librobp_phidgets_temperature.so
[1.449s] -- Up-to-date symlink: /home/sleepy/robp-group7-sleepy/install/robp_phidgets_temperature/include/robp_phidgets_temperature/temperature.hpp
[1.457s] -- Up-to-date symlink: /home/sleepy/robp-group7-sleepy/install/robp_phidgets_temperature/share/robp_phidgets_temperature/launch/temperature_launch.py
[1.457s] -- Up-to-date symlink: /home/sleepy/robp-group7-sleepy/install/robp_phidgets_temperature/share/ament_index/resource_index/package_run_dependencies/robp_phidgets_temperature
[1.458s] -- Up-to-date symlink: /home/sleepy/robp-group7-sleepy/install/robp_phidgets_temperature/share/ament_index/resource_index/parent_prefix_path/robp_phidgets_temperature
[1.459s] -- Up-to-date symlink: /home/sleepy/robp-group7-sleepy/install/robp_phidgets_temperature/share/robp_phidgets_temperature/environment/ament_prefix_path.sh
[1.459s] -- Up-to-date symlink: /home/sleepy/robp-group7-sleepy/install/robp_phidgets_temperature/share/robp_phidgets_temperature/environment/ament_prefix_path.dsv
[1.460s] -- Up-to-date symlink: /home/sleepy/robp-group7-sleepy/install/robp_phidgets_temperature/share/robp_phidgets_temperature/environment/path.sh
[1.460s] -- Up-to-date symlink: /home/sleepy/robp-group7-sleepy/install/robp_phidgets_temperature/share/robp_phidgets_temperature/environment/path.dsv
[1.460s] -- Up-to-date symlink: /home/sleepy/robp-group7-sleepy/install/robp_phidgets_temperature/share/robp_phidgets_temperature/local_setup.bash
[1.467s] -- Up-to-date symlink: /home/sleepy/robp-group7-sleepy/install/robp_phidgets_temperature/share/robp_phidgets_temperature/local_setup.sh
[1.467s] -- Up-to-date symlink: /home/sleepy/robp-group7-sleepy/install/robp_phidgets_temperature/share/robp_phidgets_temperature/local_setup.zsh
[1.468s] -- Up-to-date symlink: /home/sleepy/robp-group7-sleepy/install/robp_phidgets_temperature/share/robp_phidgets_temperature/local_setup.dsv
[1.468s] -- Symlinking: /home/sleepy/robp-group7-sleepy/install/robp_phidgets_temperature/share/robp_phidgets_temperature/package.dsv
[1.509s] -- Up-to-date symlink: /home/sleepy/robp-group7-sleepy/install/robp_phidgets_temperature/share/ament_index/resource_index/packages/robp_phidgets_temperature
[1.517s] -- Up-to-date symlink: /home/sleepy/robp-group7-sleepy/install/robp_phidgets_temperature/share/ament_index/resource_index/rclcpp_components/robp_phidgets_temperature
[1.517s] -- Up-to-date symlink: /home/sleepy/robp-group7-sleepy/install/robp_phidgets_temperature/share/robp_phidgets_temperature/cmake/robp_phidgets_temperatureConfig.cmake
[1.517s] -- Up-to-date symlink: /home/sleepy/robp-group7-sleepy/install/robp_phidgets_temperature/share/robp_phidgets_temperature/cmake/robp_phidgets_temperatureConfig-version.cmake
[1.517s] -- Up-to-date symlink: /home/sleepy/robp-group7-sleepy/install/robp_phidgets_temperature/share/robp_phidgets_temperature/package.xml
[1.527s] Invoked command in '/home/sleepy/robp-group7-sleepy/build/robp_phidgets_temperature' returned '0': CMAKE_PREFIX_PATH=${CMAKE_PREFIX_PATH}:/home/sleepy/robp-group7-sleepy/install/simple_move:/home/sleepy/robp-group7-sleepy/install/core_launch:/home/sleepy/robp-group7-sleepy/install/robp_launch:/home/sleepy/robp-group7-sleepy/install/perception:/home/sleepy/robp-group7-sleepy/install/odometry:/home/sleepy/robp-group7-sleepy/install/lidar_processing:/home/sleepy/robp-group7-sleepy/install/arm_servos_pubs_subs:/home/sleepy/robp-group7-sleepy/install/arm_control:/opt/ros/jazzy DEBUGINFOD_URLS=https://debuginfod.ubuntu.com /usr/bin/cmake --install /home/sleepy/robp-group7-sleepy/build/robp_phidgets_temperature
