[0.015s] Invoking command in '/home/group-7/dd2419_ws/build/robp_phidgets_temperature': CMAKE_PREFIX_PATH=${CMAKE_PREFIX_PATH}:/opt/ros/jazzy DEBUGINFOD_URLS=https://debuginfod.ubuntu.com /usr/bin/cmake --build /home/group-7/dd2419_ws/build/robp_phidgets_temperature -- -j16 -l16
[0.194s] [100%] Built target robp_phidgets_temperature
[0.198s] Invoked command in '/home/group-7/dd2419_ws/build/robp_phidgets_temperature' returned '0': CMAKE_PREFIX_PATH=${CMAKE_PREFIX_PATH}:/opt/ros/jazzy DEBUGINFOD_URLS=https://debuginfod.ubuntu.com /usr/bin/cmake --build /home/group-7/dd2419_ws/build/robp_phidgets_temperature -- -j16 -l16
[0.206s] Invoking command in '/home/group-7/dd2419_ws/build/robp_phidgets_temperature': CMAKE_PREFIX_PATH=${CMAKE_PREFIX_PATH}:/opt/ros/jazzy DEBUGINFOD_URLS=https://debuginfod.ubuntu.com /usr/bin/cmake --install /home/group-7/dd2419_ws/build/robp_phidgets_temperature
[0.212s] -- Install configuration: "Release"
[0.212s] -- Execute custom install script
[0.212s] -- Up-to-date symlink: /home/group-7/dd2419_ws/install/robp_phidgets_temperature/lib/librobp_phidgets_temperature.so
[0.213s] -- Up-to-date symlink: /home/group-7/dd2419_ws/install/robp_phidgets_temperature/include/robp_phidgets_temperature/temperature.hpp
[0.213s] -- Up-to-date symlink: /home/group-7/dd2419_ws/install/robp_phidgets_temperature/share/robp_phidgets_temperature/launch/temperature_launch.py
[0.213s] -- Up-to-date symlink: /home/group-7/dd2419_ws/install/robp_phidgets_temperature/share/ament_index/resource_index/package_run_dependencies/robp_phidgets_temperature
[0.213s] -- Up-to-date symlink: /home/group-7/dd2419_ws/install/robp_phidgets_temperature/share/ament_index/resource_index/parent_prefix_path/robp_phidgets_temperature
[0.213s] -- Up-to-date symlink: /home/group-7/dd2419_ws/install/robp_phidgets_temperature/share/robp_phidgets_temperature/environment/ament_prefix_path.sh
[0.213s] -- Up-to-date symlink: /home/group-7/dd2419_ws/install/robp_phidgets_temperature/share/robp_phidgets_temperature/environment/ament_prefix_path.dsv
[0.213s] -- Up-to-date symlink: /home/group-7/dd2419_ws/install/robp_phidgets_temperature/share/robp_phidgets_temperature/environment/path.sh
[0.214s] -- Up-to-date symlink: /home/group-7/dd2419_ws/install/robp_phidgets_temperature/share/robp_phidgets_temperature/environment/path.dsv
[0.214s] -- Up-to-date symlink: /home/group-7/dd2419_ws/install/robp_phidgets_temperature/share/robp_phidgets_temperature/local_setup.bash
[0.214s] -- Up-to-date symlink: /home/group-7/dd2419_ws/install/robp_phidgets_temperature/share/robp_phidgets_temperature/local_setup.sh
[0.214s] -- Up-to-date symlink: /home/group-7/dd2419_ws/install/robp_phidgets_temperature/share/robp_phidgets_temperature/local_setup.zsh
[0.214s] -- Up-to-date symlink: /home/group-7/dd2419_ws/install/robp_phidgets_temperature/share/robp_phidgets_temperature/local_setup.dsv
[0.214s] -- Symlinking: /home/group-7/dd2419_ws/install/robp_phidgets_temperature/share/robp_phidgets_temperature/package.dsv
[0.223s] -- Up-to-date symlink: /home/group-7/dd2419_ws/install/robp_phidgets_temperature/share/ament_index/resource_index/packages/robp_phidgets_temperature
[0.223s] -- Up-to-date symlink: /home/group-7/dd2419_ws/install/robp_phidgets_temperature/share/ament_index/resource_index/rclcpp_components/robp_phidgets_temperature
[0.223s] -- Up-to-date symlink: /home/group-7/dd2419_ws/install/robp_phidgets_temperature/share/robp_phidgets_temperature/cmake/robp_phidgets_temperatureConfig.cmake
[0.223s] -- Up-to-date symlink: /home/group-7/dd2419_ws/install/robp_phidgets_temperature/share/robp_phidgets_temperature/cmake/robp_phidgets_temperatureConfig-version.cmake
[0.223s] -- Up-to-date symlink: /home/group-7/dd2419_ws/install/robp_phidgets_temperature/share/robp_phidgets_temperature/package.xml
[0.225s] Invoked command in '/home/group-7/dd2419_ws/build/robp_phidgets_temperature' returned '0': CMAKE_PREFIX_PATH=${CMAKE_PREFIX_PATH}:/opt/ros/jazzy DEBUGINFOD_URLS=https://debuginfod.ubuntu.com /usr/bin/cmake --install /home/group-7/dd2419_ws/build/robp_phidgets_temperature
