[0.014s] Invoking command in '/home/group-7/dd2419_ws/build/robp_phidgets_temperature': CMAKE_PREFIX_PATH=${CMAKE_PREFIX_PATH}:/opt/ros/jazzy DEBUGINFOD_URLS=https://debuginfod.ubuntu.com /usr/bin/cmake /home/group-7/dd2419_ws/src/robp_robot/robp_phidgets/robp_phidgets_temperature -DAMENT_CMAKE_SYMLINK_INSTALL=1 -DCMAKE_INSTALL_PREFIX=/home/group-7/dd2419_ws/install/robp_phidgets_temperature
[0.189s] -- robp_phidgets_temperature: You did not request a specific build type: Choosing 'Release' for maximum performance
[0.189s] -- The C compiler identification is GNU 13.3.0
[0.189s] -- The CXX compiler identification is GNU 13.3.0
[0.189s] -- Detecting C compiler ABI info
[0.189s] -- Detecting C compiler ABI info - done
[0.193s] -- Check for working C compiler: /usr/bin/cc - skipped
[0.193s] -- Detecting C compile features
[0.193s] -- Detecting C compile features - done
[0.201s] -- Detecting CXX compiler ABI info
[0.282s] -- Detecting CXX compiler ABI info - done
[0.289s] -- Check for working CXX compiler: /usr/bin/c++ - skipped
[0.289s] -- Detecting CXX compile features
[0.289s] -- Detecting CXX compile features - done
[0.291s] -- Found ament_cmake_ros: 0.12.0 (/opt/ros/jazzy/share/ament_cmake_ros/cmake)
[0.415s] -- Found Python3: /usr/bin/python3 (found version "3.12.3") found components: Interpreter 
[0.475s] -- Override CMake install command with custom implementation using symlinks instead of copying resources
[0.499s] -- Found libphidget22: 2.3.3 (/opt/ros/jazzy/share/libphidget22/cmake)
[0.500s] -- Found phidgets_api: 2.3.3 (/opt/ros/jazzy/share/phidgets_api/cmake)
[0.503s] -- Found rclcpp: 28.1.6 (/opt/ros/jazzy/share/rclcpp/cmake)
[0.535s] -- Found rosidl_generator_c: 4.6.5 (/opt/ros/jazzy/share/rosidl_generator_c/cmake)
[0.545s] -- Found rosidl_generator_cpp: 4.6.5 (/opt/ros/jazzy/share/rosidl_generator_cpp/cmake)
[0.558s] -- Using all available rosidl_typesupport_c: rosidl_typesupport_fastrtps_c;rosidl_typesupport_introspection_c
[0.572s] -- Using all available rosidl_typesupport_cpp: rosidl_typesupport_fastrtps_cpp;rosidl_typesupport_introspection_cpp
[0.635s] -- Found rmw_implementation_cmake: 7.3.1 (/opt/ros/jazzy/share/rmw_implementation_cmake/cmake)
[0.638s] -- Found rmw_fastrtps_cpp: 8.4.1 (/opt/ros/jazzy/share/rmw_fastrtps_cpp/cmake)
[0.709s] -- Found OpenSSL: /usr/lib/x86_64-linux-gnu/libcrypto.so (found version "3.0.13")  
[0.726s] -- Found FastRTPS: /opt/ros/jazzy/include (Required is at least version "2.13") 
[0.747s] -- Using RMW implementation 'rmw_fastrtps_cpp' as default
[0.807s] -- Found rclcpp_components: 28.1.6 (/opt/ros/jazzy/share/rclcpp_components/cmake)
[0.839s] -- Found sensor_msgs: 5.3.5 (/opt/ros/jazzy/share/sensor_msgs/cmake)
[0.962s] -- Configuring done (0.9s)
[0.984s] -- Generating done (0.0s)
[0.987s] -- Build files have been written to: /home/group-7/dd2419_ws/build/robp_phidgets_temperature
[0.997s] Invoked command in '/home/group-7/dd2419_ws/build/robp_phidgets_temperature' returned '0': CMAKE_PREFIX_PATH=${CMAKE_PREFIX_PATH}:/opt/ros/jazzy DEBUGINFOD_URLS=https://debuginfod.ubuntu.com /usr/bin/cmake /home/group-7/dd2419_ws/src/robp_robot/robp_phidgets/robp_phidgets_temperature -DAMENT_CMAKE_SYMLINK_INSTALL=1 -DCMAKE_INSTALL_PREFIX=/home/group-7/dd2419_ws/install/robp_phidgets_temperature
[0.998s] Invoking command in '/home/group-7/dd2419_ws/build/robp_phidgets_temperature': CMAKE_PREFIX_PATH=${CMAKE_PREFIX_PATH}:/opt/ros/jazzy DEBUGINFOD_URLS=https://debuginfod.ubuntu.com /usr/bin/cmake --build /home/group-7/dd2419_ws/build/robp_phidgets_temperature -- -j16 -l16
[1.042s] [ 50%] [32mBuilding CXX object CMakeFiles/robp_phidgets_temperature.dir/src/temperature.cpp.o[0m
[6.972s] [100%] [32m[1mLinking CXX shared library librobp_phidgets_temperature.so[0m
[7.159s] [100%] Built target robp_phidgets_temperature
[7.173s] Invoked command in '/home/group-7/dd2419_ws/build/robp_phidgets_temperature' returned '0': CMAKE_PREFIX_PATH=${CMAKE_PREFIX_PATH}:/opt/ros/jazzy DEBUGINFOD_URLS=https://debuginfod.ubuntu.com /usr/bin/cmake --build /home/group-7/dd2419_ws/build/robp_phidgets_temperature -- -j16 -l16
[7.175s] Invoking command in '/home/group-7/dd2419_ws/build/robp_phidgets_temperature': CMAKE_PREFIX_PATH=${CMAKE_PREFIX_PATH}:/opt/ros/jazzy DEBUGINFOD_URLS=https://debuginfod.ubuntu.com /usr/bin/cmake --install /home/group-7/dd2419_ws/build/robp_phidgets_temperature
[7.185s] -- Install configuration: "Release"
[7.185s] -- Execute custom install script
[7.186s] -- Symlinking: /home/group-7/dd2419_ws/install/robp_phidgets_temperature/lib/librobp_phidgets_temperature.so
[7.198s] -- Symlinking: /home/group-7/dd2419_ws/install/robp_phidgets_temperature/include/robp_phidgets_temperature/temperature.hpp
[7.214s] -- Symlinking: /home/group-7/dd2419_ws/install/robp_phidgets_temperature/share/robp_phidgets_temperature/launch/temperature_launch.py
[7.226s] -- Symlinking: /home/group-7/dd2419_ws/install/robp_phidgets_temperature/share/ament_index/resource_index/package_run_dependencies/robp_phidgets_temperature
[7.238s] -- Symlinking: /home/group-7/dd2419_ws/install/robp_phidgets_temperature/share/ament_index/resource_index/parent_prefix_path/robp_phidgets_temperature
[7.250s] -- Symlinking: /home/group-7/dd2419_ws/install/robp_phidgets_temperature/share/robp_phidgets_temperature/environment/ament_prefix_path.sh
[7.262s] -- Symlinking: /home/group-7/dd2419_ws/install/robp_phidgets_temperature/share/robp_phidgets_temperature/environment/ament_prefix_path.dsv
[7.275s] -- Symlinking: /home/group-7/dd2419_ws/install/robp_phidgets_temperature/share/robp_phidgets_temperature/environment/path.sh
[7.287s] -- Symlinking: /home/group-7/dd2419_ws/install/robp_phidgets_temperature/share/robp_phidgets_temperature/environment/path.dsv
[7.298s] -- Symlinking: /home/group-7/dd2419_ws/install/robp_phidgets_temperature/share/robp_phidgets_temperature/local_setup.bash
[7.313s] -- Symlinking: /home/group-7/dd2419_ws/install/robp_phidgets_temperature/share/robp_phidgets_temperature/local_setup.sh
[7.323s] -- Symlinking: /home/group-7/dd2419_ws/install/robp_phidgets_temperature/share/robp_phidgets_temperature/local_setup.zsh
[7.335s] -- Symlinking: /home/group-7/dd2419_ws/install/robp_phidgets_temperature/share/robp_phidgets_temperature/local_setup.dsv
[7.345s] -- Symlinking: /home/group-7/dd2419_ws/install/robp_phidgets_temperature/share/robp_phidgets_temperature/package.dsv
[7.357s] -- Symlinking: /home/group-7/dd2419_ws/install/robp_phidgets_temperature/share/ament_index/resource_index/packages/robp_phidgets_temperature
[7.368s] -- Symlinking: /home/group-7/dd2419_ws/install/robp_phidgets_temperature/share/ament_index/resource_index/rclcpp_components/robp_phidgets_temperature
[7.380s] -- Symlinking: /home/group-7/dd2419_ws/install/robp_phidgets_temperature/share/robp_phidgets_temperature/cmake/robp_phidgets_temperatureConfig.cmake
[7.392s] -- Symlinking: /home/group-7/dd2419_ws/install/robp_phidgets_temperature/share/robp_phidgets_temperature/cmake/robp_phidgets_temperatureConfig-version.cmake
[7.406s] -- Symlinking: /home/group-7/dd2419_ws/install/robp_phidgets_temperature/share/robp_phidgets_temperature/package.xml
[7.423s] Invoked command in '/home/group-7/dd2419_ws/build/robp_phidgets_temperature' returned '0': CMAKE_PREFIX_PATH=${CMAKE_PREFIX_PATH}:/opt/ros/jazzy DEBUGINFOD_URLS=https://debuginfod.ubuntu.com /usr/bin/cmake --install /home/group-7/dd2419_ws/build/robp_phidgets_temperature
