[0.165s] DEBUG:colcon:Command line arguments: ['/usr/bin/colcon', 'build', '--packages-select', 'odometry2']
[0.165s] DEBUG:colcon:Parsed command line arguments: Namespace(log_base=None, log_level=None, verb_name='build', build_base='build', install_base='install', merge_install=False, symlink_install=False, test_result_base=None, continue_on_error=False, executor='parallel', parallel_workers=8, event_handlers=None, ignore_user_meta=False, metas=['./colcon.meta'], base_paths=['.'], packages_ignore=None, packages_ignore_regex=None, paths=None, packages_up_to=None, packages_up_to_regex=None, packages_above=None, packages_above_and_dependencies=None, packages_above_depth=None, packages_select_by_dep=None, packages_skip_by_dep=None, packages_skip_up_to=None, packages_select_build_failed=False, packages_skip_build_finished=False, packages_select_test_failures=False, packages_skip_test_passed=False, packages_select=['odometry2'], packages_skip=None, packages_select_regex=None, packages_skip_regex=None, packages_start=None, packages_end=None, allow_overriding=[], cmake_args=None, cmake_target=None, cmake_target_skip_unavailable=False, cmake_clean_cache=False, cmake_clean_first=False, cmake_force_configure=False, ament_cmake_args=None, catkin_cmake_args=None, catkin_skip_building_tests=False, verb_parser=<colcon_defaults.argument_parser.defaults.DefaultArgumentsDecorator object at 0x755c466c7200>, verb_extension=<colcon_core.verb.build.BuildVerb object at 0x755c4689e360>, main=<bound method BuildVerb.main of <colcon_core.verb.build.BuildVerb object at 0x755c4689e360>>)
[0.211s] Level 1:colcon.colcon_core.package_discovery:discover_packages(colcon_meta) check parameters
[0.211s] Level 1:colcon.colcon_core.package_discovery:discover_packages(recursive) check parameters
[0.211s] Level 1:colcon.colcon_core.package_discovery:discover_packages(ignore) check parameters
[0.211s] Level 1:colcon.colcon_core.package_discovery:discover_packages(path) check parameters
[0.211s] Level 1:colcon.colcon_core.package_discovery:discover_packages(colcon_meta) discover
[0.211s] Level 1:colcon.colcon_core.package_discovery:discover_packages(recursive) discover
[0.211s] INFO:colcon.colcon_core.package_discovery:Crawling recursively for packages in '/home/sleepy/robp-group7-sleepy/src/core'
[0.211s] Level 1:colcon.colcon_core.package_identification:_identify(.) by extensions ['ignore', 'ignore_ament_install']
[0.212s] Level 1:colcon.colcon_core.package_identification:_identify(.) by extension 'ignore'
[0.212s] Level 1:colcon.colcon_core.package_identification:_identify(.) by extension 'ignore_ament_install'
[0.212s] Level 1:colcon.colcon_core.package_identification:_identify(.) by extensions ['colcon_pkg']
[0.212s] Level 1:colcon.colcon_core.package_identification:_identify(.) by extension 'colcon_pkg'
[0.212s] Level 1:colcon.colcon_core.package_identification:_identify(.) by extensions ['colcon_meta']
[0.212s] Level 1:colcon.colcon_core.package_identification:_identify(.) by extension 'colcon_meta'
[0.212s] Level 1:colcon.colcon_core.package_identification:_identify(.) by extensions ['ros']
[0.212s] Level 1:colcon.colcon_core.package_identification:_identify(.) by extension 'ros'
[0.243s] Level 1:colcon.colcon_core.package_identification:_identify(.) by extensions ['cmake', 'python']
[0.243s] Level 1:colcon.colcon_core.package_identification:_identify(.) by extension 'cmake'
[0.243s] Level 1:colcon.colcon_core.package_identification:_identify(.) by extension 'python'
[0.243s] Level 1:colcon.colcon_core.package_identification:_identify(.) by extensions ['python_setup_py']
[0.243s] Level 1:colcon.colcon_core.package_identification:_identify(.) by extension 'python_setup_py'
[0.244s] Level 1:colcon.colcon_core.package_identification:_identify(build) by extensions ['ignore', 'ignore_ament_install']
[0.244s] Level 1:colcon.colcon_core.package_identification:_identify(build) by extension 'ignore'
[0.244s] Level 1:colcon.colcon_core.package_identification:_identify(build) ignored
[0.244s] Level 1:colcon.colcon_core.package_identification:_identify(core_launch) by extensions ['ignore', 'ignore_ament_install']
[0.244s] Level 1:colcon.colcon_core.package_identification:_identify(core_launch) by extension 'ignore'
[0.244s] Level 1:colcon.colcon_core.package_identification:_identify(core_launch) by extension 'ignore_ament_install'
[0.244s] Level 1:colcon.colcon_core.package_identification:_identify(core_launch) by extensions ['colcon_pkg']
[0.244s] Level 1:colcon.colcon_core.package_identification:_identify(core_launch) by extension 'colcon_pkg'
[0.244s] Level 1:colcon.colcon_core.package_identification:_identify(core_launch) by extensions ['colcon_meta']
[0.244s] Level 1:colcon.colcon_core.package_identification:_identify(core_launch) by extension 'colcon_meta'
[0.244s] Level 1:colcon.colcon_core.package_identification:_identify(core_launch) by extensions ['ros']
[0.244s] Level 1:colcon.colcon_core.package_identification:_identify(core_launch) by extension 'ros'
[0.247s] DEBUG:colcon.colcon_core.package_identification:Package 'core_launch' with type 'ros.ament_python' and name 'core_launch'
[0.247s] Level 1:colcon.colcon_core.package_identification:_identify(include) by extensions ['ignore', 'ignore_ament_install']
[0.247s] Level 1:colcon.colcon_core.package_identification:_identify(include) by extension 'ignore'
[0.247s] Level 1:colcon.colcon_core.package_identification:_identify(include) by extension 'ignore_ament_install'
[0.248s] Level 1:colcon.colcon_core.package_identification:_identify(include) by extensions ['colcon_pkg']
[0.248s] Level 1:colcon.colcon_core.package_identification:_identify(include) by extension 'colcon_pkg'
[0.248s] Level 1:colcon.colcon_core.package_identification:_identify(include) by extensions ['colcon_meta']
[0.248s] Level 1:colcon.colcon_core.package_identification:_identify(include) by extension 'colcon_meta'
[0.248s] Level 1:colcon.colcon_core.package_identification:_identify(include) by extensions ['ros']
[0.248s] Level 1:colcon.colcon_core.package_identification:_identify(include) by extension 'ros'
[0.248s] Level 1:colcon.colcon_core.package_identification:_identify(include) by extensions ['cmake', 'python']
[0.248s] Level 1:colcon.colcon_core.package_identification:_identify(include) by extension 'cmake'
[0.248s] Level 1:colcon.colcon_core.package_identification:_identify(include) by extension 'python'
[0.248s] Level 1:colcon.colcon_core.package_identification:_identify(include) by extensions ['python_setup_py']
[0.248s] Level 1:colcon.colcon_core.package_identification:_identify(include) by extension 'python_setup_py'
[0.248s] Level 1:colcon.colcon_core.package_identification:_identify(install) by extensions ['ignore', 'ignore_ament_install']
[0.248s] Level 1:colcon.colcon_core.package_identification:_identify(install) by extension 'ignore'
[0.248s] Level 1:colcon.colcon_core.package_identification:_identify(install) ignored
[0.248s] Level 1:colcon.colcon_core.package_identification:_identify(lidar_processing) by extensions ['ignore', 'ignore_ament_install']
[0.248s] Level 1:colcon.colcon_core.package_identification:_identify(lidar_processing) by extension 'ignore'
[0.248s] Level 1:colcon.colcon_core.package_identification:_identify(lidar_processing) by extension 'ignore_ament_install'
[0.249s] Level 1:colcon.colcon_core.package_identification:_identify(lidar_processing) by extensions ['colcon_pkg']
[0.249s] Level 1:colcon.colcon_core.package_identification:_identify(lidar_processing) by extension 'colcon_pkg'
[0.249s] Level 1:colcon.colcon_core.package_identification:_identify(lidar_processing) by extensions ['colcon_meta']
[0.249s] Level 1:colcon.colcon_core.package_identification:_identify(lidar_processing) by extension 'colcon_meta'
[0.249s] Level 1:colcon.colcon_core.package_identification:_identify(lidar_processing) by extensions ['ros']
[0.249s] Level 1:colcon.colcon_core.package_identification:_identify(lidar_processing) by extension 'ros'
[0.249s] DEBUG:colcon.colcon_core.package_identification:Package 'lidar_processing' with type 'ros.ament_python' and name 'lidar_processing'
[0.249s] Level 1:colcon.colcon_core.package_identification:_identify(log) by extensions ['ignore', 'ignore_ament_install']
[0.249s] Level 1:colcon.colcon_core.package_identification:_identify(log) by extension 'ignore'
[0.250s] Level 1:colcon.colcon_core.package_identification:_identify(log) ignored
[0.250s] Level 1:colcon.colcon_core.package_identification:_identify(odometry) by extensions ['ignore', 'ignore_ament_install']
[0.250s] Level 1:colcon.colcon_core.package_identification:_identify(odometry) by extension 'ignore'
[0.250s] Level 1:colcon.colcon_core.package_identification:_identify(odometry) by extension 'ignore_ament_install'
[0.250s] Level 1:colcon.colcon_core.package_identification:_identify(odometry) by extensions ['colcon_pkg']
[0.250s] Level 1:colcon.colcon_core.package_identification:_identify(odometry) by extension 'colcon_pkg'
[0.250s] Level 1:colcon.colcon_core.package_identification:_identify(odometry) by extensions ['colcon_meta']
[0.250s] Level 1:colcon.colcon_core.package_identification:_identify(odometry) by extension 'colcon_meta'
[0.250s] Level 1:colcon.colcon_core.package_identification:_identify(odometry) by extensions ['ros']
[0.250s] Level 1:colcon.colcon_core.package_identification:_identify(odometry) by extension 'ros'
[0.250s] DEBUG:colcon.colcon_core.package_identification:Package 'odometry' with type 'ros.ament_python' and name 'odometry'
[0.251s] Level 1:colcon.colcon_core.package_identification:_identify(odometry2) by extensions ['ignore', 'ignore_ament_install']
[0.251s] Level 1:colcon.colcon_core.package_identification:_identify(odometry2) by extension 'ignore'
[0.251s] Level 1:colcon.colcon_core.package_identification:_identify(odometry2) by extension 'ignore_ament_install'
[0.251s] Level 1:colcon.colcon_core.package_identification:_identify(odometry2) by extensions ['colcon_pkg']
[0.251s] Level 1:colcon.colcon_core.package_identification:_identify(odometry2) by extension 'colcon_pkg'
[0.251s] Level 1:colcon.colcon_core.package_identification:_identify(odometry2) by extensions ['colcon_meta']
[0.251s] Level 1:colcon.colcon_core.package_identification:_identify(odometry2) by extension 'colcon_meta'
[0.251s] Level 1:colcon.colcon_core.package_identification:_identify(odometry2) by extensions ['ros']
[0.251s] Level 1:colcon.colcon_core.package_identification:_identify(odometry2) by extension 'ros'
[0.251s] DEBUG:colcon.colcon_core.package_identification:Package 'odometry2' with type 'ros.ament_python' and name 'odometry2'
[0.251s] Level 1:colcon.colcon_core.package_identification:_identify(simple_move) by extensions ['ignore', 'ignore_ament_install']
[0.252s] Level 1:colcon.colcon_core.package_identification:_identify(simple_move) by extension 'ignore'
[0.252s] Level 1:colcon.colcon_core.package_identification:_identify(simple_move) by extension 'ignore_ament_install'
[0.252s] Level 1:colcon.colcon_core.package_identification:_identify(simple_move) by extensions ['colcon_pkg']
[0.252s] Level 1:colcon.colcon_core.package_identification:_identify(simple_move) by extension 'colcon_pkg'
[0.252s] Level 1:colcon.colcon_core.package_identification:_identify(simple_move) by extensions ['colcon_meta']
[0.252s] Level 1:colcon.colcon_core.package_identification:_identify(simple_move) by extension 'colcon_meta'
[0.252s] Level 1:colcon.colcon_core.package_identification:_identify(simple_move) by extensions ['ros']
[0.252s] Level 1:colcon.colcon_core.package_identification:_identify(simple_move) by extension 'ros'
[0.252s] DEBUG:colcon.colcon_core.package_identification:Package 'simple_move' with type 'ros.ament_python' and name 'simple_move'
[0.253s] Level 1:colcon.colcon_core.package_identification:_identify(src) by extensions ['ignore', 'ignore_ament_install']
[0.253s] Level 1:colcon.colcon_core.package_identification:_identify(src) by extension 'ignore'
[0.253s] Level 1:colcon.colcon_core.package_identification:_identify(src) by extension 'ignore_ament_install'
[0.253s] Level 1:colcon.colcon_core.package_identification:_identify(src) by extensions ['colcon_pkg']
[0.253s] Level 1:colcon.colcon_core.package_identification:_identify(src) by extension 'colcon_pkg'
[0.253s] Level 1:colcon.colcon_core.package_identification:_identify(src) by extensions ['colcon_meta']
[0.253s] Level 1:colcon.colcon_core.package_identification:_identify(src) by extension 'colcon_meta'
[0.253s] Level 1:colcon.colcon_core.package_identification:_identify(src) by extensions ['ros']
[0.253s] Level 1:colcon.colcon_core.package_identification:_identify(src) by extension 'ros'
[0.253s] Level 1:colcon.colcon_core.package_identification:_identify(src) by extensions ['cmake', 'python']
[0.253s] Level 1:colcon.colcon_core.package_identification:_identify(src) by extension 'cmake'
[0.253s] Level 1:colcon.colcon_core.package_identification:_identify(src) by extension 'python'
[0.253s] Level 1:colcon.colcon_core.package_identification:_identify(src) by extensions ['python_setup_py']
[0.253s] Level 1:colcon.colcon_core.package_identification:_identify(src) by extension 'python_setup_py'
[0.253s] Level 1:colcon.colcon_core.package_discovery:discover_packages(recursive) using defaults
[0.253s] Level 1:colcon.colcon_core.package_discovery:discover_packages(ignore) discover
[0.253s] Level 1:colcon.colcon_core.package_discovery:discover_packages(ignore) using defaults
[0.253s] Level 1:colcon.colcon_core.package_discovery:discover_packages(path) discover
[0.253s] Level 1:colcon.colcon_core.package_discovery:discover_packages(path) using defaults
[0.275s] INFO:colcon.colcon_core.package_selection:Skipping not selected package 'lidar_processing' in 'lidar_processing'
[0.275s] INFO:colcon.colcon_core.package_selection:Skipping not selected package 'odometry' in 'odometry'
[0.275s] INFO:colcon.colcon_core.package_selection:Skipping not selected package 'simple_move' in 'simple_move'
[0.275s] INFO:colcon.colcon_core.package_selection:Skipping not selected package 'core_launch' in 'core_launch'
[0.276s] Level 1:colcon.colcon_core.package_discovery:discover_packages(prefix_path) check parameters
[0.276s] Level 1:colcon.colcon_core.package_discovery:discover_packages(prefix_path) discover
[0.278s] DEBUG:colcon.colcon_installed_package_information.package_discovery:Found 2 installed packages in /home/sleepy/robp-group7-sleepy/src/core/install
[0.279s] DEBUG:colcon.colcon_installed_package_information.package_discovery:Found 17 installed packages in /home/sleepy/robp-group7-sleepy/install
[0.281s] DEBUG:colcon.colcon_installed_package_information.package_discovery:Found 304 installed packages in /opt/ros/jazzy
[0.282s] Level 1:colcon.colcon_core.package_discovery:discover_packages(prefix_path) using defaults
[0.334s] Level 5:colcon.colcon_core.verb:set package 'odometry2' build argument 'cmake_args' from command line to 'None'
[0.334s] Level 5:colcon.colcon_core.verb:set package 'odometry2' build argument 'cmake_target' from command line to 'None'
[0.334s] Level 5:colcon.colcon_core.verb:set package 'odometry2' build argument 'cmake_target_skip_unavailable' from command line to 'False'
[0.334s] Level 5:colcon.colcon_core.verb:set package 'odometry2' build argument 'cmake_clean_cache' from command line to 'False'
[0.334s] Level 5:colcon.colcon_core.verb:set package 'odometry2' build argument 'cmake_clean_first' from command line to 'False'
[0.334s] Level 5:colcon.colcon_core.verb:set package 'odometry2' build argument 'cmake_force_configure' from command line to 'False'
[0.334s] Level 5:colcon.colcon_core.verb:set package 'odometry2' build argument 'ament_cmake_args' from command line to 'None'
[0.334s] Level 5:colcon.colcon_core.verb:set package 'odometry2' build argument 'catkin_cmake_args' from command line to 'None'
[0.334s] Level 5:colcon.colcon_core.verb:set package 'odometry2' build argument 'catkin_skip_building_tests' from command line to 'False'
[0.334s] DEBUG:colcon.colcon_core.verb:Building package 'odometry2' with the following arguments: {'ament_cmake_args': None, 'build_base': '/home/sleepy/robp-group7-sleepy/src/core/build/odometry2', 'catkin_cmake_args': None, 'catkin_skip_building_tests': False, 'cmake_args': None, 'cmake_clean_cache': False, 'cmake_clean_first': False, 'cmake_force_configure': False, 'cmake_target': None, 'cmake_target_skip_unavailable': False, 'install_base': '/home/sleepy/robp-group7-sleepy/src/core/install/odometry2', 'merge_install': False, 'path': '/home/sleepy/robp-group7-sleepy/src/core/odometry2', 'symlink_install': False, 'test_result_base': None}
[0.334s] INFO:colcon.colcon_core.executor:Executing jobs using 'parallel' executor
[0.335s] DEBUG:colcon.colcon_parallel_executor.executor.parallel:run_until_complete
[0.335s] INFO:colcon.colcon_ros.task.ament_python.build:Building ROS package in '/home/sleepy/robp-group7-sleepy/src/core/odometry2' with build type 'ament_python'
[0.336s] Level 1:colcon.colcon_core.shell:create_environment_hook('odometry2', 'ament_prefix_path')
[0.338s] INFO:colcon.colcon_core.plugin_system:Skipping extension 'colcon_core.shell.bat': Not used on non-Windows systems
[0.338s] INFO:colcon.colcon_core.shell:Creating environment hook '/home/sleepy/robp-group7-sleepy/src/core/install/odometry2/share/odometry2/hook/ament_prefix_path.ps1'
[0.339s] INFO:colcon.colcon_core.shell:Creating environment descriptor '/home/sleepy/robp-group7-sleepy/src/core/install/odometry2/share/odometry2/hook/ament_prefix_path.dsv'
[0.339s] INFO:colcon.colcon_core.shell:Creating environment hook '/home/sleepy/robp-group7-sleepy/src/core/install/odometry2/share/odometry2/hook/ament_prefix_path.sh'
[0.340s] INFO:colcon.colcon_core.shell:Skip shell extension 'powershell' for command environment: Not usable outside of PowerShell
[0.340s] DEBUG:colcon.colcon_core.shell:Skip shell extension 'dsv' for command environment
[0.612s] INFO:colcon.colcon_core.task.python.build:Building Python package in '/home/sleepy/robp-group7-sleepy/src/core/odometry2'
[0.613s] INFO:colcon.colcon_core.shell:Skip shell extension 'powershell' for command environment: Not usable outside of PowerShell
[0.613s] DEBUG:colcon.colcon_core.shell:Skip shell extension 'dsv' for command environment
[1.335s] DEBUG:colcon.colcon_core.event_handler.log_command:Invoking command in '/home/sleepy/robp-group7-sleepy/src/core/odometry2': DEBUGINFOD_URLS=https://debuginfod.ubuntu.com PYTHONPATH=/home/sleepy/robp-group7-sleepy/src/core/build/odometry2/prefix_override:/usr/lib/python3/dist-packages/colcon_core/task/python/colcon_distutils_commands:/home/sleepy/robp-group7-sleepy/src/core/install/odometry2/lib/python3.12/site-packages:${PYTHONPATH} /usr/bin/python3 -W ignore:setup.py install is deprecated -W ignore:easy_install command is deprecated setup.py egg_info --egg-base ../build/odometry2 build --build-base /home/sleepy/robp-group7-sleepy/src/core/build/odometry2/build install --record /home/sleepy/robp-group7-sleepy/src/core/build/odometry2/install.log --single-version-externally-managed install_data
[2.011s] DEBUG:colcon.colcon_core.event_handler.log_command:Invoked command in '/home/sleepy/robp-group7-sleepy/src/core/odometry2' returned '0': DEBUGINFOD_URLS=https://debuginfod.ubuntu.com PYTHONPATH=/home/sleepy/robp-group7-sleepy/src/core/build/odometry2/prefix_override:/usr/lib/python3/dist-packages/colcon_core/task/python/colcon_distutils_commands:/home/sleepy/robp-group7-sleepy/src/core/install/odometry2/lib/python3.12/site-packages:${PYTHONPATH} /usr/bin/python3 -W ignore:setup.py install is deprecated -W ignore:easy_install command is deprecated setup.py egg_info --egg-base ../build/odometry2 build --build-base /home/sleepy/robp-group7-sleepy/src/core/build/odometry2/build install --record /home/sleepy/robp-group7-sleepy/src/core/build/odometry2/install.log --single-version-externally-managed install_data
[2.014s] Level 1:colcon.colcon_core.environment:checking '/home/sleepy/robp-group7-sleepy/src/core/install/odometry2' for CMake module files
[2.014s] Level 1:colcon.colcon_core.environment:checking '/home/sleepy/robp-group7-sleepy/src/core/install/odometry2' for CMake config files
[2.015s] Level 1:colcon.colcon_core.environment:checking '/home/sleepy/robp-group7-sleepy/src/core/install/odometry2/lib'
[2.015s] Level 1:colcon.colcon_core.environment:checking '/home/sleepy/robp-group7-sleepy/src/core/install/odometry2/bin'
[2.015s] Level 1:colcon.colcon_core.environment:checking '/home/sleepy/robp-group7-sleepy/src/core/install/odometry2/lib/pkgconfig/odometry2.pc'
[2.016s] Level 1:colcon.colcon_core.environment:checking '/home/sleepy/robp-group7-sleepy/src/core/install/odometry2/lib/python3.12/site-packages'
[2.016s] Level 1:colcon.colcon_core.shell:create_environment_hook('odometry2', 'pythonpath')
[2.016s] INFO:colcon.colcon_core.shell:Creating environment hook '/home/sleepy/robp-group7-sleepy/src/core/install/odometry2/share/odometry2/hook/pythonpath.ps1'
[2.017s] INFO:colcon.colcon_core.shell:Creating environment descriptor '/home/sleepy/robp-group7-sleepy/src/core/install/odometry2/share/odometry2/hook/pythonpath.dsv'
[2.017s] INFO:colcon.colcon_core.shell:Creating environment hook '/home/sleepy/robp-group7-sleepy/src/core/install/odometry2/share/odometry2/hook/pythonpath.sh'
[2.018s] Level 1:colcon.colcon_core.environment:checking '/home/sleepy/robp-group7-sleepy/src/core/install/odometry2/bin'
[2.018s] Level 1:colcon.colcon_core.environment:create_environment_scripts_only(odometry2)
[2.018s] INFO:colcon.colcon_core.shell:Creating package script '/home/sleepy/robp-group7-sleepy/src/core/install/odometry2/share/odometry2/package.ps1'
[2.019s] INFO:colcon.colcon_core.shell:Creating package descriptor '/home/sleepy/robp-group7-sleepy/src/core/install/odometry2/share/odometry2/package.dsv'
[2.020s] INFO:colcon.colcon_core.shell:Creating package script '/home/sleepy/robp-group7-sleepy/src/core/install/odometry2/share/odometry2/package.sh'
[2.020s] INFO:colcon.colcon_core.shell:Creating package script '/home/sleepy/robp-group7-sleepy/src/core/install/odometry2/share/odometry2/package.bash'
[2.021s] INFO:colcon.colcon_core.shell:Creating package script '/home/sleepy/robp-group7-sleepy/src/core/install/odometry2/share/odometry2/package.zsh'
[2.022s] Level 1:colcon.colcon_core.environment:create_file_with_runtime_dependencies(/home/sleepy/robp-group7-sleepy/src/core/install/odometry2/share/colcon-core/packages/odometry2)
[2.022s] DEBUG:colcon.colcon_parallel_executor.executor.parallel:closing loop
[2.023s] DEBUG:colcon.colcon_parallel_executor.executor.parallel:loop closed
[2.023s] DEBUG:colcon.colcon_parallel_executor.executor.parallel:run_until_complete finished with '0'
[2.023s] DEBUG:colcon.colcon_core.event_reactor:joining thread
[2.029s] INFO:colcon.colcon_core.plugin_system:Skipping extension 'colcon_notification.desktop_notification.terminal_notifier': Not used on non-Darwin systems
[2.029s] INFO:colcon.colcon_core.plugin_system:Skipping extension 'colcon_notification.desktop_notification.win32': Not used on non-Windows systems
[2.029s] INFO:colcon.colcon_notification.desktop_notification:Sending desktop notification using 'notify2'
[2.040s] DEBUG:colcon.colcon_core.event_reactor:joined thread
[2.041s] INFO:colcon.colcon_core.shell:Creating prefix script '/home/sleepy/robp-group7-sleepy/src/core/install/local_setup.ps1'
[2.042s] INFO:colcon.colcon_core.shell:Creating prefix util module '/home/sleepy/robp-group7-sleepy/src/core/install/_local_setup_util_ps1.py'
[2.043s] INFO:colcon.colcon_core.shell:Creating prefix chain script '/home/sleepy/robp-group7-sleepy/src/core/install/setup.ps1'
[2.045s] INFO:colcon.colcon_core.shell:Creating prefix script '/home/sleepy/robp-group7-sleepy/src/core/install/local_setup.sh'
[2.045s] INFO:colcon.colcon_core.shell:Creating prefix util module '/home/sleepy/robp-group7-sleepy/src/core/install/_local_setup_util_sh.py'
[2.046s] INFO:colcon.colcon_core.shell:Creating prefix chain script '/home/sleepy/robp-group7-sleepy/src/core/install/setup.sh'
[2.047s] INFO:colcon.colcon_core.shell:Creating prefix script '/home/sleepy/robp-group7-sleepy/src/core/install/local_setup.bash'
[2.048s] INFO:colcon.colcon_core.shell:Creating prefix chain script '/home/sleepy/robp-group7-sleepy/src/core/install/setup.bash'
[2.049s] INFO:colcon.colcon_core.shell:Creating prefix script '/home/sleepy/robp-group7-sleepy/src/core/install/local_setup.zsh'
[2.050s] INFO:colcon.colcon_core.shell:Creating prefix chain script '/home/sleepy/robp-group7-sleepy/src/core/install/setup.zsh'
