[0.059s] Invoking command in '/home/sleepy/robp-group7-sleepy/build/micro_ros_msgs': CMAKE_PREFIX_PATH=${CMAKE_PREFIX_PATH}:/home/sleepy/robp-group7-sleepy/install/simple_move:/home/sleepy/robp-group7-sleepy/install/core_launch:/home/sleepy/robp-group7-sleepy/install/robp_launch:/home/sleepy/robp-group7-sleepy/install/perception:/home/sleepy/robp-group7-sleepy/install/odometry:/home/sleepy/robp-group7-sleepy/install/navigation:/home/sleepy/robp-group7-sleepy/install/lidar_processing:/home/sleepy/robp-group7-sleepy/install/arm_servos_pubs_subs:/home/sleepy/robp-group7-sleepy/install/arm_control:/opt/ros/jazzy DEBUGINFOD_URLS=https://debuginfod.ubuntu.com /usr/bin/cmake --build /home/sleepy/robp-group7-sleepy/build/micro_ros_msgs -- -j8 -l8
[1.180s] [  1%] Built target micro_ros_msgs__rosidl_generator_type_description
[1.180s] [  1%] Built target ament_cmake_python_symlink_micro_ros_msgs
[1.181s] [  3%] Built target micro_ros_msgs__cpp
[1.181s] [ 24%] Built target micro_ros_msgs__rosidl_generator_c
[1.181s] [ 33%] Built target micro_ros_msgs__rosidl_typesupport_c
[1.181s] [ 42%] Built target micro_ros_msgs__rosidl_typesupport_cpp
[1.181s] [ 51%] Built target micro_ros_msgs__rosidl_typesupport_fastrtps_c
[1.181s] [ 61%] Built target micro_ros_msgs__rosidl_typesupport_introspection_c
[1.182s] [ 70%] Built target micro_ros_msgs__rosidl_typesupport_introspection_cpp
[1.182s] [ 79%] Built target micro_ros_msgs__rosidl_typesupport_fastrtps_cpp
[1.182s] [ 79%] Built target micro_ros_msgs
[1.182s] [ 81%] Built target micro_ros_msgs__py
[1.182s] [ 88%] Built target micro_ros_msgs__rosidl_generator_py
[1.182s] [ 92%] Built target micro_ros_msgs_s__rosidl_typesupport_introspection_c
[1.183s] [ 96%] Built target micro_ros_msgs_s__rosidl_typesupport_c
[1.183s] [100%] Built target micro_ros_msgs_s__rosidl_typesupport_fastrtps_c
[1.183s] running egg_info
[1.183s] writing micro_ros_msgs.egg-info/PKG-INFO
[1.183s] writing dependency_links to micro_ros_msgs.egg-info/dependency_links.txt
[1.183s] writing top-level names to micro_ros_msgs.egg-info/top_level.txt
[1.184s] reading manifest file 'micro_ros_msgs.egg-info/SOURCES.txt'
[1.184s] writing manifest file 'micro_ros_msgs.egg-info/SOURCES.txt'
[1.184s] [100%] Built target ament_cmake_python_build_micro_ros_msgs_egg
[1.201s] Invoked command in '/home/sleepy/robp-group7-sleepy/build/micro_ros_msgs' returned '0': CMAKE_PREFIX_PATH=${CMAKE_PREFIX_PATH}:/home/sleepy/robp-group7-sleepy/install/simple_move:/home/sleepy/robp-group7-sleepy/install/core_launch:/home/sleepy/robp-group7-sleepy/install/robp_launch:/home/sleepy/robp-group7-sleepy/install/perception:/home/sleepy/robp-group7-sleepy/install/odometry:/home/sleepy/robp-group7-sleepy/install/navigation:/home/sleepy/robp-group7-sleepy/install/lidar_processing:/home/sleepy/robp-group7-sleepy/install/arm_servos_pubs_subs:/home/sleepy/robp-group7-sleepy/install/arm_control:/opt/ros/jazzy DEBUGINFOD_URLS=https://debuginfod.ubuntu.com /usr/bin/cmake --build /home/sleepy/robp-group7-sleepy/build/micro_ros_msgs -- -j8 -l8
[1.202s] Invoking command in '/home/sleepy/robp-group7-sleepy/build/micro_ros_msgs': CMAKE_PREFIX_PATH=${CMAKE_PREFIX_PATH}:/home/sleepy/robp-group7-sleepy/install/simple_move:/home/sleepy/robp-group7-sleepy/install/core_launch:/home/sleepy/robp-group7-sleepy/install/robp_launch:/home/sleepy/robp-group7-sleepy/install/perception:/home/sleepy/robp-group7-sleepy/install/odometry:/home/sleepy/robp-group7-sleepy/install/navigation:/home/sleepy/robp-group7-sleepy/install/lidar_processing:/home/sleepy/robp-group7-sleepy/install/arm_servos_pubs_subs:/home/sleepy/robp-group7-sleepy/install/arm_control:/opt/ros/jazzy DEBUGINFOD_URLS=https://debuginfod.ubuntu.com /usr/bin/cmake --install /home/sleepy/robp-group7-sleepy/build/micro_ros_msgs
[1.231s] -- Install configuration: ""
[1.235s] -- Execute custom install script
[1.236s] -- Up-to-date symlink: /home/sleepy/robp-group7-sleepy/install/micro_ros_msgs/share/ament_index/resource_index/rosidl_interfaces/micro_ros_msgs
[1.236s] -- Up-to-date symlink: /home/sleepy/robp-group7-sleepy/install/micro_ros_msgs/share/micro_ros_msgs/msg/Graph.json
[1.236s] -- Up-to-date symlink: /home/sleepy/robp-group7-sleepy/install/micro_ros_msgs/share/micro_ros_msgs/msg/Node.json
[1.236s] -- Up-to-date symlink: /home/sleepy/robp-group7-sleepy/install/micro_ros_msgs/share/micro_ros_msgs/msg/Entity.json
[1.236s] -- Up-to-date symlink: /home/sleepy/robp-group7-sleepy/install/micro_ros_msgs/include/micro_ros_msgs/micro_ros_msgs/msg/detail/entity__functions.h
[1.240s] -- Up-to-date symlink: /home/sleepy/robp-group7-sleepy/install/micro_ros_msgs/include/micro_ros_msgs/micro_ros_msgs/msg/detail/entity__struct.h
[1.240s] -- Up-to-date symlink: /home/sleepy/robp-group7-sleepy/install/micro_ros_msgs/include/micro_ros_msgs/micro_ros_msgs/msg/detail/entity__type_support.h
[1.240s] -- Up-to-date symlink: /home/sleepy/robp-group7-sleepy/install/micro_ros_msgs/include/micro_ros_msgs/micro_ros_msgs/msg/detail/graph__functions.h
[1.240s] -- Up-to-date symlink: /home/sleepy/robp-group7-sleepy/install/micro_ros_msgs/include/micro_ros_msgs/micro_ros_msgs/msg/detail/graph__struct.h
[1.246s] -- Up-to-date symlink: /home/sleepy/robp-group7-sleepy/install/micro_ros_msgs/include/micro_ros_msgs/micro_ros_msgs/msg/detail/graph__type_support.h
[1.246s] -- Up-to-date symlink: /home/sleepy/robp-group7-sleepy/install/micro_ros_msgs/include/micro_ros_msgs/micro_ros_msgs/msg/detail/node__functions.h
[1.246s] -- Up-to-date symlink: /home/sleepy/robp-group7-sleepy/install/micro_ros_msgs/include/micro_ros_msgs/micro_ros_msgs/msg/detail/node__struct.h
[1.246s] -- Up-to-date symlink: /home/sleepy/robp-group7-sleepy/install/micro_ros_msgs/include/micro_ros_msgs/micro_ros_msgs/msg/detail/node__type_support.h
[1.246s] -- Up-to-date symlink: /home/sleepy/robp-group7-sleepy/install/micro_ros_msgs/include/micro_ros_msgs/micro_ros_msgs/msg/entity.h
[1.246s] -- Up-to-date symlink: /home/sleepy/robp-group7-sleepy/install/micro_ros_msgs/include/micro_ros_msgs/micro_ros_msgs/msg/graph.h
[1.247s] -- Up-to-date symlink: /home/sleepy/robp-group7-sleepy/install/micro_ros_msgs/include/micro_ros_msgs/micro_ros_msgs/msg/node.h
[1.247s] -- Up-to-date symlink: /home/sleepy/robp-group7-sleepy/install/micro_ros_msgs/include/micro_ros_msgs/micro_ros_msgs/msg/rosidl_generator_c__visibility_control.h
[1.247s] -- Up-to-date symlink: /home/sleepy/robp-group7-sleepy/install/micro_ros_msgs/share/micro_ros_msgs/environment/library_path.sh
[1.252s] -- Up-to-date symlink: /home/sleepy/robp-group7-sleepy/install/micro_ros_msgs/share/micro_ros_msgs/environment/library_path.dsv
[1.256s] -- Up-to-date symlink: /home/sleepy/robp-group7-sleepy/install/micro_ros_msgs/include/micro_ros_msgs/micro_ros_msgs/msg/detail/entity__rosidl_typesupport_fastrtps_c.h
[1.256s] -- Up-to-date symlink: /home/sleepy/robp-group7-sleepy/install/micro_ros_msgs/include/micro_ros_msgs/micro_ros_msgs/msg/detail/graph__rosidl_typesupport_fastrtps_c.h
[1.256s] -- Up-to-date symlink: /home/sleepy/robp-group7-sleepy/install/micro_ros_msgs/include/micro_ros_msgs/micro_ros_msgs/msg/detail/node__rosidl_typesupport_fastrtps_c.h
[1.256s] -- Up-to-date symlink: /home/sleepy/robp-group7-sleepy/install/micro_ros_msgs/include/micro_ros_msgs/micro_ros_msgs/msg/rosidl_typesupport_fastrtps_c__visibility_control.h
[1.256s] -- Up-to-date symlink: /home/sleepy/robp-group7-sleepy/install/micro_ros_msgs/include/micro_ros_msgs/micro_ros_msgs/msg/detail/entity__rosidl_typesupport_introspection_c.h
[1.256s] -- Up-to-date symlink: /home/sleepy/robp-group7-sleepy/install/micro_ros_msgs/include/micro_ros_msgs/micro_ros_msgs/msg/detail/graph__rosidl_typesupport_introspection_c.h
[1.259s] -- Up-to-date symlink: /home/sleepy/robp-group7-sleepy/install/micro_ros_msgs/include/micro_ros_msgs/micro_ros_msgs/msg/detail/node__rosidl_typesupport_introspection_c.h
[1.260s] -- Up-to-date symlink: /home/sleepy/robp-group7-sleepy/install/micro_ros_msgs/include/micro_ros_msgs/micro_ros_msgs/msg/rosidl_typesupport_introspection_c__visibility_control.h
[1.260s] -- Up-to-date symlink: /home/sleepy/robp-group7-sleepy/install/micro_ros_msgs/include/micro_ros_msgs/micro_ros_msgs/msg/detail/entity__builder.hpp
[1.260s] -- Up-to-date symlink: /home/sleepy/robp-group7-sleepy/install/micro_ros_msgs/include/micro_ros_msgs/micro_ros_msgs/msg/detail/entity__struct.hpp
[1.260s] -- Up-to-date symlink: /home/sleepy/robp-group7-sleepy/install/micro_ros_msgs/include/micro_ros_msgs/micro_ros_msgs/msg/detail/entity__traits.hpp
[1.260s] -- Up-to-date symlink: /home/sleepy/robp-group7-sleepy/install/micro_ros_msgs/include/micro_ros_msgs/micro_ros_msgs/msg/detail/entity__type_support.hpp
[1.261s] -- Up-to-date symlink: /home/sleepy/robp-group7-sleepy/install/micro_ros_msgs/include/micro_ros_msgs/micro_ros_msgs/msg/detail/graph__builder.hpp
[1.261s] -- Up-to-date symlink: /home/sleepy/robp-group7-sleepy/install/micro_ros_msgs/include/micro_ros_msgs/micro_ros_msgs/msg/detail/graph__struct.hpp
[1.261s] -- Up-to-date symlink: /home/sleepy/robp-group7-sleepy/install/micro_ros_msgs/include/micro_ros_msgs/micro_ros_msgs/msg/detail/graph__traits.hpp
[1.261s] -- Up-to-date symlink: /home/sleepy/robp-group7-sleepy/install/micro_ros_msgs/include/micro_ros_msgs/micro_ros_msgs/msg/detail/graph__type_support.hpp
[1.261s] -- Up-to-date symlink: /home/sleepy/robp-group7-sleepy/install/micro_ros_msgs/include/micro_ros_msgs/micro_ros_msgs/msg/detail/node__builder.hpp
[1.261s] -- Up-to-date symlink: /home/sleepy/robp-group7-sleepy/install/micro_ros_msgs/include/micro_ros_msgs/micro_ros_msgs/msg/detail/node__struct.hpp
[1.262s] -- Up-to-date symlink: /home/sleepy/robp-group7-sleepy/install/micro_ros_msgs/include/micro_ros_msgs/micro_ros_msgs/msg/detail/node__traits.hpp
[1.262s] -- Up-to-date symlink: /home/sleepy/robp-group7-sleepy/install/micro_ros_msgs/include/micro_ros_msgs/micro_ros_msgs/msg/detail/node__type_support.hpp
[1.262s] -- Up-to-date symlink: /home/sleepy/robp-group7-sleepy/install/micro_ros_msgs/include/micro_ros_msgs/micro_ros_msgs/msg/entity.hpp
[1.262s] -- Up-to-date symlink: /home/sleepy/robp-group7-sleepy/install/micro_ros_msgs/include/micro_ros_msgs/micro_ros_msgs/msg/graph.hpp
[1.262s] -- Up-to-date symlink: /home/sleepy/robp-group7-sleepy/install/micro_ros_msgs/include/micro_ros_msgs/micro_ros_msgs/msg/node.hpp
[1.262s] -- Up-to-date symlink: /home/sleepy/robp-group7-sleepy/install/micro_ros_msgs/include/micro_ros_msgs/micro_ros_msgs/msg/rosidl_generator_cpp__visibility_control.hpp
[1.262s] -- Up-to-date symlink: /home/sleepy/robp-group7-sleepy/install/micro_ros_msgs/include/micro_ros_msgs/micro_ros_msgs/msg/detail/entity__rosidl_typesupport_fastrtps_cpp.hpp
[1.263s] -- Up-to-date symlink: /home/sleepy/robp-group7-sleepy/install/micro_ros_msgs/include/micro_ros_msgs/micro_ros_msgs/msg/detail/graph__rosidl_typesupport_fastrtps_cpp.hpp
[1.263s] -- Up-to-date symlink: /home/sleepy/robp-group7-sleepy/install/micro_ros_msgs/include/micro_ros_msgs/micro_ros_msgs/msg/detail/node__rosidl_typesupport_fastrtps_cpp.hpp
[1.263s] -- Up-to-date symlink: /home/sleepy/robp-group7-sleepy/install/micro_ros_msgs/include/micro_ros_msgs/micro_ros_msgs/msg/rosidl_typesupport_fastrtps_cpp__visibility_control.h
[1.263s] -- Up-to-date symlink: /home/sleepy/robp-group7-sleepy/install/micro_ros_msgs/include/micro_ros_msgs/micro_ros_msgs/msg/detail/entity__rosidl_typesupport_introspection_cpp.hpp
[1.263s] -- Up-to-date symlink: /home/sleepy/robp-group7-sleepy/install/micro_ros_msgs/include/micro_ros_msgs/micro_ros_msgs/msg/detail/graph__rosidl_typesupport_introspection_cpp.hpp
[1.268s] -- Up-to-date symlink: /home/sleepy/robp-group7-sleepy/install/micro_ros_msgs/include/micro_ros_msgs/micro_ros_msgs/msg/detail/node__rosidl_typesupport_introspection_cpp.hpp
[1.269s] -- Up-to-date symlink: /home/sleepy/robp-group7-sleepy/install/micro_ros_msgs/share/micro_ros_msgs/environment/pythonpath.sh
[1.269s] -- Up-to-date symlink: /home/sleepy/robp-group7-sleepy/install/micro_ros_msgs/share/micro_ros_msgs/environment/pythonpath.dsv
[1.269s] -- Up-to-date symlink: /home/sleepy/robp-group7-sleepy/install/micro_ros_msgs/lib/python3.12/site-packages/micro_ros_msgs-5.0.2-py3.12.egg-info/PKG-INFO
[1.269s] -- Up-to-date symlink: /home/sleepy/robp-group7-sleepy/install/micro_ros_msgs/lib/python3.12/site-packages/micro_ros_msgs-5.0.2-py3.12.egg-info/SOURCES.txt
[1.269s] -- Up-to-date symlink: /home/sleepy/robp-group7-sleepy/install/micro_ros_msgs/lib/python3.12/site-packages/micro_ros_msgs-5.0.2-py3.12.egg-info/dependency_links.txt
[1.270s] -- Up-to-date symlink: /home/sleepy/robp-group7-sleepy/install/micro_ros_msgs/lib/python3.12/site-packages/micro_ros_msgs-5.0.2-py3.12.egg-info/top_level.txt
[1.274s] -- Up-to-date symlink: /home/sleepy/robp-group7-sleepy/install/micro_ros_msgs/lib/python3.12/site-packages/micro_ros_msgs/__init__.py
[1.274s] -- Up-to-date symlink: /home/sleepy/robp-group7-sleepy/install/micro_ros_msgs/lib/python3.12/site-packages/micro_ros_msgs/_micro_ros_msgs_s.ep.rosidl_typesupport_c.c
[1.274s] -- Up-to-date symlink: /home/sleepy/robp-group7-sleepy/install/micro_ros_msgs/lib/python3.12/site-packages/micro_ros_msgs/_micro_ros_msgs_s.ep.rosidl_typesupport_fastrtps_c.c
[1.274s] -- Up-to-date symlink: /home/sleepy/robp-group7-sleepy/install/micro_ros_msgs/lib/python3.12/site-packages/micro_ros_msgs/_micro_ros_msgs_s.ep.rosidl_typesupport_introspection_c.c
[1.274s] -- Up-to-date symlink: /home/sleepy/robp-group7-sleepy/install/micro_ros_msgs/lib/python3.12/site-packages/micro_ros_msgs/micro_ros_msgs_s__rosidl_typesupport_c.so
[1.275s] -- Up-to-date symlink: /home/sleepy/robp-group7-sleepy/install/micro_ros_msgs/lib/python3.12/site-packages/micro_ros_msgs/micro_ros_msgs_s__rosidl_typesupport_fastrtps_c.so
[1.280s] -- Up-to-date symlink: /home/sleepy/robp-group7-sleepy/install/micro_ros_msgs/lib/python3.12/site-packages/micro_ros_msgs/micro_ros_msgs_s__rosidl_typesupport_introspection_c.so
[1.280s] -- Up-to-date symlink: /home/sleepy/robp-group7-sleepy/install/micro_ros_msgs/lib/python3.12/site-packages/micro_ros_msgs/msg/__init__.py
[1.281s] -- Up-to-date symlink: /home/sleepy/robp-group7-sleepy/install/micro_ros_msgs/lib/python3.12/site-packages/micro_ros_msgs/msg/_entity.py
[1.281s] -- Up-to-date symlink: /home/sleepy/robp-group7-sleepy/install/micro_ros_msgs/lib/python3.12/site-packages/micro_ros_msgs/msg/_entity_s.c
[1.281s] -- Up-to-date symlink: /home/sleepy/robp-group7-sleepy/install/micro_ros_msgs/lib/python3.12/site-packages/micro_ros_msgs/msg/_graph.py
[1.281s] -- Up-to-date symlink: /home/sleepy/robp-group7-sleepy/install/micro_ros_msgs/lib/python3.12/site-packages/micro_ros_msgs/msg/_graph_s.c
[1.281s] -- Up-to-date symlink: /home/sleepy/robp-group7-sleepy/install/micro_ros_msgs/lib/python3.12/site-packages/micro_ros_msgs/msg/_node.py
[1.281s] -- Up-to-date symlink: /home/sleepy/robp-group7-sleepy/install/micro_ros_msgs/lib/python3.12/site-packages/micro_ros_msgs/msg/_node_s.c
[1.281s] -- Up-to-date symlink: /home/sleepy/robp-group7-sleepy/install/micro_ros_msgs/lib/python3.12/site-packages/micro_ros_msgs/micro_ros_msgs_s__rosidl_typesupport_fastrtps_c.so
[1.293s] -- Up-to-date symlink: /home/sleepy/robp-group7-sleepy/install/micro_ros_msgs/lib/python3.12/site-packages/micro_ros_msgs/micro_ros_msgs_s__rosidl_typesupport_introspection_c.so
[1.293s] -- Up-to-date symlink: /home/sleepy/robp-group7-sleepy/install/micro_ros_msgs/lib/python3.12/site-packages/micro_ros_msgs/micro_ros_msgs_s__rosidl_typesupport_c.so
[1.294s] -- Up-to-date symlink: /home/sleepy/robp-group7-sleepy/install/micro_ros_msgs/share/micro_ros_msgs/msg/Graph.idl
[1.294s] -- Up-to-date symlink: /home/sleepy/robp-group7-sleepy/install/micro_ros_msgs/share/micro_ros_msgs/msg/Node.idl
[1.294s] -- Up-to-date symlink: /home/sleepy/robp-group7-sleepy/install/micro_ros_msgs/share/micro_ros_msgs/msg/Entity.idl
[1.294s] -- Up-to-date symlink: /home/sleepy/robp-group7-sleepy/install/micro_ros_msgs/share/micro_ros_msgs/msg/Graph.msg
[1.294s] -- Up-to-date symlink: /home/sleepy/robp-group7-sleepy/install/micro_ros_msgs/share/micro_ros_msgs/msg/Node.msg
[1.294s] -- Up-to-date symlink: /home/sleepy/robp-group7-sleepy/install/micro_ros_msgs/share/micro_ros_msgs/msg/Entity.msg
[1.295s] -- Up-to-date symlink: /home/sleepy/robp-group7-sleepy/install/micro_ros_msgs/share/ament_index/resource_index/package_run_dependencies/micro_ros_msgs
[1.295s] -- Up-to-date symlink: /home/sleepy/robp-group7-sleepy/install/micro_ros_msgs/share/ament_index/resource_index/parent_prefix_path/micro_ros_msgs
[1.295s] -- Up-to-date symlink: /home/sleepy/robp-group7-sleepy/install/micro_ros_msgs/share/micro_ros_msgs/environment/ament_prefix_path.sh
[1.305s] -- Up-to-date symlink: /home/sleepy/robp-group7-sleepy/install/micro_ros_msgs/share/micro_ros_msgs/environment/ament_prefix_path.dsv
[1.305s] -- Up-to-date symlink: /home/sleepy/robp-group7-sleepy/install/micro_ros_msgs/share/micro_ros_msgs/environment/path.sh
[1.305s] -- Up-to-date symlink: /home/sleepy/robp-group7-sleepy/install/micro_ros_msgs/share/micro_ros_msgs/environment/path.dsv
[1.305s] -- Up-to-date symlink: /home/sleepy/robp-group7-sleepy/install/micro_ros_msgs/share/micro_ros_msgs/local_setup.bash
[1.308s] -- Up-to-date symlink: /home/sleepy/robp-group7-sleepy/install/micro_ros_msgs/share/micro_ros_msgs/local_setup.sh
[1.327s] -- Up-to-date symlink: /home/sleepy/robp-group7-sleepy/install/micro_ros_msgs/share/micro_ros_msgs/local_setup.zsh
[1.327s] -- Up-to-date symlink: /home/sleepy/robp-group7-sleepy/install/micro_ros_msgs/share/micro_ros_msgs/local_setup.dsv
[1.327s] -- Symlinking: /home/sleepy/robp-group7-sleepy/install/micro_ros_msgs/share/micro_ros_msgs/package.dsv
[1.343s] -- Up-to-date symlink: /home/sleepy/robp-group7-sleepy/install/micro_ros_msgs/share/ament_index/resource_index/packages/micro_ros_msgs
[1.343s] -- Up-to-date symlink: /home/sleepy/robp-group7-sleepy/install/micro_ros_msgs/share/micro_ros_msgs/cmake/rosidl_cmake-extras.cmake
[1.359s] -- Up-to-date symlink: /home/sleepy/robp-group7-sleepy/install/micro_ros_msgs/share/micro_ros_msgs/cmake/ament_cmake_export_include_directories-extras.cmake
[1.359s] -- Up-to-date symlink: /home/sleepy/robp-group7-sleepy/install/micro_ros_msgs/share/micro_ros_msgs/cmake/ament_cmake_export_libraries-extras.cmake
[1.359s] -- Up-to-date symlink: /home/sleepy/robp-group7-sleepy/install/micro_ros_msgs/share/micro_ros_msgs/cmake/ament_cmake_export_targets-extras.cmake
[1.359s] -- Up-to-date symlink: /home/sleepy/robp-group7-sleepy/install/micro_ros_msgs/share/micro_ros_msgs/cmake/rosidl_cmake_export_typesupport_targets-extras.cmake
[1.359s] -- Up-to-date symlink: /home/sleepy/robp-group7-sleepy/install/micro_ros_msgs/share/micro_ros_msgs/cmake/ament_cmake_export_dependencies-extras.cmake
[1.360s] -- Up-to-date symlink: /home/sleepy/robp-group7-sleepy/install/micro_ros_msgs/share/micro_ros_msgs/cmake/rosidl_cmake_export_typesupport_libraries-extras.cmake
[1.360s] -- Up-to-date symlink: /home/sleepy/robp-group7-sleepy/install/micro_ros_msgs/share/micro_ros_msgs/cmake/micro_ros_msgsConfig.cmake
[1.360s] -- Up-to-date symlink: /home/sleepy/robp-group7-sleepy/install/micro_ros_msgs/share/micro_ros_msgs/cmake/micro_ros_msgsConfig-version.cmake
[1.360s] -- Up-to-date symlink: /home/sleepy/robp-group7-sleepy/install/micro_ros_msgs/share/micro_ros_msgs/package.xml
[1.360s] -- Up-to-date: /home/sleepy/robp-group7-sleepy/install/micro_ros_msgs/lib/libmicro_ros_msgs__rosidl_generator_c.so
[1.366s] -- Up-to-date: /home/sleepy/robp-group7-sleepy/install/micro_ros_msgs/lib/libmicro_ros_msgs__rosidl_typesupport_fastrtps_c.so
[1.366s] -- Up-to-date: /home/sleepy/robp-group7-sleepy/install/micro_ros_msgs/lib/libmicro_ros_msgs__rosidl_typesupport_introspection_c.so
[1.366s] -- Up-to-date: /home/sleepy/robp-group7-sleepy/install/micro_ros_msgs/lib/libmicro_ros_msgs__rosidl_typesupport_c.so
[1.367s] -- Up-to-date: /home/sleepy/robp-group7-sleepy/install/micro_ros_msgs/lib/libmicro_ros_msgs__rosidl_typesupport_fastrtps_cpp.so
[1.376s] -- Up-to-date: /home/sleepy/robp-group7-sleepy/install/micro_ros_msgs/lib/libmicro_ros_msgs__rosidl_typesupport_introspection_cpp.so
[1.377s] -- Up-to-date: /home/sleepy/robp-group7-sleepy/install/micro_ros_msgs/lib/libmicro_ros_msgs__rosidl_typesupport_cpp.so
[1.483s] Listing '/home/sleepy/robp-group7-sleepy/install/micro_ros_msgs/lib/python3.12/site-packages/micro_ros_msgs'...
[1.483s] Listing '/home/sleepy/robp-group7-sleepy/install/micro_ros_msgs/lib/python3.12/site-packages/micro_ros_msgs/msg'...
[1.507s] -- Up-to-date: /home/sleepy/robp-group7-sleepy/install/micro_ros_msgs/lib/libmicro_ros_msgs__rosidl_generator_py.so
[1.519s] -- Up-to-date: /home/sleepy/robp-group7-sleepy/install/micro_ros_msgs/share/micro_ros_msgs/cmake/export_micro_ros_msgs__rosidl_generator_cExport.cmake
[1.523s] -- Up-to-date: /home/sleepy/robp-group7-sleepy/install/micro_ros_msgs/share/micro_ros_msgs/cmake/export_micro_ros_msgs__rosidl_generator_cExport-noconfig.cmake
[1.523s] -- Up-to-date: /home/sleepy/robp-group7-sleepy/install/micro_ros_msgs/share/micro_ros_msgs/cmake/export_micro_ros_msgs__rosidl_typesupport_fastrtps_cExport.cmake
[1.523s] -- Up-to-date: /home/sleepy/robp-group7-sleepy/install/micro_ros_msgs/share/micro_ros_msgs/cmake/export_micro_ros_msgs__rosidl_typesupport_fastrtps_cExport-noconfig.cmake
[1.523s] -- Up-to-date: /home/sleepy/robp-group7-sleepy/install/micro_ros_msgs/share/micro_ros_msgs/cmake/micro_ros_msgs__rosidl_typesupport_introspection_cExport.cmake
[1.523s] -- Up-to-date: /home/sleepy/robp-group7-sleepy/install/micro_ros_msgs/share/micro_ros_msgs/cmake/micro_ros_msgs__rosidl_typesupport_introspection_cExport-noconfig.cmake
[1.523s] -- Up-to-date: /home/sleepy/robp-group7-sleepy/install/micro_ros_msgs/share/micro_ros_msgs/cmake/micro_ros_msgs__rosidl_typesupport_cExport.cmake
[1.524s] -- Up-to-date: /home/sleepy/robp-group7-sleepy/install/micro_ros_msgs/share/micro_ros_msgs/cmake/micro_ros_msgs__rosidl_typesupport_cExport-noconfig.cmake
[1.524s] -- Up-to-date: /home/sleepy/robp-group7-sleepy/install/micro_ros_msgs/share/micro_ros_msgs/cmake/export_micro_ros_msgs__rosidl_generator_cppExport.cmake
[1.524s] -- Up-to-date: /home/sleepy/robp-group7-sleepy/install/micro_ros_msgs/share/micro_ros_msgs/cmake/export_micro_ros_msgs__rosidl_typesupport_fastrtps_cppExport.cmake
[1.524s] -- Up-to-date: /home/sleepy/robp-group7-sleepy/install/micro_ros_msgs/share/micro_ros_msgs/cmake/export_micro_ros_msgs__rosidl_typesupport_fastrtps_cppExport-noconfig.cmake
[1.524s] -- Up-to-date: /home/sleepy/robp-group7-sleepy/install/micro_ros_msgs/share/micro_ros_msgs/cmake/micro_ros_msgs__rosidl_typesupport_introspection_cppExport.cmake
[1.524s] -- Up-to-date: /home/sleepy/robp-group7-sleepy/install/micro_ros_msgs/share/micro_ros_msgs/cmake/micro_ros_msgs__rosidl_typesupport_introspection_cppExport-noconfig.cmake
[1.525s] -- Up-to-date: /home/sleepy/robp-group7-sleepy/install/micro_ros_msgs/share/micro_ros_msgs/cmake/micro_ros_msgs__rosidl_typesupport_cppExport.cmake
[1.525s] -- Up-to-date: /home/sleepy/robp-group7-sleepy/install/micro_ros_msgs/share/micro_ros_msgs/cmake/micro_ros_msgs__rosidl_typesupport_cppExport-noconfig.cmake
[1.525s] -- Up-to-date: /home/sleepy/robp-group7-sleepy/install/micro_ros_msgs/share/micro_ros_msgs/cmake/export_micro_ros_msgs__rosidl_generator_pyExport.cmake
[1.525s] -- Up-to-date: /home/sleepy/robp-group7-sleepy/install/micro_ros_msgs/share/micro_ros_msgs/cmake/export_micro_ros_msgs__rosidl_generator_pyExport-noconfig.cmake
[2.123s] Invoked command in '/home/sleepy/robp-group7-sleepy/build/micro_ros_msgs' returned '0': CMAKE_PREFIX_PATH=${CMAKE_PREFIX_PATH}:/home/sleepy/robp-group7-sleepy/install/simple_move:/home/sleepy/robp-group7-sleepy/install/core_launch:/home/sleepy/robp-group7-sleepy/install/robp_launch:/home/sleepy/robp-group7-sleepy/install/perception:/home/sleepy/robp-group7-sleepy/install/odometry:/home/sleepy/robp-group7-sleepy/install/navigation:/home/sleepy/robp-group7-sleepy/install/lidar_processing:/home/sleepy/robp-group7-sleepy/install/arm_servos_pubs_subs:/home/sleepy/robp-group7-sleepy/install/arm_control:/opt/ros/jazzy DEBUGINFOD_URLS=https://debuginfod.ubuntu.com /usr/bin/cmake --install /home/sleepy/robp-group7-sleepy/build/micro_ros_msgs
