running egg_info
writing ../build/odometry2/odometry2.egg-info/PKG-INFO
writing dependency_links to ../build/odometry2/odometry2.egg-info/dependency_links.txt
writing entry points to ../build/odometry2/odometry2.egg-info/entry_points.txt
writing requirements to ../build/odometry2/odometry2.egg-info/requires.txt
writing top-level names to ../build/odometry2/odometry2.egg-info/top_level.txt
reading manifest file '../build/odometry2/odometry2.egg-info/SOURCES.txt'
writing manifest file '../build/odometry2/odometry2.egg-info/SOURCES.txt'
running build
running build_py
copying odometry2/odometry2.py -> /home/sleepy/robp-group7-sleepy/src/core/build/odometry2/build/lib/odometry2
running install
running install_lib
copying /home/sleepy/robp-group7-sleepy/src/core/build/odometry2/build/lib/odometry2/odometry2.py -> /home/sleepy/robp-group7-sleepy/src/core/install/odometry2/lib/python3.12/site-packages/odometry2
byte-compiling /home/sleepy/robp-group7-sleepy/src/core/install/odometry2/lib/python3.12/site-packages/odometry2/odometry2.py to odometry2.cpython-312.pyc
running install_data
running install_egg_info
removing '/home/sleepy/robp-group7-sleepy/src/core/install/odometry2/lib/python3.12/site-packages/odometry2-0.0.0-py3.12.egg-info' (and everything under it)
Copying ../build/odometry2/odometry2.egg-info to /home/sleepy/robp-group7-sleepy/src/core/install/odometry2/lib/python3.12/site-packages/odometry2-0.0.0-py3.12.egg-info
running install_scripts
Installing odometry2 script to /home/sleepy/robp-group7-sleepy/src/core/install/odometry2/lib/odometry2
writing list of installed files to '/home/sleepy/robp-group7-sleepy/src/core/build/odometry2/install.log'
