[4.270s] Invoking command in '/home/sleepy/robp-group7-sleepy/build/perception': DEBUGINFOD_URLS=https://debuginfod.ubuntu.com PYTHONPATH=/home/sleepy/robp-group7-sleepy/build/perception/prefix_override:/usr/lib/python3/dist-packages/colcon_core/task/python/colcon_distutils_commands:/home/sleepy/robp-group7-sleepy/install/perception/lib/python3.12/site-packages:${PYTHONPATH} /usr/bin/python3 -W ignore:setup.py install is deprecated -W ignore:easy_install command is deprecated setup.py develop --editable --build-directory /home/sleepy/robp-group7-sleepy/build/perception/build --no-deps symlink_data
[6.158s] running develop
[6.233s] running egg_info
[6.233s] creating perception.egg-info
[6.275s] writing perception.egg-info/PKG-INFO
[6.276s] writing dependency_links to perception.egg-info/dependency_links.txt
[6.278s] writing entry points to perception.egg-info/entry_points.txt
[6.286s] writing requirements to perception.egg-info/requires.txt
[6.286s] writing top-level names to perception.egg-info/top_level.txt
[6.286s] writing manifest file 'perception.egg-info/SOURCES.txt'
[6.434s] reading manifest file 'perception.egg-info/SOURCES.txt'
[6.442s] writing manifest file 'perception.egg-info/SOURCES.txt'
[6.705s] running build_ext
[6.705s] Creating /home/sleepy/robp-group7-sleepy/install/perception/lib/python3.12/site-packages/perception.egg-link (link to .)
[6.705s] Installing camera_processing script to /home/sleepy/robp-group7-sleepy/install/perception/lib/perception
[6.715s] 
[6.715s] Installed /home/sleepy/robp-group7-sleepy/build/perception
[6.716s] running symlink_data
[6.716s] creating /home/sleepy/robp-group7-sleepy/install/perception/share/ament_index
[6.721s] creating /home/sleepy/robp-group7-sleepy/install/perception/share/ament_index/resource_index
[6.721s] creating /home/sleepy/robp-group7-sleepy/install/perception/share/ament_index/resource_index/packages
[6.721s] symbolically linking /home/sleepy/robp-group7-sleepy/build/perception/resource/perception -> /home/sleepy/robp-group7-sleepy/install/perception/share/ament_index/resource_index/packages
[6.721s] symbolically linking /home/sleepy/robp-group7-sleepy/build/perception/package.xml -> /home/sleepy/robp-group7-sleepy/install/perception/share/perception
[6.973s] Invoked command in '/home/sleepy/robp-group7-sleepy/build/perception' returned '0': DEBUGINFOD_URLS=https://debuginfod.ubuntu.com PYTHONPATH=/home/sleepy/robp-group7-sleepy/build/perception/prefix_override:/usr/lib/python3/dist-packages/colcon_core/task/python/colcon_distutils_commands:/home/sleepy/robp-group7-sleepy/install/perception/lib/python3.12/site-packages:${PYTHONPATH} /usr/bin/python3 -W ignore:setup.py install is deprecated -W ignore:easy_install command is deprecated setup.py develop --editable --build-directory /home/sleepy/robp-group7-sleepy/build/perception/build --no-deps symlink_data
