[0.033s] Invoking command in '/home/sleepy/robp-group7-sleepy/build/robp_phidgets_temperature': CMAKE_PREFIX_PATH=${CMAKE_PREFIX_PATH}:/home/sleepy/robp-group7-sleepy/install/robp_launch:/home/sleepy/robp-group7-sleepy/install/arm_servos_pubs_subs:/opt/ros/jazzy DEBUGINFOD_URLS=https://debuginfod.ubuntu.com /usr/bin/cmake --build /home/sleepy/robp-group7-sleepy/build/robp_phidgets_temperature -- -j8 -l8
[0.328s] [100%] Built target robp_phidgets_temperature
[0.334s] Invoked command in '/home/sleepy/robp-group7-sleepy/build/robp_phidgets_temperature' returned '0': CMAKE_PREFIX_PATH=${CMAKE_PREFIX_PATH}:/home/sleepy/robp-group7-sleepy/install/robp_launch:/home/sleepy/robp-group7-sleepy/install/arm_servos_pubs_subs:/opt/ros/jazzy DEBUGINFOD_URLS=https://debuginfod.ubuntu.com /usr/bin/cmake --build /home/sleepy/robp-group7-sleepy/build/robp_phidgets_temperature -- -j8 -l8
[0.345s] Invoking command in '/home/sleepy/robp-group7-sleepy/build/robp_phidgets_temperature': CMAKE_PREFIX_PATH=${CMAKE_PREFIX_PATH}:/home/sleepy/robp-group7-sleepy/install/robp_launch:/home/sleepy/robp-group7-sleepy/install/arm_servos_pubs_subs:/opt/ros/jazzy DEBUGINFOD_URLS=https://debuginfod.ubuntu.com /usr/bin/cmake --install /home/sleepy/robp-group7-sleepy/build/robp_phidgets_temperature
[0.356s] -- Install configuration: "Release"
[0.356s] -- Execute custom install script
[0.357s] -- Up-to-date symlink: /home/sleepy/robp-group7-sleepy/install/robp_phidgets_temperature/lib/librobp_phidgets_temperature.so
[0.358s] -- Up-to-date symlink: /home/sleepy/robp-group7-sleepy/install/robp_phidgets_temperature/include/robp_phidgets_temperature/temperature.hpp
[0.359s] -- Up-to-date symlink: /home/sleepy/robp-group7-sleepy/install/robp_phidgets_temperature/share/robp_phidgets_temperature/launch/temperature_launch.py
[0.359s] -- Up-to-date symlink: /home/sleepy/robp-group7-sleepy/install/robp_phidgets_temperature/share/ament_index/resource_index/package_run_dependencies/robp_phidgets_temperature
[0.360s] -- Up-to-date symlink: /home/sleepy/robp-group7-sleepy/install/robp_phidgets_temperature/share/ament_index/resource_index/parent_prefix_path/robp_phidgets_temperature
[0.360s] -- Up-to-date symlink: /home/sleepy/robp-group7-sleepy/install/robp_phidgets_temperature/share/robp_phidgets_temperature/environment/ament_prefix_path.sh
[0.361s] -- Up-to-date symlink: /home/sleepy/robp-group7-sleepy/install/robp_phidgets_temperature/share/robp_phidgets_temperature/environment/ament_prefix_path.dsv
[0.361s] -- Up-to-date symlink: /home/sleepy/robp-group7-sleepy/install/robp_phidgets_temperature/share/robp_phidgets_temperature/environment/path.sh
[0.362s] -- Up-to-date symlink: /home/sleepy/robp-group7-sleepy/install/robp_phidgets_temperature/share/robp_phidgets_temperature/environment/path.dsv
[0.362s] -- Up-to-date symlink: /home/sleepy/robp-group7-sleepy/install/robp_phidgets_temperature/share/robp_phidgets_temperature/local_setup.bash
[0.363s] -- Up-to-date symlink: /home/sleepy/robp-group7-sleepy/install/robp_phidgets_temperature/share/robp_phidgets_temperature/local_setup.sh
[0.364s] -- Up-to-date symlink: /home/sleepy/robp-group7-sleepy/install/robp_phidgets_temperature/share/robp_phidgets_temperature/local_setup.zsh
[0.364s] -- Up-to-date symlink: /home/sleepy/robp-group7-sleepy/install/robp_phidgets_temperature/share/robp_phidgets_temperature/local_setup.dsv
[0.364s] -- Symlinking: /home/sleepy/robp-group7-sleepy/install/robp_phidgets_temperature/share/robp_phidgets_temperature/package.dsv
[0.376s] -- Up-to-date symlink: /home/sleepy/robp-group7-sleepy/install/robp_phidgets_temperature/share/ament_index/resource_index/packages/robp_phidgets_temperature
[0.376s] -- Up-to-date symlink: /home/sleepy/robp-group7-sleepy/install/robp_phidgets_temperature/share/ament_index/resource_index/rclcpp_components/robp_phidgets_temperature
[0.377s] -- Up-to-date symlink: /home/sleepy/robp-group7-sleepy/install/robp_phidgets_temperature/share/robp_phidgets_temperature/cmake/robp_phidgets_temperatureConfig.cmake
[0.378s] -- Up-to-date symlink: /home/sleepy/robp-group7-sleepy/install/robp_phidgets_temperature/share/robp_phidgets_temperature/cmake/robp_phidgets_temperatureConfig-version.cmake
[0.379s] -- Up-to-date symlink: /home/sleepy/robp-group7-sleepy/install/robp_phidgets_temperature/share/robp_phidgets_temperature/package.xml
[0.383s] Invoked command in '/home/sleepy/robp-group7-sleepy/build/robp_phidgets_temperature' returned '0': CMAKE_PREFIX_PATH=${CMAKE_PREFIX_PATH}:/home/sleepy/robp-group7-sleepy/install/robp_launch:/home/sleepy/robp-group7-sleepy/install/arm_servos_pubs_subs:/opt/ros/jazzy DEBUGINFOD_URLS=https://debuginfod.ubuntu.com /usr/bin/cmake --install /home/sleepy/robp-group7-sleepy/build/robp_phidgets_temperature
