[0.024s] Invoking command in '/home/sleepy/robp-group7-sleepy/build/robp_phidgets_encoders': CMAKE_PREFIX_PATH=/home/sleepy/robp-group7-sleepy/install/robp_interfaces:/home/sleepy/robp-group7-sleepy/install/usb_cam:/home/sleepy/robp-group7-sleepy/install/sllidar_ros2:/home/sleepy/robp-group7-sleepy/install/robp_phidgets_temperature:/home/sleepy/robp-group7-sleepy/install/robp_phidgets_spatial:/home/sleepy/robp-group7-sleepy/install/robp_phidgets_motors:/home/sleepy/robp-group7-sleepy/install/robp_phidgets_encoders:/opt/ros/jazzy/opt/gz_math_vendor:/opt/ros/jazzy/opt/gz_utils_vendor:/opt/ros/jazzy/opt/gz_cmake_vendor:/home/sleepy/robp-group7-sleepy/install/robp_launch:/home/sleepy/robp-group7-sleepy/install/arm_servos_pubs_subs:/opt/ros/jazzy DEBUGINFOD_URLS=https://debuginfod.ubuntu.com LD_LIBRARY_PATH=/home/sleepy/robp-group7-sleepy/install/robp_interfaces/lib:/home/sleepy/robp-group7-sleepy/install/usb_cam/lib:/home/sleepy/robp-group7-sleepy/install/robp_phidgets_temperature/lib:/home/sleepy/robp-group7-sleepy/install/robp_phidgets_spatial/lib:/home/sleepy/robp-group7-sleepy/install/robp_phidgets_motors/lib:/home/sleepy/robp-group7-sleepy/install/robp_phidgets_encoders/lib:/opt/ros/jazzy/opt/rviz_ogre_vendor/lib:/opt/ros/jazzy/lib/x86_64-linux-gnu:/opt/ros/jazzy/opt/libphidget22/lib:/opt/ros/jazzy/opt/gz_math_vendor/lib:/opt/ros/jazzy/opt/gz_utils_vendor/lib:/opt/ros/jazzy/opt/gz_cmake_vendor/lib:/opt/ros/jazzy/lib PYTHONPATH=/home/sleepy/robp-group7-sleepy/install/robp_interfaces/lib/python3.12/site-packages:/home/sleepy/robp-group7-sleepy/build/robp_launch:/home/sleepy/robp-group7-sleepy/install/robp_launch/lib/python3.12/site-packages:/home/sleepy/robp-group7-sleepy/build/arm_servos_pubs_subs:/home/sleepy/robp-group7-sleepy/install/arm_servos_pubs_subs/lib/python3.12/site-packages:/opt/ros/jazzy/lib/python3.12/site-packages /usr/bin/cmake /home/sleepy/robp-group7-sleepy/src/robp_robot/robp_phidgets/robp_phidgets_encoders -DAMENT_CMAKE_SYMLINK_INSTALL=1 -DCMAKE_INSTALL_PREFIX=/home/sleepy/robp-group7-sleepy/install/robp_phidgets_encoders
[0.094s] -- The C compiler identification is GNU 13.3.0
[0.172s] -- The CXX compiler identification is GNU 13.3.0
[0.192s] -- Detecting C compiler ABI info
[0.301s] -- Detecting C compiler ABI info - done
[0.313s] -- Check for working C compiler: /usr/bin/cc - skipped
[0.314s] -- Detecting C compile features
[0.314s] -- Detecting C compile features - done
[0.324s] -- Detecting CXX compiler ABI info
[0.464s] -- Detecting CXX compiler ABI info - done
[0.476s] -- Check for working CXX compiler: /usr/bin/c++ - skipped
[0.477s] -- Detecting CXX compile features
[0.477s] -- Detecting CXX compile features - done
[0.480s] -- Found ament_cmake_ros: 0.12.0 (/opt/ros/jazzy/share/ament_cmake_ros/cmake)
[0.687s] -- Found Python3: /usr/bin/python3 (found version "3.12.3") found components: Interpreter 
[0.792s] -- Override CMake install command with custom implementation using symlinks instead of copying resources
[0.848s] -- Found libphidget22: 2.3.3 (/opt/ros/jazzy/share/libphidget22/cmake)
[0.851s] -- Found phidgets_api: 2.3.3 (/opt/ros/jazzy/share/phidgets_api/cmake)
[0.858s] -- Found rclcpp: 28.1.6 (/opt/ros/jazzy/share/rclcpp/cmake)
[0.927s] -- Found rosidl_generator_c: 4.6.5 (/opt/ros/jazzy/share/rosidl_generator_c/cmake)
[0.944s] -- Found rosidl_generator_cpp: 4.6.5 (/opt/ros/jazzy/share/rosidl_generator_cpp/cmake)
[0.969s] -- Using all available rosidl_typesupport_c: rosidl_typesupport_fastrtps_c;rosidl_typesupport_introspection_c
[1.009s] -- Using all available rosidl_typesupport_cpp: rosidl_typesupport_fastrtps_cpp;rosidl_typesupport_introspection_cpp
[1.174s] -- Found rmw_implementation_cmake: 7.3.1 (/opt/ros/jazzy/share/rmw_implementation_cmake/cmake)
[1.180s] -- Found rmw_fastrtps_cpp: 8.4.1 (/opt/ros/jazzy/share/rmw_fastrtps_cpp/cmake)
[1.316s] -- Found OpenSSL: /usr/lib/x86_64-linux-gnu/libcrypto.so (found version "3.0.13")  
[1.346s] -- Found FastRTPS: /opt/ros/jazzy/include (Required is at least version "2.13") 
[1.378s] -- Using RMW implementation 'rmw_fastrtps_cpp' as default
[1.494s] -- Found rclcpp_components: 28.1.6 (/opt/ros/jazzy/share/rclcpp_components/cmake)
[1.540s] -- Found robp_interfaces: 1.0.0 (/home/sleepy/robp-group7-sleepy/install/robp_interfaces/share/robp_interfaces/cmake)
[1.710s] -- Configuring done (1.7s)
[1.734s] -- Generating done (0.0s)
[1.743s] -- Build files have been written to: /home/sleepy/robp-group7-sleepy/build/robp_phidgets_encoders
[1.760s] Invoked command in '/home/sleepy/robp-group7-sleepy/build/robp_phidgets_encoders' returned '0': CMAKE_PREFIX_PATH=/home/sleepy/robp-group7-sleepy/install/robp_interfaces:/home/sleepy/robp-group7-sleepy/install/usb_cam:/home/sleepy/robp-group7-sleepy/install/sllidar_ros2:/home/sleepy/robp-group7-sleepy/install/robp_phidgets_temperature:/home/sleepy/robp-group7-sleepy/install/robp_phidgets_spatial:/home/sleepy/robp-group7-sleepy/install/robp_phidgets_motors:/home/sleepy/robp-group7-sleepy/install/robp_phidgets_encoders:/opt/ros/jazzy/opt/gz_math_vendor:/opt/ros/jazzy/opt/gz_utils_vendor:/opt/ros/jazzy/opt/gz_cmake_vendor:/home/sleepy/robp-group7-sleepy/install/robp_launch:/home/sleepy/robp-group7-sleepy/install/arm_servos_pubs_subs:/opt/ros/jazzy DEBUGINFOD_URLS=https://debuginfod.ubuntu.com LD_LIBRARY_PATH=/home/sleepy/robp-group7-sleepy/install/robp_interfaces/lib:/home/sleepy/robp-group7-sleepy/install/usb_cam/lib:/home/sleepy/robp-group7-sleepy/install/robp_phidgets_temperature/lib:/home/sleepy/robp-group7-sleepy/install/robp_phidgets_spatial/lib:/home/sleepy/robp-group7-sleepy/install/robp_phidgets_motors/lib:/home/sleepy/robp-group7-sleepy/install/robp_phidgets_encoders/lib:/opt/ros/jazzy/opt/rviz_ogre_vendor/lib:/opt/ros/jazzy/lib/x86_64-linux-gnu:/opt/ros/jazzy/opt/libphidget22/lib:/opt/ros/jazzy/opt/gz_math_vendor/lib:/opt/ros/jazzy/opt/gz_utils_vendor/lib:/opt/ros/jazzy/opt/gz_cmake_vendor/lib:/opt/ros/jazzy/lib PYTHONPATH=/home/sleepy/robp-group7-sleepy/install/robp_interfaces/lib/python3.12/site-packages:/home/sleepy/robp-group7-sleepy/build/robp_launch:/home/sleepy/robp-group7-sleepy/install/robp_launch/lib/python3.12/site-packages:/home/sleepy/robp-group7-sleepy/build/arm_servos_pubs_subs:/home/sleepy/robp-group7-sleepy/install/arm_servos_pubs_subs/lib/python3.12/site-packages:/opt/ros/jazzy/lib/python3.12/site-packages /usr/bin/cmake /home/sleepy/robp-group7-sleepy/src/robp_robot/robp_phidgets/robp_phidgets_encoders -DAMENT_CMAKE_SYMLINK_INSTALL=1 -DCMAKE_INSTALL_PREFIX=/home/sleepy/robp-group7-sleepy/install/robp_phidgets_encoders
[1.762s] Invoking command in '/home/sleepy/robp-group7-sleepy/build/robp_phidgets_encoders': CMAKE_PREFIX_PATH=/home/sleepy/robp-group7-sleepy/install/robp_interfaces:/home/sleepy/robp-group7-sleepy/install/usb_cam:/home/sleepy/robp-group7-sleepy/install/sllidar_ros2:/home/sleepy/robp-group7-sleepy/install/robp_phidgets_temperature:/home/sleepy/robp-group7-sleepy/install/robp_phidgets_spatial:/home/sleepy/robp-group7-sleepy/install/robp_phidgets_motors:/home/sleepy/robp-group7-sleepy/install/robp_phidgets_encoders:/opt/ros/jazzy/opt/gz_math_vendor:/opt/ros/jazzy/opt/gz_utils_vendor:/opt/ros/jazzy/opt/gz_cmake_vendor:/home/sleepy/robp-group7-sleepy/install/robp_launch:/home/sleepy/robp-group7-sleepy/install/arm_servos_pubs_subs:/opt/ros/jazzy DEBUGINFOD_URLS=https://debuginfod.ubuntu.com LD_LIBRARY_PATH=/home/sleepy/robp-group7-sleepy/install/robp_interfaces/lib:/home/sleepy/robp-group7-sleepy/install/usb_cam/lib:/home/sleepy/robp-group7-sleepy/install/robp_phidgets_temperature/lib:/home/sleepy/robp-group7-sleepy/install/robp_phidgets_spatial/lib:/home/sleepy/robp-group7-sleepy/install/robp_phidgets_motors/lib:/home/sleepy/robp-group7-sleepy/install/robp_phidgets_encoders/lib:/opt/ros/jazzy/opt/rviz_ogre_vendor/lib:/opt/ros/jazzy/lib/x86_64-linux-gnu:/opt/ros/jazzy/opt/libphidget22/lib:/opt/ros/jazzy/opt/gz_math_vendor/lib:/opt/ros/jazzy/opt/gz_utils_vendor/lib:/opt/ros/jazzy/opt/gz_cmake_vendor/lib:/opt/ros/jazzy/lib PYTHONPATH=/home/sleepy/robp-group7-sleepy/install/robp_interfaces/lib/python3.12/site-packages:/home/sleepy/robp-group7-sleepy/build/robp_launch:/home/sleepy/robp-group7-sleepy/install/robp_launch/lib/python3.12/site-packages:/home/sleepy/robp-group7-sleepy/build/arm_servos_pubs_subs:/home/sleepy/robp-group7-sleepy/install/arm_servos_pubs_subs/lib/python3.12/site-packages:/opt/ros/jazzy/lib/python3.12/site-packages /usr/bin/cmake --build /home/sleepy/robp-group7-sleepy/build/robp_phidgets_encoders -- -j8 -l8
[1.820s] [ 33%] [32mBuilding CXX object CMakeFiles/robp_phidgets_encoders.dir/src/encoders.cpp.o[0m
[1.824s] [ 66%] [32mBuilding CXX object CMakeFiles/robp_phidgets_encoders.dir/src/encoder.cpp.o[0m
[9.072s] [100%] [32m[1mLinking CXX shared library librobp_phidgets_encoders.so[0m
[9.260s] [100%] Built target robp_phidgets_encoders
[9.272s] Invoked command in '/home/sleepy/robp-group7-sleepy/build/robp_phidgets_encoders' returned '0': CMAKE_PREFIX_PATH=/home/sleepy/robp-group7-sleepy/install/robp_interfaces:/home/sleepy/robp-group7-sleepy/install/usb_cam:/home/sleepy/robp-group7-sleepy/install/sllidar_ros2:/home/sleepy/robp-group7-sleepy/install/robp_phidgets_temperature:/home/sleepy/robp-group7-sleepy/install/robp_phidgets_spatial:/home/sleepy/robp-group7-sleepy/install/robp_phidgets_motors:/home/sleepy/robp-group7-sleepy/install/robp_phidgets_encoders:/opt/ros/jazzy/opt/gz_math_vendor:/opt/ros/jazzy/opt/gz_utils_vendor:/opt/ros/jazzy/opt/gz_cmake_vendor:/home/sleepy/robp-group7-sleepy/install/robp_launch:/home/sleepy/robp-group7-sleepy/install/arm_servos_pubs_subs:/opt/ros/jazzy DEBUGINFOD_URLS=https://debuginfod.ubuntu.com LD_LIBRARY_PATH=/home/sleepy/robp-group7-sleepy/install/robp_interfaces/lib:/home/sleepy/robp-group7-sleepy/install/usb_cam/lib:/home/sleepy/robp-group7-sleepy/install/robp_phidgets_temperature/lib:/home/sleepy/robp-group7-sleepy/install/robp_phidgets_spatial/lib:/home/sleepy/robp-group7-sleepy/install/robp_phidgets_motors/lib:/home/sleepy/robp-group7-sleepy/install/robp_phidgets_encoders/lib:/opt/ros/jazzy/opt/rviz_ogre_vendor/lib:/opt/ros/jazzy/lib/x86_64-linux-gnu:/opt/ros/jazzy/opt/libphidget22/lib:/opt/ros/jazzy/opt/gz_math_vendor/lib:/opt/ros/jazzy/opt/gz_utils_vendor/lib:/opt/ros/jazzy/opt/gz_cmake_vendor/lib:/opt/ros/jazzy/lib PYTHONPATH=/home/sleepy/robp-group7-sleepy/install/robp_interfaces/lib/python3.12/site-packages:/home/sleepy/robp-group7-sleepy/build/robp_launch:/home/sleepy/robp-group7-sleepy/install/robp_launch/lib/python3.12/site-packages:/home/sleepy/robp-group7-sleepy/build/arm_servos_pubs_subs:/home/sleepy/robp-group7-sleepy/install/arm_servos_pubs_subs/lib/python3.12/site-packages:/opt/ros/jazzy/lib/python3.12/site-packages /usr/bin/cmake --build /home/sleepy/robp-group7-sleepy/build/robp_phidgets_encoders -- -j8 -l8
[9.274s] Invoking command in '/home/sleepy/robp-group7-sleepy/build/robp_phidgets_encoders': CMAKE_PREFIX_PATH=/home/sleepy/robp-group7-sleepy/install/robp_interfaces:/home/sleepy/robp-group7-sleepy/install/usb_cam:/home/sleepy/robp-group7-sleepy/install/sllidar_ros2:/home/sleepy/robp-group7-sleepy/install/robp_phidgets_temperature:/home/sleepy/robp-group7-sleepy/install/robp_phidgets_spatial:/home/sleepy/robp-group7-sleepy/install/robp_phidgets_motors:/home/sleepy/robp-group7-sleepy/install/robp_phidgets_encoders:/opt/ros/jazzy/opt/gz_math_vendor:/opt/ros/jazzy/opt/gz_utils_vendor:/opt/ros/jazzy/opt/gz_cmake_vendor:/home/sleepy/robp-group7-sleepy/install/robp_launch:/home/sleepy/robp-group7-sleepy/install/arm_servos_pubs_subs:/opt/ros/jazzy DEBUGINFOD_URLS=https://debuginfod.ubuntu.com LD_LIBRARY_PATH=/home/sleepy/robp-group7-sleepy/install/robp_interfaces/lib:/home/sleepy/robp-group7-sleepy/install/usb_cam/lib:/home/sleepy/robp-group7-sleepy/install/robp_phidgets_temperature/lib:/home/sleepy/robp-group7-sleepy/install/robp_phidgets_spatial/lib:/home/sleepy/robp-group7-sleepy/install/robp_phidgets_motors/lib:/home/sleepy/robp-group7-sleepy/install/robp_phidgets_encoders/lib:/opt/ros/jazzy/opt/rviz_ogre_vendor/lib:/opt/ros/jazzy/lib/x86_64-linux-gnu:/opt/ros/jazzy/opt/libphidget22/lib:/opt/ros/jazzy/opt/gz_math_vendor/lib:/opt/ros/jazzy/opt/gz_utils_vendor/lib:/opt/ros/jazzy/opt/gz_cmake_vendor/lib:/opt/ros/jazzy/lib PYTHONPATH=/home/sleepy/robp-group7-sleepy/install/robp_interfaces/lib/python3.12/site-packages:/home/sleepy/robp-group7-sleepy/build/robp_launch:/home/sleepy/robp-group7-sleepy/install/robp_launch/lib/python3.12/site-packages:/home/sleepy/robp-group7-sleepy/build/arm_servos_pubs_subs:/home/sleepy/robp-group7-sleepy/install/arm_servos_pubs_subs/lib/python3.12/site-packages:/opt/ros/jazzy/lib/python3.12/site-packages /usr/bin/cmake --install /home/sleepy/robp-group7-sleepy/build/robp_phidgets_encoders
[9.283s] -- Install configuration: "Release"
[9.283s] -- Execute custom install script
[9.284s] -- Symlinking: /home/sleepy/robp-group7-sleepy/install/robp_phidgets_encoders/lib/librobp_phidgets_encoders.so
[9.294s] -- Symlinking: /home/sleepy/robp-group7-sleepy/install/robp_phidgets_encoders/include/robp_phidgets_encoders/encoder.hpp
[9.304s] -- Symlinking: /home/sleepy/robp-group7-sleepy/install/robp_phidgets_encoders/include/robp_phidgets_encoders/encoders.hpp
[9.314s] -- Symlinking: /home/sleepy/robp-group7-sleepy/install/robp_phidgets_encoders/share/robp_phidgets_encoders/launch/encoders_launch.py
[9.324s] -- Symlinking: /home/sleepy/robp-group7-sleepy/install/robp_phidgets_encoders/share/ament_index/resource_index/package_run_dependencies/robp_phidgets_encoders
[9.335s] -- Symlinking: /home/sleepy/robp-group7-sleepy/install/robp_phidgets_encoders/share/ament_index/resource_index/parent_prefix_path/robp_phidgets_encoders
[9.345s] -- Symlinking: /home/sleepy/robp-group7-sleepy/install/robp_phidgets_encoders/share/robp_phidgets_encoders/environment/ament_prefix_path.sh
[9.355s] -- Symlinking: /home/sleepy/robp-group7-sleepy/install/robp_phidgets_encoders/share/robp_phidgets_encoders/environment/ament_prefix_path.dsv
[9.370s] -- Symlinking: /home/sleepy/robp-group7-sleepy/install/robp_phidgets_encoders/share/robp_phidgets_encoders/environment/path.sh
[9.380s] -- Symlinking: /home/sleepy/robp-group7-sleepy/install/robp_phidgets_encoders/share/robp_phidgets_encoders/environment/path.dsv
[9.390s] -- Symlinking: /home/sleepy/robp-group7-sleepy/install/robp_phidgets_encoders/share/robp_phidgets_encoders/local_setup.bash
[9.400s] -- Symlinking: /home/sleepy/robp-group7-sleepy/install/robp_phidgets_encoders/share/robp_phidgets_encoders/local_setup.sh
[9.410s] -- Symlinking: /home/sleepy/robp-group7-sleepy/install/robp_phidgets_encoders/share/robp_phidgets_encoders/local_setup.zsh
[9.420s] -- Symlinking: /home/sleepy/robp-group7-sleepy/install/robp_phidgets_encoders/share/robp_phidgets_encoders/local_setup.dsv
[9.430s] -- Symlinking: /home/sleepy/robp-group7-sleepy/install/robp_phidgets_encoders/share/robp_phidgets_encoders/package.dsv
[9.441s] -- Symlinking: /home/sleepy/robp-group7-sleepy/install/robp_phidgets_encoders/share/ament_index/resource_index/packages/robp_phidgets_encoders
[9.451s] -- Symlinking: /home/sleepy/robp-group7-sleepy/install/robp_phidgets_encoders/share/ament_index/resource_index/rclcpp_components/robp_phidgets_encoders
[9.461s] -- Symlinking: /home/sleepy/robp-group7-sleepy/install/robp_phidgets_encoders/share/robp_phidgets_encoders/cmake/robp_phidgets_encodersConfig.cmake
[9.471s] -- Symlinking: /home/sleepy/robp-group7-sleepy/install/robp_phidgets_encoders/share/robp_phidgets_encoders/cmake/robp_phidgets_encodersConfig-version.cmake
[9.481s] -- Symlinking: /home/sleepy/robp-group7-sleepy/install/robp_phidgets_encoders/share/robp_phidgets_encoders/package.xml
[9.494s] Invoked command in '/home/sleepy/robp-group7-sleepy/build/robp_phidgets_encoders' returned '0': CMAKE_PREFIX_PATH=/home/sleepy/robp-group7-sleepy/install/robp_interfaces:/home/sleepy/robp-group7-sleepy/install/usb_cam:/home/sleepy/robp-group7-sleepy/install/sllidar_ros2:/home/sleepy/robp-group7-sleepy/install/robp_phidgets_temperature:/home/sleepy/robp-group7-sleepy/install/robp_phidgets_spatial:/home/sleepy/robp-group7-sleepy/install/robp_phidgets_motors:/home/sleepy/robp-group7-sleepy/install/robp_phidgets_encoders:/opt/ros/jazzy/opt/gz_math_vendor:/opt/ros/jazzy/opt/gz_utils_vendor:/opt/ros/jazzy/opt/gz_cmake_vendor:/home/sleepy/robp-group7-sleepy/install/robp_launch:/home/sleepy/robp-group7-sleepy/install/arm_servos_pubs_subs:/opt/ros/jazzy DEBUGINFOD_URLS=https://debuginfod.ubuntu.com LD_LIBRARY_PATH=/home/sleepy/robp-group7-sleepy/install/robp_interfaces/lib:/home/sleepy/robp-group7-sleepy/install/usb_cam/lib:/home/sleepy/robp-group7-sleepy/install/robp_phidgets_temperature/lib:/home/sleepy/robp-group7-sleepy/install/robp_phidgets_spatial/lib:/home/sleepy/robp-group7-sleepy/install/robp_phidgets_motors/lib:/home/sleepy/robp-group7-sleepy/install/robp_phidgets_encoders/lib:/opt/ros/jazzy/opt/rviz_ogre_vendor/lib:/opt/ros/jazzy/lib/x86_64-linux-gnu:/opt/ros/jazzy/opt/libphidget22/lib:/opt/ros/jazzy/opt/gz_math_vendor/lib:/opt/ros/jazzy/opt/gz_utils_vendor/lib:/opt/ros/jazzy/opt/gz_cmake_vendor/lib:/opt/ros/jazzy/lib PYTHONPATH=/home/sleepy/robp-group7-sleepy/install/robp_interfaces/lib/python3.12/site-packages:/home/sleepy/robp-group7-sleepy/build/robp_launch:/home/sleepy/robp-group7-sleepy/install/robp_launch/lib/python3.12/site-packages:/home/sleepy/robp-group7-sleepy/build/arm_servos_pubs_subs:/home/sleepy/robp-group7-sleepy/install/arm_servos_pubs_subs/lib/python3.12/site-packages:/opt/ros/jazzy/lib/python3.12/site-packages /usr/bin/cmake --install /home/sleepy/robp-group7-sleepy/build/robp_phidgets_encoders
