[0.036s] Invoking command in '/home/sleepy/robp-group7-sleepy/build/micro_ros_msgs': CMAKE_PREFIX_PATH=${CMAKE_PREFIX_PATH}:/home/sleepy/robp-group7-sleepy/install/simple_move:/home/sleepy/robp-group7-sleepy/install/core_launch:/home/sleepy/robp-group7-sleepy/install/robp_launch:/home/sleepy/robp-group7-sleepy/install/perception:/home/sleepy/robp-group7-sleepy/install/odometry:/home/sleepy/robp-group7-sleepy/install/navigation:/home/sleepy/robp-group7-sleepy/install/lidar_processing:/home/sleepy/robp-group7-sleepy/install/arm_servos_pubs_subs:/home/sleepy/robp-group7-sleepy/install/arm_control:/opt/ros/jazzy DEBUGINFOD_URLS=https://debuginfod.ubuntu.com /usr/bin/cmake /home/sleepy/robp-group7-sleepy/src/uros/micro_ros_msgs -DAMENT_CMAKE_SYMLINK_INSTALL=1 -DCMAKE_INSTALL_PREFIX=/home/sleepy/robp-group7-sleepy/install/micro_ros_msgs
[1.123s] -- The C compiler identification is GNU 13.3.0
[1.123s] -- The CXX compiler identification is GNU 13.3.0
[1.123s] -- Detecting C compiler ABI info
[1.124s] -- Detecting C compiler ABI info - done
[1.124s] -- Check for working C compiler: /usr/bin/cc - skipped
[1.124s] -- Detecting C compile features
[1.124s] -- Detecting C compile features - done
[1.124s] -- Detecting CXX compiler ABI info
[1.124s] -- Detecting CXX compiler ABI info - done
[1.124s] -- Check for working CXX compiler: /usr/bin/c++ - skipped
[1.125s] -- Detecting CXX compile features
[1.125s] -- Detecting CXX compile features - done
[1.125s] -- Found ament_cmake: 2.5.3 (/opt/ros/jazzy/share/ament_cmake/cmake)
[1.127s] -- Found Python3: /usr/bin/python3 (found version "3.12.3") found components: Interpreter 
[1.127s] -- Override CMake install command with custom implementation using symlinks instead of copying resources
[1.128s] -- Found rosidl_default_generators: 1.6.0 (/opt/ros/jazzy/share/rosidl_default_generators/cmake)
[1.128s] -- Using all available rosidl_typesupport_c: rosidl_typesupport_fastrtps_c;rosidl_typesupport_introspection_c
[1.128s] -- Using all available rosidl_typesupport_cpp: rosidl_typesupport_fastrtps_cpp;rosidl_typesupport_introspection_cpp
[1.137s] -- Found rosidl_adapter: 4.6.5 (/opt/ros/jazzy/share/rosidl_adapter/cmake)
[1.145s] -- Found ament_lint_auto: 0.17.1 (/opt/ros/jazzy/share/ament_lint_auto/cmake)
[2.432s] -- Found ament_cmake_ros: 0.12.0 (/opt/ros/jazzy/share/ament_cmake_ros/cmake)
[3.287s] -- Using all available rosidl_typesupport_c: rosidl_typesupport_fastrtps_c;rosidl_typesupport_introspection_c
[4.804s] -- Using all available rosidl_typesupport_cpp: rosidl_typesupport_fastrtps_cpp;rosidl_typesupport_introspection_cpp
[4.817s] -- Found python_cmake_module: 0.11.1 (/opt/ros/jazzy/share/python_cmake_module/cmake)
[5.156s] -- Found PythonExtra: /usr/bin/python3  
[6.151s] -- Found Python3: /usr/bin/python3 (found version "3.12.3") found components: Interpreter Development NumPy Development.Module Development.Embed 
[6.276s] -- Added test 'copyright' to check source files copyright and LICENSE
[6.290s] -- Added test 'lint_cmake' to check CMake code style
[6.303s] -- Added test 'xmllint' to check XML markup files
[6.333s] -- Configuring done (6.3s)
[6.469s] -- Generating done (0.1s)
[6.500s] -- Build files have been written to: /home/sleepy/robp-group7-sleepy/build/micro_ros_msgs
[6.512s] Invoked command in '/home/sleepy/robp-group7-sleepy/build/micro_ros_msgs' returned '0': CMAKE_PREFIX_PATH=${CMAKE_PREFIX_PATH}:/home/sleepy/robp-group7-sleepy/install/simple_move:/home/sleepy/robp-group7-sleepy/install/core_launch:/home/sleepy/robp-group7-sleepy/install/robp_launch:/home/sleepy/robp-group7-sleepy/install/perception:/home/sleepy/robp-group7-sleepy/install/odometry:/home/sleepy/robp-group7-sleepy/install/navigation:/home/sleepy/robp-group7-sleepy/install/lidar_processing:/home/sleepy/robp-group7-sleepy/install/arm_servos_pubs_subs:/home/sleepy/robp-group7-sleepy/install/arm_control:/opt/ros/jazzy DEBUGINFOD_URLS=https://debuginfod.ubuntu.com /usr/bin/cmake /home/sleepy/robp-group7-sleepy/src/uros/micro_ros_msgs -DAMENT_CMAKE_SYMLINK_INSTALL=1 -DCMAKE_INSTALL_PREFIX=/home/sleepy/robp-group7-sleepy/install/micro_ros_msgs
[6.514s] Invoking command in '/home/sleepy/robp-group7-sleepy/build/micro_ros_msgs': CMAKE_PREFIX_PATH=${CMAKE_PREFIX_PATH}:/home/sleepy/robp-group7-sleepy/install/simple_move:/home/sleepy/robp-group7-sleepy/install/core_launch:/home/sleepy/robp-group7-sleepy/install/robp_launch:/home/sleepy/robp-group7-sleepy/install/perception:/home/sleepy/robp-group7-sleepy/install/odometry:/home/sleepy/robp-group7-sleepy/install/navigation:/home/sleepy/robp-group7-sleepy/install/lidar_processing:/home/sleepy/robp-group7-sleepy/install/arm_servos_pubs_subs:/home/sleepy/robp-group7-sleepy/install/arm_control:/opt/ros/jazzy DEBUGINFOD_URLS=https://debuginfod.ubuntu.com /usr/bin/cmake --build /home/sleepy/robp-group7-sleepy/build/micro_ros_msgs -- -j8 -l8
[7.303s] [  1%] [34m[1mGenerating type hashes for ROS interfaces[0m
[7.303s] [  1%] Built target ament_cmake_python_symlink_micro_ros_msgs
[7.303s] [  1%] Built target micro_ros_msgs__rosidl_generator_type_description
[7.303s] running egg_info
[7.303s] creating micro_ros_msgs.egg-info
[7.310s] [  3%] [34m[1mGenerating C code for ROS interfaces[0m
[7.333s] writing micro_ros_msgs.egg-info/PKG-INFO
[7.334s] writing dependency_links to micro_ros_msgs.egg-info/dependency_links.txt
[7.335s] writing top-level names to micro_ros_msgs.egg-info/top_level.txt
[7.336s] writing manifest file 'micro_ros_msgs.egg-info/SOURCES.txt'
[7.339s] [  5%] [34m[1mGenerating C++ code for ROS interfaces[0m
[7.522s] reading manifest file 'micro_ros_msgs.egg-info/SOURCES.txt'
[7.522s] writing manifest file 'micro_ros_msgs.egg-info/SOURCES.txt'
[7.583s] [  5%] Built target ament_cmake_python_build_micro_ros_msgs_egg
[8.608s] [  9%] [32mBuilding C object CMakeFiles/micro_ros_msgs__rosidl_generator_c.dir/rosidl_generator_c/micro_ros_msgs/msg/detail/graph__description.c.o[0m
[8.608s] [  9%] [32mBuilding C object CMakeFiles/micro_ros_msgs__rosidl_generator_c.dir/rosidl_generator_c/micro_ros_msgs/msg/detail/graph__functions.c.o[0m
[8.609s] [ 11%] [32mBuilding C object CMakeFiles/micro_ros_msgs__rosidl_generator_c.dir/rosidl_generator_c/micro_ros_msgs/msg/detail/node__functions.c.o[0m
[8.636s] [ 12%] [32mBuilding C object CMakeFiles/micro_ros_msgs__rosidl_generator_c.dir/rosidl_generator_c/micro_ros_msgs/msg/detail/node__description.c.o[0m
[8.639s] [ 14%] [32mBuilding C object CMakeFiles/micro_ros_msgs__rosidl_generator_c.dir/rosidl_generator_c/micro_ros_msgs/msg/detail/entity__description.c.o[0m
[8.640s] [ 16%] [32mBuilding C object CMakeFiles/micro_ros_msgs__rosidl_generator_c.dir/rosidl_generator_c/micro_ros_msgs/msg/detail/graph__type_support.c.o[0m
[8.640s] [ 18%] [32mBuilding C object CMakeFiles/micro_ros_msgs__rosidl_generator_c.dir/rosidl_generator_c/micro_ros_msgs/msg/detail/node__type_support.c.o[0m
[8.707s] [ 20%] [32mBuilding C object CMakeFiles/micro_ros_msgs__rosidl_generator_c.dir/rosidl_generator_c/micro_ros_msgs/msg/detail/entity__functions.c.o[0m
[8.758s] [ 22%] [32mBuilding C object CMakeFiles/micro_ros_msgs__rosidl_generator_c.dir/rosidl_generator_c/micro_ros_msgs/msg/detail/entity__type_support.c.o[0m
[8.886s] [ 24%] [32m[1mLinking C shared library libmicro_ros_msgs__rosidl_generator_c.so[0m
[8.895s] [ 24%] Built target micro_ros_msgs__cpp
[9.002s] [ 24%] Built target micro_ros_msgs__rosidl_generator_c
[9.040s] [ 25%] [34m[1mGenerating C type support dispatch for ROS interfaces[0m
[9.050s] [ 27%] [34m[1mGenerating C++ type support dispatch for ROS interfaces[0m
[9.057s] [ 29%] [34m[1mGenerating C++ introspection for ROS interfaces[0m
[9.059s] [ 31%] [34m[1mGenerating C introspection for ROS interfaces[0m
[9.062s] [ 33%] [34m[1mGenerating C type support for eProsima Fast-RTPS[0m
[9.062s] [ 35%] [34m[1mGenerating C++ type support for eProsima Fast-RTPS[0m
[10.835s] [ 37%] [32mBuilding CXX object CMakeFiles/micro_ros_msgs__rosidl_typesupport_c.dir/rosidl_typesupport_c/micro_ros_msgs/msg/graph__type_support.cpp.o[0m
[10.844s] [ 38%] [32mBuilding CXX object CMakeFiles/micro_ros_msgs__rosidl_typesupport_c.dir/rosidl_typesupport_c/micro_ros_msgs/msg/node__type_support.cpp.o[0m
[10.846s] [ 40%] [32mBuilding CXX object CMakeFiles/micro_ros_msgs__rosidl_typesupport_c.dir/rosidl_typesupport_c/micro_ros_msgs/msg/entity__type_support.cpp.o[0m
[10.884s] [ 42%] [32mBuilding CXX object CMakeFiles/micro_ros_msgs__rosidl_typesupport_introspection_cpp.dir/rosidl_typesupport_introspection_cpp/micro_ros_msgs/msg/detail/graph__type_support.cpp.o[0m
[11.100s] [ 44%] [32mBuilding CXX object CMakeFiles/micro_ros_msgs__rosidl_typesupport_introspection_cpp.dir/rosidl_typesupport_introspection_cpp/micro_ros_msgs/msg/detail/entity__type_support.cpp.o[0m
[11.100s] [ 46%] [32mBuilding CXX object CMakeFiles/micro_ros_msgs__rosidl_typesupport_introspection_cpp.dir/rosidl_typesupport_introspection_cpp/micro_ros_msgs/msg/detail/node__type_support.cpp.o[0m
[11.104s] [ 48%] [32m[1mLinking CXX shared library libmicro_ros_msgs__rosidl_typesupport_c.so[0m
[11.376s] [ 48%] Built target micro_ros_msgs__rosidl_typesupport_c
[11.533s] [ 50%] [32mBuilding CXX object CMakeFiles/micro_ros_msgs__rosidl_typesupport_cpp.dir/rosidl_typesupport_cpp/micro_ros_msgs/msg/graph__type_support.cpp.o[0m
[11.539s] [ 51%] [32mBuilding CXX object CMakeFiles/micro_ros_msgs__rosidl_typesupport_cpp.dir/rosidl_typesupport_cpp/micro_ros_msgs/msg/node__type_support.cpp.o[0m
[11.593s] [ 53%] [32mBuilding C object CMakeFiles/micro_ros_msgs__rosidl_typesupport_introspection_c.dir/rosidl_typesupport_introspection_c/micro_ros_msgs/msg/detail/graph__type_support.c.o[0m
[11.860s] [ 55%] [32mBuilding C object CMakeFiles/micro_ros_msgs__rosidl_typesupport_introspection_c.dir/rosidl_typesupport_introspection_c/micro_ros_msgs/msg/detail/node__type_support.c.o[0m
[12.043s] [ 57%] [32mBuilding CXX object CMakeFiles/micro_ros_msgs__rosidl_typesupport_fastrtps_c.dir/rosidl_typesupport_fastrtps_c/micro_ros_msgs/msg/detail/graph__type_support_c.cpp.o[0m
[12.093s] [ 59%] [32mBuilding CXX object CMakeFiles/micro_ros_msgs__rosidl_typesupport_fastrtps_cpp.dir/rosidl_typesupport_fastrtps_cpp/micro_ros_msgs/msg/detail/dds_fastrtps/graph__type_support.cpp.o[0m
[12.107s] [ 61%] [32mBuilding C object CMakeFiles/micro_ros_msgs__rosidl_typesupport_introspection_c.dir/rosidl_typesupport_introspection_c/micro_ros_msgs/msg/detail/entity__type_support.c.o[0m
[12.413s] [ 62%] [32m[1mLinking C shared library libmicro_ros_msgs__rosidl_typesupport_introspection_c.so[0m
[12.577s] [ 62%] Built target micro_ros_msgs__rosidl_typesupport_introspection_c
[12.641s] [ 64%] [32mBuilding CXX object CMakeFiles/micro_ros_msgs__rosidl_typesupport_fastrtps_cpp.dir/rosidl_typesupport_fastrtps_cpp/micro_ros_msgs/msg/detail/dds_fastrtps/node__type_support.cpp.o[0m
[13.574s] [ 66%] [32mBuilding CXX object CMakeFiles/micro_ros_msgs__rosidl_typesupport_cpp.dir/rosidl_typesupport_cpp/micro_ros_msgs/msg/entity__type_support.cpp.o[0m
[13.770s] [ 68%] [32mBuilding CXX object CMakeFiles/micro_ros_msgs__rosidl_typesupport_fastrtps_cpp.dir/rosidl_typesupport_fastrtps_cpp/micro_ros_msgs/msg/detail/dds_fastrtps/entity__type_support.cpp.o[0m
[14.158s] [ 70%] [32mBuilding CXX object CMakeFiles/micro_ros_msgs__rosidl_typesupport_fastrtps_c.dir/rosidl_typesupport_fastrtps_c/micro_ros_msgs/msg/detail/node__type_support_c.cpp.o[0m
[14.187s] [ 72%] [32mBuilding CXX object CMakeFiles/micro_ros_msgs__rosidl_typesupport_fastrtps_c.dir/rosidl_typesupport_fastrtps_c/micro_ros_msgs/msg/detail/entity__type_support_c.cpp.o[0m
[14.570s] [ 74%] [32m[1mLinking CXX shared library libmicro_ros_msgs__rosidl_typesupport_introspection_cpp.so[0m
[15.115s] [ 74%] Built target micro_ros_msgs__rosidl_typesupport_introspection_cpp
[15.313s] [ 75%] [32m[1mLinking CXX shared library libmicro_ros_msgs__rosidl_typesupport_cpp.so[0m
[15.487s] [ 75%] Built target micro_ros_msgs__rosidl_typesupport_cpp
[16.153s] [ 77%] [32m[1mLinking CXX shared library libmicro_ros_msgs__rosidl_typesupport_fastrtps_cpp.so[0m
[16.299s] [ 79%] [32m[1mLinking CXX shared library libmicro_ros_msgs__rosidl_typesupport_fastrtps_c.so[0m
[16.368s] [ 79%] Built target micro_ros_msgs__rosidl_typesupport_fastrtps_cpp
[16.529s] [ 79%] Built target micro_ros_msgs__rosidl_typesupport_fastrtps_c
[16.590s] [ 79%] Built target micro_ros_msgs
[16.625s] [ 81%] [34m[1mGenerating Python code for ROS interfaces[0m
[19.338s] [ 81%] Built target micro_ros_msgs__py
[19.406s] [ 85%] [32mBuilding C object CMakeFiles/micro_ros_msgs__rosidl_generator_py.dir/rosidl_generator_py/micro_ros_msgs/msg/_graph_s.c.o[0m
[19.406s] [ 85%] [32mBuilding C object CMakeFiles/micro_ros_msgs__rosidl_generator_py.dir/rosidl_generator_py/micro_ros_msgs/msg/_node_s.c.o[0m
[19.465s] [ 87%] [32mBuilding C object CMakeFiles/micro_ros_msgs__rosidl_generator_py.dir/rosidl_generator_py/micro_ros_msgs/msg/_entity_s.c.o[0m
[20.272s] [ 88%] [32m[1mLinking C shared library libmicro_ros_msgs__rosidl_generator_py.so[0m
[20.538s] [ 88%] Built target micro_ros_msgs__rosidl_generator_py
[20.642s] [ 90%] [32mBuilding C object CMakeFiles/micro_ros_msgs_s__rosidl_typesupport_fastrtps_c.dir/rosidl_generator_py/micro_ros_msgs/_micro_ros_msgs_s.ep.rosidl_typesupport_fastrtps_c.c.o[0m
[20.685s] [ 92%] [32mBuilding C object CMakeFiles/micro_ros_msgs_s__rosidl_typesupport_introspection_c.dir/rosidl_generator_py/micro_ros_msgs/_micro_ros_msgs_s.ep.rosidl_typesupport_introspection_c.c.o[0m
[21.580s] [ 94%] [32m[1mLinking C shared module rosidl_generator_py/micro_ros_msgs/micro_ros_msgs_s__rosidl_typesupport_fastrtps_c.so[0m
[21.649s] [ 96%] [32m[1mLinking C shared module rosidl_generator_py/micro_ros_msgs/micro_ros_msgs_s__rosidl_typesupport_introspection_c.so[0m
[21.785s] [ 96%] Built target micro_ros_msgs_s__rosidl_typesupport_fastrtps_c
[21.885s] [ 98%] [32mBuilding C object CMakeFiles/micro_ros_msgs_s__rosidl_typesupport_c.dir/rosidl_generator_py/micro_ros_msgs/_micro_ros_msgs_s.ep.rosidl_typesupport_c.c.o[0m
[21.885s] [ 98%] Built target micro_ros_msgs_s__rosidl_typesupport_introspection_c
[22.647s] [100%] [32m[1mLinking C shared module rosidl_generator_py/micro_ros_msgs/micro_ros_msgs_s__rosidl_typesupport_c.so[0m
[22.716s] [100%] Built target micro_ros_msgs_s__rosidl_typesupport_c
[22.779s] Invoked command in '/home/sleepy/robp-group7-sleepy/build/micro_ros_msgs' returned '0': CMAKE_PREFIX_PATH=${CMAKE_PREFIX_PATH}:/home/sleepy/robp-group7-sleepy/install/simple_move:/home/sleepy/robp-group7-sleepy/install/core_launch:/home/sleepy/robp-group7-sleepy/install/robp_launch:/home/sleepy/robp-group7-sleepy/install/perception:/home/sleepy/robp-group7-sleepy/install/odometry:/home/sleepy/robp-group7-sleepy/install/navigation:/home/sleepy/robp-group7-sleepy/install/lidar_processing:/home/sleepy/robp-group7-sleepy/install/arm_servos_pubs_subs:/home/sleepy/robp-group7-sleepy/install/arm_control:/opt/ros/jazzy DEBUGINFOD_URLS=https://debuginfod.ubuntu.com /usr/bin/cmake --build /home/sleepy/robp-group7-sleepy/build/micro_ros_msgs -- -j8 -l8
[22.780s] Invoking command in '/home/sleepy/robp-group7-sleepy/build/micro_ros_msgs': CMAKE_PREFIX_PATH=${CMAKE_PREFIX_PATH}:/home/sleepy/robp-group7-sleepy/install/simple_move:/home/sleepy/robp-group7-sleepy/install/core_launch:/home/sleepy/robp-group7-sleepy/install/robp_launch:/home/sleepy/robp-group7-sleepy/install/perception:/home/sleepy/robp-group7-sleepy/install/odometry:/home/sleepy/robp-group7-sleepy/install/navigation:/home/sleepy/robp-group7-sleepy/install/lidar_processing:/home/sleepy/robp-group7-sleepy/install/arm_servos_pubs_subs:/home/sleepy/robp-group7-sleepy/install/arm_control:/opt/ros/jazzy DEBUGINFOD_URLS=https://debuginfod.ubuntu.com /usr/bin/cmake --install /home/sleepy/robp-group7-sleepy/build/micro_ros_msgs
[23.986s] -- Install configuration: ""
[23.986s] -- Execute custom install script
[23.987s] -- Symlinking: /home/sleepy/robp-group7-sleepy/install/micro_ros_msgs/share/ament_index/resource_index/rosidl_interfaces/micro_ros_msgs
[23.987s] -- Symlinking: /home/sleepy/robp-group7-sleepy/install/micro_ros_msgs/share/micro_ros_msgs/msg/Graph.json
[23.987s] -- Symlinking: /home/sleepy/robp-group7-sleepy/install/micro_ros_msgs/share/micro_ros_msgs/msg/Node.json
[23.987s] -- Symlinking: /home/sleepy/robp-group7-sleepy/install/micro_ros_msgs/share/micro_ros_msgs/msg/Entity.json
[23.987s] -- Symlinking: /home/sleepy/robp-group7-sleepy/install/micro_ros_msgs/include/micro_ros_msgs/micro_ros_msgs/msg/detail/entity__functions.h
[23.987s] -- Symlinking: /home/sleepy/robp-group7-sleepy/install/micro_ros_msgs/include/micro_ros_msgs/micro_ros_msgs/msg/detail/entity__struct.h
[23.987s] -- Symlinking: /home/sleepy/robp-group7-sleepy/install/micro_ros_msgs/include/micro_ros_msgs/micro_ros_msgs/msg/detail/entity__type_support.h
[23.988s] -- Symlinking: /home/sleepy/robp-group7-sleepy/install/micro_ros_msgs/include/micro_ros_msgs/micro_ros_msgs/msg/detail/graph__functions.h
[23.988s] -- Symlinking: /home/sleepy/robp-group7-sleepy/install/micro_ros_msgs/include/micro_ros_msgs/micro_ros_msgs/msg/detail/graph__struct.h
[23.988s] -- Symlinking: /home/sleepy/robp-group7-sleepy/install/micro_ros_msgs/include/micro_ros_msgs/micro_ros_msgs/msg/detail/graph__type_support.h
[23.988s] -- Symlinking: /home/sleepy/robp-group7-sleepy/install/micro_ros_msgs/include/micro_ros_msgs/micro_ros_msgs/msg/detail/node__functions.h
[23.988s] -- Symlinking: /home/sleepy/robp-group7-sleepy/install/micro_ros_msgs/include/micro_ros_msgs/micro_ros_msgs/msg/detail/node__struct.h
[23.988s] -- Symlinking: /home/sleepy/robp-group7-sleepy/install/micro_ros_msgs/include/micro_ros_msgs/micro_ros_msgs/msg/detail/node__type_support.h
[23.989s] -- Symlinking: /home/sleepy/robp-group7-sleepy/install/micro_ros_msgs/include/micro_ros_msgs/micro_ros_msgs/msg/entity.h
[23.989s] -- Symlinking: /home/sleepy/robp-group7-sleepy/install/micro_ros_msgs/include/micro_ros_msgs/micro_ros_msgs/msg/graph.h
[23.989s] -- Symlinking: /home/sleepy/robp-group7-sleepy/install/micro_ros_msgs/include/micro_ros_msgs/micro_ros_msgs/msg/node.h
[23.989s] -- Symlinking: /home/sleepy/robp-group7-sleepy/install/micro_ros_msgs/include/micro_ros_msgs/micro_ros_msgs/msg/rosidl_generator_c__visibility_control.h
[24.003s] -- Symlinking: /home/sleepy/robp-group7-sleepy/install/micro_ros_msgs/share/micro_ros_msgs/environment/library_path.sh
[24.004s] -- Symlinking: /home/sleepy/robp-group7-sleepy/install/micro_ros_msgs/share/micro_ros_msgs/environment/library_path.dsv
[24.004s] -- Symlinking: /home/sleepy/robp-group7-sleepy/install/micro_ros_msgs/include/micro_ros_msgs/micro_ros_msgs/msg/detail/entity__rosidl_typesupport_fastrtps_c.h
[24.004s] -- Symlinking: /home/sleepy/robp-group7-sleepy/install/micro_ros_msgs/include/micro_ros_msgs/micro_ros_msgs/msg/detail/graph__rosidl_typesupport_fastrtps_c.h
[24.025s] -- Symlinking: /home/sleepy/robp-group7-sleepy/install/micro_ros_msgs/include/micro_ros_msgs/micro_ros_msgs/msg/detail/node__rosidl_typesupport_fastrtps_c.h
[24.051s] -- Symlinking: /home/sleepy/robp-group7-sleepy/install/micro_ros_msgs/include/micro_ros_msgs/micro_ros_msgs/msg/rosidl_typesupport_fastrtps_c__visibility_control.h
[24.130s] -- Symlinking: /home/sleepy/robp-group7-sleepy/install/micro_ros_msgs/include/micro_ros_msgs/micro_ros_msgs/msg/detail/entity__rosidl_typesupport_introspection_c.h
[24.160s] -- Symlinking: /home/sleepy/robp-group7-sleepy/install/micro_ros_msgs/include/micro_ros_msgs/micro_ros_msgs/msg/detail/graph__rosidl_typesupport_introspection_c.h
[24.227s] -- Symlinking: /home/sleepy/robp-group7-sleepy/install/micro_ros_msgs/include/micro_ros_msgs/micro_ros_msgs/msg/detail/node__rosidl_typesupport_introspection_c.h
[24.289s] -- Symlinking: /home/sleepy/robp-group7-sleepy/install/micro_ros_msgs/include/micro_ros_msgs/micro_ros_msgs/msg/rosidl_typesupport_introspection_c__visibility_control.h
[24.322s] -- Symlinking: /home/sleepy/robp-group7-sleepy/install/micro_ros_msgs/include/micro_ros_msgs/micro_ros_msgs/msg/detail/entity__builder.hpp
[24.394s] -- Symlinking: /home/sleepy/robp-group7-sleepy/install/micro_ros_msgs/include/micro_ros_msgs/micro_ros_msgs/msg/detail/entity__struct.hpp
[24.454s] -- Symlinking: /home/sleepy/robp-group7-sleepy/install/micro_ros_msgs/include/micro_ros_msgs/micro_ros_msgs/msg/detail/entity__traits.hpp
[24.523s] -- Symlinking: /home/sleepy/robp-group7-sleepy/install/micro_ros_msgs/include/micro_ros_msgs/micro_ros_msgs/msg/detail/entity__type_support.hpp
[24.572s] -- Symlinking: /home/sleepy/robp-group7-sleepy/install/micro_ros_msgs/include/micro_ros_msgs/micro_ros_msgs/msg/detail/graph__builder.hpp
[24.602s] -- Symlinking: /home/sleepy/robp-group7-sleepy/install/micro_ros_msgs/include/micro_ros_msgs/micro_ros_msgs/msg/detail/graph__struct.hpp
[24.629s] -- Symlinking: /home/sleepy/robp-group7-sleepy/install/micro_ros_msgs/include/micro_ros_msgs/micro_ros_msgs/msg/detail/graph__traits.hpp
[24.698s] -- Symlinking: /home/sleepy/robp-group7-sleepy/install/micro_ros_msgs/include/micro_ros_msgs/micro_ros_msgs/msg/detail/graph__type_support.hpp
[24.744s] -- Symlinking: /home/sleepy/robp-group7-sleepy/install/micro_ros_msgs/include/micro_ros_msgs/micro_ros_msgs/msg/detail/node__builder.hpp
[24.796s] -- Symlinking: /home/sleepy/robp-group7-sleepy/install/micro_ros_msgs/include/micro_ros_msgs/micro_ros_msgs/msg/detail/node__struct.hpp
[24.846s] -- Symlinking: /home/sleepy/robp-group7-sleepy/install/micro_ros_msgs/include/micro_ros_msgs/micro_ros_msgs/msg/detail/node__traits.hpp
[24.916s] -- Symlinking: /home/sleepy/robp-group7-sleepy/install/micro_ros_msgs/include/micro_ros_msgs/micro_ros_msgs/msg/detail/node__type_support.hpp
[24.954s] -- Symlinking: /home/sleepy/robp-group7-sleepy/install/micro_ros_msgs/include/micro_ros_msgs/micro_ros_msgs/msg/entity.hpp
[24.992s] -- Symlinking: /home/sleepy/robp-group7-sleepy/install/micro_ros_msgs/include/micro_ros_msgs/micro_ros_msgs/msg/graph.hpp
[25.055s] -- Symlinking: /home/sleepy/robp-group7-sleepy/install/micro_ros_msgs/include/micro_ros_msgs/micro_ros_msgs/msg/node.hpp
[25.089s] -- Symlinking: /home/sleepy/robp-group7-sleepy/install/micro_ros_msgs/include/micro_ros_msgs/micro_ros_msgs/msg/rosidl_generator_cpp__visibility_control.hpp
[25.125s] -- Symlinking: /home/sleepy/robp-group7-sleepy/install/micro_ros_msgs/include/micro_ros_msgs/micro_ros_msgs/msg/detail/entity__rosidl_typesupport_fastrtps_cpp.hpp
[25.166s] -- Symlinking: /home/sleepy/robp-group7-sleepy/install/micro_ros_msgs/include/micro_ros_msgs/micro_ros_msgs/msg/detail/graph__rosidl_typesupport_fastrtps_cpp.hpp
[25.199s] -- Symlinking: /home/sleepy/robp-group7-sleepy/install/micro_ros_msgs/include/micro_ros_msgs/micro_ros_msgs/msg/detail/node__rosidl_typesupport_fastrtps_cpp.hpp
[25.227s] -- Symlinking: /home/sleepy/robp-group7-sleepy/install/micro_ros_msgs/include/micro_ros_msgs/micro_ros_msgs/msg/rosidl_typesupport_fastrtps_cpp__visibility_control.h
[25.258s] -- Symlinking: /home/sleepy/robp-group7-sleepy/install/micro_ros_msgs/include/micro_ros_msgs/micro_ros_msgs/msg/detail/entity__rosidl_typesupport_introspection_cpp.hpp
[25.298s] -- Symlinking: /home/sleepy/robp-group7-sleepy/install/micro_ros_msgs/include/micro_ros_msgs/micro_ros_msgs/msg/detail/graph__rosidl_typesupport_introspection_cpp.hpp
[25.356s] -- Symlinking: /home/sleepy/robp-group7-sleepy/install/micro_ros_msgs/include/micro_ros_msgs/micro_ros_msgs/msg/detail/node__rosidl_typesupport_introspection_cpp.hpp
[25.407s] -- Symlinking: /home/sleepy/robp-group7-sleepy/install/micro_ros_msgs/share/micro_ros_msgs/environment/pythonpath.sh
[25.447s] -- Symlinking: /home/sleepy/robp-group7-sleepy/install/micro_ros_msgs/share/micro_ros_msgs/environment/pythonpath.dsv
[25.490s] -- Symlinking: /home/sleepy/robp-group7-sleepy/install/micro_ros_msgs/lib/python3.12/site-packages/micro_ros_msgs-5.0.2-py3.12.egg-info/PKG-INFO
[25.540s] -- Symlinking: /home/sleepy/robp-group7-sleepy/install/micro_ros_msgs/lib/python3.12/site-packages/micro_ros_msgs-5.0.2-py3.12.egg-info/SOURCES.txt
[25.583s] -- Symlinking: /home/sleepy/robp-group7-sleepy/install/micro_ros_msgs/lib/python3.12/site-packages/micro_ros_msgs-5.0.2-py3.12.egg-info/dependency_links.txt
[25.622s] -- Symlinking: /home/sleepy/robp-group7-sleepy/install/micro_ros_msgs/lib/python3.12/site-packages/micro_ros_msgs-5.0.2-py3.12.egg-info/top_level.txt
[25.652s] -- Symlinking: /home/sleepy/robp-group7-sleepy/install/micro_ros_msgs/lib/python3.12/site-packages/micro_ros_msgs/__init__.py
[25.690s] -- Symlinking: /home/sleepy/robp-group7-sleepy/install/micro_ros_msgs/lib/python3.12/site-packages/micro_ros_msgs/_micro_ros_msgs_s.ep.rosidl_typesupport_c.c
[25.727s] -- Symlinking: /home/sleepy/robp-group7-sleepy/install/micro_ros_msgs/lib/python3.12/site-packages/micro_ros_msgs/_micro_ros_msgs_s.ep.rosidl_typesupport_fastrtps_c.c
[25.771s] -- Symlinking: /home/sleepy/robp-group7-sleepy/install/micro_ros_msgs/lib/python3.12/site-packages/micro_ros_msgs/_micro_ros_msgs_s.ep.rosidl_typesupport_introspection_c.c
[25.843s] -- Symlinking: /home/sleepy/robp-group7-sleepy/install/micro_ros_msgs/lib/python3.12/site-packages/micro_ros_msgs/micro_ros_msgs_s__rosidl_typesupport_c.so
[25.879s] -- Symlinking: /home/sleepy/robp-group7-sleepy/install/micro_ros_msgs/lib/python3.12/site-packages/micro_ros_msgs/micro_ros_msgs_s__rosidl_typesupport_fastrtps_c.so
[25.919s] -- Symlinking: /home/sleepy/robp-group7-sleepy/install/micro_ros_msgs/lib/python3.12/site-packages/micro_ros_msgs/micro_ros_msgs_s__rosidl_typesupport_introspection_c.so
[25.951s] -- Symlinking: /home/sleepy/robp-group7-sleepy/install/micro_ros_msgs/lib/python3.12/site-packages/micro_ros_msgs/msg/__init__.py
[25.991s] -- Symlinking: /home/sleepy/robp-group7-sleepy/install/micro_ros_msgs/lib/python3.12/site-packages/micro_ros_msgs/msg/_entity.py
[26.023s] -- Symlinking: /home/sleepy/robp-group7-sleepy/install/micro_ros_msgs/lib/python3.12/site-packages/micro_ros_msgs/msg/_entity_s.c
[26.061s] -- Symlinking: /home/sleepy/robp-group7-sleepy/install/micro_ros_msgs/lib/python3.12/site-packages/micro_ros_msgs/msg/_graph.py
[26.095s] -- Symlinking: /home/sleepy/robp-group7-sleepy/install/micro_ros_msgs/lib/python3.12/site-packages/micro_ros_msgs/msg/_graph_s.c
[26.121s] -- Symlinking: /home/sleepy/robp-group7-sleepy/install/micro_ros_msgs/lib/python3.12/site-packages/micro_ros_msgs/msg/_node.py
[26.157s] -- Symlinking: /home/sleepy/robp-group7-sleepy/install/micro_ros_msgs/lib/python3.12/site-packages/micro_ros_msgs/msg/_node_s.c
[26.193s] -- Up-to-date symlink: /home/sleepy/robp-group7-sleepy/install/micro_ros_msgs/lib/python3.12/site-packages/micro_ros_msgs/micro_ros_msgs_s__rosidl_typesupport_fastrtps_c.so
[26.195s] -- Up-to-date symlink: /home/sleepy/robp-group7-sleepy/install/micro_ros_msgs/lib/python3.12/site-packages/micro_ros_msgs/micro_ros_msgs_s__rosidl_typesupport_introspection_c.so
[26.198s] -- Up-to-date symlink: /home/sleepy/robp-group7-sleepy/install/micro_ros_msgs/lib/python3.12/site-packages/micro_ros_msgs/micro_ros_msgs_s__rosidl_typesupport_c.so
[26.198s] -- Symlinking: /home/sleepy/robp-group7-sleepy/install/micro_ros_msgs/share/micro_ros_msgs/msg/Graph.idl
[26.230s] -- Symlinking: /home/sleepy/robp-group7-sleepy/install/micro_ros_msgs/share/micro_ros_msgs/msg/Node.idl
[26.265s] -- Symlinking: /home/sleepy/robp-group7-sleepy/install/micro_ros_msgs/share/micro_ros_msgs/msg/Entity.idl
[26.295s] -- Symlinking: /home/sleepy/robp-group7-sleepy/install/micro_ros_msgs/share/micro_ros_msgs/msg/Graph.msg
[26.331s] -- Symlinking: /home/sleepy/robp-group7-sleepy/install/micro_ros_msgs/share/micro_ros_msgs/msg/Node.msg
[26.366s] -- Symlinking: /home/sleepy/robp-group7-sleepy/install/micro_ros_msgs/share/micro_ros_msgs/msg/Entity.msg
[26.397s] -- Symlinking: /home/sleepy/robp-group7-sleepy/install/micro_ros_msgs/share/ament_index/resource_index/package_run_dependencies/micro_ros_msgs
[26.443s] -- Symlinking: /home/sleepy/robp-group7-sleepy/install/micro_ros_msgs/share/ament_index/resource_index/parent_prefix_path/micro_ros_msgs
[26.481s] -- Symlinking: /home/sleepy/robp-group7-sleepy/install/micro_ros_msgs/share/micro_ros_msgs/environment/ament_prefix_path.sh
[26.505s] -- Symlinking: /home/sleepy/robp-group7-sleepy/install/micro_ros_msgs/share/micro_ros_msgs/environment/ament_prefix_path.dsv
[26.539s] -- Symlinking: /home/sleepy/robp-group7-sleepy/install/micro_ros_msgs/share/micro_ros_msgs/environment/path.sh
[26.573s] -- Symlinking: /home/sleepy/robp-group7-sleepy/install/micro_ros_msgs/share/micro_ros_msgs/environment/path.dsv
[26.605s] -- Symlinking: /home/sleepy/robp-group7-sleepy/install/micro_ros_msgs/share/micro_ros_msgs/local_setup.bash
[26.640s] -- Symlinking: /home/sleepy/robp-group7-sleepy/install/micro_ros_msgs/share/micro_ros_msgs/local_setup.sh
[26.669s] -- Symlinking: /home/sleepy/robp-group7-sleepy/install/micro_ros_msgs/share/micro_ros_msgs/local_setup.zsh
[26.700s] -- Symlinking: /home/sleepy/robp-group7-sleepy/install/micro_ros_msgs/share/micro_ros_msgs/local_setup.dsv
[26.739s] -- Symlinking: /home/sleepy/robp-group7-sleepy/install/micro_ros_msgs/share/micro_ros_msgs/package.dsv
[26.771s] -- Symlinking: /home/sleepy/robp-group7-sleepy/install/micro_ros_msgs/share/ament_index/resource_index/packages/micro_ros_msgs
[26.807s] -- Symlinking: /home/sleepy/robp-group7-sleepy/install/micro_ros_msgs/share/micro_ros_msgs/cmake/rosidl_cmake-extras.cmake
[26.829s] -- Symlinking: /home/sleepy/robp-group7-sleepy/install/micro_ros_msgs/share/micro_ros_msgs/cmake/ament_cmake_export_include_directories-extras.cmake
[26.860s] -- Symlinking: /home/sleepy/robp-group7-sleepy/install/micro_ros_msgs/share/micro_ros_msgs/cmake/ament_cmake_export_libraries-extras.cmake
[26.882s] -- Symlinking: /home/sleepy/robp-group7-sleepy/install/micro_ros_msgs/share/micro_ros_msgs/cmake/ament_cmake_export_targets-extras.cmake
[26.920s] -- Symlinking: /home/sleepy/robp-group7-sleepy/install/micro_ros_msgs/share/micro_ros_msgs/cmake/rosidl_cmake_export_typesupport_targets-extras.cmake
[26.948s] -- Symlinking: /home/sleepy/robp-group7-sleepy/install/micro_ros_msgs/share/micro_ros_msgs/cmake/ament_cmake_export_dependencies-extras.cmake
[26.981s] -- Symlinking: /home/sleepy/robp-group7-sleepy/install/micro_ros_msgs/share/micro_ros_msgs/cmake/rosidl_cmake_export_typesupport_libraries-extras.cmake
[27.030s] -- Symlinking: /home/sleepy/robp-group7-sleepy/install/micro_ros_msgs/share/micro_ros_msgs/cmake/micro_ros_msgsConfig.cmake
[27.060s] -- Symlinking: /home/sleepy/robp-group7-sleepy/install/micro_ros_msgs/share/micro_ros_msgs/cmake/micro_ros_msgsConfig-version.cmake
[27.094s] -- Symlinking: /home/sleepy/robp-group7-sleepy/install/micro_ros_msgs/share/micro_ros_msgs/package.xml
[27.102s] -- Installing: /home/sleepy/robp-group7-sleepy/install/micro_ros_msgs/lib/libmicro_ros_msgs__rosidl_generator_c.so
[27.103s] -- Set non-toolchain portion of runtime path of "/home/sleepy/robp-group7-sleepy/install/micro_ros_msgs/lib/libmicro_ros_msgs__rosidl_generator_c.so" to ""
[27.103s] -- Installing: /home/sleepy/robp-group7-sleepy/install/micro_ros_msgs/lib/libmicro_ros_msgs__rosidl_typesupport_fastrtps_c.so
[27.104s] -- Set non-toolchain portion of runtime path of "/home/sleepy/robp-group7-sleepy/install/micro_ros_msgs/lib/libmicro_ros_msgs__rosidl_typesupport_fastrtps_c.so" to ""
[27.105s] -- Installing: /home/sleepy/robp-group7-sleepy/install/micro_ros_msgs/lib/libmicro_ros_msgs__rosidl_typesupport_introspection_c.so
[27.106s] -- Set non-toolchain portion of runtime path of "/home/sleepy/robp-group7-sleepy/install/micro_ros_msgs/lib/libmicro_ros_msgs__rosidl_typesupport_introspection_c.so" to ""
[27.106s] -- Installing: /home/sleepy/robp-group7-sleepy/install/micro_ros_msgs/lib/libmicro_ros_msgs__rosidl_typesupport_c.so
[27.107s] -- Set non-toolchain portion of runtime path of "/home/sleepy/robp-group7-sleepy/install/micro_ros_msgs/lib/libmicro_ros_msgs__rosidl_typesupport_c.so" to ""
[27.107s] -- Installing: /home/sleepy/robp-group7-sleepy/install/micro_ros_msgs/lib/libmicro_ros_msgs__rosidl_typesupport_fastrtps_cpp.so
[27.109s] -- Set non-toolchain portion of runtime path of "/home/sleepy/robp-group7-sleepy/install/micro_ros_msgs/lib/libmicro_ros_msgs__rosidl_typesupport_fastrtps_cpp.so" to ""
[27.109s] -- Installing: /home/sleepy/robp-group7-sleepy/install/micro_ros_msgs/lib/libmicro_ros_msgs__rosidl_typesupport_introspection_cpp.so
[27.110s] -- Set non-toolchain portion of runtime path of "/home/sleepy/robp-group7-sleepy/install/micro_ros_msgs/lib/libmicro_ros_msgs__rosidl_typesupport_introspection_cpp.so" to ""
[27.111s] -- Installing: /home/sleepy/robp-group7-sleepy/install/micro_ros_msgs/lib/libmicro_ros_msgs__rosidl_typesupport_cpp.so
[27.111s] -- Set non-toolchain portion of runtime path of "/home/sleepy/robp-group7-sleepy/install/micro_ros_msgs/lib/libmicro_ros_msgs__rosidl_typesupport_cpp.so" to ""
[27.229s] Listing '/home/sleepy/robp-group7-sleepy/install/micro_ros_msgs/lib/python3.12/site-packages/micro_ros_msgs'...
[27.229s] Compiling '/home/sleepy/robp-group7-sleepy/install/micro_ros_msgs/lib/python3.12/site-packages/micro_ros_msgs/__init__.py'...
[27.229s] Listing '/home/sleepy/robp-group7-sleepy/install/micro_ros_msgs/lib/python3.12/site-packages/micro_ros_msgs/msg'...
[27.229s] Compiling '/home/sleepy/robp-group7-sleepy/install/micro_ros_msgs/lib/python3.12/site-packages/micro_ros_msgs/msg/__init__.py'...
[27.229s] Compiling '/home/sleepy/robp-group7-sleepy/install/micro_ros_msgs/lib/python3.12/site-packages/micro_ros_msgs/msg/_entity.py'...
[27.229s] Compiling '/home/sleepy/robp-group7-sleepy/install/micro_ros_msgs/lib/python3.12/site-packages/micro_ros_msgs/msg/_graph.py'...
[27.229s] Compiling '/home/sleepy/robp-group7-sleepy/install/micro_ros_msgs/lib/python3.12/site-packages/micro_ros_msgs/msg/_node.py'...
[27.236s] -- Installing: /home/sleepy/robp-group7-sleepy/install/micro_ros_msgs/lib/libmicro_ros_msgs__rosidl_generator_py.so
[27.237s] -- Set non-toolchain portion of runtime path of "/home/sleepy/robp-group7-sleepy/install/micro_ros_msgs/lib/libmicro_ros_msgs__rosidl_generator_py.so" to ""
[27.237s] -- Installing: /home/sleepy/robp-group7-sleepy/install/micro_ros_msgs/share/micro_ros_msgs/cmake/export_micro_ros_msgs__rosidl_generator_cExport.cmake
[27.237s] -- Installing: /home/sleepy/robp-group7-sleepy/install/micro_ros_msgs/share/micro_ros_msgs/cmake/export_micro_ros_msgs__rosidl_generator_cExport-noconfig.cmake
[27.237s] -- Installing: /home/sleepy/robp-group7-sleepy/install/micro_ros_msgs/share/micro_ros_msgs/cmake/export_micro_ros_msgs__rosidl_typesupport_fastrtps_cExport.cmake
[27.237s] -- Installing: /home/sleepy/robp-group7-sleepy/install/micro_ros_msgs/share/micro_ros_msgs/cmake/export_micro_ros_msgs__rosidl_typesupport_fastrtps_cExport-noconfig.cmake
[27.238s] -- Installing: /home/sleepy/robp-group7-sleepy/install/micro_ros_msgs/share/micro_ros_msgs/cmake/micro_ros_msgs__rosidl_typesupport_introspection_cExport.cmake
[27.238s] -- Installing: /home/sleepy/robp-group7-sleepy/install/micro_ros_msgs/share/micro_ros_msgs/cmake/micro_ros_msgs__rosidl_typesupport_introspection_cExport-noconfig.cmake
[27.238s] -- Installing: /home/sleepy/robp-group7-sleepy/install/micro_ros_msgs/share/micro_ros_msgs/cmake/micro_ros_msgs__rosidl_typesupport_cExport.cmake
[27.238s] -- Installing: /home/sleepy/robp-group7-sleepy/install/micro_ros_msgs/share/micro_ros_msgs/cmake/micro_ros_msgs__rosidl_typesupport_cExport-noconfig.cmake
[27.238s] -- Installing: /home/sleepy/robp-group7-sleepy/install/micro_ros_msgs/share/micro_ros_msgs/cmake/export_micro_ros_msgs__rosidl_generator_cppExport.cmake
[27.238s] -- Installing: /home/sleepy/robp-group7-sleepy/install/micro_ros_msgs/share/micro_ros_msgs/cmake/export_micro_ros_msgs__rosidl_typesupport_fastrtps_cppExport.cmake
[27.239s] -- Installing: /home/sleepy/robp-group7-sleepy/install/micro_ros_msgs/share/micro_ros_msgs/cmake/export_micro_ros_msgs__rosidl_typesupport_fastrtps_cppExport-noconfig.cmake
[27.239s] -- Installing: /home/sleepy/robp-group7-sleepy/install/micro_ros_msgs/share/micro_ros_msgs/cmake/micro_ros_msgs__rosidl_typesupport_introspection_cppExport.cmake
[27.247s] -- Installing: /home/sleepy/robp-group7-sleepy/install/micro_ros_msgs/share/micro_ros_msgs/cmake/micro_ros_msgs__rosidl_typesupport_introspection_cppExport-noconfig.cmake
[27.248s] -- Installing: /home/sleepy/robp-group7-sleepy/install/micro_ros_msgs/share/micro_ros_msgs/cmake/micro_ros_msgs__rosidl_typesupport_cppExport.cmake
[27.248s] -- Installing: /home/sleepy/robp-group7-sleepy/install/micro_ros_msgs/share/micro_ros_msgs/cmake/micro_ros_msgs__rosidl_typesupport_cppExport-noconfig.cmake
[27.248s] -- Installing: /home/sleepy/robp-group7-sleepy/install/micro_ros_msgs/share/micro_ros_msgs/cmake/export_micro_ros_msgs__rosidl_generator_pyExport.cmake
[27.248s] -- Installing: /home/sleepy/robp-group7-sleepy/install/micro_ros_msgs/share/micro_ros_msgs/cmake/export_micro_ros_msgs__rosidl_generator_pyExport-noconfig.cmake
[27.282s] Invoked command in '/home/sleepy/robp-group7-sleepy/build/micro_ros_msgs' returned '0': CMAKE_PREFIX_PATH=${CMAKE_PREFIX_PATH}:/home/sleepy/robp-group7-sleepy/install/simple_move:/home/sleepy/robp-group7-sleepy/install/core_launch:/home/sleepy/robp-group7-sleepy/install/robp_launch:/home/sleepy/robp-group7-sleepy/install/perception:/home/sleepy/robp-group7-sleepy/install/odometry:/home/sleepy/robp-group7-sleepy/install/navigation:/home/sleepy/robp-group7-sleepy/install/lidar_processing:/home/sleepy/robp-group7-sleepy/install/arm_servos_pubs_subs:/home/sleepy/robp-group7-sleepy/install/arm_control:/opt/ros/jazzy DEBUGINFOD_URLS=https://debuginfod.ubuntu.com /usr/bin/cmake --install /home/sleepy/robp-group7-sleepy/build/micro_ros_msgs
