[0.059s] Invoking command in '/home/sleepy/robp-group7-sleepy/build/micro_ros_msgs': CMAKE_PREFIX_PATH=${CMAKE_PREFIX_PATH}:/home/sleepy/robp-group7-sleepy/install/simple_move:/home/sleepy/robp-group7-sleepy/install/core_launch:/home/sleepy/robp-group7-sleepy/install/robp_launch:/home/sleepy/robp-group7-sleepy/install/perception:/home/sleepy/robp-group7-sleepy/install/odometry:/home/sleepy/robp-group7-sleepy/install/lidar_processing:/home/sleepy/robp-group7-sleepy/install/arm_servos_pubs_subs:/home/sleepy/robp-group7-sleepy/install/arm_control:/opt/ros/jazzy DEBUGINFOD_URLS=https://debuginfod.ubuntu.com /usr/bin/cmake /home/sleepy/robp-group7-sleepy/src/uros/micro_ros_msgs -DAMENT_CMAKE_SYMLINK_INSTALL=1 -DCMAKE_INSTALL_PREFIX=/home/sleepy/robp-group7-sleepy/install/micro_ros_msgs
[1.982s] -- The C compiler identification is GNU 13.3.0
[1.982s] -- The CXX compiler identification is GNU 13.3.0
[1.982s] -- Detecting C compiler ABI info
[1.982s] -- Detecting C compiler ABI info - done
[1.982s] -- Check for working C compiler: /usr/bin/cc - skipped
[1.983s] -- Detecting C compile features
[1.983s] -- Detecting C compile features - done
[1.983s] -- Detecting CXX compiler ABI info
[1.983s] -- Detecting CXX compiler ABI info - done
[1.983s] -- Check for working CXX compiler: /usr/bin/c++ - skipped
[1.983s] -- Detecting CXX compile features
[1.983s] -- Detecting CXX compile features - done
[1.983s] -- Found ament_cmake: 2.5.3 (/opt/ros/jazzy/share/ament_cmake/cmake)
[1.984s] -- Found Python3: /usr/bin/python3 (found version "3.12.3") found components: Interpreter 
[1.984s] -- Override CMake install command with custom implementation using symlinks instead of copying resources
[1.984s] -- Found rosidl_default_generators: 1.6.0 (/opt/ros/jazzy/share/rosidl_default_generators/cmake)
[1.984s] -- Using all available rosidl_typesupport_c: rosidl_typesupport_fastrtps_c;rosidl_typesupport_introspection_c
[2.363s] -- Using all available rosidl_typesupport_cpp: rosidl_typesupport_fastrtps_cpp;rosidl_typesupport_introspection_cpp
[2.606s] -- Found rosidl_adapter: 4.6.5 (/opt/ros/jazzy/share/rosidl_adapter/cmake)
[2.620s] -- Found ament_lint_auto: 0.17.1 (/opt/ros/jazzy/share/ament_lint_auto/cmake)
[4.560s] -- Found ament_cmake_ros: 0.12.0 (/opt/ros/jazzy/share/ament_cmake_ros/cmake)
[6.141s] -- Using all available rosidl_typesupport_c: rosidl_typesupport_fastrtps_c;rosidl_typesupport_introspection_c
[8.036s] -- Using all available rosidl_typesupport_cpp: rosidl_typesupport_fastrtps_cpp;rosidl_typesupport_introspection_cpp
[8.057s] -- Found python_cmake_module: 0.11.1 (/opt/ros/jazzy/share/python_cmake_module/cmake)
[8.652s] -- Found PythonExtra: /usr/bin/python3  
[10.270s] -- Found Python3: /usr/bin/python3 (found version "3.12.3") found components: Interpreter Development NumPy Development.Module Development.Embed 
[10.544s] -- Added test 'copyright' to check source files copyright and LICENSE
[10.593s] -- Added test 'lint_cmake' to check CMake code style
[10.621s] -- Added test 'xmllint' to check XML markup files
[10.653s] -- Configuring done (10.6s)
[10.830s] -- Generating done (0.1s)
[10.888s] -- Build files have been written to: /home/sleepy/robp-group7-sleepy/build/micro_ros_msgs
[10.919s] Invoked command in '/home/sleepy/robp-group7-sleepy/build/micro_ros_msgs' returned '0': CMAKE_PREFIX_PATH=${CMAKE_PREFIX_PATH}:/home/sleepy/robp-group7-sleepy/install/simple_move:/home/sleepy/robp-group7-sleepy/install/core_launch:/home/sleepy/robp-group7-sleepy/install/robp_launch:/home/sleepy/robp-group7-sleepy/install/perception:/home/sleepy/robp-group7-sleepy/install/odometry:/home/sleepy/robp-group7-sleepy/install/lidar_processing:/home/sleepy/robp-group7-sleepy/install/arm_servos_pubs_subs:/home/sleepy/robp-group7-sleepy/install/arm_control:/opt/ros/jazzy DEBUGINFOD_URLS=https://debuginfod.ubuntu.com /usr/bin/cmake /home/sleepy/robp-group7-sleepy/src/uros/micro_ros_msgs -DAMENT_CMAKE_SYMLINK_INSTALL=1 -DCMAKE_INSTALL_PREFIX=/home/sleepy/robp-group7-sleepy/install/micro_ros_msgs
[10.919s] Invoking command in '/home/sleepy/robp-group7-sleepy/build/micro_ros_msgs': CMAKE_PREFIX_PATH=${CMAKE_PREFIX_PATH}:/home/sleepy/robp-group7-sleepy/install/simple_move:/home/sleepy/robp-group7-sleepy/install/core_launch:/home/sleepy/robp-group7-sleepy/install/robp_launch:/home/sleepy/robp-group7-sleepy/install/perception:/home/sleepy/robp-group7-sleepy/install/odometry:/home/sleepy/robp-group7-sleepy/install/lidar_processing:/home/sleepy/robp-group7-sleepy/install/arm_servos_pubs_subs:/home/sleepy/robp-group7-sleepy/install/arm_control:/opt/ros/jazzy DEBUGINFOD_URLS=https://debuginfod.ubuntu.com /usr/bin/cmake --build /home/sleepy/robp-group7-sleepy/build/micro_ros_msgs -- -j8 -l8
[13.140s] [  1%] [34m[1mGenerating type hashes for ROS interfaces[0m
[13.140s] [  1%] Built target ament_cmake_python_symlink_micro_ros_msgs
[13.140s] running egg_info
[13.140s] creating micro_ros_msgs.egg-info
[13.140s] writing micro_ros_msgs.egg-info/PKG-INFO
[13.141s] writing dependency_links to micro_ros_msgs.egg-info/dependency_links.txt
[13.141s] writing top-level names to micro_ros_msgs.egg-info/top_level.txt
[13.141s] writing manifest file 'micro_ros_msgs.egg-info/SOURCES.txt'
[13.141s] [  1%] Built target micro_ros_msgs__rosidl_generator_type_description
[13.141s] [  3%] [34m[1mGenerating C code for ROS interfaces[0m
[13.141s] [  5%] [34m[1mGenerating C++ code for ROS interfaces[0m
[13.141s] reading manifest file 'micro_ros_msgs.egg-info/SOURCES.txt'
[13.142s] writing manifest file 'micro_ros_msgs.egg-info/SOURCES.txt'
[13.142s] [  5%] Built target ament_cmake_python_build_micro_ros_msgs_egg
[14.475s] [  7%] [32mBuilding C object CMakeFiles/micro_ros_msgs__rosidl_generator_c.dir/rosidl_generator_c/micro_ros_msgs/msg/detail/graph__description.c.o[0m
[14.500s] [  9%] [32mBuilding C object CMakeFiles/micro_ros_msgs__rosidl_generator_c.dir/rosidl_generator_c/micro_ros_msgs/msg/detail/graph__functions.c.o[0m
[14.552s] [ 11%] [32mBuilding C object CMakeFiles/micro_ros_msgs__rosidl_generator_c.dir/rosidl_generator_c/micro_ros_msgs/msg/detail/node__functions.c.o[0m
[14.557s] [ 14%] [32mBuilding C object CMakeFiles/micro_ros_msgs__rosidl_generator_c.dir/rosidl_generator_c/micro_ros_msgs/msg/detail/entity__description.c.o[0m
[14.568s] [ 16%] [32mBuilding C object CMakeFiles/micro_ros_msgs__rosidl_generator_c.dir/rosidl_generator_c/micro_ros_msgs/msg/detail/node__type_support.c.o[0m
[14.569s] [ 12%] [32mBuilding C object CMakeFiles/micro_ros_msgs__rosidl_generator_c.dir/rosidl_generator_c/micro_ros_msgs/msg/detail/graph__type_support.c.o[0m
[14.599s] [ 18%] [32mBuilding C object CMakeFiles/micro_ros_msgs__rosidl_generator_c.dir/rosidl_generator_c/micro_ros_msgs/msg/detail/node__description.c.o[0m
[14.822s] [ 20%] [32mBuilding C object CMakeFiles/micro_ros_msgs__rosidl_generator_c.dir/rosidl_generator_c/micro_ros_msgs/msg/detail/entity__functions.c.o[0m
[14.847s] [ 22%] [32mBuilding C object CMakeFiles/micro_ros_msgs__rosidl_generator_c.dir/rosidl_generator_c/micro_ros_msgs/msg/detail/entity__type_support.c.o[0m
[15.234s] [ 24%] [32m[1mLinking C shared library libmicro_ros_msgs__rosidl_generator_c.so[0m
[15.295s] [ 24%] Built target micro_ros_msgs__cpp
[15.485s] [ 24%] Built target micro_ros_msgs__rosidl_generator_c
[15.521s] [ 25%] [34m[1mGenerating C++ type support dispatch for ROS interfaces[0m
[15.599s] [ 27%] [34m[1mGenerating C++ introspection for ROS interfaces[0m
[15.600s] [ 29%] [34m[1mGenerating C++ type support for eProsima Fast-RTPS[0m
[15.618s] [ 31%] [34m[1mGenerating C type support for eProsima Fast-RTPS[0m
[15.636s] [ 33%] [34m[1mGenerating C introspection for ROS interfaces[0m
[15.643s] [ 35%] [34m[1mGenerating C type support dispatch for ROS interfaces[0m
[17.472s] [ 37%] [32mBuilding C object CMakeFiles/micro_ros_msgs__rosidl_typesupport_introspection_c.dir/rosidl_typesupport_introspection_c/micro_ros_msgs/msg/detail/graph__type_support.c.o[0m
[17.488s] [ 38%] [32mBuilding C object CMakeFiles/micro_ros_msgs__rosidl_typesupport_introspection_c.dir/rosidl_typesupport_introspection_c/micro_ros_msgs/msg/detail/node__type_support.c.o[0m
[17.498s] [ 40%] [32mBuilding C object CMakeFiles/micro_ros_msgs__rosidl_typesupport_introspection_c.dir/rosidl_typesupport_introspection_c/micro_ros_msgs/msg/detail/entity__type_support.c.o[0m
[17.783s] [ 42%] [32m[1mLinking C shared library libmicro_ros_msgs__rosidl_typesupport_introspection_c.so[0m
[17.811s] [ 44%] [32mBuilding CXX object CMakeFiles/micro_ros_msgs__rosidl_typesupport_fastrtps_c.dir/rosidl_typesupport_fastrtps_c/micro_ros_msgs/msg/detail/graph__type_support_c.cpp.o[0m
[17.840s] [ 46%] [32mBuilding CXX object CMakeFiles/micro_ros_msgs__rosidl_typesupport_fastrtps_c.dir/rosidl_typesupport_fastrtps_c/micro_ros_msgs/msg/detail/entity__type_support_c.cpp.o[0m
[17.888s] [ 48%] [32mBuilding CXX object CMakeFiles/micro_ros_msgs__rosidl_typesupport_fastrtps_c.dir/rosidl_typesupport_fastrtps_c/micro_ros_msgs/msg/detail/node__type_support_c.cpp.o[0m
[17.949s] [ 48%] Built target micro_ros_msgs__rosidl_typesupport_introspection_c
[18.230s] [ 50%] [32mBuilding CXX object CMakeFiles/micro_ros_msgs__rosidl_typesupport_c.dir/rosidl_typesupport_c/micro_ros_msgs/msg/node__type_support.cpp.o[0m
[18.261s] [ 51%] [32mBuilding CXX object CMakeFiles/micro_ros_msgs__rosidl_typesupport_c.dir/rosidl_typesupport_c/micro_ros_msgs/msg/graph__type_support.cpp.o[0m
[18.423s] [ 53%] [32mBuilding CXX object CMakeFiles/micro_ros_msgs__rosidl_typesupport_c.dir/rosidl_typesupport_c/micro_ros_msgs/msg/entity__type_support.cpp.o[0m
[18.610s] [ 55%] [32m[1mLinking CXX shared library libmicro_ros_msgs__rosidl_typesupport_c.so[0m
[18.619s] [ 57%] [32mBuilding CXX object CMakeFiles/micro_ros_msgs__rosidl_typesupport_introspection_cpp.dir/rosidl_typesupport_introspection_cpp/micro_ros_msgs/msg/detail/graph__type_support.cpp.o[0m
[18.628s] [ 59%] [32mBuilding CXX object CMakeFiles/micro_ros_msgs__rosidl_typesupport_introspection_cpp.dir/rosidl_typesupport_introspection_cpp/micro_ros_msgs/msg/detail/node__type_support.cpp.o[0m
[18.866s] [ 59%] Built target micro_ros_msgs__rosidl_typesupport_c
[19.029s] [ 61%] [32mBuilding CXX object CMakeFiles/micro_ros_msgs__rosidl_typesupport_introspection_cpp.dir/rosidl_typesupport_introspection_cpp/micro_ros_msgs/msg/detail/entity__type_support.cpp.o[0m
[19.119s] [ 62%] [32mBuilding CXX object CMakeFiles/micro_ros_msgs__rosidl_typesupport_cpp.dir/rosidl_typesupport_cpp/micro_ros_msgs/msg/graph__type_support.cpp.o[0m
[20.180s] [ 64%] [32mBuilding CXX object CMakeFiles/micro_ros_msgs__rosidl_typesupport_fastrtps_cpp.dir/rosidl_typesupport_fastrtps_cpp/micro_ros_msgs/msg/detail/dds_fastrtps/graph__type_support.cpp.o[0m
[21.130s] [ 66%] [32mBuilding CXX object CMakeFiles/micro_ros_msgs__rosidl_typesupport_fastrtps_cpp.dir/rosidl_typesupport_fastrtps_cpp/micro_ros_msgs/msg/detail/dds_fastrtps/node__type_support.cpp.o[0m
[22.001s] [ 68%] [32mBuilding CXX object CMakeFiles/micro_ros_msgs__rosidl_typesupport_cpp.dir/rosidl_typesupport_cpp/micro_ros_msgs/msg/node__type_support.cpp.o[0m
[22.184s] [ 70%] [32m[1mLinking CXX shared library libmicro_ros_msgs__rosidl_typesupport_fastrtps_c.so[0m
[22.258s] [ 72%] [32mBuilding CXX object CMakeFiles/micro_ros_msgs__rosidl_typesupport_fastrtps_cpp.dir/rosidl_typesupport_fastrtps_cpp/micro_ros_msgs/msg/detail/dds_fastrtps/entity__type_support.cpp.o[0m
[22.364s] [ 72%] Built target micro_ros_msgs__rosidl_typesupport_fastrtps_c
[22.383s] [ 74%] [32mBuilding CXX object CMakeFiles/micro_ros_msgs__rosidl_typesupport_cpp.dir/rosidl_typesupport_cpp/micro_ros_msgs/msg/entity__type_support.cpp.o[0m
[24.759s] [ 75%] [32m[1mLinking CXX shared library libmicro_ros_msgs__rosidl_typesupport_introspection_cpp.so[0m
[25.039s] [ 77%] [32m[1mLinking CXX shared library libmicro_ros_msgs__rosidl_typesupport_cpp.so[0m
[25.493s] [ 77%] Built target micro_ros_msgs__rosidl_typesupport_introspection_cpp
[25.549s] [ 77%] Built target micro_ros_msgs__rosidl_typesupport_cpp
[26.858s] [ 79%] [32m[1mLinking CXX shared library libmicro_ros_msgs__rosidl_typesupport_fastrtps_cpp.so[0m
[27.067s] [ 79%] Built target micro_ros_msgs__rosidl_typesupport_fastrtps_cpp
[27.127s] [ 79%] Built target micro_ros_msgs
[27.207s] [ 81%] [34m[1mGenerating Python code for ROS interfaces[0m
[29.151s] [ 81%] Built target micro_ros_msgs__py
[29.193s] [ 83%] [32mBuilding C object CMakeFiles/micro_ros_msgs__rosidl_generator_py.dir/rosidl_generator_py/micro_ros_msgs/msg/_graph_s.c.o[0m
[29.751s] [ 85%] [32mBuilding C object CMakeFiles/micro_ros_msgs__rosidl_generator_py.dir/rosidl_generator_py/micro_ros_msgs/msg/_entity_s.c.o[0m
[30.074s] [ 87%] [32mBuilding C object CMakeFiles/micro_ros_msgs__rosidl_generator_py.dir/rosidl_generator_py/micro_ros_msgs/msg/_node_s.c.o[0m
[30.347s] [ 88%] [32m[1mLinking C shared library libmicro_ros_msgs__rosidl_generator_py.so[0m
[30.425s] [ 88%] Built target micro_ros_msgs__rosidl_generator_py
[30.485s] [ 90%] [32mBuilding C object CMakeFiles/micro_ros_msgs_s__rosidl_typesupport_fastrtps_c.dir/rosidl_generator_py/micro_ros_msgs/_micro_ros_msgs_s.ep.rosidl_typesupport_fastrtps_c.c.o[0m
[30.715s] [ 92%] [32m[1mLinking C shared module rosidl_generator_py/micro_ros_msgs/micro_ros_msgs_s__rosidl_typesupport_fastrtps_c.so[0m
[30.785s] [ 92%] Built target micro_ros_msgs_s__rosidl_typesupport_fastrtps_c
[30.848s] [ 94%] [32mBuilding C object CMakeFiles/micro_ros_msgs_s__rosidl_typesupport_c.dir/rosidl_generator_py/micro_ros_msgs/_micro_ros_msgs_s.ep.rosidl_typesupport_c.c.o[0m
[31.057s] [ 96%] [32m[1mLinking C shared module rosidl_generator_py/micro_ros_msgs/micro_ros_msgs_s__rosidl_typesupport_c.so[0m
[31.153s] [ 96%] Built target micro_ros_msgs_s__rosidl_typesupport_c
[31.208s] [ 98%] [32mBuilding C object CMakeFiles/micro_ros_msgs_s__rosidl_typesupport_introspection_c.dir/rosidl_generator_py/micro_ros_msgs/_micro_ros_msgs_s.ep.rosidl_typesupport_introspection_c.c.o[0m
[31.460s] [100%] [32m[1mLinking C shared module rosidl_generator_py/micro_ros_msgs/micro_ros_msgs_s__rosidl_typesupport_introspection_c.so[0m
[31.582s] [100%] Built target micro_ros_msgs_s__rosidl_typesupport_introspection_c
[31.619s] Invoked command in '/home/sleepy/robp-group7-sleepy/build/micro_ros_msgs' returned '0': CMAKE_PREFIX_PATH=${CMAKE_PREFIX_PATH}:/home/sleepy/robp-group7-sleepy/install/simple_move:/home/sleepy/robp-group7-sleepy/install/core_launch:/home/sleepy/robp-group7-sleepy/install/robp_launch:/home/sleepy/robp-group7-sleepy/install/perception:/home/sleepy/robp-group7-sleepy/install/odometry:/home/sleepy/robp-group7-sleepy/install/lidar_processing:/home/sleepy/robp-group7-sleepy/install/arm_servos_pubs_subs:/home/sleepy/robp-group7-sleepy/install/arm_control:/opt/ros/jazzy DEBUGINFOD_URLS=https://debuginfod.ubuntu.com /usr/bin/cmake --build /home/sleepy/robp-group7-sleepy/build/micro_ros_msgs -- -j8 -l8
[31.619s] Invoking command in '/home/sleepy/robp-group7-sleepy/build/micro_ros_msgs': CMAKE_PREFIX_PATH=${CMAKE_PREFIX_PATH}:/home/sleepy/robp-group7-sleepy/install/simple_move:/home/sleepy/robp-group7-sleepy/install/core_launch:/home/sleepy/robp-group7-sleepy/install/robp_launch:/home/sleepy/robp-group7-sleepy/install/perception:/home/sleepy/robp-group7-sleepy/install/odometry:/home/sleepy/robp-group7-sleepy/install/lidar_processing:/home/sleepy/robp-group7-sleepy/install/arm_servos_pubs_subs:/home/sleepy/robp-group7-sleepy/install/arm_control:/opt/ros/jazzy DEBUGINFOD_URLS=https://debuginfod.ubuntu.com /usr/bin/cmake --install /home/sleepy/robp-group7-sleepy/build/micro_ros_msgs
[31.636s] -- Install configuration: ""
[31.638s] -- Execute custom install script
[31.643s] -- Symlinking: /home/sleepy/robp-group7-sleepy/install/micro_ros_msgs/share/ament_index/resource_index/rosidl_interfaces/micro_ros_msgs
[31.683s] -- Symlinking: /home/sleepy/robp-group7-sleepy/install/micro_ros_msgs/share/micro_ros_msgs/msg/Graph.json
[31.694s] -- Symlinking: /home/sleepy/robp-group7-sleepy/install/micro_ros_msgs/share/micro_ros_msgs/msg/Node.json
[31.724s] -- Symlinking: /home/sleepy/robp-group7-sleepy/install/micro_ros_msgs/share/micro_ros_msgs/msg/Entity.json
[31.755s] -- Symlinking: /home/sleepy/robp-group7-sleepy/install/micro_ros_msgs/include/micro_ros_msgs/micro_ros_msgs/msg/detail/entity__functions.h
[31.776s] -- Symlinking: /home/sleepy/robp-group7-sleepy/install/micro_ros_msgs/include/micro_ros_msgs/micro_ros_msgs/msg/detail/entity__struct.h
[31.792s] -- Symlinking: /home/sleepy/robp-group7-sleepy/install/micro_ros_msgs/include/micro_ros_msgs/micro_ros_msgs/msg/detail/entity__type_support.h
[31.810s] -- Symlinking: /home/sleepy/robp-group7-sleepy/install/micro_ros_msgs/include/micro_ros_msgs/micro_ros_msgs/msg/detail/graph__functions.h
[31.825s] -- Symlinking: /home/sleepy/robp-group7-sleepy/install/micro_ros_msgs/include/micro_ros_msgs/micro_ros_msgs/msg/detail/graph__struct.h
[31.843s] -- Symlinking: /home/sleepy/robp-group7-sleepy/install/micro_ros_msgs/include/micro_ros_msgs/micro_ros_msgs/msg/detail/graph__type_support.h
[31.861s] -- Symlinking: /home/sleepy/robp-group7-sleepy/install/micro_ros_msgs/include/micro_ros_msgs/micro_ros_msgs/msg/detail/node__functions.h
[31.877s] -- Symlinking: /home/sleepy/robp-group7-sleepy/install/micro_ros_msgs/include/micro_ros_msgs/micro_ros_msgs/msg/detail/node__struct.h
[31.898s] -- Symlinking: /home/sleepy/robp-group7-sleepy/install/micro_ros_msgs/include/micro_ros_msgs/micro_ros_msgs/msg/detail/node__type_support.h
[31.915s] -- Symlinking: /home/sleepy/robp-group7-sleepy/install/micro_ros_msgs/include/micro_ros_msgs/micro_ros_msgs/msg/entity.h
[31.940s] -- Symlinking: /home/sleepy/robp-group7-sleepy/install/micro_ros_msgs/include/micro_ros_msgs/micro_ros_msgs/msg/graph.h
[31.973s] -- Symlinking: /home/sleepy/robp-group7-sleepy/install/micro_ros_msgs/include/micro_ros_msgs/micro_ros_msgs/msg/node.h
[32.003s] -- Symlinking: /home/sleepy/robp-group7-sleepy/install/micro_ros_msgs/include/micro_ros_msgs/micro_ros_msgs/msg/rosidl_generator_c__visibility_control.h
[32.034s] -- Symlinking: /home/sleepy/robp-group7-sleepy/install/micro_ros_msgs/share/micro_ros_msgs/environment/library_path.sh
[32.063s] -- Symlinking: /home/sleepy/robp-group7-sleepy/install/micro_ros_msgs/share/micro_ros_msgs/environment/library_path.dsv
[32.095s] -- Symlinking: /home/sleepy/robp-group7-sleepy/install/micro_ros_msgs/include/micro_ros_msgs/micro_ros_msgs/msg/detail/entity__rosidl_typesupport_fastrtps_c.h
[32.117s] -- Symlinking: /home/sleepy/robp-group7-sleepy/install/micro_ros_msgs/include/micro_ros_msgs/micro_ros_msgs/msg/detail/graph__rosidl_typesupport_fastrtps_c.h
[32.182s] -- Symlinking: /home/sleepy/robp-group7-sleepy/install/micro_ros_msgs/include/micro_ros_msgs/micro_ros_msgs/msg/detail/node__rosidl_typesupport_fastrtps_c.h
[32.202s] -- Symlinking: /home/sleepy/robp-group7-sleepy/install/micro_ros_msgs/include/micro_ros_msgs/micro_ros_msgs/msg/rosidl_typesupport_fastrtps_c__visibility_control.h
[32.235s] -- Symlinking: /home/sleepy/robp-group7-sleepy/install/micro_ros_msgs/include/micro_ros_msgs/micro_ros_msgs/msg/detail/entity__rosidl_typesupport_introspection_c.h
[32.264s] -- Symlinking: /home/sleepy/robp-group7-sleepy/install/micro_ros_msgs/include/micro_ros_msgs/micro_ros_msgs/msg/detail/graph__rosidl_typesupport_introspection_c.h
[32.284s] -- Symlinking: /home/sleepy/robp-group7-sleepy/install/micro_ros_msgs/include/micro_ros_msgs/micro_ros_msgs/msg/detail/node__rosidl_typesupport_introspection_c.h
[32.305s] -- Symlinking: /home/sleepy/robp-group7-sleepy/install/micro_ros_msgs/include/micro_ros_msgs/micro_ros_msgs/msg/rosidl_typesupport_introspection_c__visibility_control.h
[32.317s] -- Symlinking: /home/sleepy/robp-group7-sleepy/install/micro_ros_msgs/include/micro_ros_msgs/micro_ros_msgs/msg/detail/entity__builder.hpp
[32.332s] -- Symlinking: /home/sleepy/robp-group7-sleepy/install/micro_ros_msgs/include/micro_ros_msgs/micro_ros_msgs/msg/detail/entity__struct.hpp
[32.351s] -- Symlinking: /home/sleepy/robp-group7-sleepy/install/micro_ros_msgs/include/micro_ros_msgs/micro_ros_msgs/msg/detail/entity__traits.hpp
[32.364s] -- Symlinking: /home/sleepy/robp-group7-sleepy/install/micro_ros_msgs/include/micro_ros_msgs/micro_ros_msgs/msg/detail/entity__type_support.hpp
[32.382s] -- Symlinking: /home/sleepy/robp-group7-sleepy/install/micro_ros_msgs/include/micro_ros_msgs/micro_ros_msgs/msg/detail/graph__builder.hpp
[32.401s] -- Symlinking: /home/sleepy/robp-group7-sleepy/install/micro_ros_msgs/include/micro_ros_msgs/micro_ros_msgs/msg/detail/graph__struct.hpp
[32.417s] -- Symlinking: /home/sleepy/robp-group7-sleepy/install/micro_ros_msgs/include/micro_ros_msgs/micro_ros_msgs/msg/detail/graph__traits.hpp
[32.445s] -- Symlinking: /home/sleepy/robp-group7-sleepy/install/micro_ros_msgs/include/micro_ros_msgs/micro_ros_msgs/msg/detail/graph__type_support.hpp
[32.461s] -- Symlinking: /home/sleepy/robp-group7-sleepy/install/micro_ros_msgs/include/micro_ros_msgs/micro_ros_msgs/msg/detail/node__builder.hpp
[32.483s] -- Symlinking: /home/sleepy/robp-group7-sleepy/install/micro_ros_msgs/include/micro_ros_msgs/micro_ros_msgs/msg/detail/node__struct.hpp
[32.494s] -- Symlinking: /home/sleepy/robp-group7-sleepy/install/micro_ros_msgs/include/micro_ros_msgs/micro_ros_msgs/msg/detail/node__traits.hpp
[32.521s] -- Symlinking: /home/sleepy/robp-group7-sleepy/install/micro_ros_msgs/include/micro_ros_msgs/micro_ros_msgs/msg/detail/node__type_support.hpp
[32.620s] -- Symlinking: /home/sleepy/robp-group7-sleepy/install/micro_ros_msgs/include/micro_ros_msgs/micro_ros_msgs/msg/entity.hpp
[32.647s] -- Symlinking: /home/sleepy/robp-group7-sleepy/install/micro_ros_msgs/include/micro_ros_msgs/micro_ros_msgs/msg/graph.hpp
[32.682s] -- Symlinking: /home/sleepy/robp-group7-sleepy/install/micro_ros_msgs/include/micro_ros_msgs/micro_ros_msgs/msg/node.hpp
[32.712s] -- Symlinking: /home/sleepy/robp-group7-sleepy/install/micro_ros_msgs/include/micro_ros_msgs/micro_ros_msgs/msg/rosidl_generator_cpp__visibility_control.hpp
[32.744s] -- Symlinking: /home/sleepy/robp-group7-sleepy/install/micro_ros_msgs/include/micro_ros_msgs/micro_ros_msgs/msg/detail/entity__rosidl_typesupport_fastrtps_cpp.hpp
[32.794s] -- Symlinking: /home/sleepy/robp-group7-sleepy/install/micro_ros_msgs/include/micro_ros_msgs/micro_ros_msgs/msg/detail/graph__rosidl_typesupport_fastrtps_cpp.hpp
[32.839s] -- Symlinking: /home/sleepy/robp-group7-sleepy/install/micro_ros_msgs/include/micro_ros_msgs/micro_ros_msgs/msg/detail/node__rosidl_typesupport_fastrtps_cpp.hpp
[32.885s] -- Symlinking: /home/sleepy/robp-group7-sleepy/install/micro_ros_msgs/include/micro_ros_msgs/micro_ros_msgs/msg/rosidl_typesupport_fastrtps_cpp__visibility_control.h
[32.912s] -- Symlinking: /home/sleepy/robp-group7-sleepy/install/micro_ros_msgs/include/micro_ros_msgs/micro_ros_msgs/msg/detail/entity__rosidl_typesupport_introspection_cpp.hpp
[32.936s] -- Symlinking: /home/sleepy/robp-group7-sleepy/install/micro_ros_msgs/include/micro_ros_msgs/micro_ros_msgs/msg/detail/graph__rosidl_typesupport_introspection_cpp.hpp
[32.962s] -- Symlinking: /home/sleepy/robp-group7-sleepy/install/micro_ros_msgs/include/micro_ros_msgs/micro_ros_msgs/msg/detail/node__rosidl_typesupport_introspection_cpp.hpp
[32.982s] -- Symlinking: /home/sleepy/robp-group7-sleepy/install/micro_ros_msgs/share/micro_ros_msgs/environment/pythonpath.sh
[33.001s] -- Symlinking: /home/sleepy/robp-group7-sleepy/install/micro_ros_msgs/share/micro_ros_msgs/environment/pythonpath.dsv
[33.033s] -- Symlinking: /home/sleepy/robp-group7-sleepy/install/micro_ros_msgs/lib/python3.12/site-packages/micro_ros_msgs-5.0.2-py3.12.egg-info/PKG-INFO
[33.095s] -- Symlinking: /home/sleepy/robp-group7-sleepy/install/micro_ros_msgs/lib/python3.12/site-packages/micro_ros_msgs-5.0.2-py3.12.egg-info/SOURCES.txt
[33.146s] -- Symlinking: /home/sleepy/robp-group7-sleepy/install/micro_ros_msgs/lib/python3.12/site-packages/micro_ros_msgs-5.0.2-py3.12.egg-info/dependency_links.txt
[33.176s] -- Symlinking: /home/sleepy/robp-group7-sleepy/install/micro_ros_msgs/lib/python3.12/site-packages/micro_ros_msgs-5.0.2-py3.12.egg-info/top_level.txt
[33.220s] -- Symlinking: /home/sleepy/robp-group7-sleepy/install/micro_ros_msgs/lib/python3.12/site-packages/micro_ros_msgs/__init__.py
[33.254s] -- Symlinking: /home/sleepy/robp-group7-sleepy/install/micro_ros_msgs/lib/python3.12/site-packages/micro_ros_msgs/_micro_ros_msgs_s.ep.rosidl_typesupport_c.c
[33.283s] -- Symlinking: /home/sleepy/robp-group7-sleepy/install/micro_ros_msgs/lib/python3.12/site-packages/micro_ros_msgs/_micro_ros_msgs_s.ep.rosidl_typesupport_fastrtps_c.c
[33.312s] -- Symlinking: /home/sleepy/robp-group7-sleepy/install/micro_ros_msgs/lib/python3.12/site-packages/micro_ros_msgs/_micro_ros_msgs_s.ep.rosidl_typesupport_introspection_c.c
[33.350s] -- Symlinking: /home/sleepy/robp-group7-sleepy/install/micro_ros_msgs/lib/python3.12/site-packages/micro_ros_msgs/micro_ros_msgs_s__rosidl_typesupport_c.so
[33.390s] -- Symlinking: /home/sleepy/robp-group7-sleepy/install/micro_ros_msgs/lib/python3.12/site-packages/micro_ros_msgs/micro_ros_msgs_s__rosidl_typesupport_fastrtps_c.so
[33.407s] -- Symlinking: /home/sleepy/robp-group7-sleepy/install/micro_ros_msgs/lib/python3.12/site-packages/micro_ros_msgs/micro_ros_msgs_s__rosidl_typesupport_introspection_c.so
[33.438s] -- Symlinking: /home/sleepy/robp-group7-sleepy/install/micro_ros_msgs/lib/python3.12/site-packages/micro_ros_msgs/msg/__init__.py
[33.470s] -- Symlinking: /home/sleepy/robp-group7-sleepy/install/micro_ros_msgs/lib/python3.12/site-packages/micro_ros_msgs/msg/_entity.py
[33.501s] -- Symlinking: /home/sleepy/robp-group7-sleepy/install/micro_ros_msgs/lib/python3.12/site-packages/micro_ros_msgs/msg/_entity_s.c
[33.546s] -- Symlinking: /home/sleepy/robp-group7-sleepy/install/micro_ros_msgs/lib/python3.12/site-packages/micro_ros_msgs/msg/_graph.py
[33.582s] -- Symlinking: /home/sleepy/robp-group7-sleepy/install/micro_ros_msgs/lib/python3.12/site-packages/micro_ros_msgs/msg/_graph_s.c
[33.603s] -- Symlinking: /home/sleepy/robp-group7-sleepy/install/micro_ros_msgs/lib/python3.12/site-packages/micro_ros_msgs/msg/_node.py
[33.622s] -- Symlinking: /home/sleepy/robp-group7-sleepy/install/micro_ros_msgs/lib/python3.12/site-packages/micro_ros_msgs/msg/_node_s.c
[33.657s] -- Up-to-date symlink: /home/sleepy/robp-group7-sleepy/install/micro_ros_msgs/lib/python3.12/site-packages/micro_ros_msgs/micro_ros_msgs_s__rosidl_typesupport_fastrtps_c.so
[33.657s] -- Up-to-date symlink: /home/sleepy/robp-group7-sleepy/install/micro_ros_msgs/lib/python3.12/site-packages/micro_ros_msgs/micro_ros_msgs_s__rosidl_typesupport_introspection_c.so
[33.657s] -- Up-to-date symlink: /home/sleepy/robp-group7-sleepy/install/micro_ros_msgs/lib/python3.12/site-packages/micro_ros_msgs/micro_ros_msgs_s__rosidl_typesupport_c.so
[33.657s] -- Symlinking: /home/sleepy/robp-group7-sleepy/install/micro_ros_msgs/share/micro_ros_msgs/msg/Graph.idl
[33.691s] -- Symlinking: /home/sleepy/robp-group7-sleepy/install/micro_ros_msgs/share/micro_ros_msgs/msg/Node.idl
[33.717s] -- Symlinking: /home/sleepy/robp-group7-sleepy/install/micro_ros_msgs/share/micro_ros_msgs/msg/Entity.idl
[33.751s] -- Symlinking: /home/sleepy/robp-group7-sleepy/install/micro_ros_msgs/share/micro_ros_msgs/msg/Graph.msg
[33.784s] -- Symlinking: /home/sleepy/robp-group7-sleepy/install/micro_ros_msgs/share/micro_ros_msgs/msg/Node.msg
[33.822s] -- Symlinking: /home/sleepy/robp-group7-sleepy/install/micro_ros_msgs/share/micro_ros_msgs/msg/Entity.msg
[33.852s] -- Symlinking: /home/sleepy/robp-group7-sleepy/install/micro_ros_msgs/share/ament_index/resource_index/package_run_dependencies/micro_ros_msgs
[33.890s] -- Symlinking: /home/sleepy/robp-group7-sleepy/install/micro_ros_msgs/share/ament_index/resource_index/parent_prefix_path/micro_ros_msgs
[33.914s] -- Symlinking: /home/sleepy/robp-group7-sleepy/install/micro_ros_msgs/share/micro_ros_msgs/environment/ament_prefix_path.sh
[33.931s] -- Symlinking: /home/sleepy/robp-group7-sleepy/install/micro_ros_msgs/share/micro_ros_msgs/environment/ament_prefix_path.dsv
[33.958s] -- Symlinking: /home/sleepy/robp-group7-sleepy/install/micro_ros_msgs/share/micro_ros_msgs/environment/path.sh
[33.983s] -- Symlinking: /home/sleepy/robp-group7-sleepy/install/micro_ros_msgs/share/micro_ros_msgs/environment/path.dsv
[34.000s] -- Symlinking: /home/sleepy/robp-group7-sleepy/install/micro_ros_msgs/share/micro_ros_msgs/local_setup.bash
[34.037s] -- Symlinking: /home/sleepy/robp-group7-sleepy/install/micro_ros_msgs/share/micro_ros_msgs/local_setup.sh
[34.069s] -- Symlinking: /home/sleepy/robp-group7-sleepy/install/micro_ros_msgs/share/micro_ros_msgs/local_setup.zsh
[34.101s] -- Symlinking: /home/sleepy/robp-group7-sleepy/install/micro_ros_msgs/share/micro_ros_msgs/local_setup.dsv
[34.139s] -- Symlinking: /home/sleepy/robp-group7-sleepy/install/micro_ros_msgs/share/micro_ros_msgs/package.dsv
[34.191s] -- Symlinking: /home/sleepy/robp-group7-sleepy/install/micro_ros_msgs/share/ament_index/resource_index/packages/micro_ros_msgs
[34.259s] -- Symlinking: /home/sleepy/robp-group7-sleepy/install/micro_ros_msgs/share/micro_ros_msgs/cmake/rosidl_cmake-extras.cmake
[34.282s] -- Symlinking: /home/sleepy/robp-group7-sleepy/install/micro_ros_msgs/share/micro_ros_msgs/cmake/ament_cmake_export_include_directories-extras.cmake
[34.308s] -- Symlinking: /home/sleepy/robp-group7-sleepy/install/micro_ros_msgs/share/micro_ros_msgs/cmake/ament_cmake_export_libraries-extras.cmake
[34.328s] -- Symlinking: /home/sleepy/robp-group7-sleepy/install/micro_ros_msgs/share/micro_ros_msgs/cmake/ament_cmake_export_targets-extras.cmake
[34.347s] -- Symlinking: /home/sleepy/robp-group7-sleepy/install/micro_ros_msgs/share/micro_ros_msgs/cmake/rosidl_cmake_export_typesupport_targets-extras.cmake
[34.363s] -- Symlinking: /home/sleepy/robp-group7-sleepy/install/micro_ros_msgs/share/micro_ros_msgs/cmake/ament_cmake_export_dependencies-extras.cmake
[34.386s] -- Symlinking: /home/sleepy/robp-group7-sleepy/install/micro_ros_msgs/share/micro_ros_msgs/cmake/rosidl_cmake_export_typesupport_libraries-extras.cmake
[34.403s] -- Symlinking: /home/sleepy/robp-group7-sleepy/install/micro_ros_msgs/share/micro_ros_msgs/cmake/micro_ros_msgsConfig.cmake
[34.421s] -- Symlinking: /home/sleepy/robp-group7-sleepy/install/micro_ros_msgs/share/micro_ros_msgs/cmake/micro_ros_msgsConfig-version.cmake
[34.440s] -- Symlinking: /home/sleepy/robp-group7-sleepy/install/micro_ros_msgs/share/micro_ros_msgs/package.xml
[34.458s] -- Installing: /home/sleepy/robp-group7-sleepy/install/micro_ros_msgs/lib/libmicro_ros_msgs__rosidl_generator_c.so
[34.465s] -- Set non-toolchain portion of runtime path of "/home/sleepy/robp-group7-sleepy/install/micro_ros_msgs/lib/libmicro_ros_msgs__rosidl_generator_c.so" to ""
[34.466s] -- Installing: /home/sleepy/robp-group7-sleepy/install/micro_ros_msgs/lib/libmicro_ros_msgs__rosidl_typesupport_fastrtps_c.so
[34.473s] -- Set non-toolchain portion of runtime path of "/home/sleepy/robp-group7-sleepy/install/micro_ros_msgs/lib/libmicro_ros_msgs__rosidl_typesupport_fastrtps_c.so" to ""
[34.473s] -- Installing: /home/sleepy/robp-group7-sleepy/install/micro_ros_msgs/lib/libmicro_ros_msgs__rosidl_typesupport_introspection_c.so
[34.482s] -- Set non-toolchain portion of runtime path of "/home/sleepy/robp-group7-sleepy/install/micro_ros_msgs/lib/libmicro_ros_msgs__rosidl_typesupport_introspection_c.so" to ""
[34.482s] -- Installing: /home/sleepy/robp-group7-sleepy/install/micro_ros_msgs/lib/libmicro_ros_msgs__rosidl_typesupport_c.so
[34.489s] -- Set non-toolchain portion of runtime path of "/home/sleepy/robp-group7-sleepy/install/micro_ros_msgs/lib/libmicro_ros_msgs__rosidl_typesupport_c.so" to ""
[34.489s] -- Installing: /home/sleepy/robp-group7-sleepy/install/micro_ros_msgs/lib/libmicro_ros_msgs__rosidl_typesupport_fastrtps_cpp.so
[34.494s] -- Set non-toolchain portion of runtime path of "/home/sleepy/robp-group7-sleepy/install/micro_ros_msgs/lib/libmicro_ros_msgs__rosidl_typesupport_fastrtps_cpp.so" to ""
[34.499s] -- Installing: /home/sleepy/robp-group7-sleepy/install/micro_ros_msgs/lib/libmicro_ros_msgs__rosidl_typesupport_introspection_cpp.so
[34.500s] -- Set non-toolchain portion of runtime path of "/home/sleepy/robp-group7-sleepy/install/micro_ros_msgs/lib/libmicro_ros_msgs__rosidl_typesupport_introspection_cpp.so" to ""
[34.501s] -- Installing: /home/sleepy/robp-group7-sleepy/install/micro_ros_msgs/lib/libmicro_ros_msgs__rosidl_typesupport_cpp.so
[34.507s] -- Set non-toolchain portion of runtime path of "/home/sleepy/robp-group7-sleepy/install/micro_ros_msgs/lib/libmicro_ros_msgs__rosidl_typesupport_cpp.so" to ""
[34.723s] Listing '/home/sleepy/robp-group7-sleepy/install/micro_ros_msgs/lib/python3.12/site-packages/micro_ros_msgs'...
[34.723s] Compiling '/home/sleepy/robp-group7-sleepy/install/micro_ros_msgs/lib/python3.12/site-packages/micro_ros_msgs/__init__.py'...
[34.723s] Listing '/home/sleepy/robp-group7-sleepy/install/micro_ros_msgs/lib/python3.12/site-packages/micro_ros_msgs/msg'...
[34.723s] Compiling '/home/sleepy/robp-group7-sleepy/install/micro_ros_msgs/lib/python3.12/site-packages/micro_ros_msgs/msg/__init__.py'...
[34.724s] Compiling '/home/sleepy/robp-group7-sleepy/install/micro_ros_msgs/lib/python3.12/site-packages/micro_ros_msgs/msg/_entity.py'...
[34.724s] Compiling '/home/sleepy/robp-group7-sleepy/install/micro_ros_msgs/lib/python3.12/site-packages/micro_ros_msgs/msg/_graph.py'...
[34.724s] Compiling '/home/sleepy/robp-group7-sleepy/install/micro_ros_msgs/lib/python3.12/site-packages/micro_ros_msgs/msg/_node.py'...
[34.794s] -- Installing: /home/sleepy/robp-group7-sleepy/install/micro_ros_msgs/lib/libmicro_ros_msgs__rosidl_generator_py.so
[34.799s] -- Set non-toolchain portion of runtime path of "/home/sleepy/robp-group7-sleepy/install/micro_ros_msgs/lib/libmicro_ros_msgs__rosidl_generator_py.so" to ""
[34.817s] -- Installing: /home/sleepy/robp-group7-sleepy/install/micro_ros_msgs/share/micro_ros_msgs/cmake/export_micro_ros_msgs__rosidl_generator_cExport.cmake
[34.817s] -- Installing: /home/sleepy/robp-group7-sleepy/install/micro_ros_msgs/share/micro_ros_msgs/cmake/export_micro_ros_msgs__rosidl_generator_cExport-noconfig.cmake
[34.817s] -- Installing: /home/sleepy/robp-group7-sleepy/install/micro_ros_msgs/share/micro_ros_msgs/cmake/export_micro_ros_msgs__rosidl_typesupport_fastrtps_cExport.cmake
[34.818s] -- Installing: /home/sleepy/robp-group7-sleepy/install/micro_ros_msgs/share/micro_ros_msgs/cmake/export_micro_ros_msgs__rosidl_typesupport_fastrtps_cExport-noconfig.cmake
[34.824s] -- Installing: /home/sleepy/robp-group7-sleepy/install/micro_ros_msgs/share/micro_ros_msgs/cmake/micro_ros_msgs__rosidl_typesupport_introspection_cExport.cmake
[34.825s] -- Installing: /home/sleepy/robp-group7-sleepy/install/micro_ros_msgs/share/micro_ros_msgs/cmake/micro_ros_msgs__rosidl_typesupport_introspection_cExport-noconfig.cmake
[34.825s] -- Installing: /home/sleepy/robp-group7-sleepy/install/micro_ros_msgs/share/micro_ros_msgs/cmake/micro_ros_msgs__rosidl_typesupport_cExport.cmake
[34.825s] -- Installing: /home/sleepy/robp-group7-sleepy/install/micro_ros_msgs/share/micro_ros_msgs/cmake/micro_ros_msgs__rosidl_typesupport_cExport-noconfig.cmake
[34.844s] -- Installing: /home/sleepy/robp-group7-sleepy/install/micro_ros_msgs/share/micro_ros_msgs/cmake/export_micro_ros_msgs__rosidl_generator_cppExport.cmake
[34.844s] -- Installing: /home/sleepy/robp-group7-sleepy/install/micro_ros_msgs/share/micro_ros_msgs/cmake/export_micro_ros_msgs__rosidl_typesupport_fastrtps_cppExport.cmake
[34.844s] -- Installing: /home/sleepy/robp-group7-sleepy/install/micro_ros_msgs/share/micro_ros_msgs/cmake/export_micro_ros_msgs__rosidl_typesupport_fastrtps_cppExport-noconfig.cmake
[34.847s] -- Installing: /home/sleepy/robp-group7-sleepy/install/micro_ros_msgs/share/micro_ros_msgs/cmake/micro_ros_msgs__rosidl_typesupport_introspection_cppExport.cmake
[34.848s] -- Installing: /home/sleepy/robp-group7-sleepy/install/micro_ros_msgs/share/micro_ros_msgs/cmake/micro_ros_msgs__rosidl_typesupport_introspection_cppExport-noconfig.cmake
[34.863s] -- Installing: /home/sleepy/robp-group7-sleepy/install/micro_ros_msgs/share/micro_ros_msgs/cmake/micro_ros_msgs__rosidl_typesupport_cppExport.cmake
[34.863s] -- Installing: /home/sleepy/robp-group7-sleepy/install/micro_ros_msgs/share/micro_ros_msgs/cmake/micro_ros_msgs__rosidl_typesupport_cppExport-noconfig.cmake
[34.866s] -- Installing: /home/sleepy/robp-group7-sleepy/install/micro_ros_msgs/share/micro_ros_msgs/cmake/export_micro_ros_msgs__rosidl_generator_pyExport.cmake
[34.866s] -- Installing: /home/sleepy/robp-group7-sleepy/install/micro_ros_msgs/share/micro_ros_msgs/cmake/export_micro_ros_msgs__rosidl_generator_pyExport-noconfig.cmake
[34.886s] Invoked command in '/home/sleepy/robp-group7-sleepy/build/micro_ros_msgs' returned '0': CMAKE_PREFIX_PATH=${CMAKE_PREFIX_PATH}:/home/sleepy/robp-group7-sleepy/install/simple_move:/home/sleepy/robp-group7-sleepy/install/core_launch:/home/sleepy/robp-group7-sleepy/install/robp_launch:/home/sleepy/robp-group7-sleepy/install/perception:/home/sleepy/robp-group7-sleepy/install/odometry:/home/sleepy/robp-group7-sleepy/install/lidar_processing:/home/sleepy/robp-group7-sleepy/install/arm_servos_pubs_subs:/home/sleepy/robp-group7-sleepy/install/arm_control:/opt/ros/jazzy DEBUGINFOD_URLS=https://debuginfod.ubuntu.com /usr/bin/cmake --install /home/sleepy/robp-group7-sleepy/build/micro_ros_msgs
