[0.066s] Invoking command in '/home/sleepy/robp-group7-sleepy/build/core_interfaces': CMAKE_PREFIX_PATH=${CMAKE_PREFIX_PATH}:/home/sleepy/robp-group7-sleepy/install/simple_move:/home/sleepy/robp-group7-sleepy/install/core_launch:/home/sleepy/robp-group7-sleepy/install/robp_launch:/home/sleepy/robp-group7-sleepy/install/perception:/home/sleepy/robp-group7-sleepy/install/odometry:/home/sleepy/robp-group7-sleepy/install/navigation:/home/sleepy/robp-group7-sleepy/install/lidar_processing:/home/sleepy/robp-group7-sleepy/install/arm_servos_pubs_subs:/home/sleepy/robp-group7-sleepy/install/arm_control:/opt/ros/jazzy DEBUGINFOD_URLS=https://debuginfod.ubuntu.com /usr/bin/cmake --build /home/sleepy/robp-group7-sleepy/build/core_interfaces -- -j8 -l8
[1.494s] [  1%] Built target core_interfaces__rosidl_generator_type_description
[1.494s] [  1%] Built target ament_cmake_python_symlink_core_interfaces
[1.494s] [  3%] Built target core_interfaces__cpp
[1.494s] [ 24%] Built target core_interfaces__rosidl_generator_c
[1.494s] [ 33%] Built target core_interfaces__rosidl_typesupport_fastrtps_c
[1.495s] [ 42%] Built target core_interfaces__rosidl_typesupport_introspection_c
[1.495s] [ 51%] Built target core_interfaces__rosidl_typesupport_cpp
[1.495s] [ 61%] Built target core_interfaces__rosidl_typesupport_c
[1.495s] [ 70%] Built target core_interfaces__rosidl_typesupport_introspection_cpp
[1.495s] [ 79%] Built target core_interfaces__rosidl_typesupport_fastrtps_cpp
[1.495s] [ 79%] Built target core_interfaces
[1.495s] [ 81%] Built target core_interfaces__py
[1.495s] [ 88%] Built target core_interfaces__rosidl_generator_py
[1.495s] [ 92%] Built target core_interfaces_s__rosidl_typesupport_c
[1.495s] [ 96%] Built target core_interfaces_s__rosidl_typesupport_introspection_c
[1.495s] [100%] Built target core_interfaces_s__rosidl_typesupport_fastrtps_c
[1.495s] running egg_info
[1.496s] writing core_interfaces.egg-info/PKG-INFO
[1.496s] writing dependency_links to core_interfaces.egg-info/dependency_links.txt
[1.496s] writing top-level names to core_interfaces.egg-info/top_level.txt
[1.496s] reading manifest file 'core_interfaces.egg-info/SOURCES.txt'
[1.496s] writing manifest file 'core_interfaces.egg-info/SOURCES.txt'
[1.496s] [100%] Built target ament_cmake_python_build_core_interfaces_egg
[1.515s] Invoked command in '/home/sleepy/robp-group7-sleepy/build/core_interfaces' returned '0': CMAKE_PREFIX_PATH=${CMAKE_PREFIX_PATH}:/home/sleepy/robp-group7-sleepy/install/simple_move:/home/sleepy/robp-group7-sleepy/install/core_launch:/home/sleepy/robp-group7-sleepy/install/robp_launch:/home/sleepy/robp-group7-sleepy/install/perception:/home/sleepy/robp-group7-sleepy/install/odometry:/home/sleepy/robp-group7-sleepy/install/navigation:/home/sleepy/robp-group7-sleepy/install/lidar_processing:/home/sleepy/robp-group7-sleepy/install/arm_servos_pubs_subs:/home/sleepy/robp-group7-sleepy/install/arm_control:/opt/ros/jazzy DEBUGINFOD_URLS=https://debuginfod.ubuntu.com /usr/bin/cmake --build /home/sleepy/robp-group7-sleepy/build/core_interfaces -- -j8 -l8
[1.516s] Invoking command in '/home/sleepy/robp-group7-sleepy/build/core_interfaces': CMAKE_PREFIX_PATH=${CMAKE_PREFIX_PATH}:/home/sleepy/robp-group7-sleepy/install/simple_move:/home/sleepy/robp-group7-sleepy/install/core_launch:/home/sleepy/robp-group7-sleepy/install/robp_launch:/home/sleepy/robp-group7-sleepy/install/perception:/home/sleepy/robp-group7-sleepy/install/odometry:/home/sleepy/robp-group7-sleepy/install/navigation:/home/sleepy/robp-group7-sleepy/install/lidar_processing:/home/sleepy/robp-group7-sleepy/install/arm_servos_pubs_subs:/home/sleepy/robp-group7-sleepy/install/arm_control:/opt/ros/jazzy DEBUGINFOD_URLS=https://debuginfod.ubuntu.com /usr/bin/cmake --install /home/sleepy/robp-group7-sleepy/build/core_interfaces
[1.562s] -- Install configuration: ""
[1.562s] -- Execute custom install script
[1.562s] -- Up-to-date symlink: /home/sleepy/robp-group7-sleepy/install/core_interfaces/share/ament_index/resource_index/rosidl_interfaces/core_interfaces
[1.562s] -- Up-to-date symlink: /home/sleepy/robp-group7-sleepy/install/core_interfaces/share/core_interfaces/srv/GeofenceCompliance.json
[1.562s] -- Up-to-date symlink: /home/sleepy/robp-group7-sleepy/install/core_interfaces/share/core_interfaces/action/MoveTo.json
[1.562s] -- Up-to-date symlink: /home/sleepy/robp-group7-sleepy/install/core_interfaces/share/core_interfaces/action/PathPlanner.json
[1.564s] -- Up-to-date symlink: /home/sleepy/robp-group7-sleepy/install/core_interfaces/include/core_interfaces/core_interfaces/action/detail/move_to__functions.h
[1.567s] -- Up-to-date symlink: /home/sleepy/robp-group7-sleepy/install/core_interfaces/include/core_interfaces/core_interfaces/action/detail/move_to__struct.h
[1.568s] -- Up-to-date symlink: /home/sleepy/robp-group7-sleepy/install/core_interfaces/include/core_interfaces/core_interfaces/action/detail/move_to__type_support.h
[1.577s] -- Up-to-date symlink: /home/sleepy/robp-group7-sleepy/install/core_interfaces/include/core_interfaces/core_interfaces/action/detail/path_planner__functions.h
[1.579s] -- Up-to-date symlink: /home/sleepy/robp-group7-sleepy/install/core_interfaces/include/core_interfaces/core_interfaces/action/detail/path_planner__struct.h
[1.580s] -- Up-to-date symlink: /home/sleepy/robp-group7-sleepy/install/core_interfaces/include/core_interfaces/core_interfaces/action/detail/path_planner__type_support.h
[1.591s] -- Up-to-date symlink: /home/sleepy/robp-group7-sleepy/install/core_interfaces/include/core_interfaces/core_interfaces/action/move_to.h
[1.591s] -- Up-to-date symlink: /home/sleepy/robp-group7-sleepy/install/core_interfaces/include/core_interfaces/core_interfaces/action/path_planner.h
[1.591s] -- Up-to-date symlink: /home/sleepy/robp-group7-sleepy/install/core_interfaces/include/core_interfaces/core_interfaces/msg/rosidl_generator_c__visibility_control.h
[1.591s] -- Up-to-date symlink: /home/sleepy/robp-group7-sleepy/install/core_interfaces/include/core_interfaces/core_interfaces/srv/detail/geofence_compliance__functions.h
[1.592s] -- Up-to-date symlink: /home/sleepy/robp-group7-sleepy/install/core_interfaces/include/core_interfaces/core_interfaces/srv/detail/geofence_compliance__struct.h
[1.592s] -- Up-to-date symlink: /home/sleepy/robp-group7-sleepy/install/core_interfaces/include/core_interfaces/core_interfaces/srv/detail/geofence_compliance__type_support.h
[1.593s] -- Up-to-date symlink: /home/sleepy/robp-group7-sleepy/install/core_interfaces/include/core_interfaces/core_interfaces/srv/geofence_compliance.h
[1.593s] -- Up-to-date symlink: /home/sleepy/robp-group7-sleepy/install/core_interfaces/share/core_interfaces/environment/library_path.sh
[1.616s] -- Up-to-date symlink: /home/sleepy/robp-group7-sleepy/install/core_interfaces/share/core_interfaces/environment/library_path.dsv
[1.630s] -- Up-to-date symlink: /home/sleepy/robp-group7-sleepy/install/core_interfaces/include/core_interfaces/core_interfaces/action/detail/move_to__rosidl_typesupport_fastrtps_c.h
[1.631s] -- Up-to-date symlink: /home/sleepy/robp-group7-sleepy/install/core_interfaces/include/core_interfaces/core_interfaces/action/detail/path_planner__rosidl_typesupport_fastrtps_c.h
[1.631s] -- Up-to-date symlink: /home/sleepy/robp-group7-sleepy/install/core_interfaces/include/core_interfaces/core_interfaces/msg/rosidl_typesupport_fastrtps_c__visibility_control.h
[1.631s] -- Up-to-date symlink: /home/sleepy/robp-group7-sleepy/install/core_interfaces/include/core_interfaces/core_interfaces/srv/detail/geofence_compliance__rosidl_typesupport_fastrtps_c.h
[1.631s] -- Up-to-date symlink: /home/sleepy/robp-group7-sleepy/install/core_interfaces/include/core_interfaces/core_interfaces/action/detail/move_to__rosidl_typesupport_introspection_c.h
[1.631s] -- Up-to-date symlink: /home/sleepy/robp-group7-sleepy/install/core_interfaces/include/core_interfaces/core_interfaces/action/detail/path_planner__rosidl_typesupport_introspection_c.h
[1.631s] -- Up-to-date symlink: /home/sleepy/robp-group7-sleepy/install/core_interfaces/include/core_interfaces/core_interfaces/msg/rosidl_typesupport_introspection_c__visibility_control.h
[1.632s] -- Up-to-date symlink: /home/sleepy/robp-group7-sleepy/install/core_interfaces/include/core_interfaces/core_interfaces/srv/detail/geofence_compliance__rosidl_typesupport_introspection_c.h
[1.632s] -- Up-to-date symlink: /home/sleepy/robp-group7-sleepy/install/core_interfaces/include/core_interfaces/core_interfaces/action/detail/move_to__builder.hpp
[1.632s] -- Up-to-date symlink: /home/sleepy/robp-group7-sleepy/install/core_interfaces/include/core_interfaces/core_interfaces/action/detail/move_to__struct.hpp
[1.632s] -- Up-to-date symlink: /home/sleepy/robp-group7-sleepy/install/core_interfaces/include/core_interfaces/core_interfaces/action/detail/move_to__traits.hpp
[1.636s] -- Up-to-date symlink: /home/sleepy/robp-group7-sleepy/install/core_interfaces/include/core_interfaces/core_interfaces/action/detail/move_to__type_support.hpp
[1.636s] -- Up-to-date symlink: /home/sleepy/robp-group7-sleepy/install/core_interfaces/include/core_interfaces/core_interfaces/action/detail/path_planner__builder.hpp
[1.637s] -- Up-to-date symlink: /home/sleepy/robp-group7-sleepy/install/core_interfaces/include/core_interfaces/core_interfaces/action/detail/path_planner__struct.hpp
[1.637s] -- Up-to-date symlink: /home/sleepy/robp-group7-sleepy/install/core_interfaces/include/core_interfaces/core_interfaces/action/detail/path_planner__traits.hpp
[1.637s] -- Up-to-date symlink: /home/sleepy/robp-group7-sleepy/install/core_interfaces/include/core_interfaces/core_interfaces/action/detail/path_planner__type_support.hpp
[1.637s] -- Up-to-date symlink: /home/sleepy/robp-group7-sleepy/install/core_interfaces/include/core_interfaces/core_interfaces/action/move_to.hpp
[1.637s] -- Up-to-date symlink: /home/sleepy/robp-group7-sleepy/install/core_interfaces/include/core_interfaces/core_interfaces/action/path_planner.hpp
[1.637s] -- Up-to-date symlink: /home/sleepy/robp-group7-sleepy/install/core_interfaces/include/core_interfaces/core_interfaces/msg/rosidl_generator_cpp__visibility_control.hpp
[1.638s] -- Up-to-date symlink: /home/sleepy/robp-group7-sleepy/install/core_interfaces/include/core_interfaces/core_interfaces/srv/detail/geofence_compliance__builder.hpp
[1.638s] -- Up-to-date symlink: /home/sleepy/robp-group7-sleepy/install/core_interfaces/include/core_interfaces/core_interfaces/srv/detail/geofence_compliance__struct.hpp
[1.638s] -- Up-to-date symlink: /home/sleepy/robp-group7-sleepy/install/core_interfaces/include/core_interfaces/core_interfaces/srv/detail/geofence_compliance__traits.hpp
[1.638s] -- Up-to-date symlink: /home/sleepy/robp-group7-sleepy/install/core_interfaces/include/core_interfaces/core_interfaces/srv/detail/geofence_compliance__type_support.hpp
[1.638s] -- Up-to-date symlink: /home/sleepy/robp-group7-sleepy/install/core_interfaces/include/core_interfaces/core_interfaces/srv/geofence_compliance.hpp
[1.638s] -- Up-to-date symlink: /home/sleepy/robp-group7-sleepy/install/core_interfaces/include/core_interfaces/core_interfaces/action/detail/move_to__rosidl_typesupport_fastrtps_cpp.hpp
[1.638s] -- Up-to-date symlink: /home/sleepy/robp-group7-sleepy/install/core_interfaces/include/core_interfaces/core_interfaces/action/detail/path_planner__rosidl_typesupport_fastrtps_cpp.hpp
[1.639s] -- Up-to-date symlink: /home/sleepy/robp-group7-sleepy/install/core_interfaces/include/core_interfaces/core_interfaces/msg/rosidl_typesupport_fastrtps_cpp__visibility_control.h
[1.639s] -- Up-to-date symlink: /home/sleepy/robp-group7-sleepy/install/core_interfaces/include/core_interfaces/core_interfaces/srv/detail/geofence_compliance__rosidl_typesupport_fastrtps_cpp.hpp
[1.639s] -- Up-to-date symlink: /home/sleepy/robp-group7-sleepy/install/core_interfaces/include/core_interfaces/core_interfaces/action/detail/move_to__rosidl_typesupport_introspection_cpp.hpp
[1.639s] -- Up-to-date symlink: /home/sleepy/robp-group7-sleepy/install/core_interfaces/include/core_interfaces/core_interfaces/action/detail/path_planner__rosidl_typesupport_introspection_cpp.hpp
[1.641s] -- Up-to-date symlink: /home/sleepy/robp-group7-sleepy/install/core_interfaces/include/core_interfaces/core_interfaces/srv/detail/geofence_compliance__rosidl_typesupport_introspection_cpp.hpp
[1.642s] -- Up-to-date symlink: /home/sleepy/robp-group7-sleepy/install/core_interfaces/share/core_interfaces/environment/pythonpath.sh
[1.642s] -- Up-to-date symlink: /home/sleepy/robp-group7-sleepy/install/core_interfaces/share/core_interfaces/environment/pythonpath.dsv
[1.642s] -- Up-to-date symlink: /home/sleepy/robp-group7-sleepy/install/core_interfaces/lib/python3.12/site-packages/core_interfaces-0.0.0-py3.12.egg-info/PKG-INFO
[1.642s] -- Up-to-date symlink: /home/sleepy/robp-group7-sleepy/install/core_interfaces/lib/python3.12/site-packages/core_interfaces-0.0.0-py3.12.egg-info/SOURCES.txt
[1.642s] -- Up-to-date symlink: /home/sleepy/robp-group7-sleepy/install/core_interfaces/lib/python3.12/site-packages/core_interfaces-0.0.0-py3.12.egg-info/dependency_links.txt
[1.642s] -- Up-to-date symlink: /home/sleepy/robp-group7-sleepy/install/core_interfaces/lib/python3.12/site-packages/core_interfaces-0.0.0-py3.12.egg-info/top_level.txt
[1.649s] -- Up-to-date symlink: /home/sleepy/robp-group7-sleepy/install/core_interfaces/lib/python3.12/site-packages/core_interfaces/__init__.py
[1.649s] -- Up-to-date symlink: /home/sleepy/robp-group7-sleepy/install/core_interfaces/lib/python3.12/site-packages/core_interfaces/_core_interfaces_s.ep.rosidl_typesupport_c.c
[1.650s] -- Up-to-date symlink: /home/sleepy/robp-group7-sleepy/install/core_interfaces/lib/python3.12/site-packages/core_interfaces/_core_interfaces_s.ep.rosidl_typesupport_fastrtps_c.c
[1.650s] -- Up-to-date symlink: /home/sleepy/robp-group7-sleepy/install/core_interfaces/lib/python3.12/site-packages/core_interfaces/_core_interfaces_s.ep.rosidl_typesupport_introspection_c.c
[1.650s] -- Up-to-date symlink: /home/sleepy/robp-group7-sleepy/install/core_interfaces/lib/python3.12/site-packages/core_interfaces/action/__init__.py
[1.651s] -- Up-to-date symlink: /home/sleepy/robp-group7-sleepy/install/core_interfaces/lib/python3.12/site-packages/core_interfaces/action/_move_to.py
[1.652s] -- Up-to-date symlink: /home/sleepy/robp-group7-sleepy/install/core_interfaces/lib/python3.12/site-packages/core_interfaces/action/_move_to_s.c
[1.652s] -- Up-to-date symlink: /home/sleepy/robp-group7-sleepy/install/core_interfaces/lib/python3.12/site-packages/core_interfaces/action/_path_planner.py
[1.656s] -- Up-to-date symlink: /home/sleepy/robp-group7-sleepy/install/core_interfaces/lib/python3.12/site-packages/core_interfaces/action/_path_planner_s.c
[1.656s] -- Up-to-date symlink: /home/sleepy/robp-group7-sleepy/install/core_interfaces/lib/python3.12/site-packages/core_interfaces/core_interfaces_s__rosidl_typesupport_c.so
[1.656s] -- Up-to-date symlink: /home/sleepy/robp-group7-sleepy/install/core_interfaces/lib/python3.12/site-packages/core_interfaces/core_interfaces_s__rosidl_typesupport_fastrtps_c.so
[1.656s] -- Up-to-date symlink: /home/sleepy/robp-group7-sleepy/install/core_interfaces/lib/python3.12/site-packages/core_interfaces/core_interfaces_s__rosidl_typesupport_introspection_c.so
[1.656s] -- Up-to-date symlink: /home/sleepy/robp-group7-sleepy/install/core_interfaces/lib/python3.12/site-packages/core_interfaces/srv/__init__.py
[1.656s] -- Up-to-date symlink: /home/sleepy/robp-group7-sleepy/install/core_interfaces/lib/python3.12/site-packages/core_interfaces/srv/_geofence_compliance.py
[1.657s] -- Up-to-date symlink: /home/sleepy/robp-group7-sleepy/install/core_interfaces/lib/python3.12/site-packages/core_interfaces/srv/_geofence_compliance_s.c
[1.657s] -- Up-to-date symlink: /home/sleepy/robp-group7-sleepy/install/core_interfaces/lib/python3.12/site-packages/core_interfaces/core_interfaces_s__rosidl_typesupport_fastrtps_c.so
[1.662s] -- Up-to-date symlink: /home/sleepy/robp-group7-sleepy/install/core_interfaces/lib/python3.12/site-packages/core_interfaces/core_interfaces_s__rosidl_typesupport_introspection_c.so
[1.664s] -- Up-to-date symlink: /home/sleepy/robp-group7-sleepy/install/core_interfaces/lib/python3.12/site-packages/core_interfaces/core_interfaces_s__rosidl_typesupport_c.so
[1.664s] -- Up-to-date symlink: /home/sleepy/robp-group7-sleepy/install/core_interfaces/share/core_interfaces/srv/GeofenceCompliance.idl
[1.664s] -- Up-to-date symlink: /home/sleepy/robp-group7-sleepy/install/core_interfaces/share/core_interfaces/action/MoveTo.idl
[1.664s] -- Up-to-date symlink: /home/sleepy/robp-group7-sleepy/install/core_interfaces/share/core_interfaces/action/PathPlanner.idl
[1.664s] -- Up-to-date symlink: /home/sleepy/robp-group7-sleepy/install/core_interfaces/share/core_interfaces/srv/GeofenceCompliance.srv
[1.664s] -- Up-to-date symlink: /home/sleepy/robp-group7-sleepy/install/core_interfaces/share/core_interfaces/action/MoveTo.action
[1.665s] -- Up-to-date symlink: /home/sleepy/robp-group7-sleepy/install/core_interfaces/share/core_interfaces/action/PathPlanner.action
[1.665s] -- Up-to-date symlink: /home/sleepy/robp-group7-sleepy/install/core_interfaces/share/ament_index/resource_index/package_run_dependencies/core_interfaces
[1.665s] -- Up-to-date symlink: /home/sleepy/robp-group7-sleepy/install/core_interfaces/share/ament_index/resource_index/parent_prefix_path/core_interfaces
[1.665s] -- Up-to-date symlink: /home/sleepy/robp-group7-sleepy/install/core_interfaces/share/core_interfaces/environment/ament_prefix_path.sh
[1.670s] -- Up-to-date symlink: /home/sleepy/robp-group7-sleepy/install/core_interfaces/share/core_interfaces/environment/ament_prefix_path.dsv
[1.670s] -- Up-to-date symlink: /home/sleepy/robp-group7-sleepy/install/core_interfaces/share/core_interfaces/environment/path.sh
[1.670s] -- Up-to-date symlink: /home/sleepy/robp-group7-sleepy/install/core_interfaces/share/core_interfaces/environment/path.dsv
[1.670s] -- Up-to-date symlink: /home/sleepy/robp-group7-sleepy/install/core_interfaces/share/core_interfaces/local_setup.bash
[1.670s] -- Up-to-date symlink: /home/sleepy/robp-group7-sleepy/install/core_interfaces/share/core_interfaces/local_setup.sh
[1.671s] -- Up-to-date symlink: /home/sleepy/robp-group7-sleepy/install/core_interfaces/share/core_interfaces/local_setup.zsh
[1.671s] -- Up-to-date symlink: /home/sleepy/robp-group7-sleepy/install/core_interfaces/share/core_interfaces/local_setup.dsv
[1.671s] -- Symlinking: /home/sleepy/robp-group7-sleepy/install/core_interfaces/share/core_interfaces/package.dsv
[1.674s] -- Up-to-date symlink: /home/sleepy/robp-group7-sleepy/install/core_interfaces/share/ament_index/resource_index/packages/core_interfaces
[1.675s] -- Up-to-date symlink: /home/sleepy/robp-group7-sleepy/install/core_interfaces/share/core_interfaces/cmake/rosidl_cmake-extras.cmake
[1.676s] -- Up-to-date symlink: /home/sleepy/robp-group7-sleepy/install/core_interfaces/share/core_interfaces/cmake/ament_cmake_export_dependencies-extras.cmake
[1.676s] -- Up-to-date symlink: /home/sleepy/robp-group7-sleepy/install/core_interfaces/share/core_interfaces/cmake/ament_cmake_export_include_directories-extras.cmake
[1.676s] -- Up-to-date symlink: /home/sleepy/robp-group7-sleepy/install/core_interfaces/share/core_interfaces/cmake/ament_cmake_export_libraries-extras.cmake
[1.676s] -- Up-to-date symlink: /home/sleepy/robp-group7-sleepy/install/core_interfaces/share/core_interfaces/cmake/ament_cmake_export_targets-extras.cmake
[1.677s] -- Up-to-date symlink: /home/sleepy/robp-group7-sleepy/install/core_interfaces/share/core_interfaces/cmake/rosidl_cmake_export_typesupport_targets-extras.cmake
[1.677s] -- Up-to-date symlink: /home/sleepy/robp-group7-sleepy/install/core_interfaces/share/core_interfaces/cmake/rosidl_cmake_export_typesupport_libraries-extras.cmake
[1.683s] -- Up-to-date symlink: /home/sleepy/robp-group7-sleepy/install/core_interfaces/share/core_interfaces/cmake/core_interfacesConfig.cmake
[1.683s] -- Up-to-date symlink: /home/sleepy/robp-group7-sleepy/install/core_interfaces/share/core_interfaces/cmake/core_interfacesConfig-version.cmake
[1.683s] -- Up-to-date symlink: /home/sleepy/robp-group7-sleepy/install/core_interfaces/share/core_interfaces/package.xml
[1.683s] -- Up-to-date: /home/sleepy/robp-group7-sleepy/install/core_interfaces/lib/libcore_interfaces__rosidl_generator_c.so
[1.683s] -- Up-to-date: /home/sleepy/robp-group7-sleepy/install/core_interfaces/lib/libcore_interfaces__rosidl_typesupport_fastrtps_c.so
[1.683s] -- Up-to-date: /home/sleepy/robp-group7-sleepy/install/core_interfaces/lib/libcore_interfaces__rosidl_typesupport_introspection_c.so
[1.684s] -- Up-to-date: /home/sleepy/robp-group7-sleepy/install/core_interfaces/lib/libcore_interfaces__rosidl_typesupport_c.so
[1.684s] -- Up-to-date: /home/sleepy/robp-group7-sleepy/install/core_interfaces/lib/libcore_interfaces__rosidl_typesupport_fastrtps_cpp.so
[1.684s] -- Up-to-date: /home/sleepy/robp-group7-sleepy/install/core_interfaces/lib/libcore_interfaces__rosidl_typesupport_introspection_cpp.so
[1.684s] -- Up-to-date: /home/sleepy/robp-group7-sleepy/install/core_interfaces/lib/libcore_interfaces__rosidl_typesupport_cpp.so
[1.773s] Listing '/home/sleepy/robp-group7-sleepy/install/core_interfaces/lib/python3.12/site-packages/core_interfaces'...
[1.774s] Listing '/home/sleepy/robp-group7-sleepy/install/core_interfaces/lib/python3.12/site-packages/core_interfaces/action'...
[1.774s] Listing '/home/sleepy/robp-group7-sleepy/install/core_interfaces/lib/python3.12/site-packages/core_interfaces/srv'...
[1.784s] -- Up-to-date: /home/sleepy/robp-group7-sleepy/install/core_interfaces/lib/libcore_interfaces__rosidl_generator_py.so
[1.784s] -- Up-to-date: /home/sleepy/robp-group7-sleepy/install/core_interfaces/share/core_interfaces/cmake/export_core_interfaces__rosidl_generator_cExport.cmake
[1.784s] -- Up-to-date: /home/sleepy/robp-group7-sleepy/install/core_interfaces/share/core_interfaces/cmake/export_core_interfaces__rosidl_generator_cExport-noconfig.cmake
[1.784s] -- Up-to-date: /home/sleepy/robp-group7-sleepy/install/core_interfaces/share/core_interfaces/cmake/export_core_interfaces__rosidl_typesupport_fastrtps_cExport.cmake
[1.785s] -- Up-to-date: /home/sleepy/robp-group7-sleepy/install/core_interfaces/share/core_interfaces/cmake/export_core_interfaces__rosidl_typesupport_fastrtps_cExport-noconfig.cmake
[1.787s] -- Up-to-date: /home/sleepy/robp-group7-sleepy/install/core_interfaces/share/core_interfaces/cmake/core_interfaces__rosidl_typesupport_introspection_cExport.cmake
[1.788s] -- Up-to-date: /home/sleepy/robp-group7-sleepy/install/core_interfaces/share/core_interfaces/cmake/core_interfaces__rosidl_typesupport_introspection_cExport-noconfig.cmake
[1.788s] -- Up-to-date: /home/sleepy/robp-group7-sleepy/install/core_interfaces/share/core_interfaces/cmake/core_interfaces__rosidl_typesupport_cExport.cmake
[1.788s] -- Up-to-date: /home/sleepy/robp-group7-sleepy/install/core_interfaces/share/core_interfaces/cmake/core_interfaces__rosidl_typesupport_cExport-noconfig.cmake
[1.788s] -- Up-to-date: /home/sleepy/robp-group7-sleepy/install/core_interfaces/share/core_interfaces/cmake/export_core_interfaces__rosidl_generator_cppExport.cmake
[1.788s] -- Up-to-date: /home/sleepy/robp-group7-sleepy/install/core_interfaces/share/core_interfaces/cmake/export_core_interfaces__rosidl_typesupport_fastrtps_cppExport.cmake
[1.788s] -- Up-to-date: /home/sleepy/robp-group7-sleepy/install/core_interfaces/share/core_interfaces/cmake/export_core_interfaces__rosidl_typesupport_fastrtps_cppExport-noconfig.cmake
[1.789s] -- Up-to-date: /home/sleepy/robp-group7-sleepy/install/core_interfaces/share/core_interfaces/cmake/core_interfaces__rosidl_typesupport_introspection_cppExport.cmake
[1.789s] -- Up-to-date: /home/sleepy/robp-group7-sleepy/install/core_interfaces/share/core_interfaces/cmake/core_interfaces__rosidl_typesupport_introspection_cppExport-noconfig.cmake
[1.789s] -- Up-to-date: /home/sleepy/robp-group7-sleepy/install/core_interfaces/share/core_interfaces/cmake/core_interfaces__rosidl_typesupport_cppExport.cmake
[1.789s] -- Up-to-date: /home/sleepy/robp-group7-sleepy/install/core_interfaces/share/core_interfaces/cmake/core_interfaces__rosidl_typesupport_cppExport-noconfig.cmake
[1.789s] -- Up-to-date: /home/sleepy/robp-group7-sleepy/install/core_interfaces/share/core_interfaces/cmake/export_core_interfaces__rosidl_generator_pyExport.cmake
[1.789s] -- Up-to-date: /home/sleepy/robp-group7-sleepy/install/core_interfaces/share/core_interfaces/cmake/export_core_interfaces__rosidl_generator_pyExport-noconfig.cmake
[2.288s] Invoked command in '/home/sleepy/robp-group7-sleepy/build/core_interfaces' returned '0': CMAKE_PREFIX_PATH=${CMAKE_PREFIX_PATH}:/home/sleepy/robp-group7-sleepy/install/simple_move:/home/sleepy/robp-group7-sleepy/install/core_launch:/home/sleepy/robp-group7-sleepy/install/robp_launch:/home/sleepy/robp-group7-sleepy/install/perception:/home/sleepy/robp-group7-sleepy/install/odometry:/home/sleepy/robp-group7-sleepy/install/navigation:/home/sleepy/robp-group7-sleepy/install/lidar_processing:/home/sleepy/robp-group7-sleepy/install/arm_servos_pubs_subs:/home/sleepy/robp-group7-sleepy/install/arm_control:/opt/ros/jazzy DEBUGINFOD_URLS=https://debuginfod.ubuntu.com /usr/bin/cmake --install /home/sleepy/robp-group7-sleepy/build/core_interfaces
