[1.283s] Invoking command in '/home/sleepy/robp-group7-sleepy/build/arm_servos_pubs_subs': DEBUGINFOD_URLS=https://debuginfod.ubuntu.com PYTHONPATH=/home/sleepy/robp-group7-sleepy/build/arm_servos_pubs_subs/prefix_override:/usr/lib/python3/dist-packages/colcon_core/task/python/colcon_distutils_commands:/home/sleepy/robp-group7-sleepy/install/arm_servos_pubs_subs/lib/python3.12/site-packages:${PYTHONPATH} /usr/bin/python3 -W ignore:setup.py install is deprecated -W ignore:easy_install command is deprecated setup.py develop --editable --build-directory /home/sleepy/robp-group7-sleepy/build/arm_servos_pubs_subs/build --no-deps symlink_data
[1.729s] running develop
[1.972s] running egg_info
[1.972s] creating arm_servos_pubs_subs.egg-info
[2.012s] writing arm_servos_pubs_subs.egg-info/PKG-INFO
[2.012s] writing dependency_links to arm_servos_pubs_subs.egg-info/dependency_links.txt
[2.012s] writing entry points to arm_servos_pubs_subs.egg-info/entry_points.txt
[2.013s] writing requirements to arm_servos_pubs_subs.egg-info/requires.txt
[2.013s] writing top-level names to arm_servos_pubs_subs.egg-info/top_level.txt
[2.013s] writing manifest file 'arm_servos_pubs_subs.egg-info/SOURCES.txt'
[2.081s] reading manifest file 'arm_servos_pubs_subs.egg-info/SOURCES.txt'
[2.082s] writing manifest file 'arm_servos_pubs_subs.egg-info/SOURCES.txt'
[2.119s] running build_ext
[2.119s] Creating /home/sleepy/robp-group7-sleepy/install/arm_servos_pubs_subs/lib/python3.12/site-packages/arm-servos-pubs-subs.egg-link (link to .)
[2.120s] Installing listener script to /home/sleepy/robp-group7-sleepy/install/arm_servos_pubs_subs/lib/arm_servos_pubs_subs
[2.120s] Installing talker script to /home/sleepy/robp-group7-sleepy/install/arm_servos_pubs_subs/lib/arm_servos_pubs_subs
[2.121s] 
[2.122s] Installed /home/sleepy/robp-group7-sleepy/build/arm_servos_pubs_subs
[2.122s] running symlink_data
[2.122s] creating /home/sleepy/robp-group7-sleepy/install/arm_servos_pubs_subs/share/ament_index
[2.122s] creating /home/sleepy/robp-group7-sleepy/install/arm_servos_pubs_subs/share/ament_index/resource_index
[2.123s] creating /home/sleepy/robp-group7-sleepy/install/arm_servos_pubs_subs/share/ament_index/resource_index/packages
[2.123s] symbolically linking /home/sleepy/robp-group7-sleepy/build/arm_servos_pubs_subs/resource/arm_servos_pubs_subs -> /home/sleepy/robp-group7-sleepy/install/arm_servos_pubs_subs/share/ament_index/resource_index/packages
[2.128s] symbolically linking /home/sleepy/robp-group7-sleepy/build/arm_servos_pubs_subs/package.xml -> /home/sleepy/robp-group7-sleepy/install/arm_servos_pubs_subs/share/arm_servos_pubs_subs
[2.186s] Invoked command in '/home/sleepy/robp-group7-sleepy/build/arm_servos_pubs_subs' returned '0': DEBUGINFOD_URLS=https://debuginfod.ubuntu.com PYTHONPATH=/home/sleepy/robp-group7-sleepy/build/arm_servos_pubs_subs/prefix_override:/usr/lib/python3/dist-packages/colcon_core/task/python/colcon_distutils_commands:/home/sleepy/robp-group7-sleepy/install/arm_servos_pubs_subs/lib/python3.12/site-packages:${PYTHONPATH} /usr/bin/python3 -W ignore:setup.py install is deprecated -W ignore:easy_install command is deprecated setup.py develop --editable --build-directory /home/sleepy/robp-group7-sleepy/build/arm_servos_pubs_subs/build --no-deps symlink_data
