[0.020s] Invoking command in '/home/sleepy/robp-group7-sleepy/build/usb_cam': CMAKE_PREFIX_PATH=${CMAKE_PREFIX_PATH}:/home/sleepy/robp-group7-sleepy/install/simple_move:/home/sleepy/robp-group7-sleepy/install/core_launch:/home/sleepy/robp-group7-sleepy/install/robp_launch:/home/sleepy/robp-group7-sleepy/install/perception:/home/sleepy/robp-group7-sleepy/install/odometry:/home/sleepy/robp-group7-sleepy/install/lidar_processing:/home/sleepy/robp-group7-sleepy/install/arm_servos_pubs_subs:/home/sleepy/robp-group7-sleepy/install/arm_control:/opt/ros/jazzy DEBUGINFOD_URLS=https://debuginfod.ubuntu.com /usr/bin/cmake /home/sleepy/robp-group7-sleepy/src/robp_robot/usb_cam -DAMENT_CMAKE_SYMLINK_INSTALL=1 -DCMAKE_INSTALL_PREFIX=/home/sleepy/robp-group7-sleepy/install/usb_cam
[0.288s] -- The C compiler identification is GNU 13.3.0
[0.593s] -- The CXX compiler identification is GNU 13.3.0
[0.643s] -- Detecting C compiler ABI info
[1.098s] -- Detecting C compiler ABI info - done
[1.196s] -- Check for working C compiler: /usr/bin/cc - skipped
[1.199s] -- Detecting C compile features
[1.201s] -- Detecting C compile features - done
[1.248s] -- Detecting CXX compiler ABI info
[1.769s] -- Detecting CXX compiler ABI info - done
[1.858s] -- Check for working CXX compiler: /usr/bin/c++ - skipped
[1.858s] -- Detecting CXX compile features
[1.859s] -- Detecting CXX compile features - done
[1.869s] -- Found ament_cmake_auto: 2.5.3 (/opt/ros/jazzy/share/ament_cmake_auto/cmake)
[2.809s] -- Found Python3: /usr/bin/python3 (found version "3.12.3") found components: Interpreter 
[3.237s] -- Override CMake install command with custom implementation using symlinks instead of copying resources
[5.165s] -- Found rosidl_generator_c: 4.6.5 (/opt/ros/jazzy/share/rosidl_generator_c/cmake)
[5.200s] -- Found rosidl_generator_cpp: 4.6.5 (/opt/ros/jazzy/share/rosidl_generator_cpp/cmake)
[5.328s] -- Using all available rosidl_typesupport_c: rosidl_typesupport_fastrtps_c;rosidl_typesupport_introspection_c
[5.372s] -- Using all available rosidl_typesupport_cpp: rosidl_typesupport_fastrtps_cpp;rosidl_typesupport_introspection_cpp
[5.713s] -- Found rmw_implementation_cmake: 7.3.1 (/opt/ros/jazzy/share/rmw_implementation_cmake/cmake)
[5.713s] -- Found rmw_fastrtps_cpp: 8.4.1 (/opt/ros/jazzy/share/rmw_fastrtps_cpp/cmake)
[6.033s] -- Found OpenSSL: /usr/lib/x86_64-linux-gnu/libcrypto.so (found version "3.0.13")  
[6.195s] -- Found FastRTPS: /opt/ros/jazzy/include (Required is at least version "2.13") 
[6.367s] -- Using RMW implementation 'rmw_fastrtps_cpp' as default
[8.327s] -- Setting yaml-cpp_DIR to: '/opt/ros/jazzy/share/yaml_cpp_vendor/cmake/../../../opt/yaml_cpp_vendor/share/cmake/yaml-cpp'
[9.581s] -- Found rosidl_adapter: 4.6.5 (/opt/ros/jazzy/share/rosidl_adapter/cmake)
[9.681s] -- Found OpenCV: /usr (found version "4.6.0") 
[9.721s] -- Found PkgConfig: /usr/bin/pkg-config (found version "1.8.1") 
[9.741s] -- Checking for module 'libavcodec'
[9.848s] --   Found libavcodec, version 60.31.102
[10.064s] -- Checking for module 'libavutil'
[10.174s] --   Found libavutil, version 58.29.100
[10.434s] -- Checking for module 'libswscale'
[10.484s] --   Found libswscale, version 7.5.100
[10.600s] -- Found ament_lint_auto: 0.17.1 (/opt/ros/jazzy/share/ament_lint_auto/cmake)
[10.708s] -- Found gtest sources under '/opt/ros/jazzy/src/gtest_vendor': C++ tests using 'Google Test' will be built
[10.751s] -- Performing Test CMAKE_HAVE_LIBC_PTHREAD
[11.581s] -- Performing Test CMAKE_HAVE_LIBC_PTHREAD - Success
[11.649s] -- Found Threads: TRUE  
[11.945s] -- Added test 'copyright' to check source files copyright and LICENSE
[12.015s] -- Added test 'cppcheck' to perform static code analysis on C / C++ code
[12.015s] -- Configured cppcheck include dirs: /home/sleepy/robp-group7-sleepy/src/robp_robot/usb_cam/include
[12.015s] -- Configured cppcheck exclude dirs and/or files: 
[12.084s] -- Added test 'cpplint' to check C / C++ code against the Google style
[12.084s] -- Configured cpplint exclude dirs and/or files: 
[12.104s] -- Added test 'flake8' to check Python code syntax and style conventions
[12.105s] -- Configured 'flake8' exclude dirs and/or files: 
[12.108s] -- Added test 'lint_cmake' to check CMake code style
[12.136s] -- Added test 'pep257' to check Python code against some of the docstring style conventions in PEP 257
[12.195s] -- Added test 'uncrustify' to check C / C++ code style
[12.195s] -- Configured uncrustify additional arguments: 
[12.233s] -- Added test 'xmllint' to check XML markup files
[12.317s] -- Configuring done (12.3s)
[12.985s] -- Generating done (0.5s)
[13.172s] -- Build files have been written to: /home/sleepy/robp-group7-sleepy/build/usb_cam
[13.365s] Invoked command in '/home/sleepy/robp-group7-sleepy/build/usb_cam' returned '0': CMAKE_PREFIX_PATH=${CMAKE_PREFIX_PATH}:/home/sleepy/robp-group7-sleepy/install/simple_move:/home/sleepy/robp-group7-sleepy/install/core_launch:/home/sleepy/robp-group7-sleepy/install/robp_launch:/home/sleepy/robp-group7-sleepy/install/perception:/home/sleepy/robp-group7-sleepy/install/odometry:/home/sleepy/robp-group7-sleepy/install/lidar_processing:/home/sleepy/robp-group7-sleepy/install/arm_servos_pubs_subs:/home/sleepy/robp-group7-sleepy/install/arm_control:/opt/ros/jazzy DEBUGINFOD_URLS=https://debuginfod.ubuntu.com /usr/bin/cmake /home/sleepy/robp-group7-sleepy/src/robp_robot/usb_cam -DAMENT_CMAKE_SYMLINK_INSTALL=1 -DCMAKE_INSTALL_PREFIX=/home/sleepy/robp-group7-sleepy/install/usb_cam
[13.366s] Invoking command in '/home/sleepy/robp-group7-sleepy/build/usb_cam': CMAKE_PREFIX_PATH=${CMAKE_PREFIX_PATH}:/home/sleepy/robp-group7-sleepy/install/simple_move:/home/sleepy/robp-group7-sleepy/install/core_launch:/home/sleepy/robp-group7-sleepy/install/robp_launch:/home/sleepy/robp-group7-sleepy/install/perception:/home/sleepy/robp-group7-sleepy/install/odometry:/home/sleepy/robp-group7-sleepy/install/lidar_processing:/home/sleepy/robp-group7-sleepy/install/arm_servos_pubs_subs:/home/sleepy/robp-group7-sleepy/install/arm_control:/opt/ros/jazzy DEBUGINFOD_URLS=https://debuginfod.ubuntu.com /usr/bin/cmake --build /home/sleepy/robp-group7-sleepy/build/usb_cam -- -j8 -l8
[13.584s] [ 14%] [32mBuilding CXX object CMakeFiles/usb_cam_node_exe.dir/rclcpp_components/node_main_usb_cam_node_exe.cpp.o[0m
[13.587s] [ 14%] [32mBuilding CXX object gtest/CMakeFiles/gtest_main.dir/src/gtest_main.cc.o[0m
[13.654s] [ 21%] [32mBuilding CXX object CMakeFiles/usb_cam.dir/src/usb_cam.cpp.o[0m
[18.520s] [ 28%] [32m[1mLinking CXX static library libgtest_main.a[0m
[18.718s] [ 28%] Built target gtest_main
[21.267s] [ 35%] [32m[1mLinking CXX shared library libusb_cam.so[0m
[21.991s] [ 35%] Built target usb_cam
[22.097s] [ 42%] [32m[1mLinking CXX executable usb_cam_node_exe[0m
[22.493s] [ 42%] Built target usb_cam_node_exe
[22.575s] [ 50%] [32mBuilding CXX object CMakeFiles/usb_cam_node.dir/src/usb_cam_node.cpp.o[0m
[43.129s] [ 57%] [32m[1mLinking CXX shared library libusb_cam_node.so[0m
[44.421s] [ 57%] Built target usb_cam_node
[44.459s] [ 64%] [32mBuilding CXX object gtest/CMakeFiles/gtest.dir/src/gtest-all.cc.o[0m
[54.210s] [ 71%] [32m[1mLinking CXX static library libgtest.a[0m
[54.365s] [ 71%] Built target gtest
[54.405s] [ 78%] [32mBuilding CXX object CMakeFiles/test_usb_cam_utils.dir/test/test_usb_cam_utils.cpp.o[0m
[56.741s] [ 85%] [32m[1mLinking CXX executable test_usb_cam_utils[0m
[57.105s] [ 85%] Built target test_usb_cam_utils
[57.140s] [ 92%] [32mBuilding CXX object CMakeFiles/test_pixel_formats.dir/test/test_pixel_formats.cpp.o[0m
[59.656s] [100%] [32m[1mLinking CXX executable test_pixel_formats[0m
[59.929s] [100%] Built target test_pixel_formats
[59.946s] Invoked command in '/home/sleepy/robp-group7-sleepy/build/usb_cam' returned '0': CMAKE_PREFIX_PATH=${CMAKE_PREFIX_PATH}:/home/sleepy/robp-group7-sleepy/install/simple_move:/home/sleepy/robp-group7-sleepy/install/core_launch:/home/sleepy/robp-group7-sleepy/install/robp_launch:/home/sleepy/robp-group7-sleepy/install/perception:/home/sleepy/robp-group7-sleepy/install/odometry:/home/sleepy/robp-group7-sleepy/install/lidar_processing:/home/sleepy/robp-group7-sleepy/install/arm_servos_pubs_subs:/home/sleepy/robp-group7-sleepy/install/arm_control:/opt/ros/jazzy DEBUGINFOD_URLS=https://debuginfod.ubuntu.com /usr/bin/cmake --build /home/sleepy/robp-group7-sleepy/build/usb_cam -- -j8 -l8
[59.947s] Invoking command in '/home/sleepy/robp-group7-sleepy/build/usb_cam': CMAKE_PREFIX_PATH=${CMAKE_PREFIX_PATH}:/home/sleepy/robp-group7-sleepy/install/simple_move:/home/sleepy/robp-group7-sleepy/install/core_launch:/home/sleepy/robp-group7-sleepy/install/robp_launch:/home/sleepy/robp-group7-sleepy/install/perception:/home/sleepy/robp-group7-sleepy/install/odometry:/home/sleepy/robp-group7-sleepy/install/lidar_processing:/home/sleepy/robp-group7-sleepy/install/arm_servos_pubs_subs:/home/sleepy/robp-group7-sleepy/install/arm_control:/opt/ros/jazzy DEBUGINFOD_URLS=https://debuginfod.ubuntu.com /usr/bin/cmake --install /home/sleepy/robp-group7-sleepy/build/usb_cam
[59.960s] -- Install configuration: ""
[59.960s] -- Execute custom install script
[59.961s] -- Symlinking: /home/sleepy/robp-group7-sleepy/install/usb_cam/share/usb_cam/environment/library_path.sh
[59.972s] -- Symlinking: /home/sleepy/robp-group7-sleepy/install/usb_cam/share/usb_cam/environment/library_path.dsv
[59.984s] -- Symlinking: /home/sleepy/robp-group7-sleepy/install/usb_cam/lib/usb_cam/usb_cam_node_exe
[59.995s] -- Symlinking: /home/sleepy/robp-group7-sleepy/install/usb_cam/lib/usb_cam/show_image.py
[60.006s] -- Symlinking: /home/sleepy/robp-group7-sleepy/install/usb_cam/lib/libusb_cam.so
[60.017s] -- Symlinking: /home/sleepy/robp-group7-sleepy/install/usb_cam/lib/libusb_cam_node.so
[60.029s] -- Symlinking: /home/sleepy/robp-group7-sleepy/install/usb_cam/include/usb_cam/constants.hpp
[60.040s] -- Symlinking: /home/sleepy/robp-group7-sleepy/install/usb_cam/include/usb_cam/conversions.hpp
[60.053s] -- Symlinking: /home/sleepy/robp-group7-sleepy/install/usb_cam/include/usb_cam/formats/av_pixel_format_helper.hpp
[60.065s] -- Symlinking: /home/sleepy/robp-group7-sleepy/install/usb_cam/include/usb_cam/formats/m420.hpp
[60.076s] -- Symlinking: /home/sleepy/robp-group7-sleepy/install/usb_cam/include/usb_cam/formats/mjpeg.hpp
[60.088s] -- Symlinking: /home/sleepy/robp-group7-sleepy/install/usb_cam/include/usb_cam/formats/mono.hpp
[60.099s] -- Symlinking: /home/sleepy/robp-group7-sleepy/install/usb_cam/include/usb_cam/formats/pixel_format_base.hpp
[60.113s] -- Symlinking: /home/sleepy/robp-group7-sleepy/install/usb_cam/include/usb_cam/formats/rgb.hpp
[60.129s] -- Symlinking: /home/sleepy/robp-group7-sleepy/install/usb_cam/include/usb_cam/formats/utils.hpp
[60.158s] -- Symlinking: /home/sleepy/robp-group7-sleepy/install/usb_cam/include/usb_cam/formats/uyvy.hpp
[60.179s] -- Symlinking: /home/sleepy/robp-group7-sleepy/install/usb_cam/include/usb_cam/formats/yuyv.hpp
[60.193s] -- Symlinking: /home/sleepy/robp-group7-sleepy/install/usb_cam/include/usb_cam/usb_cam.hpp
[60.208s] -- Symlinking: /home/sleepy/robp-group7-sleepy/install/usb_cam/include/usb_cam/usb_cam_node.hpp
[60.225s] -- Symlinking: /home/sleepy/robp-group7-sleepy/install/usb_cam/include/usb_cam/utils.hpp
[60.240s] -- Up-to-date symlink: /home/sleepy/robp-group7-sleepy/install/usb_cam/lib/libusb_cam_node.so
[60.242s] -- Symlinking: /home/sleepy/robp-group7-sleepy/install/usb_cam/share/usb_cam/launch/__init__.py
[60.259s] -- Symlinking: /home/sleepy/robp-group7-sleepy/install/usb_cam/share/usb_cam/launch/__pycache__/camera_config.cpython-312.pyc
[60.276s] -- Symlinking: /home/sleepy/robp-group7-sleepy/install/usb_cam/share/usb_cam/launch/camera.launch.py
[60.292s] -- Symlinking: /home/sleepy/robp-group7-sleepy/install/usb_cam/share/usb_cam/launch/camera_config.py
[60.309s] -- Symlinking: /home/sleepy/robp-group7-sleepy/install/usb_cam/share/usb_cam/config/camera_info.yaml
[60.328s] -- Symlinking: /home/sleepy/robp-group7-sleepy/install/usb_cam/share/usb_cam/config/params_1.yaml
[60.344s] -- Symlinking: /home/sleepy/robp-group7-sleepy/install/usb_cam/share/usb_cam/config/params_2.yaml
[60.361s] -- Symlinking: /home/sleepy/robp-group7-sleepy/install/usb_cam/share/ament_index/resource_index/package_run_dependencies/usb_cam
[60.393s] -- Symlinking: /home/sleepy/robp-group7-sleepy/install/usb_cam/share/ament_index/resource_index/parent_prefix_path/usb_cam
[60.418s] -- Symlinking: /home/sleepy/robp-group7-sleepy/install/usb_cam/share/usb_cam/environment/ament_prefix_path.sh
[60.438s] -- Symlinking: /home/sleepy/robp-group7-sleepy/install/usb_cam/share/usb_cam/environment/ament_prefix_path.dsv
[60.467s] -- Symlinking: /home/sleepy/robp-group7-sleepy/install/usb_cam/share/usb_cam/environment/path.sh
[60.497s] -- Symlinking: /home/sleepy/robp-group7-sleepy/install/usb_cam/share/usb_cam/environment/path.dsv
[60.521s] -- Symlinking: /home/sleepy/robp-group7-sleepy/install/usb_cam/share/usb_cam/local_setup.bash
[60.538s] -- Symlinking: /home/sleepy/robp-group7-sleepy/install/usb_cam/share/usb_cam/local_setup.sh
[60.572s] -- Symlinking: /home/sleepy/robp-group7-sleepy/install/usb_cam/share/usb_cam/local_setup.zsh
[60.593s] -- Symlinking: /home/sleepy/robp-group7-sleepy/install/usb_cam/share/usb_cam/local_setup.dsv
[60.611s] -- Symlinking: /home/sleepy/robp-group7-sleepy/install/usb_cam/share/usb_cam/package.dsv
[60.630s] -- Symlinking: /home/sleepy/robp-group7-sleepy/install/usb_cam/share/ament_index/resource_index/packages/usb_cam
[60.651s] -- Symlinking: /home/sleepy/robp-group7-sleepy/install/usb_cam/share/ament_index/resource_index/rclcpp_components/usb_cam
[60.672s] -- Symlinking: /home/sleepy/robp-group7-sleepy/install/usb_cam/share/usb_cam/cmake/ament_cmake_export_libraries-extras.cmake
[60.699s] -- Symlinking: /home/sleepy/robp-group7-sleepy/install/usb_cam/share/usb_cam/cmake/ament_cmake_export_dependencies-extras.cmake
[60.719s] -- Symlinking: /home/sleepy/robp-group7-sleepy/install/usb_cam/share/usb_cam/cmake/ament_cmake_export_include_directories-extras.cmake
[60.732s] -- Symlinking: /home/sleepy/robp-group7-sleepy/install/usb_cam/share/usb_cam/cmake/usb_camConfig.cmake
[60.749s] -- Symlinking: /home/sleepy/robp-group7-sleepy/install/usb_cam/share/usb_cam/cmake/usb_camConfig-version.cmake
[60.766s] -- Symlinking: /home/sleepy/robp-group7-sleepy/install/usb_cam/share/usb_cam/package.xml
[60.786s] Invoked command in '/home/sleepy/robp-group7-sleepy/build/usb_cam' returned '0': CMAKE_PREFIX_PATH=${CMAKE_PREFIX_PATH}:/home/sleepy/robp-group7-sleepy/install/simple_move:/home/sleepy/robp-group7-sleepy/install/core_launch:/home/sleepy/robp-group7-sleepy/install/robp_launch:/home/sleepy/robp-group7-sleepy/install/perception:/home/sleepy/robp-group7-sleepy/install/odometry:/home/sleepy/robp-group7-sleepy/install/lidar_processing:/home/sleepy/robp-group7-sleepy/install/arm_servos_pubs_subs:/home/sleepy/robp-group7-sleepy/install/arm_control:/opt/ros/jazzy DEBUGINFOD_URLS=https://debuginfod.ubuntu.com /usr/bin/cmake --install /home/sleepy/robp-group7-sleepy/build/usb_cam
