[0.999s] Invoking command in '/home/sleepy/robp-group7-sleepy/src/core/odometry2': DEBUGINFOD_URLS=https://debuginfod.ubuntu.com PYTHONPATH=/home/sleepy/robp-group7-sleepy/src/core/build/odometry2/prefix_override:/usr/lib/python3/dist-packages/colcon_core/task/python/colcon_distutils_commands:/home/sleepy/robp-group7-sleepy/src/core/install/odometry2/lib/python3.12/site-packages:${PYTHONPATH} /usr/bin/python3 -W ignore:setup.py install is deprecated -W ignore:easy_install command is deprecated setup.py egg_info --egg-base ../build/odometry2 build --build-base /home/sleepy/robp-group7-sleepy/src/core/build/odometry2/build install --record /home/sleepy/robp-group7-sleepy/src/core/build/odometry2/install.log --single-version-externally-managed install_data
[1.336s] running egg_info
[1.362s] writing ../build/odometry2/odometry2.egg-info/PKG-INFO
[1.362s] writing dependency_links to ../build/odometry2/odometry2.egg-info/dependency_links.txt
[1.362s] writing entry points to ../build/odometry2/odometry2.egg-info/entry_points.txt
[1.362s] writing requirements to ../build/odometry2/odometry2.egg-info/requires.txt
[1.362s] writing top-level names to ../build/odometry2/odometry2.egg-info/top_level.txt
[1.411s] reading manifest file '../build/odometry2/odometry2.egg-info/SOURCES.txt'
[1.412s] writing manifest file '../build/odometry2/odometry2.egg-info/SOURCES.txt'
[1.412s] running build
[1.412s] running build_py
[1.413s] copying odometry2/odometry2.py -> /home/sleepy/robp-group7-sleepy/src/core/build/odometry2/build/lib/odometry2
[1.413s] running install
[1.422s] running install_lib
[1.446s] copying /home/sleepy/robp-group7-sleepy/src/core/build/odometry2/build/lib/odometry2/odometry2.py -> /home/sleepy/robp-group7-sleepy/src/core/install/odometry2/lib/python3.12/site-packages/odometry2
[1.447s] byte-compiling /home/sleepy/robp-group7-sleepy/src/core/install/odometry2/lib/python3.12/site-packages/odometry2/odometry2.py to odometry2.cpython-312.pyc
[1.448s] running install_data
[1.449s] running install_egg_info
[1.474s] removing '/home/sleepy/robp-group7-sleepy/src/core/install/odometry2/lib/python3.12/site-packages/odometry2-0.0.0-py3.12.egg-info' (and everything under it)
[1.474s] Copying ../build/odometry2/odometry2.egg-info to /home/sleepy/robp-group7-sleepy/src/core/install/odometry2/lib/python3.12/site-packages/odometry2-0.0.0-py3.12.egg-info
[1.476s] running install_scripts
[1.643s] Installing odometry2 script to /home/sleepy/robp-group7-sleepy/src/core/install/odometry2/lib/odometry2
[1.644s] writing list of installed files to '/home/sleepy/robp-group7-sleepy/src/core/build/odometry2/install.log'
[1.676s] Invoked command in '/home/sleepy/robp-group7-sleepy/src/core/odometry2' returned '0': DEBUGINFOD_URLS=https://debuginfod.ubuntu.com PYTHONPATH=/home/sleepy/robp-group7-sleepy/src/core/build/odometry2/prefix_override:/usr/lib/python3/dist-packages/colcon_core/task/python/colcon_distutils_commands:/home/sleepy/robp-group7-sleepy/src/core/install/odometry2/lib/python3.12/site-packages:${PYTHONPATH} /usr/bin/python3 -W ignore:setup.py install is deprecated -W ignore:easy_install command is deprecated setup.py egg_info --egg-base ../build/odometry2 build --build-base /home/sleepy/robp-group7-sleepy/src/core/build/odometry2/build install --record /home/sleepy/robp-group7-sleepy/src/core/build/odometry2/install.log --single-version-externally-managed install_data
