[0.024s] Invoking command in '/home/sleepy/robp-group7-sleepy/build/robp_phidgets_motors': AMENT_PREFIX_PATH=/home/sleepy/robp-group7-sleepy/install/robp_interfaces:${AMENT_PREFIX_PATH} CMAKE_PREFIX_PATH=/home/sleepy/robp-group7-sleepy/install/robp_interfaces:/opt/ros/jazzy/opt/gz_math_vendor:/opt/ros/jazzy/opt/gz_utils_vendor:/opt/ros/jazzy/opt/gz_cmake_vendor:/opt/ros/jazzy DEBUGINFOD_URLS=https://debuginfod.ubuntu.com LD_LIBRARY_PATH=/home/sleepy/robp-group7-sleepy/install/robp_interfaces/lib:${LD_LIBRARY_PATH} PYTHONPATH=/home/sleepy/robp-group7-sleepy/install/robp_interfaces/lib/python3.12/site-packages:${PYTHONPATH} /usr/bin/cmake /home/sleepy/robp-group7-sleepy/src/robp_robot/robp_phidgets/robp_phidgets_motors -DAMENT_CMAKE_SYMLINK_INSTALL=1 -DCMAKE_INSTALL_PREFIX=/home/sleepy/robp-group7-sleepy/install/robp_phidgets_motors
[0.041s] -- robp_phidgets_motors: You did not request a specific build type: Choosing 'Release' for maximum performance
[0.133s] -- The C compiler identification is GNU 13.3.0
[0.261s] -- The CXX compiler identification is GNU 13.3.0
[0.314s] -- Detecting C compiler ABI info
[0.532s] -- Detecting C compiler ABI info - done
[0.568s] -- Check for working C compiler: /usr/bin/cc - skipped
[0.569s] -- Detecting C compile features
[0.570s] -- Detecting C compile features - done
[0.588s] -- Detecting CXX compiler ABI info
[0.778s] -- Detecting CXX compiler ABI info - done
[0.809s] -- Check for working CXX compiler: /usr/bin/c++ - skipped
[0.809s] -- Detecting CXX compile features
[0.810s] -- Detecting CXX compile features - done
[0.815s] -- Found ament_cmake_ros: 0.12.0 (/opt/ros/jazzy/share/ament_cmake_ros/cmake)
[1.131s] -- Found Python3: /usr/bin/python3 (found version "3.12.3") found components: Interpreter 
[1.322s] -- Override CMake install command with custom implementation using symlinks instead of copying resources
[1.375s] -- Found libphidget22: 2.3.3 (/opt/ros/jazzy/share/libphidget22/cmake)
[1.379s] -- Found phidgets_api: 2.3.3 (/opt/ros/jazzy/share/phidgets_api/cmake)
[1.391s] -- Found rclcpp: 28.1.6 (/opt/ros/jazzy/share/rclcpp/cmake)
[1.466s] -- Found rosidl_generator_c: 4.6.5 (/opt/ros/jazzy/share/rosidl_generator_c/cmake)
[1.496s] -- Found rosidl_generator_cpp: 4.6.5 (/opt/ros/jazzy/share/rosidl_generator_cpp/cmake)
[1.534s] -- Using all available rosidl_typesupport_c: rosidl_typesupport_fastrtps_c;rosidl_typesupport_introspection_c
[1.572s] -- Using all available rosidl_typesupport_cpp: rosidl_typesupport_fastrtps_cpp;rosidl_typesupport_introspection_cpp
[1.750s] -- Found rmw_implementation_cmake: 7.3.1 (/opt/ros/jazzy/share/rmw_implementation_cmake/cmake)
[1.756s] -- Found rmw_fastrtps_cpp: 8.4.1 (/opt/ros/jazzy/share/rmw_fastrtps_cpp/cmake)
[1.915s] -- Found OpenSSL: /usr/lib/x86_64-linux-gnu/libcrypto.so (found version "3.0.13")  
[1.956s] -- Found FastRTPS: /opt/ros/jazzy/include (Required is at least version "2.13") 
[2.002s] -- Using RMW implementation 'rmw_fastrtps_cpp' as default
[2.164s] -- Found rclcpp_components: 28.1.6 (/opt/ros/jazzy/share/rclcpp_components/cmake)
[2.239s] -- Found robp_interfaces: 1.0.0 (/home/sleepy/robp-group7-sleepy/install/robp_interfaces/share/robp_interfaces/cmake)
[2.309s] -- Found std_srvs: 5.3.5 (/opt/ros/jazzy/share/std_srvs/cmake)
[2.460s] -- Configuring done (2.4s)
[2.476s] -- Generating done (0.0s)
[2.481s] -- Build files have been written to: /home/sleepy/robp-group7-sleepy/build/robp_phidgets_motors
[2.498s] Invoked command in '/home/sleepy/robp-group7-sleepy/build/robp_phidgets_motors' returned '0': AMENT_PREFIX_PATH=/home/sleepy/robp-group7-sleepy/install/robp_interfaces:${AMENT_PREFIX_PATH} CMAKE_PREFIX_PATH=/home/sleepy/robp-group7-sleepy/install/robp_interfaces:/opt/ros/jazzy/opt/gz_math_vendor:/opt/ros/jazzy/opt/gz_utils_vendor:/opt/ros/jazzy/opt/gz_cmake_vendor:/opt/ros/jazzy DEBUGINFOD_URLS=https://debuginfod.ubuntu.com LD_LIBRARY_PATH=/home/sleepy/robp-group7-sleepy/install/robp_interfaces/lib:${LD_LIBRARY_PATH} PYTHONPATH=/home/sleepy/robp-group7-sleepy/install/robp_interfaces/lib/python3.12/site-packages:${PYTHONPATH} /usr/bin/cmake /home/sleepy/robp-group7-sleepy/src/robp_robot/robp_phidgets/robp_phidgets_motors -DAMENT_CMAKE_SYMLINK_INSTALL=1 -DCMAKE_INSTALL_PREFIX=/home/sleepy/robp-group7-sleepy/install/robp_phidgets_motors
[2.500s] Invoking command in '/home/sleepy/robp-group7-sleepy/build/robp_phidgets_motors': AMENT_PREFIX_PATH=/home/sleepy/robp-group7-sleepy/install/robp_interfaces:${AMENT_PREFIX_PATH} CMAKE_PREFIX_PATH=/home/sleepy/robp-group7-sleepy/install/robp_interfaces:/opt/ros/jazzy/opt/gz_math_vendor:/opt/ros/jazzy/opt/gz_utils_vendor:/opt/ros/jazzy/opt/gz_cmake_vendor:/opt/ros/jazzy DEBUGINFOD_URLS=https://debuginfod.ubuntu.com LD_LIBRARY_PATH=/home/sleepy/robp-group7-sleepy/install/robp_interfaces/lib:${LD_LIBRARY_PATH} PYTHONPATH=/home/sleepy/robp-group7-sleepy/install/robp_interfaces/lib/python3.12/site-packages:${PYTHONPATH} /usr/bin/cmake --build /home/sleepy/robp-group7-sleepy/build/robp_phidgets_motors -- -j8 -l8
[2.580s] [ 33%] [32mBuilding CXX object CMakeFiles/robp_phidgets_motors.dir/src/motors.cpp.o[0m
[2.581s] [ 66%] [32mBuilding CXX object CMakeFiles/robp_phidgets_motors.dir/src/motor.cpp.o[0m
[16.719s] [100%] [32m[1mLinking CXX shared library librobp_phidgets_motors.so[0m
[16.923s] [100%] Built target robp_phidgets_motors
[16.934s] Invoked command in '/home/sleepy/robp-group7-sleepy/build/robp_phidgets_motors' returned '0': AMENT_PREFIX_PATH=/home/sleepy/robp-group7-sleepy/install/robp_interfaces:${AMENT_PREFIX_PATH} CMAKE_PREFIX_PATH=/home/sleepy/robp-group7-sleepy/install/robp_interfaces:/opt/ros/jazzy/opt/gz_math_vendor:/opt/ros/jazzy/opt/gz_utils_vendor:/opt/ros/jazzy/opt/gz_cmake_vendor:/opt/ros/jazzy DEBUGINFOD_URLS=https://debuginfod.ubuntu.com LD_LIBRARY_PATH=/home/sleepy/robp-group7-sleepy/install/robp_interfaces/lib:${LD_LIBRARY_PATH} PYTHONPATH=/home/sleepy/robp-group7-sleepy/install/robp_interfaces/lib/python3.12/site-packages:${PYTHONPATH} /usr/bin/cmake --build /home/sleepy/robp-group7-sleepy/build/robp_phidgets_motors -- -j8 -l8
[16.935s] Invoking command in '/home/sleepy/robp-group7-sleepy/build/robp_phidgets_motors': AMENT_PREFIX_PATH=/home/sleepy/robp-group7-sleepy/install/robp_interfaces:${AMENT_PREFIX_PATH} CMAKE_PREFIX_PATH=/home/sleepy/robp-group7-sleepy/install/robp_interfaces:/opt/ros/jazzy/opt/gz_math_vendor:/opt/ros/jazzy/opt/gz_utils_vendor:/opt/ros/jazzy/opt/gz_cmake_vendor:/opt/ros/jazzy DEBUGINFOD_URLS=https://debuginfod.ubuntu.com LD_LIBRARY_PATH=/home/sleepy/robp-group7-sleepy/install/robp_interfaces/lib:${LD_LIBRARY_PATH} PYTHONPATH=/home/sleepy/robp-group7-sleepy/install/robp_interfaces/lib/python3.12/site-packages:${PYTHONPATH} /usr/bin/cmake --install /home/sleepy/robp-group7-sleepy/build/robp_phidgets_motors
[16.944s] -- Install configuration: "Release"
[16.944s] -- Execute custom install script
[16.944s] -- Symlinking: /home/sleepy/robp-group7-sleepy/install/robp_phidgets_motors/lib/librobp_phidgets_motors.so
[16.956s] -- Symlinking: /home/sleepy/robp-group7-sleepy/install/robp_phidgets_motors/include/robp_phidgets_motors/motor.hpp
[16.965s] -- Symlinking: /home/sleepy/robp-group7-sleepy/install/robp_phidgets_motors/include/robp_phidgets_motors/motors.hpp
[16.975s] -- Symlinking: /home/sleepy/robp-group7-sleepy/install/robp_phidgets_motors/share/robp_phidgets_motors/launch/motors_launch.py
[16.985s] -- Symlinking: /home/sleepy/robp-group7-sleepy/install/robp_phidgets_motors/share/ament_index/resource_index/package_run_dependencies/robp_phidgets_motors
[16.994s] -- Symlinking: /home/sleepy/robp-group7-sleepy/install/robp_phidgets_motors/share/ament_index/resource_index/parent_prefix_path/robp_phidgets_motors
[17.004s] -- Symlinking: /home/sleepy/robp-group7-sleepy/install/robp_phidgets_motors/share/robp_phidgets_motors/environment/ament_prefix_path.sh
[17.013s] -- Symlinking: /home/sleepy/robp-group7-sleepy/install/robp_phidgets_motors/share/robp_phidgets_motors/environment/ament_prefix_path.dsv
[17.022s] -- Symlinking: /home/sleepy/robp-group7-sleepy/install/robp_phidgets_motors/share/robp_phidgets_motors/environment/path.sh
[17.031s] -- Symlinking: /home/sleepy/robp-group7-sleepy/install/robp_phidgets_motors/share/robp_phidgets_motors/environment/path.dsv
[17.040s] -- Symlinking: /home/sleepy/robp-group7-sleepy/install/robp_phidgets_motors/share/robp_phidgets_motors/local_setup.bash
[17.050s] -- Symlinking: /home/sleepy/robp-group7-sleepy/install/robp_phidgets_motors/share/robp_phidgets_motors/local_setup.sh
[17.059s] -- Symlinking: /home/sleepy/robp-group7-sleepy/install/robp_phidgets_motors/share/robp_phidgets_motors/local_setup.zsh
[17.069s] -- Symlinking: /home/sleepy/robp-group7-sleepy/install/robp_phidgets_motors/share/robp_phidgets_motors/local_setup.dsv
[17.078s] -- Symlinking: /home/sleepy/robp-group7-sleepy/install/robp_phidgets_motors/share/robp_phidgets_motors/package.dsv
[17.088s] -- Symlinking: /home/sleepy/robp-group7-sleepy/install/robp_phidgets_motors/share/ament_index/resource_index/packages/robp_phidgets_motors
[17.097s] -- Symlinking: /home/sleepy/robp-group7-sleepy/install/robp_phidgets_motors/share/ament_index/resource_index/rclcpp_components/robp_phidgets_motors
[17.107s] -- Symlinking: /home/sleepy/robp-group7-sleepy/install/robp_phidgets_motors/share/robp_phidgets_motors/cmake/robp_phidgets_motorsConfig.cmake
[17.116s] -- Symlinking: /home/sleepy/robp-group7-sleepy/install/robp_phidgets_motors/share/robp_phidgets_motors/cmake/robp_phidgets_motorsConfig-version.cmake
[17.125s] -- Symlinking: /home/sleepy/robp-group7-sleepy/install/robp_phidgets_motors/share/robp_phidgets_motors/package.xml
[17.137s] Invoked command in '/home/sleepy/robp-group7-sleepy/build/robp_phidgets_motors' returned '0': AMENT_PREFIX_PATH=/home/sleepy/robp-group7-sleepy/install/robp_interfaces:${AMENT_PREFIX_PATH} CMAKE_PREFIX_PATH=/home/sleepy/robp-group7-sleepy/install/robp_interfaces:/opt/ros/jazzy/opt/gz_math_vendor:/opt/ros/jazzy/opt/gz_utils_vendor:/opt/ros/jazzy/opt/gz_cmake_vendor:/opt/ros/jazzy DEBUGINFOD_URLS=https://debuginfod.ubuntu.com LD_LIBRARY_PATH=/home/sleepy/robp-group7-sleepy/install/robp_interfaces/lib:${LD_LIBRARY_PATH} PYTHONPATH=/home/sleepy/robp-group7-sleepy/install/robp_interfaces/lib/python3.12/site-packages:${PYTHONPATH} /usr/bin/cmake --install /home/sleepy/robp-group7-sleepy/build/robp_phidgets_motors
