[3.767s] Invoking command in '/home/sleepy/robp-group7-sleepy/build/lidar_processing': DEBUGINFOD_URLS=https://debuginfod.ubuntu.com PYTHONPATH=/home/sleepy/robp-group7-sleepy/build/lidar_processing/prefix_override:/usr/lib/python3/dist-packages/colcon_core/task/python/colcon_distutils_commands:/home/sleepy/robp-group7-sleepy/install/lidar_processing/lib/python3.12/site-packages:${PYTHONPATH} /usr/bin/python3 -W ignore:setup.py install is deprecated -W ignore:easy_install command is deprecated setup.py develop --editable --build-directory /home/sleepy/robp-group7-sleepy/build/lidar_processing/build --no-deps symlink_data
[4.713s] running develop
[5.416s] running egg_info
[5.418s] creating lidar_processing.egg-info
[5.567s] writing lidar_processing.egg-info/PKG-INFO
[5.572s] writing dependency_links to lidar_processing.egg-info/dependency_links.txt
[5.572s] writing entry points to lidar_processing.egg-info/entry_points.txt
[5.573s] writing requirements to lidar_processing.egg-info/requires.txt
[5.573s] writing top-level names to lidar_processing.egg-info/top_level.txt
[5.575s] writing manifest file 'lidar_processing.egg-info/SOURCES.txt'
[5.793s] reading manifest file 'lidar_processing.egg-info/SOURCES.txt'
[5.793s] writing manifest file 'lidar_processing.egg-info/SOURCES.txt'
[5.919s] running build_ext
[5.923s] Creating /home/sleepy/robp-group7-sleepy/install/lidar_processing/lib/python3.12/site-packages/lidar-processing.egg-link (link to .)
[5.924s] Installing lidar_processing script to /home/sleepy/robp-group7-sleepy/install/lidar_processing/lib/lidar_processing
[5.933s] 
[5.933s] Installed /home/sleepy/robp-group7-sleepy/build/lidar_processing
[5.933s] running symlink_data
[5.933s] creating /home/sleepy/robp-group7-sleepy/install/lidar_processing/share/ament_index
[5.934s] creating /home/sleepy/robp-group7-sleepy/install/lidar_processing/share/ament_index/resource_index
[5.934s] creating /home/sleepy/robp-group7-sleepy/install/lidar_processing/share/ament_index/resource_index/packages
[5.934s] symbolically linking /home/sleepy/robp-group7-sleepy/build/lidar_processing/resource/lidar_processing -> /home/sleepy/robp-group7-sleepy/install/lidar_processing/share/ament_index/resource_index/packages
[5.939s] symbolically linking /home/sleepy/robp-group7-sleepy/build/lidar_processing/package.xml -> /home/sleepy/robp-group7-sleepy/install/lidar_processing/share/lidar_processing
[6.144s] Invoked command in '/home/sleepy/robp-group7-sleepy/build/lidar_processing' returned '0': DEBUGINFOD_URLS=https://debuginfod.ubuntu.com PYTHONPATH=/home/sleepy/robp-group7-sleepy/build/lidar_processing/prefix_override:/usr/lib/python3/dist-packages/colcon_core/task/python/colcon_distutils_commands:/home/sleepy/robp-group7-sleepy/install/lidar_processing/lib/python3.12/site-packages:${PYTHONPATH} /usr/bin/python3 -W ignore:setup.py install is deprecated -W ignore:easy_install command is deprecated setup.py develop --editable --build-directory /home/sleepy/robp-group7-sleepy/build/lidar_processing/build --no-deps symlink_data
