[0.061s] Invoking command in '/home/sleepy/robp-group7-sleepy/build/core_interfaces': CMAKE_PREFIX_PATH=${CMAKE_PREFIX_PATH}:/home/sleepy/robp-group7-sleepy/install/simple_move:/home/sleepy/robp-group7-sleepy/install/core_launch:/home/sleepy/robp-group7-sleepy/install/robp_launch:/home/sleepy/robp-group7-sleepy/install/perception:/home/sleepy/robp-group7-sleepy/install/odometry:/home/sleepy/robp-group7-sleepy/install/navigation:/home/sleepy/robp-group7-sleepy/install/lidar_processing:/home/sleepy/robp-group7-sleepy/install/arm_servos_pubs_subs:/home/sleepy/robp-group7-sleepy/install/arm_control:/opt/ros/jazzy DEBUGINFOD_URLS=https://debuginfod.ubuntu.com /usr/bin/cmake --build /home/sleepy/robp-group7-sleepy/build/core_interfaces -- -j8 -l8
[1.184s] -- Found ament_cmake: 2.5.3 (/opt/ros/jazzy/share/ament_cmake/cmake)
[1.184s] -- Found Python3: /usr/bin/python3 (found version "3.12.3") found components: Interpreter 
[1.184s] -- Override CMake install command with custom implementation using symlinks instead of copying resources
[1.184s] -- Found ament_lint_auto: 0.17.1 (/opt/ros/jazzy/share/ament_lint_auto/cmake)
[1.184s] -- Found rosidl_default_generators: 1.6.0 (/opt/ros/jazzy/share/rosidl_default_generators/cmake)
[1.185s] -- Using all available rosidl_typesupport_c: rosidl_typesupport_fastrtps_c;rosidl_typesupport_introspection_c
[1.185s] -- Using all available rosidl_typesupport_cpp: rosidl_typesupport_fastrtps_cpp;rosidl_typesupport_introspection_cpp
[1.185s] -- Found rosidl_adapter: 4.6.5 (/opt/ros/jazzy/share/rosidl_adapter/cmake)
[1.185s] -- Found geometry_msgs: 5.3.5 (/opt/ros/jazzy/share/geometry_msgs/cmake)
[1.185s] -- Found ament_cmake_ros: 0.12.0 (/opt/ros/jazzy/share/ament_cmake_ros/cmake)
[1.859s] -- Using all available rosidl_typesupport_c: rosidl_typesupport_fastrtps_c;rosidl_typesupport_introspection_c
[2.655s] -- Using all available rosidl_typesupport_cpp: rosidl_typesupport_fastrtps_cpp;rosidl_typesupport_introspection_cpp
[2.696s] -- Found python_cmake_module: 0.11.1 (/opt/ros/jazzy/share/python_cmake_module/cmake)
[3.351s] -- Found Python3: /usr/bin/python3 (found version "3.12.3") found components: Interpreter Development NumPy Development.Module Development.Embed 
[3.550s] -- Added test 'lint_cmake' to check CMake code style
[3.550s] -- Added test 'xmllint' to check XML markup files
[3.575s] -- Configuring done (3.5s)
[3.829s] -- Generating done (0.2s)
[3.902s] -- Build files have been written to: /home/sleepy/robp-group7-sleepy/build/core_interfaces
[4.019s] [  1%] [34m[1mGenerating type hashes for ROS interfaces[0m
[4.083s] [  1%] Built target ament_cmake_python_symlink_core_interfaces
[4.684s] running egg_info
[4.729s] writing core_interfaces.egg-info/PKG-INFO
[4.731s] writing dependency_links to core_interfaces.egg-info/dependency_links.txt
[4.733s] writing top-level names to core_interfaces.egg-info/top_level.txt
[4.901s] [  1%] Built target core_interfaces__rosidl_generator_type_description
[4.935s] [  3%] [34m[1mGenerating C code for ROS interfaces[0m
[4.978s] [  5%] [34m[1mGenerating C++ code for ROS interfaces[0m
[5.016s] reading manifest file 'core_interfaces.egg-info/SOURCES.txt'
[5.020s] writing manifest file 'core_interfaces.egg-info/SOURCES.txt'
[5.160s] [  5%] Built target ament_cmake_python_build_core_interfaces_egg
[7.379s] [  5%] Built target core_interfaces__cpp
[7.508s] [  7%] [32mBuilding C object CMakeFiles/core_interfaces__rosidl_generator_c.dir/rosidl_generator_c/core_interfaces/srv/detail/geofence_compliance__functions.c.o[0m
[7.516s] [  9%] [32mBuilding C object CMakeFiles/core_interfaces__rosidl_generator_c.dir/rosidl_generator_c/core_interfaces/srv/detail/geofence_compliance__type_support.c.o[0m
[7.516s] [ 11%] [32mBuilding C object CMakeFiles/core_interfaces__rosidl_generator_c.dir/rosidl_generator_c/core_interfaces/srv/detail/geofence_compliance__description.c.o[0m
[7.519s] [ 12%] [32mBuilding C object CMakeFiles/core_interfaces__rosidl_generator_c.dir/rosidl_generator_c/core_interfaces/action/detail/move_to__description.c.o[0m
[7.525s] [ 14%] [32mBuilding C object CMakeFiles/core_interfaces__rosidl_generator_c.dir/rosidl_generator_c/core_interfaces/action/detail/move_to__type_support.c.o[0m
[7.536s] [ 16%] [32mBuilding C object CMakeFiles/core_interfaces__rosidl_generator_c.dir/rosidl_generator_c/core_interfaces/action/detail/path_planner__description.c.o[0m
[7.547s] [ 20%] [32mBuilding C object CMakeFiles/core_interfaces__rosidl_generator_c.dir/rosidl_generator_c/core_interfaces/action/detail/path_planner__functions.c.o[0m
[7.547s] [ 18%] [32mBuilding C object CMakeFiles/core_interfaces__rosidl_generator_c.dir/rosidl_generator_c/core_interfaces/action/detail/move_to__functions.c.o[0m
[7.614s] [ 22%] [32mBuilding C object CMakeFiles/core_interfaces__rosidl_generator_c.dir/rosidl_generator_c/core_interfaces/action/detail/path_planner__type_support.c.o[0m
[7.912s] [ 24%] [32m[1mLinking C shared library libcore_interfaces__rosidl_generator_c.so[0m
[7.976s] [ 24%] Built target core_interfaces__rosidl_generator_c
[7.998s] [ 25%] [34m[1mGenerating C introspection for ROS interfaces[0m
[8.000s] [ 27%] [34m[1mGenerating C type support for eProsima Fast-RTPS[0m
[8.001s] [ 29%] [34m[1mGenerating C++ type support for eProsima Fast-RTPS[0m
[8.004s] [ 31%] [34m[1mGenerating C type support dispatch for ROS interfaces[0m
[8.008s] [ 33%] [34m[1mGenerating C++ type support dispatch for ROS interfaces[0m
[8.011s] [ 35%] [34m[1mGenerating C++ introspection for ROS interfaces[0m
[9.570s] [ 37%] [32mBuilding CXX object CMakeFiles/core_interfaces__rosidl_typesupport_c.dir/rosidl_typesupport_c/core_interfaces/srv/geofence_compliance__type_support.cpp.o[0m
[9.585s] [ 38%] [32mBuilding CXX object CMakeFiles/core_interfaces__rosidl_typesupport_c.dir/rosidl_typesupport_c/core_interfaces/action/move_to__type_support.cpp.o[0m
[9.586s] [ 40%] [32mBuilding CXX object CMakeFiles/core_interfaces__rosidl_typesupport_c.dir/rosidl_typesupport_c/core_interfaces/action/path_planner__type_support.cpp.o[0m
[9.807s] [ 42%] [32m[1mLinking CXX shared library libcore_interfaces__rosidl_typesupport_c.so[0m
[9.925s] [ 44%] [32mBuilding CXX object CMakeFiles/core_interfaces__rosidl_typesupport_introspection_cpp.dir/rosidl_typesupport_introspection_cpp/core_interfaces/srv/detail/geofence_compliance__type_support.cpp.o[0m
[9.933s] [ 46%] [32mBuilding CXX object CMakeFiles/core_interfaces__rosidl_typesupport_introspection_cpp.dir/rosidl_typesupport_introspection_cpp/core_interfaces/action/detail/move_to__type_support.cpp.o[0m
[9.962s] [ 48%] [32mBuilding CXX object CMakeFiles/core_interfaces__rosidl_typesupport_introspection_cpp.dir/rosidl_typesupport_introspection_cpp/core_interfaces/action/detail/path_planner__type_support.cpp.o[0m
[9.968s] [ 48%] Built target core_interfaces__rosidl_typesupport_c
[10.001s] [ 50%] [32mBuilding CXX object CMakeFiles/core_interfaces__rosidl_typesupport_cpp.dir/rosidl_typesupport_cpp/core_interfaces/srv/geofence_compliance__type_support.cpp.o[0m
[10.007s] [ 51%] [32mBuilding CXX object CMakeFiles/core_interfaces__rosidl_typesupport_cpp.dir/rosidl_typesupport_cpp/core_interfaces/action/move_to__type_support.cpp.o[0m
[10.347s] [ 53%] [32mBuilding C object CMakeFiles/core_interfaces__rosidl_typesupport_introspection_c.dir/rosidl_typesupport_introspection_c/core_interfaces/srv/detail/geofence_compliance__type_support.c.o[0m
[10.522s] [ 55%] [32mBuilding C object CMakeFiles/core_interfaces__rosidl_typesupport_introspection_c.dir/rosidl_typesupport_introspection_c/core_interfaces/action/detail/move_to__type_support.c.o[0m
[10.728s] [ 57%] [32mBuilding C object CMakeFiles/core_interfaces__rosidl_typesupport_introspection_c.dir/rosidl_typesupport_introspection_c/core_interfaces/action/detail/path_planner__type_support.c.o[0m
[10.899s] [ 59%] [32mBuilding CXX object CMakeFiles/core_interfaces__rosidl_typesupport_cpp.dir/rosidl_typesupport_cpp/core_interfaces/action/path_planner__type_support.cpp.o[0m
[10.927s] [ 61%] [32m[1mLinking C shared library libcore_interfaces__rosidl_typesupport_introspection_c.so[0m
[10.996s] [ 61%] Built target core_interfaces__rosidl_typesupport_introspection_c
[11.020s] [ 62%] [32mBuilding CXX object CMakeFiles/core_interfaces__rosidl_typesupport_fastrtps_c.dir/rosidl_typesupport_fastrtps_c/core_interfaces/action/detail/move_to__type_support_c.cpp.o[0m
[11.026s] [ 64%] [32mBuilding CXX object CMakeFiles/core_interfaces__rosidl_typesupport_fastrtps_c.dir/rosidl_typesupport_fastrtps_c/core_interfaces/srv/detail/geofence_compliance__type_support_c.cpp.o[0m
[11.094s] [ 66%] [32mBuilding CXX object CMakeFiles/core_interfaces__rosidl_typesupport_fastrtps_cpp.dir/rosidl_typesupport_fastrtps_cpp/core_interfaces/srv/detail/dds_fastrtps/geofence_compliance__type_support.cpp.o[0m
[11.225s] [ 68%] [32mBuilding CXX object CMakeFiles/core_interfaces__rosidl_typesupport_fastrtps_cpp.dir/rosidl_typesupport_fastrtps_cpp/core_interfaces/action/detail/dds_fastrtps/move_to__type_support.cpp.o[0m
[11.915s] [ 70%] [32mBuilding CXX object CMakeFiles/core_interfaces__rosidl_typesupport_fastrtps_c.dir/rosidl_typesupport_fastrtps_c/core_interfaces/action/detail/path_planner__type_support_c.cpp.o[0m
[11.936s] [ 72%] [32mBuilding CXX object CMakeFiles/core_interfaces__rosidl_typesupport_fastrtps_cpp.dir/rosidl_typesupport_fastrtps_cpp/core_interfaces/action/detail/dds_fastrtps/path_planner__type_support.cpp.o[0m
[12.206s] [ 74%] [32m[1mLinking CXX shared library libcore_interfaces__rosidl_typesupport_introspection_cpp.so[0m
[12.407s] [ 75%] [32m[1mLinking CXX shared library libcore_interfaces__rosidl_typesupport_cpp.so[0m
[12.447s] [ 75%] Built target core_interfaces__rosidl_typesupport_introspection_cpp
[12.521s] [ 75%] Built target core_interfaces__rosidl_typesupport_cpp
[12.928s] [ 77%] [32m[1mLinking CXX shared library libcore_interfaces__rosidl_typesupport_fastrtps_c.so[0m
[12.992s] [ 77%] Built target core_interfaces__rosidl_typesupport_fastrtps_c
[13.388s] [ 79%] [32m[1mLinking CXX shared library libcore_interfaces__rosidl_typesupport_fastrtps_cpp.so[0m
[13.489s] [ 79%] Built target core_interfaces__rosidl_typesupport_fastrtps_cpp
[13.512s] [ 79%] Built target core_interfaces
[13.538s] [ 81%] [34m[1mGenerating Python code for ROS interfaces[0m
[15.223s] [ 81%] Built target core_interfaces__py
[15.255s] [ 83%] [32mBuilding C object CMakeFiles/core_interfaces__rosidl_generator_py.dir/rosidl_generator_py/core_interfaces/srv/_geofence_compliance_s.c.o[0m
[15.256s] [ 87%] [32mBuilding C object CMakeFiles/core_interfaces__rosidl_generator_py.dir/rosidl_generator_py/core_interfaces/action/_move_to_s.c.o[0m
[15.256s] [ 87%] [32mBuilding C object CMakeFiles/core_interfaces__rosidl_generator_py.dir/rosidl_generator_py/core_interfaces/action/_path_planner_s.c.o[0m
[15.502s] [ 88%] [32m[1mLinking C shared library libcore_interfaces__rosidl_generator_py.so[0m
[15.557s] [ 88%] Built target core_interfaces__rosidl_generator_py
[15.589s] [ 90%] [32mBuilding C object CMakeFiles/core_interfaces_s__rosidl_typesupport_fastrtps_c.dir/rosidl_generator_py/core_interfaces/_core_interfaces_s.ep.rosidl_typesupport_fastrtps_c.c.o[0m
[15.593s] [ 92%] [32mBuilding C object CMakeFiles/core_interfaces_s__rosidl_typesupport_introspection_c.dir/rosidl_generator_py/core_interfaces/_core_interfaces_s.ep.rosidl_typesupport_introspection_c.c.o[0m
[15.594s] [ 94%] [32mBuilding C object CMakeFiles/core_interfaces_s__rosidl_typesupport_c.dir/rosidl_generator_py/core_interfaces/_core_interfaces_s.ep.rosidl_typesupport_c.c.o[0m
[15.803s] [ 96%] [32m[1mLinking C shared module rosidl_generator_py/core_interfaces/core_interfaces_s__rosidl_typesupport_fastrtps_c.so[0m
[15.842s] [ 96%] Built target core_interfaces_s__rosidl_typesupport_fastrtps_c
[15.900s] [ 98%] [32m[1mLinking C shared module rosidl_generator_py/core_interfaces/core_interfaces_s__rosidl_typesupport_introspection_c.so[0m
[15.926s] [100%] [32m[1mLinking C shared module rosidl_generator_py/core_interfaces/core_interfaces_s__rosidl_typesupport_c.so[0m
[15.938s] [100%] Built target core_interfaces_s__rosidl_typesupport_introspection_c
[15.978s] [100%] Built target core_interfaces_s__rosidl_typesupport_c
[16.004s] Invoked command in '/home/sleepy/robp-group7-sleepy/build/core_interfaces' returned '0': CMAKE_PREFIX_PATH=${CMAKE_PREFIX_PATH}:/home/sleepy/robp-group7-sleepy/install/simple_move:/home/sleepy/robp-group7-sleepy/install/core_launch:/home/sleepy/robp-group7-sleepy/install/robp_launch:/home/sleepy/robp-group7-sleepy/install/perception:/home/sleepy/robp-group7-sleepy/install/odometry:/home/sleepy/robp-group7-sleepy/install/navigation:/home/sleepy/robp-group7-sleepy/install/lidar_processing:/home/sleepy/robp-group7-sleepy/install/arm_servos_pubs_subs:/home/sleepy/robp-group7-sleepy/install/arm_control:/opt/ros/jazzy DEBUGINFOD_URLS=https://debuginfod.ubuntu.com /usr/bin/cmake --build /home/sleepy/robp-group7-sleepy/build/core_interfaces -- -j8 -l8
[16.005s] Invoking command in '/home/sleepy/robp-group7-sleepy/build/core_interfaces': CMAKE_PREFIX_PATH=${CMAKE_PREFIX_PATH}:/home/sleepy/robp-group7-sleepy/install/simple_move:/home/sleepy/robp-group7-sleepy/install/core_launch:/home/sleepy/robp-group7-sleepy/install/robp_launch:/home/sleepy/robp-group7-sleepy/install/perception:/home/sleepy/robp-group7-sleepy/install/odometry:/home/sleepy/robp-group7-sleepy/install/navigation:/home/sleepy/robp-group7-sleepy/install/lidar_processing:/home/sleepy/robp-group7-sleepy/install/arm_servos_pubs_subs:/home/sleepy/robp-group7-sleepy/install/arm_control:/opt/ros/jazzy DEBUGINFOD_URLS=https://debuginfod.ubuntu.com /usr/bin/cmake --install /home/sleepy/robp-group7-sleepy/build/core_interfaces
[16.021s] -- Install configuration: ""
[16.024s] -- Execute custom install script
[16.024s] -- Up-to-date symlink: /home/sleepy/robp-group7-sleepy/install/core_interfaces/share/ament_index/resource_index/rosidl_interfaces/core_interfaces
[16.024s] -- Up-to-date symlink: /home/sleepy/robp-group7-sleepy/install/core_interfaces/share/core_interfaces/srv/GeofenceCompliance.json
[16.024s] -- Up-to-date symlink: /home/sleepy/robp-group7-sleepy/install/core_interfaces/share/core_interfaces/action/MoveTo.json
[16.024s] -- Up-to-date symlink: /home/sleepy/robp-group7-sleepy/install/core_interfaces/share/core_interfaces/action/PathPlanner.json
[16.025s] -- Up-to-date symlink: /home/sleepy/robp-group7-sleepy/install/core_interfaces/include/core_interfaces/core_interfaces/action/detail/move_to__functions.h
[16.026s] -- Up-to-date symlink: /home/sleepy/robp-group7-sleepy/install/core_interfaces/include/core_interfaces/core_interfaces/action/detail/move_to__struct.h
[16.027s] -- Up-to-date symlink: /home/sleepy/robp-group7-sleepy/install/core_interfaces/include/core_interfaces/core_interfaces/action/detail/move_to__type_support.h
[16.027s] -- Up-to-date symlink: /home/sleepy/robp-group7-sleepy/install/core_interfaces/include/core_interfaces/core_interfaces/action/detail/path_planner__functions.h
[16.027s] -- Up-to-date symlink: /home/sleepy/robp-group7-sleepy/install/core_interfaces/include/core_interfaces/core_interfaces/action/detail/path_planner__struct.h
[16.029s] -- Up-to-date symlink: /home/sleepy/robp-group7-sleepy/install/core_interfaces/include/core_interfaces/core_interfaces/action/detail/path_planner__type_support.h
[16.030s] -- Up-to-date symlink: /home/sleepy/robp-group7-sleepy/install/core_interfaces/include/core_interfaces/core_interfaces/action/move_to.h
[16.030s] -- Up-to-date symlink: /home/sleepy/robp-group7-sleepy/install/core_interfaces/include/core_interfaces/core_interfaces/action/path_planner.h
[16.030s] -- Up-to-date symlink: /home/sleepy/robp-group7-sleepy/install/core_interfaces/include/core_interfaces/core_interfaces/msg/rosidl_generator_c__visibility_control.h
[16.030s] -- Up-to-date symlink: /home/sleepy/robp-group7-sleepy/install/core_interfaces/include/core_interfaces/core_interfaces/srv/detail/geofence_compliance__functions.h
[16.030s] -- Up-to-date symlink: /home/sleepy/robp-group7-sleepy/install/core_interfaces/include/core_interfaces/core_interfaces/srv/detail/geofence_compliance__struct.h
[16.031s] -- Up-to-date symlink: /home/sleepy/robp-group7-sleepy/install/core_interfaces/include/core_interfaces/core_interfaces/srv/detail/geofence_compliance__type_support.h
[16.031s] -- Up-to-date symlink: /home/sleepy/robp-group7-sleepy/install/core_interfaces/include/core_interfaces/core_interfaces/srv/geofence_compliance.h
[16.031s] -- Up-to-date symlink: /home/sleepy/robp-group7-sleepy/install/core_interfaces/share/core_interfaces/environment/library_path.sh
[16.031s] -- Up-to-date symlink: /home/sleepy/robp-group7-sleepy/install/core_interfaces/share/core_interfaces/environment/library_path.dsv
[16.031s] -- Up-to-date symlink: /home/sleepy/robp-group7-sleepy/install/core_interfaces/include/core_interfaces/core_interfaces/action/detail/move_to__rosidl_typesupport_fastrtps_c.h
[16.031s] -- Up-to-date symlink: /home/sleepy/robp-group7-sleepy/install/core_interfaces/include/core_interfaces/core_interfaces/action/detail/path_planner__rosidl_typesupport_fastrtps_c.h
[16.032s] -- Up-to-date symlink: /home/sleepy/robp-group7-sleepy/install/core_interfaces/include/core_interfaces/core_interfaces/msg/rosidl_typesupport_fastrtps_c__visibility_control.h
[16.032s] -- Up-to-date symlink: /home/sleepy/robp-group7-sleepy/install/core_interfaces/include/core_interfaces/core_interfaces/srv/detail/geofence_compliance__rosidl_typesupport_fastrtps_c.h
[16.032s] -- Up-to-date symlink: /home/sleepy/robp-group7-sleepy/install/core_interfaces/include/core_interfaces/core_interfaces/action/detail/move_to__rosidl_typesupport_introspection_c.h
[16.032s] -- Up-to-date symlink: /home/sleepy/robp-group7-sleepy/install/core_interfaces/include/core_interfaces/core_interfaces/action/detail/path_planner__rosidl_typesupport_introspection_c.h
[16.032s] -- Up-to-date symlink: /home/sleepy/robp-group7-sleepy/install/core_interfaces/include/core_interfaces/core_interfaces/msg/rosidl_typesupport_introspection_c__visibility_control.h
[16.033s] -- Up-to-date symlink: /home/sleepy/robp-group7-sleepy/install/core_interfaces/include/core_interfaces/core_interfaces/srv/detail/geofence_compliance__rosidl_typesupport_introspection_c.h
[16.033s] -- Up-to-date symlink: /home/sleepy/robp-group7-sleepy/install/core_interfaces/include/core_interfaces/core_interfaces/action/detail/move_to__builder.hpp
[16.034s] -- Up-to-date symlink: /home/sleepy/robp-group7-sleepy/install/core_interfaces/include/core_interfaces/core_interfaces/action/detail/move_to__struct.hpp
[16.034s] -- Up-to-date symlink: /home/sleepy/robp-group7-sleepy/install/core_interfaces/include/core_interfaces/core_interfaces/action/detail/move_to__traits.hpp
[16.034s] -- Up-to-date symlink: /home/sleepy/robp-group7-sleepy/install/core_interfaces/include/core_interfaces/core_interfaces/action/detail/move_to__type_support.hpp
[16.035s] -- Up-to-date symlink: /home/sleepy/robp-group7-sleepy/install/core_interfaces/include/core_interfaces/core_interfaces/action/detail/path_planner__builder.hpp
[16.035s] -- Up-to-date symlink: /home/sleepy/robp-group7-sleepy/install/core_interfaces/include/core_interfaces/core_interfaces/action/detail/path_planner__struct.hpp
[16.035s] -- Up-to-date symlink: /home/sleepy/robp-group7-sleepy/install/core_interfaces/include/core_interfaces/core_interfaces/action/detail/path_planner__traits.hpp
[16.035s] -- Up-to-date symlink: /home/sleepy/robp-group7-sleepy/install/core_interfaces/include/core_interfaces/core_interfaces/action/detail/path_planner__type_support.hpp
[16.035s] -- Up-to-date symlink: /home/sleepy/robp-group7-sleepy/install/core_interfaces/include/core_interfaces/core_interfaces/action/move_to.hpp
[16.036s] -- Up-to-date symlink: /home/sleepy/robp-group7-sleepy/install/core_interfaces/include/core_interfaces/core_interfaces/action/path_planner.hpp
[16.036s] -- Up-to-date symlink: /home/sleepy/robp-group7-sleepy/install/core_interfaces/include/core_interfaces/core_interfaces/msg/rosidl_generator_cpp__visibility_control.hpp
[16.036s] -- Up-to-date symlink: /home/sleepy/robp-group7-sleepy/install/core_interfaces/include/core_interfaces/core_interfaces/srv/detail/geofence_compliance__builder.hpp
[16.036s] -- Up-to-date symlink: /home/sleepy/robp-group7-sleepy/install/core_interfaces/include/core_interfaces/core_interfaces/srv/detail/geofence_compliance__struct.hpp
[16.036s] -- Up-to-date symlink: /home/sleepy/robp-group7-sleepy/install/core_interfaces/include/core_interfaces/core_interfaces/srv/detail/geofence_compliance__traits.hpp
[16.037s] -- Up-to-date symlink: /home/sleepy/robp-group7-sleepy/install/core_interfaces/include/core_interfaces/core_interfaces/srv/detail/geofence_compliance__type_support.hpp
[16.037s] -- Up-to-date symlink: /home/sleepy/robp-group7-sleepy/install/core_interfaces/include/core_interfaces/core_interfaces/srv/geofence_compliance.hpp
[16.038s] -- Up-to-date symlink: /home/sleepy/robp-group7-sleepy/install/core_interfaces/include/core_interfaces/core_interfaces/action/detail/move_to__rosidl_typesupport_fastrtps_cpp.hpp
[16.042s] -- Up-to-date symlink: /home/sleepy/robp-group7-sleepy/install/core_interfaces/include/core_interfaces/core_interfaces/action/detail/path_planner__rosidl_typesupport_fastrtps_cpp.hpp
[16.042s] -- Up-to-date symlink: /home/sleepy/robp-group7-sleepy/install/core_interfaces/include/core_interfaces/core_interfaces/msg/rosidl_typesupport_fastrtps_cpp__visibility_control.h
[16.042s] -- Up-to-date symlink: /home/sleepy/robp-group7-sleepy/install/core_interfaces/include/core_interfaces/core_interfaces/srv/detail/geofence_compliance__rosidl_typesupport_fastrtps_cpp.hpp
[16.042s] -- Up-to-date symlink: /home/sleepy/robp-group7-sleepy/install/core_interfaces/include/core_interfaces/core_interfaces/action/detail/move_to__rosidl_typesupport_introspection_cpp.hpp
[16.042s] -- Up-to-date symlink: /home/sleepy/robp-group7-sleepy/install/core_interfaces/include/core_interfaces/core_interfaces/action/detail/path_planner__rosidl_typesupport_introspection_cpp.hpp
[16.043s] -- Up-to-date symlink: /home/sleepy/robp-group7-sleepy/install/core_interfaces/include/core_interfaces/core_interfaces/srv/detail/geofence_compliance__rosidl_typesupport_introspection_cpp.hpp
[16.043s] -- Up-to-date symlink: /home/sleepy/robp-group7-sleepy/install/core_interfaces/share/core_interfaces/environment/pythonpath.sh
[16.043s] -- Up-to-date symlink: /home/sleepy/robp-group7-sleepy/install/core_interfaces/share/core_interfaces/environment/pythonpath.dsv
[16.043s] -- Up-to-date symlink: /home/sleepy/robp-group7-sleepy/install/core_interfaces/lib/python3.12/site-packages/core_interfaces-0.0.0-py3.12.egg-info/PKG-INFO
[16.043s] -- Up-to-date symlink: /home/sleepy/robp-group7-sleepy/install/core_interfaces/lib/python3.12/site-packages/core_interfaces-0.0.0-py3.12.egg-info/SOURCES.txt
[16.046s] -- Up-to-date symlink: /home/sleepy/robp-group7-sleepy/install/core_interfaces/lib/python3.12/site-packages/core_interfaces-0.0.0-py3.12.egg-info/dependency_links.txt
[16.046s] -- Up-to-date symlink: /home/sleepy/robp-group7-sleepy/install/core_interfaces/lib/python3.12/site-packages/core_interfaces-0.0.0-py3.12.egg-info/top_level.txt
[16.046s] -- Up-to-date symlink: /home/sleepy/robp-group7-sleepy/install/core_interfaces/lib/python3.12/site-packages/core_interfaces/__init__.py
[16.046s] -- Up-to-date symlink: /home/sleepy/robp-group7-sleepy/install/core_interfaces/lib/python3.12/site-packages/core_interfaces/_core_interfaces_s.ep.rosidl_typesupport_c.c
[16.046s] -- Up-to-date symlink: /home/sleepy/robp-group7-sleepy/install/core_interfaces/lib/python3.12/site-packages/core_interfaces/_core_interfaces_s.ep.rosidl_typesupport_fastrtps_c.c
[16.046s] -- Up-to-date symlink: /home/sleepy/robp-group7-sleepy/install/core_interfaces/lib/python3.12/site-packages/core_interfaces/_core_interfaces_s.ep.rosidl_typesupport_introspection_c.c
[16.046s] -- Up-to-date symlink: /home/sleepy/robp-group7-sleepy/install/core_interfaces/lib/python3.12/site-packages/core_interfaces/action/__init__.py
[16.047s] -- Up-to-date symlink: /home/sleepy/robp-group7-sleepy/install/core_interfaces/lib/python3.12/site-packages/core_interfaces/action/_move_to.py
[16.047s] -- Up-to-date symlink: /home/sleepy/robp-group7-sleepy/install/core_interfaces/lib/python3.12/site-packages/core_interfaces/action/_move_to_s.c
[16.047s] -- Up-to-date symlink: /home/sleepy/robp-group7-sleepy/install/core_interfaces/lib/python3.12/site-packages/core_interfaces/action/_path_planner.py
[16.047s] -- Up-to-date symlink: /home/sleepy/robp-group7-sleepy/install/core_interfaces/lib/python3.12/site-packages/core_interfaces/action/_path_planner_s.c
[16.047s] -- Up-to-date symlink: /home/sleepy/robp-group7-sleepy/install/core_interfaces/lib/python3.12/site-packages/core_interfaces/core_interfaces_s__rosidl_typesupport_c.so
[16.047s] -- Up-to-date symlink: /home/sleepy/robp-group7-sleepy/install/core_interfaces/lib/python3.12/site-packages/core_interfaces/core_interfaces_s__rosidl_typesupport_fastrtps_c.so
[16.048s] -- Up-to-date symlink: /home/sleepy/robp-group7-sleepy/install/core_interfaces/lib/python3.12/site-packages/core_interfaces/core_interfaces_s__rosidl_typesupport_introspection_c.so
[16.048s] -- Up-to-date symlink: /home/sleepy/robp-group7-sleepy/install/core_interfaces/lib/python3.12/site-packages/core_interfaces/srv/__init__.py
[16.048s] -- Up-to-date symlink: /home/sleepy/robp-group7-sleepy/install/core_interfaces/lib/python3.12/site-packages/core_interfaces/srv/_geofence_compliance.py
[16.048s] -- Up-to-date symlink: /home/sleepy/robp-group7-sleepy/install/core_interfaces/lib/python3.12/site-packages/core_interfaces/srv/_geofence_compliance_s.c
[16.048s] -- Up-to-date symlink: /home/sleepy/robp-group7-sleepy/install/core_interfaces/lib/python3.12/site-packages/core_interfaces/core_interfaces_s__rosidl_typesupport_fastrtps_c.so
[16.049s] -- Up-to-date symlink: /home/sleepy/robp-group7-sleepy/install/core_interfaces/lib/python3.12/site-packages/core_interfaces/core_interfaces_s__rosidl_typesupport_introspection_c.so
[16.049s] -- Up-to-date symlink: /home/sleepy/robp-group7-sleepy/install/core_interfaces/lib/python3.12/site-packages/core_interfaces/core_interfaces_s__rosidl_typesupport_c.so
[16.049s] -- Up-to-date symlink: /home/sleepy/robp-group7-sleepy/install/core_interfaces/share/core_interfaces/srv/GeofenceCompliance.idl
[16.049s] -- Up-to-date symlink: /home/sleepy/robp-group7-sleepy/install/core_interfaces/share/core_interfaces/action/MoveTo.idl
[16.050s] -- Up-to-date symlink: /home/sleepy/robp-group7-sleepy/install/core_interfaces/share/core_interfaces/action/PathPlanner.idl
[16.050s] -- Up-to-date symlink: /home/sleepy/robp-group7-sleepy/install/core_interfaces/share/core_interfaces/srv/GeofenceCompliance.srv
[16.050s] -- Up-to-date symlink: /home/sleepy/robp-group7-sleepy/install/core_interfaces/share/core_interfaces/action/MoveTo.action
[16.050s] -- Up-to-date symlink: /home/sleepy/robp-group7-sleepy/install/core_interfaces/share/core_interfaces/action/PathPlanner.action
[16.050s] -- Up-to-date symlink: /home/sleepy/robp-group7-sleepy/install/core_interfaces/share/ament_index/resource_index/package_run_dependencies/core_interfaces
[16.050s] -- Up-to-date symlink: /home/sleepy/robp-group7-sleepy/install/core_interfaces/share/ament_index/resource_index/parent_prefix_path/core_interfaces
[16.051s] -- Up-to-date symlink: /home/sleepy/robp-group7-sleepy/install/core_interfaces/share/core_interfaces/environment/ament_prefix_path.sh
[16.051s] -- Up-to-date symlink: /home/sleepy/robp-group7-sleepy/install/core_interfaces/share/core_interfaces/environment/ament_prefix_path.dsv
[16.051s] -- Up-to-date symlink: /home/sleepy/robp-group7-sleepy/install/core_interfaces/share/core_interfaces/environment/path.sh
[16.051s] -- Up-to-date symlink: /home/sleepy/robp-group7-sleepy/install/core_interfaces/share/core_interfaces/environment/path.dsv
[16.052s] -- Up-to-date symlink: /home/sleepy/robp-group7-sleepy/install/core_interfaces/share/core_interfaces/local_setup.bash
[16.052s] -- Up-to-date symlink: /home/sleepy/robp-group7-sleepy/install/core_interfaces/share/core_interfaces/local_setup.sh
[16.056s] -- Up-to-date symlink: /home/sleepy/robp-group7-sleepy/install/core_interfaces/share/core_interfaces/local_setup.zsh
[16.056s] -- Up-to-date symlink: /home/sleepy/robp-group7-sleepy/install/core_interfaces/share/core_interfaces/local_setup.dsv
[16.056s] -- Symlinking: /home/sleepy/robp-group7-sleepy/install/core_interfaces/share/core_interfaces/package.dsv
[16.069s] -- Up-to-date symlink: /home/sleepy/robp-group7-sleepy/install/core_interfaces/share/ament_index/resource_index/packages/core_interfaces
[16.070s] -- Up-to-date symlink: /home/sleepy/robp-group7-sleepy/install/core_interfaces/share/core_interfaces/cmake/rosidl_cmake-extras.cmake
[16.070s] -- Up-to-date symlink: /home/sleepy/robp-group7-sleepy/install/core_interfaces/share/core_interfaces/cmake/ament_cmake_export_dependencies-extras.cmake
[16.073s] -- Up-to-date symlink: /home/sleepy/robp-group7-sleepy/install/core_interfaces/share/core_interfaces/cmake/ament_cmake_export_include_directories-extras.cmake
[16.073s] -- Up-to-date symlink: /home/sleepy/robp-group7-sleepy/install/core_interfaces/share/core_interfaces/cmake/ament_cmake_export_libraries-extras.cmake
[16.073s] -- Up-to-date symlink: /home/sleepy/robp-group7-sleepy/install/core_interfaces/share/core_interfaces/cmake/ament_cmake_export_targets-extras.cmake
[16.073s] -- Up-to-date symlink: /home/sleepy/robp-group7-sleepy/install/core_interfaces/share/core_interfaces/cmake/rosidl_cmake_export_typesupport_targets-extras.cmake
[16.074s] -- Up-to-date symlink: /home/sleepy/robp-group7-sleepy/install/core_interfaces/share/core_interfaces/cmake/rosidl_cmake_export_typesupport_libraries-extras.cmake
[16.074s] -- Up-to-date symlink: /home/sleepy/robp-group7-sleepy/install/core_interfaces/share/core_interfaces/cmake/core_interfacesConfig.cmake
[16.074s] -- Up-to-date symlink: /home/sleepy/robp-group7-sleepy/install/core_interfaces/share/core_interfaces/cmake/core_interfacesConfig-version.cmake
[16.074s] -- Up-to-date symlink: /home/sleepy/robp-group7-sleepy/install/core_interfaces/share/core_interfaces/package.xml
[16.076s] -- Installing: /home/sleepy/robp-group7-sleepy/install/core_interfaces/lib/libcore_interfaces__rosidl_generator_c.so
[16.076s] -- Set non-toolchain portion of runtime path of "/home/sleepy/robp-group7-sleepy/install/core_interfaces/lib/libcore_interfaces__rosidl_generator_c.so" to ""
[16.077s] -- Installing: /home/sleepy/robp-group7-sleepy/install/core_interfaces/lib/libcore_interfaces__rosidl_typesupport_fastrtps_c.so
[16.078s] -- Set non-toolchain portion of runtime path of "/home/sleepy/robp-group7-sleepy/install/core_interfaces/lib/libcore_interfaces__rosidl_typesupport_fastrtps_c.so" to ""
[16.079s] -- Installing: /home/sleepy/robp-group7-sleepy/install/core_interfaces/lib/libcore_interfaces__rosidl_typesupport_introspection_c.so
[16.080s] -- Set non-toolchain portion of runtime path of "/home/sleepy/robp-group7-sleepy/install/core_interfaces/lib/libcore_interfaces__rosidl_typesupport_introspection_c.so" to ""
[16.081s] -- Installing: /home/sleepy/robp-group7-sleepy/install/core_interfaces/lib/libcore_interfaces__rosidl_typesupport_c.so
[16.082s] -- Set non-toolchain portion of runtime path of "/home/sleepy/robp-group7-sleepy/install/core_interfaces/lib/libcore_interfaces__rosidl_typesupport_c.so" to ""
[16.083s] -- Installing: /home/sleepy/robp-group7-sleepy/install/core_interfaces/lib/libcore_interfaces__rosidl_typesupport_fastrtps_cpp.so
[16.084s] -- Set non-toolchain portion of runtime path of "/home/sleepy/robp-group7-sleepy/install/core_interfaces/lib/libcore_interfaces__rosidl_typesupport_fastrtps_cpp.so" to ""
[16.085s] -- Installing: /home/sleepy/robp-group7-sleepy/install/core_interfaces/lib/libcore_interfaces__rosidl_typesupport_introspection_cpp.so
[16.087s] -- Set non-toolchain portion of runtime path of "/home/sleepy/robp-group7-sleepy/install/core_interfaces/lib/libcore_interfaces__rosidl_typesupport_introspection_cpp.so" to ""
[16.088s] -- Installing: /home/sleepy/robp-group7-sleepy/install/core_interfaces/lib/libcore_interfaces__rosidl_typesupport_cpp.so
[16.088s] -- Set non-toolchain portion of runtime path of "/home/sleepy/robp-group7-sleepy/install/core_interfaces/lib/libcore_interfaces__rosidl_typesupport_cpp.so" to ""
[16.221s] Listing '/home/sleepy/robp-group7-sleepy/install/core_interfaces/lib/python3.12/site-packages/core_interfaces'...
[16.221s] Compiling '/home/sleepy/robp-group7-sleepy/install/core_interfaces/lib/python3.12/site-packages/core_interfaces/__init__.py'...
[16.221s] Listing '/home/sleepy/robp-group7-sleepy/install/core_interfaces/lib/python3.12/site-packages/core_interfaces/action'...
[16.221s] Compiling '/home/sleepy/robp-group7-sleepy/install/core_interfaces/lib/python3.12/site-packages/core_interfaces/action/__init__.py'...
[16.221s] Compiling '/home/sleepy/robp-group7-sleepy/install/core_interfaces/lib/python3.12/site-packages/core_interfaces/action/_move_to.py'...
[16.222s] Compiling '/home/sleepy/robp-group7-sleepy/install/core_interfaces/lib/python3.12/site-packages/core_interfaces/action/_path_planner.py'...
[16.222s] Listing '/home/sleepy/robp-group7-sleepy/install/core_interfaces/lib/python3.12/site-packages/core_interfaces/srv'...
[16.222s] Compiling '/home/sleepy/robp-group7-sleepy/install/core_interfaces/lib/python3.12/site-packages/core_interfaces/srv/__init__.py'...
[16.222s] Compiling '/home/sleepy/robp-group7-sleepy/install/core_interfaces/lib/python3.12/site-packages/core_interfaces/srv/_geofence_compliance.py'...
[16.229s] -- Installing: /home/sleepy/robp-group7-sleepy/install/core_interfaces/lib/libcore_interfaces__rosidl_generator_py.so
[16.230s] -- Set non-toolchain portion of runtime path of "/home/sleepy/robp-group7-sleepy/install/core_interfaces/lib/libcore_interfaces__rosidl_generator_py.so" to ""
[16.230s] -- Up-to-date: /home/sleepy/robp-group7-sleepy/install/core_interfaces/share/core_interfaces/cmake/export_core_interfaces__rosidl_generator_cExport.cmake
[16.230s] -- Up-to-date: /home/sleepy/robp-group7-sleepy/install/core_interfaces/share/core_interfaces/cmake/export_core_interfaces__rosidl_generator_cExport-noconfig.cmake
[16.230s] -- Up-to-date: /home/sleepy/robp-group7-sleepy/install/core_interfaces/share/core_interfaces/cmake/export_core_interfaces__rosidl_typesupport_fastrtps_cExport.cmake
[16.230s] -- Up-to-date: /home/sleepy/robp-group7-sleepy/install/core_interfaces/share/core_interfaces/cmake/export_core_interfaces__rosidl_typesupport_fastrtps_cExport-noconfig.cmake
[16.231s] -- Up-to-date: /home/sleepy/robp-group7-sleepy/install/core_interfaces/share/core_interfaces/cmake/core_interfaces__rosidl_typesupport_introspection_cExport.cmake
[16.231s] -- Up-to-date: /home/sleepy/robp-group7-sleepy/install/core_interfaces/share/core_interfaces/cmake/core_interfaces__rosidl_typesupport_introspection_cExport-noconfig.cmake
[16.231s] -- Up-to-date: /home/sleepy/robp-group7-sleepy/install/core_interfaces/share/core_interfaces/cmake/core_interfaces__rosidl_typesupport_cExport.cmake
[16.231s] -- Up-to-date: /home/sleepy/robp-group7-sleepy/install/core_interfaces/share/core_interfaces/cmake/core_interfaces__rosidl_typesupport_cExport-noconfig.cmake
[16.231s] -- Up-to-date: /home/sleepy/robp-group7-sleepy/install/core_interfaces/share/core_interfaces/cmake/export_core_interfaces__rosidl_generator_cppExport.cmake
[16.231s] -- Up-to-date: /home/sleepy/robp-group7-sleepy/install/core_interfaces/share/core_interfaces/cmake/export_core_interfaces__rosidl_typesupport_fastrtps_cppExport.cmake
[16.231s] -- Up-to-date: /home/sleepy/robp-group7-sleepy/install/core_interfaces/share/core_interfaces/cmake/export_core_interfaces__rosidl_typesupport_fastrtps_cppExport-noconfig.cmake
[16.231s] -- Up-to-date: /home/sleepy/robp-group7-sleepy/install/core_interfaces/share/core_interfaces/cmake/core_interfaces__rosidl_typesupport_introspection_cppExport.cmake
[16.232s] -- Up-to-date: /home/sleepy/robp-group7-sleepy/install/core_interfaces/share/core_interfaces/cmake/core_interfaces__rosidl_typesupport_introspection_cppExport-noconfig.cmake
[16.232s] -- Up-to-date: /home/sleepy/robp-group7-sleepy/install/core_interfaces/share/core_interfaces/cmake/core_interfaces__rosidl_typesupport_cppExport.cmake
[16.232s] -- Up-to-date: /home/sleepy/robp-group7-sleepy/install/core_interfaces/share/core_interfaces/cmake/core_interfaces__rosidl_typesupport_cppExport-noconfig.cmake
[16.232s] -- Up-to-date: /home/sleepy/robp-group7-sleepy/install/core_interfaces/share/core_interfaces/cmake/export_core_interfaces__rosidl_generator_pyExport.cmake
[16.232s] -- Up-to-date: /home/sleepy/robp-group7-sleepy/install/core_interfaces/share/core_interfaces/cmake/export_core_interfaces__rosidl_generator_pyExport-noconfig.cmake
[16.236s] Invoked command in '/home/sleepy/robp-group7-sleepy/build/core_interfaces' returned '0': CMAKE_PREFIX_PATH=${CMAKE_PREFIX_PATH}:/home/sleepy/robp-group7-sleepy/install/simple_move:/home/sleepy/robp-group7-sleepy/install/core_launch:/home/sleepy/robp-group7-sleepy/install/robp_launch:/home/sleepy/robp-group7-sleepy/install/perception:/home/sleepy/robp-group7-sleepy/install/odometry:/home/sleepy/robp-group7-sleepy/install/navigation:/home/sleepy/robp-group7-sleepy/install/lidar_processing:/home/sleepy/robp-group7-sleepy/install/arm_servos_pubs_subs:/home/sleepy/robp-group7-sleepy/install/arm_control:/opt/ros/jazzy DEBUGINFOD_URLS=https://debuginfod.ubuntu.com /usr/bin/cmake --install /home/sleepy/robp-group7-sleepy/build/core_interfaces
