[0.286s] Invoking command in '/home/sleepy/robp-group7-sleepy/build/usb_cam': CMAKE_PREFIX_PATH=${CMAKE_PREFIX_PATH}:/home/sleepy/robp-group7-sleepy/install/robp_launch:/home/sleepy/robp-group7-sleepy/install/arm_servos_pubs_subs:/opt/ros/jazzy DEBUGINFOD_URLS=https://debuginfod.ubuntu.com /usr/bin/cmake /home/sleepy/robp-group7-sleepy/src/robp_robot/usb_cam -DAMENT_CMAKE_SYMLINK_INSTALL=1 -DCMAKE_INSTALL_PREFIX=/home/sleepy/robp-group7-sleepy/install/usb_cam
[0.349s] -- The C compiler identification is GNU 13.3.0
[0.421s] -- The CXX compiler identification is GNU 13.3.0
[0.443s] -- Detecting C compiler ABI info
[0.561s] -- Detecting C compiler ABI info - done
[0.578s] -- Check for working C compiler: /usr/bin/cc - skipped
[0.578s] -- Detecting C compile features
[0.579s] -- Detecting C compile features - done
[0.593s] -- Detecting CXX compiler ABI info
[0.706s] -- Detecting CXX compiler ABI info - done
[0.723s] -- Check for working CXX compiler: /usr/bin/c++ - skipped
[0.723s] -- Detecting CXX compile features
[0.724s] -- Detecting CXX compile features - done
[0.728s] -- Found ament_cmake_auto: 2.5.3 (/opt/ros/jazzy/share/ament_cmake_auto/cmake)
[0.953s] -- Found Python3: /usr/bin/python3 (found version "3.12.3") found components: Interpreter 
[1.048s] -- Override CMake install command with custom implementation using symlinks instead of copying resources
[1.281s] -- Found rosidl_generator_c: 4.6.5 (/opt/ros/jazzy/share/rosidl_generator_c/cmake)
[1.298s] -- Found rosidl_generator_cpp: 4.6.5 (/opt/ros/jazzy/share/rosidl_generator_cpp/cmake)
[1.317s] -- Using all available rosidl_typesupport_c: rosidl_typesupport_fastrtps_c;rosidl_typesupport_introspection_c
[1.340s] -- Using all available rosidl_typesupport_cpp: rosidl_typesupport_fastrtps_cpp;rosidl_typesupport_introspection_cpp
[1.455s] -- Found rmw_implementation_cmake: 7.3.1 (/opt/ros/jazzy/share/rmw_implementation_cmake/cmake)
[1.459s] -- Found rmw_fastrtps_cpp: 8.4.1 (/opt/ros/jazzy/share/rmw_fastrtps_cpp/cmake)
[1.553s] -- Found OpenSSL: /usr/lib/x86_64-linux-gnu/libcrypto.so (found version "3.0.13")  
[1.581s] -- Found FastRTPS: /opt/ros/jazzy/include (Required is at least version "2.13") 
[1.610s] -- Using RMW implementation 'rmw_fastrtps_cpp' as default
[1.909s] -- Setting yaml-cpp_DIR to: '/opt/ros/jazzy/share/yaml_cpp_vendor/cmake/../../../opt/yaml_cpp_vendor/share/cmake/yaml-cpp'
[2.066s] -- Found rosidl_adapter: 4.6.5 (/opt/ros/jazzy/share/rosidl_adapter/cmake)
[2.073s] -- Found OpenCV: /usr (found version "4.6.0") 
[2.079s] -- Found PkgConfig: /usr/bin/pkg-config (found version "1.8.1") 
[2.080s] -- Checking for module 'libavcodec'
[2.113s] --   Found libavcodec, version 60.31.102
[2.212s] -- Checking for module 'libavutil'
[2.252s] --   Found libavutil, version 58.29.100
[2.320s] -- Checking for module 'libswscale'
[2.347s] --   Found libswscale, version 7.5.100
[2.441s] -- Found ament_lint_auto: 0.17.1 (/opt/ros/jazzy/share/ament_lint_auto/cmake)
[2.532s] -- Found gtest sources under '/opt/ros/jazzy/src/gtest_vendor': C++ tests using 'Google Test' will be built
[2.549s] -- Performing Test CMAKE_HAVE_LIBC_PTHREAD
[2.815s] -- Performing Test CMAKE_HAVE_LIBC_PTHREAD - Success
[2.819s] -- Found Threads: TRUE  
[2.860s] -- Added test 'copyright' to check source files copyright and LICENSE
[2.875s] -- Added test 'cppcheck' to perform static code analysis on C / C++ code
[2.875s] -- Configured cppcheck include dirs: /home/sleepy/robp-group7-sleepy/src/robp_robot/usb_cam/include
[2.876s] -- Configured cppcheck exclude dirs and/or files: 
[2.891s] -- Added test 'cpplint' to check C / C++ code against the Google style
[2.892s] -- Configured cpplint exclude dirs and/or files: 
[2.894s] -- Added test 'flake8' to check Python code syntax and style conventions
[2.894s] -- Configured 'flake8' exclude dirs and/or files: 
[2.897s] -- Added test 'lint_cmake' to check CMake code style
[2.902s] -- Added test 'pep257' to check Python code against some of the docstring style conventions in PEP 257
[2.914s] -- Added test 'uncrustify' to check C / C++ code style
[2.915s] -- Configured uncrustify additional arguments: 
[2.920s] -- Added test 'xmllint' to check XML markup files
[2.931s] -- Configuring done (2.6s)
[3.049s] -- Generating done (0.1s)
[3.068s] -- Build files have been written to: /home/sleepy/robp-group7-sleepy/build/usb_cam
[3.098s] Invoked command in '/home/sleepy/robp-group7-sleepy/build/usb_cam' returned '0': CMAKE_PREFIX_PATH=${CMAKE_PREFIX_PATH}:/home/sleepy/robp-group7-sleepy/install/robp_launch:/home/sleepy/robp-group7-sleepy/install/arm_servos_pubs_subs:/opt/ros/jazzy DEBUGINFOD_URLS=https://debuginfod.ubuntu.com /usr/bin/cmake /home/sleepy/robp-group7-sleepy/src/robp_robot/usb_cam -DAMENT_CMAKE_SYMLINK_INSTALL=1 -DCMAKE_INSTALL_PREFIX=/home/sleepy/robp-group7-sleepy/install/usb_cam
[3.101s] Invoking command in '/home/sleepy/robp-group7-sleepy/build/usb_cam': CMAKE_PREFIX_PATH=${CMAKE_PREFIX_PATH}:/home/sleepy/robp-group7-sleepy/install/robp_launch:/home/sleepy/robp-group7-sleepy/install/arm_servos_pubs_subs:/opt/ros/jazzy DEBUGINFOD_URLS=https://debuginfod.ubuntu.com /usr/bin/cmake --build /home/sleepy/robp-group7-sleepy/build/usb_cam -- -j8 -l8
[3.273s] [ 14%] [32mBuilding CXX object gtest/CMakeFiles/gtest.dir/src/gtest-all.cc.o[0m
[3.274s] [ 14%] [32mBuilding CXX object CMakeFiles/usb_cam_node_exe.dir/rclcpp_components/node_main_usb_cam_node_exe.cpp.o[0m
[3.285s] [ 21%] [32mBuilding CXX object gtest/CMakeFiles/gtest_main.dir/src/gtest_main.cc.o[0m
[3.296s] [ 28%] [32mBuilding CXX object CMakeFiles/usb_cam.dir/src/usb_cam.cpp.o[0m
[6.330s] [ 35%] [32m[1mLinking CXX static library libgtest_main.a[0m
[6.422s] [ 35%] Built target gtest_main
[7.582s] [ 42%] [32m[1mLinking CXX shared library libusb_cam.so[0m
[7.982s] [ 42%] Built target usb_cam
[8.017s] [ 50%] [32mBuilding CXX object CMakeFiles/usb_cam_node.dir/src/usb_cam_node.cpp.o[0m
[11.022s] [ 57%] [32m[1mLinking CXX executable usb_cam_node_exe[0m
[11.612s] [ 57%] Built target usb_cam_node_exe
[12.752s] [ 64%] [32m[1mLinking CXX static library libgtest.a[0m
[12.815s] [ 64%] Built target gtest
[12.842s] [ 71%] [32mBuilding CXX object CMakeFiles/test_usb_cam_utils.dir/test/test_usb_cam_utils.cpp.o[0m
[12.846s] [ 78%] [32mBuilding CXX object CMakeFiles/test_pixel_formats.dir/test/test_pixel_formats.cpp.o[0m
[14.968s] [ 85%] [32m[1mLinking CXX executable test_usb_cam_utils[0m
[15.136s] [ 92%] [32m[1mLinking CXX executable test_pixel_formats[0m
[15.234s] [ 92%] Built target test_usb_cam_utils
[15.368s] [ 92%] Built target test_pixel_formats
[21.551s] [100%] [32m[1mLinking CXX shared library libusb_cam_node.so[0m
[22.010s] [100%] Built target usb_cam_node
[22.023s] Invoked command in '/home/sleepy/robp-group7-sleepy/build/usb_cam' returned '0': CMAKE_PREFIX_PATH=${CMAKE_PREFIX_PATH}:/home/sleepy/robp-group7-sleepy/install/robp_launch:/home/sleepy/robp-group7-sleepy/install/arm_servos_pubs_subs:/opt/ros/jazzy DEBUGINFOD_URLS=https://debuginfod.ubuntu.com /usr/bin/cmake --build /home/sleepy/robp-group7-sleepy/build/usb_cam -- -j8 -l8
[22.025s] Invoking command in '/home/sleepy/robp-group7-sleepy/build/usb_cam': CMAKE_PREFIX_PATH=${CMAKE_PREFIX_PATH}:/home/sleepy/robp-group7-sleepy/install/robp_launch:/home/sleepy/robp-group7-sleepy/install/arm_servos_pubs_subs:/opt/ros/jazzy DEBUGINFOD_URLS=https://debuginfod.ubuntu.com /usr/bin/cmake --install /home/sleepy/robp-group7-sleepy/build/usb_cam
[22.035s] -- Install configuration: ""
[22.035s] -- Execute custom install script
[22.035s] -- Symlinking: /home/sleepy/robp-group7-sleepy/install/usb_cam/share/usb_cam/environment/library_path.sh
[22.046s] -- Symlinking: /home/sleepy/robp-group7-sleepy/install/usb_cam/share/usb_cam/environment/library_path.dsv
[22.056s] -- Symlinking: /home/sleepy/robp-group7-sleepy/install/usb_cam/lib/usb_cam/usb_cam_node_exe
[22.066s] -- Symlinking: /home/sleepy/robp-group7-sleepy/install/usb_cam/lib/usb_cam/show_image.py
[22.076s] -- Symlinking: /home/sleepy/robp-group7-sleepy/install/usb_cam/lib/libusb_cam.so
[22.087s] -- Symlinking: /home/sleepy/robp-group7-sleepy/install/usb_cam/lib/libusb_cam_node.so
[22.097s] -- Symlinking: /home/sleepy/robp-group7-sleepy/install/usb_cam/include/usb_cam/constants.hpp
[22.107s] -- Symlinking: /home/sleepy/robp-group7-sleepy/install/usb_cam/include/usb_cam/conversions.hpp
[22.118s] -- Symlinking: /home/sleepy/robp-group7-sleepy/install/usb_cam/include/usb_cam/formats/av_pixel_format_helper.hpp
[22.128s] -- Symlinking: /home/sleepy/robp-group7-sleepy/install/usb_cam/include/usb_cam/formats/m420.hpp
[22.138s] -- Symlinking: /home/sleepy/robp-group7-sleepy/install/usb_cam/include/usb_cam/formats/mjpeg.hpp
[22.148s] -- Symlinking: /home/sleepy/robp-group7-sleepy/install/usb_cam/include/usb_cam/formats/mono.hpp
[22.163s] -- Symlinking: /home/sleepy/robp-group7-sleepy/install/usb_cam/include/usb_cam/formats/pixel_format_base.hpp
[22.173s] -- Symlinking: /home/sleepy/robp-group7-sleepy/install/usb_cam/include/usb_cam/formats/rgb.hpp
[22.184s] -- Symlinking: /home/sleepy/robp-group7-sleepy/install/usb_cam/include/usb_cam/formats/utils.hpp
[22.194s] -- Symlinking: /home/sleepy/robp-group7-sleepy/install/usb_cam/include/usb_cam/formats/uyvy.hpp
[22.204s] -- Symlinking: /home/sleepy/robp-group7-sleepy/install/usb_cam/include/usb_cam/formats/yuyv.hpp
[22.215s] -- Symlinking: /home/sleepy/robp-group7-sleepy/install/usb_cam/include/usb_cam/usb_cam.hpp
[22.225s] -- Symlinking: /home/sleepy/robp-group7-sleepy/install/usb_cam/include/usb_cam/usb_cam_node.hpp
[22.236s] -- Symlinking: /home/sleepy/robp-group7-sleepy/install/usb_cam/include/usb_cam/utils.hpp
[22.247s] -- Up-to-date symlink: /home/sleepy/robp-group7-sleepy/install/usb_cam/lib/libusb_cam_node.so
[22.248s] -- Symlinking: /home/sleepy/robp-group7-sleepy/install/usb_cam/share/usb_cam/launch/__init__.py
[22.258s] -- Symlinking: /home/sleepy/robp-group7-sleepy/install/usb_cam/share/usb_cam/launch/camera.launch.py
[22.269s] -- Symlinking: /home/sleepy/robp-group7-sleepy/install/usb_cam/share/usb_cam/launch/camera_config.py
[22.279s] -- Symlinking: /home/sleepy/robp-group7-sleepy/install/usb_cam/share/usb_cam/config/camera_info.yaml
[22.290s] -- Symlinking: /home/sleepy/robp-group7-sleepy/install/usb_cam/share/usb_cam/config/params_1.yaml
[22.300s] -- Symlinking: /home/sleepy/robp-group7-sleepy/install/usb_cam/share/usb_cam/config/params_2.yaml
[22.311s] -- Symlinking: /home/sleepy/robp-group7-sleepy/install/usb_cam/share/ament_index/resource_index/package_run_dependencies/usb_cam
[22.321s] -- Symlinking: /home/sleepy/robp-group7-sleepy/install/usb_cam/share/ament_index/resource_index/parent_prefix_path/usb_cam
[22.331s] -- Symlinking: /home/sleepy/robp-group7-sleepy/install/usb_cam/share/usb_cam/environment/ament_prefix_path.sh
[22.341s] -- Symlinking: /home/sleepy/robp-group7-sleepy/install/usb_cam/share/usb_cam/environment/ament_prefix_path.dsv
[22.352s] -- Symlinking: /home/sleepy/robp-group7-sleepy/install/usb_cam/share/usb_cam/environment/path.sh
[22.362s] -- Symlinking: /home/sleepy/robp-group7-sleepy/install/usb_cam/share/usb_cam/environment/path.dsv
[22.372s] -- Symlinking: /home/sleepy/robp-group7-sleepy/install/usb_cam/share/usb_cam/local_setup.bash
[22.382s] -- Symlinking: /home/sleepy/robp-group7-sleepy/install/usb_cam/share/usb_cam/local_setup.sh
[22.393s] -- Symlinking: /home/sleepy/robp-group7-sleepy/install/usb_cam/share/usb_cam/local_setup.zsh
[22.403s] -- Symlinking: /home/sleepy/robp-group7-sleepy/install/usb_cam/share/usb_cam/local_setup.dsv
[22.413s] -- Symlinking: /home/sleepy/robp-group7-sleepy/install/usb_cam/share/usb_cam/package.dsv
[22.423s] -- Symlinking: /home/sleepy/robp-group7-sleepy/install/usb_cam/share/ament_index/resource_index/packages/usb_cam
[22.433s] -- Symlinking: /home/sleepy/robp-group7-sleepy/install/usb_cam/share/ament_index/resource_index/rclcpp_components/usb_cam
[22.443s] -- Symlinking: /home/sleepy/robp-group7-sleepy/install/usb_cam/share/usb_cam/cmake/ament_cmake_export_libraries-extras.cmake
[22.454s] -- Symlinking: /home/sleepy/robp-group7-sleepy/install/usb_cam/share/usb_cam/cmake/ament_cmake_export_dependencies-extras.cmake
[22.464s] -- Symlinking: /home/sleepy/robp-group7-sleepy/install/usb_cam/share/usb_cam/cmake/ament_cmake_export_include_directories-extras.cmake
[22.474s] -- Symlinking: /home/sleepy/robp-group7-sleepy/install/usb_cam/share/usb_cam/cmake/usb_camConfig.cmake
[22.484s] -- Symlinking: /home/sleepy/robp-group7-sleepy/install/usb_cam/share/usb_cam/cmake/usb_camConfig-version.cmake
[22.494s] -- Symlinking: /home/sleepy/robp-group7-sleepy/install/usb_cam/share/usb_cam/package.xml
[22.507s] Invoked command in '/home/sleepy/robp-group7-sleepy/build/usb_cam' returned '0': CMAKE_PREFIX_PATH=${CMAKE_PREFIX_PATH}:/home/sleepy/robp-group7-sleepy/install/robp_launch:/home/sleepy/robp-group7-sleepy/install/arm_servos_pubs_subs:/opt/ros/jazzy DEBUGINFOD_URLS=https://debuginfod.ubuntu.com /usr/bin/cmake --install /home/sleepy/robp-group7-sleepy/build/usb_cam
