[0.951s] Invoking command in '/home/sleepy/robp-group7-sleepy/build/robp_launch': CMAKE_PREFIX_PATH=/home/sleepy/robp-group7-sleepy/install/robp_phidgets_spatial:/home/sleepy/robp-group7-sleepy/install/robp_phidgets_motors:/home/sleepy/robp-group7-sleepy/install/robp_phidgets_encoders:/home/sleepy/robp-group7-sleepy/install/robp_phidgets_temperature:/home/sleepy/robp-group7-sleepy/install/robp_interfaces:/home/sleepy/robp-group7-sleepy/install/usb_cam:/home/sleepy/robp-group7-sleepy/install/sllidar_ros2:/opt/ros/jazzy/opt/gz_math_vendor:/opt/ros/jazzy/opt/gz_utils_vendor:/opt/ros/jazzy/opt/gz_cmake_vendor DEBUGINFOD_URLS=https://debuginfod.ubuntu.com LD_LIBRARY_PATH=/home/sleepy/robp-group7-sleepy/install/robp_phidgets_spatial/lib:/home/sleepy/robp-group7-sleepy/install/robp_phidgets_motors/lib:/home/sleepy/robp-group7-sleepy/install/robp_phidgets_encoders/lib:/home/sleepy/robp-group7-sleepy/install/robp_phidgets_temperature/lib:/home/sleepy/robp-group7-sleepy/install/robp_interfaces/lib:/home/sleepy/robp-group7-sleepy/install/usb_cam/lib:/opt/ros/jazzy/opt/rviz_ogre_vendor/lib:/opt/ros/jazzy/lib/x86_64-linux-gnu:/opt/ros/jazzy/opt/libphidget22/lib:/opt/ros/jazzy/opt/gz_math_vendor/lib:/opt/ros/jazzy/opt/gz_utils_vendor/lib:/opt/ros/jazzy/opt/gz_cmake_vendor/lib:/opt/ros/jazzy/lib PYTHONPATH=/home/sleepy/robp-group7-sleepy/build/robp_launch/prefix_override:/usr/lib/python3/dist-packages/colcon_core/task/python/colcon_distutils_commands:/home/sleepy/robp-group7-sleepy/install/robp_launch/lib/python3.12/site-packages:/home/sleepy/robp-group7-sleepy/install/robp_interfaces/lib/python3.12/site-packages:/home/sleepy/robp-group7-sleepy/build/robp_launch:/home/sleepy/robp-group7-sleepy/install/robp_launch/lib/python3.12/site-packages:/home/sleepy/robp-group7-sleepy/build/arm_servos_pubs_subs:/home/sleepy/robp-group7-sleepy/install/arm_servos_pubs_subs/lib/python3.12/site-packages:/opt/ros/jazzy/lib/python3.12/site-packages /usr/bin/python3 -W ignore:setup.py install is deprecated -W ignore:easy_install command is deprecated setup.py develop --editable --build-directory /home/sleepy/robp-group7-sleepy/build/robp_launch/build --no-deps symlink_data
[1.326s] running develop
[1.550s] running egg_info
[1.550s] creating robp_launch.egg-info
[1.572s] writing robp_launch.egg-info/PKG-INFO
[1.572s] writing dependency_links to robp_launch.egg-info/dependency_links.txt
[1.573s] writing requirements to robp_launch.egg-info/requires.txt
[1.573s] writing top-level names to robp_launch.egg-info/top_level.txt
[1.573s] writing manifest file 'robp_launch.egg-info/SOURCES.txt'
[1.617s] reading manifest file 'robp_launch.egg-info/SOURCES.txt'
[1.618s] writing manifest file 'robp_launch.egg-info/SOURCES.txt'
[1.641s] running build_ext
[1.641s] Creating /home/sleepy/robp-group7-sleepy/install/robp_launch/lib/python3.12/site-packages/robp-launch.egg-link (link to .)
[1.642s] 
[1.642s] Installed /home/sleepy/robp-group7-sleepy/build/robp_launch
[1.642s] running symlink_data
[1.642s] creating /home/sleepy/robp-group7-sleepy/install/robp_launch/share/ament_index
[1.643s] creating /home/sleepy/robp-group7-sleepy/install/robp_launch/share/ament_index/resource_index
[1.643s] creating /home/sleepy/robp-group7-sleepy/install/robp_launch/share/ament_index/resource_index/packages
[1.643s] symbolically linking /home/sleepy/robp-group7-sleepy/build/robp_launch/resource/robp_launch -> /home/sleepy/robp-group7-sleepy/install/robp_launch/share/ament_index/resource_index/packages
[1.643s] creating /home/sleepy/robp-group7-sleepy/install/robp_launch/share/robp_launch/launch
[1.643s] symbolically linking /home/sleepy/robp-group7-sleepy/build/robp_launch/launch/frames_launch.xml -> /home/sleepy/robp-group7-sleepy/install/robp_launch/share/robp_launch/launch
[1.643s] symbolically linking /home/sleepy/robp-group7-sleepy/build/robp_launch/launch/lidar_launch.yaml -> /home/sleepy/robp-group7-sleepy/install/robp_launch/share/robp_launch/launch
[1.643s] symbolically linking /home/sleepy/robp-group7-sleepy/build/robp_launch/launch/rs_d435i_launch.py -> /home/sleepy/robp-group7-sleepy/install/robp_launch/share/robp_launch/launch
[1.643s] symbolically linking /home/sleepy/robp-group7-sleepy/build/robp_launch/launch/arm_camera_launch.yaml -> /home/sleepy/robp-group7-sleepy/install/robp_launch/share/robp_launch/launch
[1.643s] symbolically linking /home/sleepy/robp-group7-sleepy/build/robp_launch/launch/phidgets_launch.py -> /home/sleepy/robp-group7-sleepy/install/robp_launch/share/robp_launch/launch
[1.643s] symbolically linking /home/sleepy/robp-group7-sleepy/build/robp_launch/package.xml -> /home/sleepy/robp-group7-sleepy/install/robp_launch/share/robp_launch
[1.678s] Invoked command in '/home/sleepy/robp-group7-sleepy/build/robp_launch' returned '0': CMAKE_PREFIX_PATH=/home/sleepy/robp-group7-sleepy/install/robp_phidgets_spatial:/home/sleepy/robp-group7-sleepy/install/robp_phidgets_motors:/home/sleepy/robp-group7-sleepy/install/robp_phidgets_encoders:/home/sleepy/robp-group7-sleepy/install/robp_phidgets_temperature:/home/sleepy/robp-group7-sleepy/install/robp_interfaces:/home/sleepy/robp-group7-sleepy/install/usb_cam:/home/sleepy/robp-group7-sleepy/install/sllidar_ros2:/opt/ros/jazzy/opt/gz_math_vendor:/opt/ros/jazzy/opt/gz_utils_vendor:/opt/ros/jazzy/opt/gz_cmake_vendor DEBUGINFOD_URLS=https://debuginfod.ubuntu.com LD_LIBRARY_PATH=/home/sleepy/robp-group7-sleepy/install/robp_phidgets_spatial/lib:/home/sleepy/robp-group7-sleepy/install/robp_phidgets_motors/lib:/home/sleepy/robp-group7-sleepy/install/robp_phidgets_encoders/lib:/home/sleepy/robp-group7-sleepy/install/robp_phidgets_temperature/lib:/home/sleepy/robp-group7-sleepy/install/robp_interfaces/lib:/home/sleepy/robp-group7-sleepy/install/usb_cam/lib:/opt/ros/jazzy/opt/rviz_ogre_vendor/lib:/opt/ros/jazzy/lib/x86_64-linux-gnu:/opt/ros/jazzy/opt/libphidget22/lib:/opt/ros/jazzy/opt/gz_math_vendor/lib:/opt/ros/jazzy/opt/gz_utils_vendor/lib:/opt/ros/jazzy/opt/gz_cmake_vendor/lib:/opt/ros/jazzy/lib PYTHONPATH=/home/sleepy/robp-group7-sleepy/build/robp_launch/prefix_override:/usr/lib/python3/dist-packages/colcon_core/task/python/colcon_distutils_commands:/home/sleepy/robp-group7-sleepy/install/robp_launch/lib/python3.12/site-packages:/home/sleepy/robp-group7-sleepy/install/robp_interfaces/lib/python3.12/site-packages:/home/sleepy/robp-group7-sleepy/build/robp_launch:/home/sleepy/robp-group7-sleepy/install/robp_launch/lib/python3.12/site-packages:/home/sleepy/robp-group7-sleepy/build/arm_servos_pubs_subs:/home/sleepy/robp-group7-sleepy/install/arm_servos_pubs_subs/lib/python3.12/site-packages:/opt/ros/jazzy/lib/python3.12/site-packages /usr/bin/python3 -W ignore:setup.py install is deprecated -W ignore:easy_install command is deprecated setup.py develop --editable --build-directory /home/sleepy/robp-group7-sleepy/build/robp_launch/build --no-deps symlink_data
