[0.278s] Invoking command in '/home/sleepy/robp-group7-sleepy/build/usb_cam': CMAKE_PREFIX_PATH=${CMAKE_PREFIX_PATH}:/opt/ros/jazzy DEBUGINFOD_URLS=https://debuginfod.ubuntu.com /usr/bin/cmake /home/sleepy/robp-group7-sleepy/src/robp_robot/usb_cam -DAMENT_CMAKE_SYMLINK_INSTALL=1 -DCMAKE_INSTALL_PREFIX=/home/sleepy/robp-group7-sleepy/install/usb_cam
[0.354s] -- The C compiler identification is GNU 13.3.0
[0.458s] -- The CXX compiler identification is GNU 13.3.0
[0.478s] -- Detecting C compiler ABI info
[0.596s] -- Detecting C compiler ABI info - done
[0.617s] -- Check for working C compiler: /usr/bin/cc - skipped
[0.618s] -- Detecting C compile features
[0.619s] -- Detecting C compile features - done
[0.633s] -- Detecting CXX compiler ABI info
[0.777s] -- Detecting CXX compiler ABI info - done
[0.792s] -- Check for working CXX compiler: /usr/bin/c++ - skipped
[0.792s] -- Detecting CXX compile features
[0.793s] -- Detecting CXX compile features - done
[0.795s] -- Found ament_cmake_auto: 2.5.3 (/opt/ros/jazzy/share/ament_cmake_auto/cmake)
[1.004s] -- Found Python3: /usr/bin/python3 (found version "3.12.3") found components: Interpreter 
[1.116s] -- Override CMake install command with custom implementation using symlinks instead of copying resources
[1.309s] -- Found rosidl_generator_c: 4.6.5 (/opt/ros/jazzy/share/rosidl_generator_c/cmake)
[1.325s] -- Found rosidl_generator_cpp: 4.6.5 (/opt/ros/jazzy/share/rosidl_generator_cpp/cmake)
[1.344s] -- Using all available rosidl_typesupport_c: rosidl_typesupport_fastrtps_c;rosidl_typesupport_introspection_c
[1.365s] -- Using all available rosidl_typesupport_cpp: rosidl_typesupport_fastrtps_cpp;rosidl_typesupport_introspection_cpp
[1.460s] -- Found rmw_implementation_cmake: 7.3.1 (/opt/ros/jazzy/share/rmw_implementation_cmake/cmake)
[1.464s] -- Found rmw_fastrtps_cpp: 8.4.1 (/opt/ros/jazzy/share/rmw_fastrtps_cpp/cmake)
[1.558s] -- Found OpenSSL: /usr/lib/x86_64-linux-gnu/libcrypto.so (found version "3.0.13")  
[1.593s] -- Found FastRTPS: /opt/ros/jazzy/include (Required is at least version "2.13") 
[1.622s] -- Using RMW implementation 'rmw_fastrtps_cpp' as default
[1.977s] -- Setting yaml-cpp_DIR to: '/opt/ros/jazzy/share/yaml_cpp_vendor/cmake/../../../opt/yaml_cpp_vendor/share/cmake/yaml-cpp'
[2.168s] -- Found rosidl_adapter: 4.6.5 (/opt/ros/jazzy/share/rosidl_adapter/cmake)
[2.177s] -- Found OpenCV: /usr (found version "4.6.0") 
[2.186s] -- Found PkgConfig: /usr/bin/pkg-config (found version "1.8.1") 
[2.192s] -- Checking for module 'libavcodec'
[2.233s] --   Found libavcodec, version 60.31.102
[2.331s] -- Checking for module 'libavutil'
[2.369s] --   Found libavutil, version 58.29.100
[2.470s] -- Checking for module 'libswscale'
[2.509s] --   Found libswscale, version 7.5.100
[2.637s] -- Found ament_lint_auto: 0.17.1 (/opt/ros/jazzy/share/ament_lint_auto/cmake)
[2.692s] -- Found gtest sources under '/opt/ros/jazzy/src/gtest_vendor': C++ tests using 'Google Test' will be built
[2.700s] -- Performing Test CMAKE_HAVE_LIBC_PTHREAD
[3.002s] -- Performing Test CMAKE_HAVE_LIBC_PTHREAD - Success
[3.008s] -- Found Threads: TRUE  
[3.048s] -- Added test 'copyright' to check source files copyright and LICENSE
[3.060s] -- Added test 'cppcheck' to perform static code analysis on C / C++ code
[3.061s] -- Configured cppcheck include dirs: /home/sleepy/robp-group7-sleepy/src/robp_robot/usb_cam/include
[3.061s] -- Configured cppcheck exclude dirs and/or files: 
[3.073s] -- Added test 'cpplint' to check C / C++ code against the Google style
[3.073s] -- Configured cpplint exclude dirs and/or files: 
[3.075s] -- Added test 'flake8' to check Python code syntax and style conventions
[3.075s] -- Configured 'flake8' exclude dirs and/or files: 
[3.083s] -- Added test 'lint_cmake' to check CMake code style
[3.083s] -- Added test 'pep257' to check Python code against some of the docstring style conventions in PEP 257
[3.095s] -- Added test 'uncrustify' to check C / C++ code style
[3.095s] -- Configured uncrustify additional arguments: 
[3.101s] -- Added test 'xmllint' to check XML markup files
[3.114s] -- Configuring done (2.8s)
[3.254s] -- Generating done (0.1s)
[3.286s] -- Build files have been written to: /home/sleepy/robp-group7-sleepy/build/usb_cam
[3.332s] Invoked command in '/home/sleepy/robp-group7-sleepy/build/usb_cam' returned '0': CMAKE_PREFIX_PATH=${CMAKE_PREFIX_PATH}:/opt/ros/jazzy DEBUGINFOD_URLS=https://debuginfod.ubuntu.com /usr/bin/cmake /home/sleepy/robp-group7-sleepy/src/robp_robot/usb_cam -DAMENT_CMAKE_SYMLINK_INSTALL=1 -DCMAKE_INSTALL_PREFIX=/home/sleepy/robp-group7-sleepy/install/usb_cam
[3.333s] Invoking command in '/home/sleepy/robp-group7-sleepy/build/usb_cam': CMAKE_PREFIX_PATH=${CMAKE_PREFIX_PATH}:/opt/ros/jazzy DEBUGINFOD_URLS=https://debuginfod.ubuntu.com /usr/bin/cmake --build /home/sleepy/robp-group7-sleepy/build/usb_cam -- -j8 -l8
[3.499s] [ 14%] [32mBuilding CXX object gtest/CMakeFiles/gtest_main.dir/src/gtest_main.cc.o[0m
[3.499s] [ 14%] [32mBuilding CXX object CMakeFiles/usb_cam.dir/src/usb_cam.cpp.o[0m
[3.508s] [ 21%] [32mBuilding CXX object CMakeFiles/usb_cam_node_exe.dir/rclcpp_components/node_main_usb_cam_node_exe.cpp.o[0m
[3.514s] [ 28%] [32mBuilding CXX object gtest/CMakeFiles/gtest.dir/src/gtest-all.cc.o[0m
[6.291s] [ 35%] [32m[1mLinking CXX static library libgtest_main.a[0m
[6.362s] [ 35%] Built target gtest_main
[8.958s] [ 42%] [32m[1mLinking CXX shared library libusb_cam.so[0m
[9.466s] [ 42%] Built target usb_cam
[9.538s] [ 50%] [32mBuilding CXX object CMakeFiles/usb_cam_node.dir/src/usb_cam_node.cpp.o[0m
[11.576s] [ 57%] [32m[1mLinking CXX executable usb_cam_node_exe[0m
[11.820s] [ 57%] Built target usb_cam_node_exe
[13.319s] [ 64%] [32m[1mLinking CXX static library libgtest.a[0m
[13.400s] [ 64%] Built target gtest
[13.431s] [ 78%] [32mBuilding CXX object CMakeFiles/test_pixel_formats.dir/test/test_pixel_formats.cpp.o[0m
[13.431s] [ 78%] [32mBuilding CXX object CMakeFiles/test_usb_cam_utils.dir/test/test_usb_cam_utils.cpp.o[0m
[15.806s] [ 85%] [32m[1mLinking CXX executable test_usb_cam_utils[0m
[16.091s] [ 85%] Built target test_usb_cam_utils
[16.277s] [ 92%] [32m[1mLinking CXX executable test_pixel_formats[0m
[16.465s] [ 92%] Built target test_pixel_formats
[22.787s] [100%] [32m[1mLinking CXX shared library libusb_cam_node.so[0m
[23.233s] [100%] Built target usb_cam_node
[23.246s] Invoked command in '/home/sleepy/robp-group7-sleepy/build/usb_cam' returned '0': CMAKE_PREFIX_PATH=${CMAKE_PREFIX_PATH}:/opt/ros/jazzy DEBUGINFOD_URLS=https://debuginfod.ubuntu.com /usr/bin/cmake --build /home/sleepy/robp-group7-sleepy/build/usb_cam -- -j8 -l8
[23.248s] Invoking command in '/home/sleepy/robp-group7-sleepy/build/usb_cam': CMAKE_PREFIX_PATH=${CMAKE_PREFIX_PATH}:/opt/ros/jazzy DEBUGINFOD_URLS=https://debuginfod.ubuntu.com /usr/bin/cmake --install /home/sleepy/robp-group7-sleepy/build/usb_cam
[23.257s] -- Install configuration: ""
[23.257s] -- Execute custom install script
[23.257s] -- Symlinking: /home/sleepy/robp-group7-sleepy/install/usb_cam/share/usb_cam/environment/library_path.sh
[23.268s] -- Symlinking: /home/sleepy/robp-group7-sleepy/install/usb_cam/share/usb_cam/environment/library_path.dsv
[23.278s] -- Symlinking: /home/sleepy/robp-group7-sleepy/install/usb_cam/lib/usb_cam/usb_cam_node_exe
[23.288s] -- Symlinking: /home/sleepy/robp-group7-sleepy/install/usb_cam/lib/usb_cam/show_image.py
[23.298s] -- Symlinking: /home/sleepy/robp-group7-sleepy/install/usb_cam/lib/libusb_cam.so
[23.308s] -- Symlinking: /home/sleepy/robp-group7-sleepy/install/usb_cam/lib/libusb_cam_node.so
[23.318s] -- Symlinking: /home/sleepy/robp-group7-sleepy/install/usb_cam/include/usb_cam/constants.hpp
[23.328s] -- Symlinking: /home/sleepy/robp-group7-sleepy/install/usb_cam/include/usb_cam/conversions.hpp
[23.338s] -- Symlinking: /home/sleepy/robp-group7-sleepy/install/usb_cam/include/usb_cam/formats/av_pixel_format_helper.hpp
[23.348s] -- Symlinking: /home/sleepy/robp-group7-sleepy/install/usb_cam/include/usb_cam/formats/m420.hpp
[23.359s] -- Symlinking: /home/sleepy/robp-group7-sleepy/install/usb_cam/include/usb_cam/formats/mjpeg.hpp
[23.369s] -- Symlinking: /home/sleepy/robp-group7-sleepy/install/usb_cam/include/usb_cam/formats/mono.hpp
[23.380s] -- Symlinking: /home/sleepy/robp-group7-sleepy/install/usb_cam/include/usb_cam/formats/pixel_format_base.hpp
[23.390s] -- Symlinking: /home/sleepy/robp-group7-sleepy/install/usb_cam/include/usb_cam/formats/rgb.hpp
[23.400s] -- Symlinking: /home/sleepy/robp-group7-sleepy/install/usb_cam/include/usb_cam/formats/utils.hpp
[23.410s] -- Symlinking: /home/sleepy/robp-group7-sleepy/install/usb_cam/include/usb_cam/formats/uyvy.hpp
[23.420s] -- Symlinking: /home/sleepy/robp-group7-sleepy/install/usb_cam/include/usb_cam/formats/yuyv.hpp
[23.431s] -- Symlinking: /home/sleepy/robp-group7-sleepy/install/usb_cam/include/usb_cam/usb_cam.hpp
[23.441s] -- Symlinking: /home/sleepy/robp-group7-sleepy/install/usb_cam/include/usb_cam/usb_cam_node.hpp
[23.451s] -- Symlinking: /home/sleepy/robp-group7-sleepy/install/usb_cam/include/usb_cam/utils.hpp
[23.461s] -- Up-to-date symlink: /home/sleepy/robp-group7-sleepy/install/usb_cam/lib/libusb_cam_node.so
[23.462s] -- Symlinking: /home/sleepy/robp-group7-sleepy/install/usb_cam/share/usb_cam/launch/__init__.py
[23.472s] -- Symlinking: /home/sleepy/robp-group7-sleepy/install/usb_cam/share/usb_cam/launch/camera.launch.py
[23.483s] -- Symlinking: /home/sleepy/robp-group7-sleepy/install/usb_cam/share/usb_cam/launch/camera_config.py
[23.493s] -- Symlinking: /home/sleepy/robp-group7-sleepy/install/usb_cam/share/usb_cam/config/camera_info.yaml
[23.503s] -- Symlinking: /home/sleepy/robp-group7-sleepy/install/usb_cam/share/usb_cam/config/params_1.yaml
[23.513s] -- Symlinking: /home/sleepy/robp-group7-sleepy/install/usb_cam/share/usb_cam/config/params_2.yaml
[23.523s] -- Symlinking: /home/sleepy/robp-group7-sleepy/install/usb_cam/share/ament_index/resource_index/package_run_dependencies/usb_cam
[23.534s] -- Symlinking: /home/sleepy/robp-group7-sleepy/install/usb_cam/share/ament_index/resource_index/parent_prefix_path/usb_cam
[23.545s] -- Symlinking: /home/sleepy/robp-group7-sleepy/install/usb_cam/share/usb_cam/environment/ament_prefix_path.sh
[23.555s] -- Symlinking: /home/sleepy/robp-group7-sleepy/install/usb_cam/share/usb_cam/environment/ament_prefix_path.dsv
[23.566s] -- Symlinking: /home/sleepy/robp-group7-sleepy/install/usb_cam/share/usb_cam/environment/path.sh
[23.576s] -- Symlinking: /home/sleepy/robp-group7-sleepy/install/usb_cam/share/usb_cam/environment/path.dsv
[23.587s] -- Symlinking: /home/sleepy/robp-group7-sleepy/install/usb_cam/share/usb_cam/local_setup.bash
[23.597s] -- Symlinking: /home/sleepy/robp-group7-sleepy/install/usb_cam/share/usb_cam/local_setup.sh
[23.608s] -- Symlinking: /home/sleepy/robp-group7-sleepy/install/usb_cam/share/usb_cam/local_setup.zsh
[23.618s] -- Symlinking: /home/sleepy/robp-group7-sleepy/install/usb_cam/share/usb_cam/local_setup.dsv
[23.628s] -- Symlinking: /home/sleepy/robp-group7-sleepy/install/usb_cam/share/usb_cam/package.dsv
[23.639s] -- Symlinking: /home/sleepy/robp-group7-sleepy/install/usb_cam/share/ament_index/resource_index/packages/usb_cam
[23.650s] -- Symlinking: /home/sleepy/robp-group7-sleepy/install/usb_cam/share/ament_index/resource_index/rclcpp_components/usb_cam
[23.660s] -- Symlinking: /home/sleepy/robp-group7-sleepy/install/usb_cam/share/usb_cam/cmake/ament_cmake_export_libraries-extras.cmake
[23.671s] -- Symlinking: /home/sleepy/robp-group7-sleepy/install/usb_cam/share/usb_cam/cmake/ament_cmake_export_dependencies-extras.cmake
[23.681s] -- Symlinking: /home/sleepy/robp-group7-sleepy/install/usb_cam/share/usb_cam/cmake/ament_cmake_export_include_directories-extras.cmake
[23.691s] -- Symlinking: /home/sleepy/robp-group7-sleepy/install/usb_cam/share/usb_cam/cmake/usb_camConfig.cmake
[23.704s] -- Symlinking: /home/sleepy/robp-group7-sleepy/install/usb_cam/share/usb_cam/cmake/usb_camConfig-version.cmake
[23.718s] -- Symlinking: /home/sleepy/robp-group7-sleepy/install/usb_cam/share/usb_cam/package.xml
[23.736s] Invoked command in '/home/sleepy/robp-group7-sleepy/build/usb_cam' returned '0': CMAKE_PREFIX_PATH=${CMAKE_PREFIX_PATH}:/opt/ros/jazzy DEBUGINFOD_URLS=https://debuginfod.ubuntu.com /usr/bin/cmake --install /home/sleepy/robp-group7-sleepy/build/usb_cam
