[2.368s] Invoking command in '/home/sleepy/robp-group7-sleepy/build/arm_control': DEBUGINFOD_URLS=https://debuginfod.ubuntu.com PYTHONPATH=/home/sleepy/robp-group7-sleepy/build/arm_control/prefix_override:/usr/lib/python3/dist-packages/colcon_core/task/python/colcon_distutils_commands:/home/sleepy/robp-group7-sleepy/install/arm_control/lib/python3.12/site-packages:${PYTHONPATH} /usr/bin/python3 -W ignore:setup.py install is deprecated -W ignore:easy_install command is deprecated setup.py develop --editable --build-directory /home/sleepy/robp-group7-sleepy/build/arm_control/build --no-deps symlink_data
[3.068s] running develop
[3.496s] running egg_info
[3.496s] creating arm_control.egg-info
[3.544s] writing arm_control.egg-info/PKG-INFO
[3.546s] writing dependency_links to arm_control.egg-info/dependency_links.txt
[3.548s] writing entry points to arm_control.egg-info/entry_points.txt
[3.549s] writing requirements to arm_control.egg-info/requires.txt
[3.550s] writing top-level names to arm_control.egg-info/top_level.txt
[3.553s] writing manifest file 'arm_control.egg-info/SOURCES.txt'
[3.645s] reading manifest file 'arm_control.egg-info/SOURCES.txt'
[3.649s] writing manifest file 'arm_control.egg-info/SOURCES.txt'
[3.694s] running build_ext
[3.695s] Creating /home/sleepy/robp-group7-sleepy/install/arm_control/lib/python3.12/site-packages/arm-control.egg-link (link to .)
[3.697s] Installing move_arm_hardcoded script to /home/sleepy/robp-group7-sleepy/install/arm_control/lib/arm_control
[3.697s] 
[3.698s] Installed /home/sleepy/robp-group7-sleepy/build/arm_control
[3.698s] running symlink_data
[3.699s] creating /home/sleepy/robp-group7-sleepy/install/arm_control/share/ament_index
[3.699s] creating /home/sleepy/robp-group7-sleepy/install/arm_control/share/ament_index/resource_index
[3.700s] creating /home/sleepy/robp-group7-sleepy/install/arm_control/share/ament_index/resource_index/packages
[3.700s] symbolically linking /home/sleepy/robp-group7-sleepy/build/arm_control/resource/arm_control -> /home/sleepy/robp-group7-sleepy/install/arm_control/share/ament_index/resource_index/packages
[3.701s] symbolically linking /home/sleepy/robp-group7-sleepy/build/arm_control/package.xml -> /home/sleepy/robp-group7-sleepy/install/arm_control/share/arm_control
[3.784s] Invoked command in '/home/sleepy/robp-group7-sleepy/build/arm_control' returned '0': DEBUGINFOD_URLS=https://debuginfod.ubuntu.com PYTHONPATH=/home/sleepy/robp-group7-sleepy/build/arm_control/prefix_override:/usr/lib/python3/dist-packages/colcon_core/task/python/colcon_distutils_commands:/home/sleepy/robp-group7-sleepy/install/arm_control/lib/python3.12/site-packages:${PYTHONPATH} /usr/bin/python3 -W ignore:setup.py install is deprecated -W ignore:easy_install command is deprecated setup.py develop --editable --build-directory /home/sleepy/robp-group7-sleepy/build/arm_control/build --no-deps symlink_data
