[0.025s] Invoking command in '/home/sleepy/robp-group7-sleepy/build/sllidar_ros2': CMAKE_PREFIX_PATH=${CMAKE_PREFIX_PATH}:/home/sleepy/robp-group7-sleepy/install/simple_move:/home/sleepy/robp-group7-sleepy/install/core_launch:/home/sleepy/robp-group7-sleepy/install/robp_launch:/home/sleepy/robp-group7-sleepy/install/perception:/home/sleepy/robp-group7-sleepy/install/odometry:/home/sleepy/robp-group7-sleepy/install/navigation:/home/sleepy/robp-group7-sleepy/install/lidar_processing:/home/sleepy/robp-group7-sleepy/install/arm_servos_pubs_subs:/home/sleepy/robp-group7-sleepy/install/arm_control:/opt/ros/jazzy DEBUGINFOD_URLS=https://debuginfod.ubuntu.com /usr/bin/cmake --build /home/sleepy/robp-group7-sleepy/build/sllidar_ros2 -- -j8 -l8
[0.183s] [ 10%] Built target sllidar_client
[0.199s] [100%] Built target sllidar_node
[0.228s] Invoked command in '/home/sleepy/robp-group7-sleepy/build/sllidar_ros2' returned '0': CMAKE_PREFIX_PATH=${CMAKE_PREFIX_PATH}:/home/sleepy/robp-group7-sleepy/install/simple_move:/home/sleepy/robp-group7-sleepy/install/core_launch:/home/sleepy/robp-group7-sleepy/install/robp_launch:/home/sleepy/robp-group7-sleepy/install/perception:/home/sleepy/robp-group7-sleepy/install/odometry:/home/sleepy/robp-group7-sleepy/install/navigation:/home/sleepy/robp-group7-sleepy/install/lidar_processing:/home/sleepy/robp-group7-sleepy/install/arm_servos_pubs_subs:/home/sleepy/robp-group7-sleepy/install/arm_control:/opt/ros/jazzy DEBUGINFOD_URLS=https://debuginfod.ubuntu.com /usr/bin/cmake --build /home/sleepy/robp-group7-sleepy/build/sllidar_ros2 -- -j8 -l8
[0.229s] Invoking command in '/home/sleepy/robp-group7-sleepy/build/sllidar_ros2': CMAKE_PREFIX_PATH=${CMAKE_PREFIX_PATH}:/home/sleepy/robp-group7-sleepy/install/simple_move:/home/sleepy/robp-group7-sleepy/install/core_launch:/home/sleepy/robp-group7-sleepy/install/robp_launch:/home/sleepy/robp-group7-sleepy/install/perception:/home/sleepy/robp-group7-sleepy/install/odometry:/home/sleepy/robp-group7-sleepy/install/navigation:/home/sleepy/robp-group7-sleepy/install/lidar_processing:/home/sleepy/robp-group7-sleepy/install/arm_servos_pubs_subs:/home/sleepy/robp-group7-sleepy/install/arm_control:/opt/ros/jazzy DEBUGINFOD_URLS=https://debuginfod.ubuntu.com /usr/bin/cmake --install /home/sleepy/robp-group7-sleepy/build/sllidar_ros2
[0.255s] -- Install configuration: ""
[0.257s] -- Execute custom install script
[0.259s] -- Up-to-date symlink: /home/sleepy/robp-group7-sleepy/install/sllidar_ros2/share/sllidar_ros2/launch/sllidar_a1_launch.py
[0.260s] -- Up-to-date symlink: /home/sleepy/robp-group7-sleepy/install/sllidar_ros2/share/sllidar_ros2/launch/sllidar_a2m12_launch .py
[0.261s] -- Up-to-date symlink: /home/sleepy/robp-group7-sleepy/install/sllidar_ros2/share/sllidar_ros2/launch/sllidar_a2m7_launch.py
[0.261s] -- Up-to-date symlink: /home/sleepy/robp-group7-sleepy/install/sllidar_ros2/share/sllidar_ros2/launch/sllidar_a2m8_launch.py
[0.261s] -- Up-to-date symlink: /home/sleepy/robp-group7-sleepy/install/sllidar_ros2/share/sllidar_ros2/launch/sllidar_a3_launch.py
[0.261s] -- Up-to-date symlink: /home/sleepy/robp-group7-sleepy/install/sllidar_ros2/share/sllidar_ros2/launch/sllidar_c1_launch.py
[0.265s] -- Up-to-date symlink: /home/sleepy/robp-group7-sleepy/install/sllidar_ros2/share/sllidar_ros2/launch/sllidar_s1_launch.py
[0.265s] -- Up-to-date symlink: /home/sleepy/robp-group7-sleepy/install/sllidar_ros2/share/sllidar_ros2/launch/sllidar_s1_tcp_launch.py
[0.265s] -- Up-to-date symlink: /home/sleepy/robp-group7-sleepy/install/sllidar_ros2/share/sllidar_ros2/launch/sllidar_s2_launch.py
[0.266s] -- Up-to-date symlink: /home/sleepy/robp-group7-sleepy/install/sllidar_ros2/share/sllidar_ros2/launch/sllidar_s2e_launch.py
[0.266s] -- Up-to-date symlink: /home/sleepy/robp-group7-sleepy/install/sllidar_ros2/share/sllidar_ros2/launch/sllidar_s3_launch.py
[0.270s] -- Up-to-date symlink: /home/sleepy/robp-group7-sleepy/install/sllidar_ros2/share/sllidar_ros2/launch/sllidar_t1_launch.py
[0.270s] -- Up-to-date symlink: /home/sleepy/robp-group7-sleepy/install/sllidar_ros2/share/sllidar_ros2/launch/view_sllidar_a1_launch.py
[0.270s] -- Up-to-date symlink: /home/sleepy/robp-group7-sleepy/install/sllidar_ros2/share/sllidar_ros2/launch/view_sllidar_a2m12_launch.py
[0.271s] -- Up-to-date symlink: /home/sleepy/robp-group7-sleepy/install/sllidar_ros2/share/sllidar_ros2/launch/view_sllidar_a2m7_launch.py
[0.271s] -- Up-to-date symlink: /home/sleepy/robp-group7-sleepy/install/sllidar_ros2/share/sllidar_ros2/launch/view_sllidar_a2m8_launch.py
[0.271s] -- Up-to-date symlink: /home/sleepy/robp-group7-sleepy/install/sllidar_ros2/share/sllidar_ros2/launch/view_sllidar_a3_launch.py
[0.271s] -- Up-to-date symlink: /home/sleepy/robp-group7-sleepy/install/sllidar_ros2/share/sllidar_ros2/launch/view_sllidar_c1_launch.py
[0.271s] -- Up-to-date symlink: /home/sleepy/robp-group7-sleepy/install/sllidar_ros2/share/sllidar_ros2/launch/view_sllidar_s1_launch.py
[0.271s] -- Up-to-date symlink: /home/sleepy/robp-group7-sleepy/install/sllidar_ros2/share/sllidar_ros2/launch/view_sllidar_s1_tcp_launch.py
[0.272s] -- Up-to-date symlink: /home/sleepy/robp-group7-sleepy/install/sllidar_ros2/share/sllidar_ros2/launch/view_sllidar_s2_launch.py
[0.272s] -- Up-to-date symlink: /home/sleepy/robp-group7-sleepy/install/sllidar_ros2/share/sllidar_ros2/launch/view_sllidar_s2e_launch.py
[0.272s] -- Up-to-date symlink: /home/sleepy/robp-group7-sleepy/install/sllidar_ros2/share/sllidar_ros2/launch/view_sllidar_s3_launch.py
[0.272s] -- Up-to-date symlink: /home/sleepy/robp-group7-sleepy/install/sllidar_ros2/share/sllidar_ros2/launch/view_sllidar_t1_launch.py
[0.272s] -- Up-to-date symlink: /home/sleepy/robp-group7-sleepy/install/sllidar_ros2/share/sllidar_ros2/rviz/sllidar_ros2.rviz
[0.273s] -- Up-to-date symlink: /home/sleepy/robp-group7-sleepy/install/sllidar_ros2/lib/sllidar_ros2/sllidar_node
[0.273s] -- Up-to-date symlink: /home/sleepy/robp-group7-sleepy/install/sllidar_ros2/lib/sllidar_ros2/sllidar_client
[0.273s] -- Up-to-date symlink: /home/sleepy/robp-group7-sleepy/install/sllidar_ros2/share/ament_index/resource_index/package_run_dependencies/sllidar_ros2
[0.273s] -- Up-to-date symlink: /home/sleepy/robp-group7-sleepy/install/sllidar_ros2/share/ament_index/resource_index/parent_prefix_path/sllidar_ros2
[0.273s] -- Up-to-date symlink: /home/sleepy/robp-group7-sleepy/install/sllidar_ros2/share/sllidar_ros2/environment/ament_prefix_path.sh
[0.274s] -- Up-to-date symlink: /home/sleepy/robp-group7-sleepy/install/sllidar_ros2/share/sllidar_ros2/environment/ament_prefix_path.dsv
[0.274s] -- Up-to-date symlink: /home/sleepy/robp-group7-sleepy/install/sllidar_ros2/share/sllidar_ros2/environment/path.sh
[0.277s] -- Up-to-date symlink: /home/sleepy/robp-group7-sleepy/install/sllidar_ros2/share/sllidar_ros2/environment/path.dsv
[0.277s] -- Up-to-date symlink: /home/sleepy/robp-group7-sleepy/install/sllidar_ros2/share/sllidar_ros2/local_setup.bash
[0.278s] -- Up-to-date symlink: /home/sleepy/robp-group7-sleepy/install/sllidar_ros2/share/sllidar_ros2/local_setup.sh
[0.278s] -- Up-to-date symlink: /home/sleepy/robp-group7-sleepy/install/sllidar_ros2/share/sllidar_ros2/local_setup.zsh
[0.278s] -- Up-to-date symlink: /home/sleepy/robp-group7-sleepy/install/sllidar_ros2/share/sllidar_ros2/local_setup.dsv
[0.278s] -- Symlinking: /home/sleepy/robp-group7-sleepy/install/sllidar_ros2/share/sllidar_ros2/package.dsv
[0.310s] -- Up-to-date symlink: /home/sleepy/robp-group7-sleepy/install/sllidar_ros2/share/ament_index/resource_index/packages/sllidar_ros2
[0.314s] -- Up-to-date symlink: /home/sleepy/robp-group7-sleepy/install/sllidar_ros2/share/sllidar_ros2/cmake/ament_cmake_export_dependencies-extras.cmake
[0.314s] -- Up-to-date symlink: /home/sleepy/robp-group7-sleepy/install/sllidar_ros2/share/sllidar_ros2/cmake/ament_cmake_export_include_directories-extras.cmake
[0.314s] -- Up-to-date symlink: /home/sleepy/robp-group7-sleepy/install/sllidar_ros2/share/sllidar_ros2/cmake/sllidar_ros2Config.cmake
[0.315s] -- Up-to-date symlink: /home/sleepy/robp-group7-sleepy/install/sllidar_ros2/share/sllidar_ros2/cmake/sllidar_ros2Config-version.cmake
[0.315s] -- Up-to-date symlink: /home/sleepy/robp-group7-sleepy/install/sllidar_ros2/share/sllidar_ros2/package.xml
[0.323s] Invoked command in '/home/sleepy/robp-group7-sleepy/build/sllidar_ros2' returned '0': CMAKE_PREFIX_PATH=${CMAKE_PREFIX_PATH}:/home/sleepy/robp-group7-sleepy/install/simple_move:/home/sleepy/robp-group7-sleepy/install/core_launch:/home/sleepy/robp-group7-sleepy/install/robp_launch:/home/sleepy/robp-group7-sleepy/install/perception:/home/sleepy/robp-group7-sleepy/install/odometry:/home/sleepy/robp-group7-sleepy/install/navigation:/home/sleepy/robp-group7-sleepy/install/lidar_processing:/home/sleepy/robp-group7-sleepy/install/arm_servos_pubs_subs:/home/sleepy/robp-group7-sleepy/install/arm_control:/opt/ros/jazzy DEBUGINFOD_URLS=https://debuginfod.ubuntu.com /usr/bin/cmake --install /home/sleepy/robp-group7-sleepy/build/sllidar_ros2
