[0.183s] Invoking command in '/home/group-7/dd2419_ws/build/usb_cam': CMAKE_PREFIX_PATH=${CMAKE_PREFIX_PATH}:/opt/ros/jazzy DEBUGINFOD_URLS=https://debuginfod.ubuntu.com /usr/bin/cmake /home/group-7/dd2419_ws/src/robp_robot/usb_cam -DAMENT_CMAKE_SYMLINK_INSTALL=1 -DCMAKE_INSTALL_PREFIX=/home/group-7/dd2419_ws/install/usb_cam
[0.226s] -- The C compiler identification is GNU 13.3.0
[0.273s] -- The CXX compiler identification is GNU 13.3.0
[0.286s] -- Detecting C compiler ABI info
[0.357s] -- Detecting C compiler ABI info - done
[0.364s] -- Check for working C compiler: /usr/bin/cc - skipped
[0.364s] -- Detecting C compile features
[0.364s] -- Detecting C compile features - done
[0.372s] -- Detecting CXX compiler ABI info
[0.457s] -- Detecting CXX compiler ABI info - done
[0.464s] -- Check for working CXX compiler: /usr/bin/c++ - skipped
[0.464s] -- Detecting CXX compile features
[0.464s] -- Detecting CXX compile features - done
[0.466s] -- Found ament_cmake_auto: 2.5.3 (/opt/ros/jazzy/share/ament_cmake_auto/cmake)
[0.581s] -- Found Python3: /usr/bin/python3 (found version "3.12.3") found components: Interpreter 
[0.642s] -- Override CMake install command with custom implementation using symlinks instead of copying resources
[0.775s] -- Found rosidl_generator_c: 4.6.5 (/opt/ros/jazzy/share/rosidl_generator_c/cmake)
[0.785s] -- Found rosidl_generator_cpp: 4.6.5 (/opt/ros/jazzy/share/rosidl_generator_cpp/cmake)
[0.798s] -- Using all available rosidl_typesupport_c: rosidl_typesupport_fastrtps_c;rosidl_typesupport_introspection_c
[0.812s] -- Using all available rosidl_typesupport_cpp: rosidl_typesupport_fastrtps_cpp;rosidl_typesupport_introspection_cpp
[0.873s] -- Found rmw_implementation_cmake: 7.3.1 (/opt/ros/jazzy/share/rmw_implementation_cmake/cmake)
[0.875s] -- Found rmw_fastrtps_cpp: 8.4.1 (/opt/ros/jazzy/share/rmw_fastrtps_cpp/cmake)
[0.943s] -- Found OpenSSL: /usr/lib/x86_64-linux-gnu/libcrypto.so (found version "3.0.13")  
[0.960s] -- Found FastRTPS: /opt/ros/jazzy/include (Required is at least version "2.13") 
[0.979s] -- Using RMW implementation 'rmw_fastrtps_cpp' as default
[1.151s] -- Setting yaml-cpp_DIR to: '/opt/ros/jazzy/share/yaml_cpp_vendor/cmake/../../../opt/yaml_cpp_vendor/share/cmake/yaml-cpp'
[1.267s] -- Found rosidl_adapter: 4.6.5 (/opt/ros/jazzy/share/rosidl_adapter/cmake)
[1.274s] -- Found OpenCV: /usr (found version "4.6.0") 
[1.281s] -- Found PkgConfig: /usr/bin/pkg-config (found version "1.8.1") 
[1.283s] -- Checking for module 'libavcodec'
[1.330s] --   Found libavcodec, version 60.31.102
[1.424s] -- Checking for module 'libavutil'
[1.471s] --   Found libavutil, version 58.29.100
[1.593s] -- Checking for module 'libswscale'
[1.637s] --   Found libswscale, version 7.5.100
[1.774s] -- Found ament_lint_auto: 0.17.1 (/opt/ros/jazzy/share/ament_lint_auto/cmake)
[1.814s] -- Found gtest sources under '/opt/ros/jazzy/src/gtest_vendor': C++ tests using 'Google Test' will be built
[1.824s] -- Performing Test CMAKE_HAVE_LIBC_PTHREAD
[2.111s] -- Performing Test CMAKE_HAVE_LIBC_PTHREAD - Success
[2.112s] -- Found Threads: TRUE  
[2.134s] -- Added test 'copyright' to check source files copyright and LICENSE
[2.139s] -- Added test 'cppcheck' to perform static code analysis on C / C++ code
[2.139s] -- Configured cppcheck include dirs: /home/group-7/dd2419_ws/src/robp_robot/usb_cam/include
[2.139s] -- Configured cppcheck exclude dirs and/or files: 
[2.143s] -- Added test 'cpplint' to check C / C++ code against the Google style
[2.144s] -- Configured cpplint exclude dirs and/or files: 
[2.145s] -- Added test 'flake8' to check Python code syntax and style conventions
[2.145s] -- Configured 'flake8' exclude dirs and/or files: 
[2.147s] -- Added test 'lint_cmake' to check CMake code style
[2.148s] -- Added test 'pep257' to check Python code against some of the docstring style conventions in PEP 257
[2.151s] -- Added test 'uncrustify' to check C / C++ code style
[2.151s] -- Configured uncrustify additional arguments: 
[2.152s] -- Added test 'xmllint' to check XML markup files
[2.156s] -- Configuring done (2.0s)
[2.201s] -- Generating done (0.0s)
[2.210s] -- Build files have been written to: /home/group-7/dd2419_ws/build/usb_cam
[2.233s] Invoked command in '/home/group-7/dd2419_ws/build/usb_cam' returned '0': CMAKE_PREFIX_PATH=${CMAKE_PREFIX_PATH}:/opt/ros/jazzy DEBUGINFOD_URLS=https://debuginfod.ubuntu.com /usr/bin/cmake /home/group-7/dd2419_ws/src/robp_robot/usb_cam -DAMENT_CMAKE_SYMLINK_INSTALL=1 -DCMAKE_INSTALL_PREFIX=/home/group-7/dd2419_ws/install/usb_cam
[2.234s] Invoking command in '/home/group-7/dd2419_ws/build/usb_cam': CMAKE_PREFIX_PATH=${CMAKE_PREFIX_PATH}:/opt/ros/jazzy DEBUGINFOD_URLS=https://debuginfod.ubuntu.com /usr/bin/cmake --build /home/group-7/dd2419_ws/build/usb_cam -- -j16 -l16
[2.287s] [  7%] [32mBuilding CXX object gtest/CMakeFiles/gtest_main.dir/src/gtest_main.cc.o[0m
[2.287s] [ 14%] [32mBuilding CXX object CMakeFiles/usb_cam.dir/src/usb_cam.cpp.o[0m
[2.289s] [ 28%] [32mBuilding CXX object gtest/CMakeFiles/gtest.dir/src/gtest-all.cc.o[0m
[2.289s] [ 28%] [32mBuilding CXX object CMakeFiles/usb_cam_node_exe.dir/rclcpp_components/node_main_usb_cam_node_exe.cpp.o[0m
[3.209s] [ 35%] [32m[1mLinking CXX static library libgtest_main.a[0m
[3.249s] [ 35%] Built target gtest_main
[3.931s] [ 42%] [32m[1mLinking CXX shared library libusb_cam.so[0m
[4.134s] [ 42%] Built target usb_cam
[4.159s] [ 50%] [32mBuilding CXX object CMakeFiles/usb_cam_node.dir/src/usb_cam_node.cpp.o[0m
[5.710s] [ 57%] [32m[1mLinking CXX executable usb_cam_node_exe[0m
[5.854s] [ 57%] Built target usb_cam_node_exe
[6.059s] [ 64%] [32m[1mLinking CXX static library libgtest.a[0m
[6.129s] [ 64%] Built target gtest
[6.151s] [ 78%] [32mBuilding CXX object CMakeFiles/test_pixel_formats.dir/test/test_pixel_formats.cpp.o[0m
[6.152s] [ 78%] [32mBuilding CXX object CMakeFiles/test_usb_cam_utils.dir/test/test_usb_cam_utils.cpp.o[0m
[7.334s] [ 85%] [32m[1mLinking CXX executable test_usb_cam_utils[0m
[7.523s] [ 85%] Built target test_usb_cam_utils
[7.619s] [ 92%] [32m[1mLinking CXX executable test_pixel_formats[0m
[7.777s] [ 92%] Built target test_pixel_formats
[11.821s] [100%] [32m[1mLinking CXX shared library libusb_cam_node.so[0m
[12.115s] [100%] Built target usb_cam_node
[12.128s] Invoked command in '/home/group-7/dd2419_ws/build/usb_cam' returned '0': CMAKE_PREFIX_PATH=${CMAKE_PREFIX_PATH}:/opt/ros/jazzy DEBUGINFOD_URLS=https://debuginfod.ubuntu.com /usr/bin/cmake --build /home/group-7/dd2419_ws/build/usb_cam -- -j16 -l16
[12.129s] Invoking command in '/home/group-7/dd2419_ws/build/usb_cam': CMAKE_PREFIX_PATH=${CMAKE_PREFIX_PATH}:/opt/ros/jazzy DEBUGINFOD_URLS=https://debuginfod.ubuntu.com /usr/bin/cmake --install /home/group-7/dd2419_ws/build/usb_cam
[12.136s] -- Install configuration: ""
[12.136s] -- Execute custom install script
[12.136s] -- Symlinking: /home/group-7/dd2419_ws/install/usb_cam/share/usb_cam/environment/library_path.sh
[12.145s] -- Symlinking: /home/group-7/dd2419_ws/install/usb_cam/share/usb_cam/environment/library_path.dsv
[12.153s] -- Symlinking: /home/group-7/dd2419_ws/install/usb_cam/lib/usb_cam/usb_cam_node_exe
[12.161s] -- Symlinking: /home/group-7/dd2419_ws/install/usb_cam/lib/usb_cam/show_image.py
[12.170s] -- Symlinking: /home/group-7/dd2419_ws/install/usb_cam/lib/libusb_cam.so
[12.178s] -- Symlinking: /home/group-7/dd2419_ws/install/usb_cam/lib/libusb_cam_node.so
[12.187s] -- Symlinking: /home/group-7/dd2419_ws/install/usb_cam/include/usb_cam/constants.hpp
[12.195s] -- Symlinking: /home/group-7/dd2419_ws/install/usb_cam/include/usb_cam/conversions.hpp
[12.203s] -- Symlinking: /home/group-7/dd2419_ws/install/usb_cam/include/usb_cam/formats/av_pixel_format_helper.hpp
[12.212s] -- Symlinking: /home/group-7/dd2419_ws/install/usb_cam/include/usb_cam/formats/m420.hpp
[12.220s] -- Symlinking: /home/group-7/dd2419_ws/install/usb_cam/include/usb_cam/formats/mjpeg.hpp
[12.228s] -- Symlinking: /home/group-7/dd2419_ws/install/usb_cam/include/usb_cam/formats/mono.hpp
[12.237s] -- Symlinking: /home/group-7/dd2419_ws/install/usb_cam/include/usb_cam/formats/pixel_format_base.hpp
[12.246s] -- Symlinking: /home/group-7/dd2419_ws/install/usb_cam/include/usb_cam/formats/rgb.hpp
[12.254s] -- Symlinking: /home/group-7/dd2419_ws/install/usb_cam/include/usb_cam/formats/utils.hpp
[12.263s] -- Symlinking: /home/group-7/dd2419_ws/install/usb_cam/include/usb_cam/formats/uyvy.hpp
[12.271s] -- Symlinking: /home/group-7/dd2419_ws/install/usb_cam/include/usb_cam/formats/yuyv.hpp
[12.279s] -- Symlinking: /home/group-7/dd2419_ws/install/usb_cam/include/usb_cam/usb_cam.hpp
[12.287s] -- Symlinking: /home/group-7/dd2419_ws/install/usb_cam/include/usb_cam/usb_cam_node.hpp
[12.296s] -- Symlinking: /home/group-7/dd2419_ws/install/usb_cam/include/usb_cam/utils.hpp
[12.305s] -- Up-to-date symlink: /home/group-7/dd2419_ws/install/usb_cam/lib/libusb_cam_node.so
[12.305s] -- Symlinking: /home/group-7/dd2419_ws/install/usb_cam/share/usb_cam/launch/__init__.py
[12.313s] -- Symlinking: /home/group-7/dd2419_ws/install/usb_cam/share/usb_cam/launch/camera.launch.py
[12.322s] -- Symlinking: /home/group-7/dd2419_ws/install/usb_cam/share/usb_cam/launch/camera_config.py
[12.331s] -- Symlinking: /home/group-7/dd2419_ws/install/usb_cam/share/usb_cam/config/camera_info.yaml
[12.340s] -- Symlinking: /home/group-7/dd2419_ws/install/usb_cam/share/usb_cam/config/params_1.yaml
[12.349s] -- Symlinking: /home/group-7/dd2419_ws/install/usb_cam/share/usb_cam/config/params_2.yaml
[12.358s] -- Symlinking: /home/group-7/dd2419_ws/install/usb_cam/share/ament_index/resource_index/package_run_dependencies/usb_cam
[12.367s] -- Symlinking: /home/group-7/dd2419_ws/install/usb_cam/share/ament_index/resource_index/parent_prefix_path/usb_cam
[12.375s] -- Symlinking: /home/group-7/dd2419_ws/install/usb_cam/share/usb_cam/environment/ament_prefix_path.sh
[12.384s] -- Symlinking: /home/group-7/dd2419_ws/install/usb_cam/share/usb_cam/environment/ament_prefix_path.dsv
[12.392s] -- Symlinking: /home/group-7/dd2419_ws/install/usb_cam/share/usb_cam/environment/path.sh
[12.401s] -- Symlinking: /home/group-7/dd2419_ws/install/usb_cam/share/usb_cam/environment/path.dsv
[12.409s] -- Symlinking: /home/group-7/dd2419_ws/install/usb_cam/share/usb_cam/local_setup.bash
[12.418s] -- Symlinking: /home/group-7/dd2419_ws/install/usb_cam/share/usb_cam/local_setup.sh
[12.427s] -- Symlinking: /home/group-7/dd2419_ws/install/usb_cam/share/usb_cam/local_setup.zsh
[12.436s] -- Symlinking: /home/group-7/dd2419_ws/install/usb_cam/share/usb_cam/local_setup.dsv
[12.444s] -- Symlinking: /home/group-7/dd2419_ws/install/usb_cam/share/usb_cam/package.dsv
[12.452s] -- Symlinking: /home/group-7/dd2419_ws/install/usb_cam/share/ament_index/resource_index/packages/usb_cam
[12.460s] -- Symlinking: /home/group-7/dd2419_ws/install/usb_cam/share/ament_index/resource_index/rclcpp_components/usb_cam
[12.468s] -- Symlinking: /home/group-7/dd2419_ws/install/usb_cam/share/usb_cam/cmake/ament_cmake_export_libraries-extras.cmake
[12.477s] -- Symlinking: /home/group-7/dd2419_ws/install/usb_cam/share/usb_cam/cmake/ament_cmake_export_dependencies-extras.cmake
[12.485s] -- Symlinking: /home/group-7/dd2419_ws/install/usb_cam/share/usb_cam/cmake/ament_cmake_export_include_directories-extras.cmake
[12.493s] -- Symlinking: /home/group-7/dd2419_ws/install/usb_cam/share/usb_cam/cmake/usb_camConfig.cmake
[12.501s] -- Symlinking: /home/group-7/dd2419_ws/install/usb_cam/share/usb_cam/cmake/usb_camConfig-version.cmake
[12.510s] -- Symlinking: /home/group-7/dd2419_ws/install/usb_cam/share/usb_cam/package.xml
[12.520s] Invoked command in '/home/group-7/dd2419_ws/build/usb_cam' returned '0': CMAKE_PREFIX_PATH=${CMAKE_PREFIX_PATH}:/opt/ros/jazzy DEBUGINFOD_URLS=https://debuginfod.ubuntu.com /usr/bin/cmake --install /home/group-7/dd2419_ws/build/usb_cam
