running develop
running egg_info
creating lidar_processing.egg-info
writing lidar_processing.egg-info/PKG-INFO
writing dependency_links to lidar_processing.egg-info/dependency_links.txt
writing entry points to lidar_processing.egg-info/entry_points.txt
writing requirements to lidar_processing.egg-info/requires.txt
writing top-level names to lidar_processing.egg-info/top_level.txt
writing manifest file 'lidar_processing.egg-info/SOURCES.txt'
reading manifest file 'lidar_processing.egg-info/SOURCES.txt'
writing manifest file 'lidar_processing.egg-info/SOURCES.txt'
running build_ext
Creating /home/sleepy/robp-group7-sleepy/install/lidar_processing/lib/python3.12/site-packages/lidar-processing.egg-link (link to .)
Installing lidar_processing script to /home/sleepy/robp-group7-sleepy/install/lidar_processing/lib/lidar_processing

Installed /home/sleepy/robp-group7-sleepy/build/lidar_processing
running symlink_data
creating /home/sleepy/robp-group7-sleepy/install/lidar_processing/share/ament_index
creating /home/sleepy/robp-group7-sleepy/install/lidar_processing/share/ament_index/resource_index
creating /home/sleepy/robp-group7-sleepy/install/lidar_processing/share/ament_index/resource_index/packages
symbolically linking /home/sleepy/robp-group7-sleepy/build/lidar_processing/resource/lidar_processing -> /home/sleepy/robp-group7-sleepy/install/lidar_processing/share/ament_index/resource_index/packages
symbolically linking /home/sleepy/robp-group7-sleepy/build/lidar_processing/package.xml -> /home/sleepy/robp-group7-sleepy/install/lidar_processing/share/lidar_processing
