[0.010s] Invoking command in '/home/group-7/dd2419_ws/build/robp_phidgets_encoders': AMENT_PREFIX_PATH=/home/group-7/dd2419_ws/install/robp_interfaces:${AMENT_PREFIX_PATH} CMAKE_PREFIX_PATH=/home/group-7/dd2419_ws/install/robp_interfaces:/opt/ros/jazzy/opt/gz_math_vendor:/opt/ros/jazzy/opt/gz_utils_vendor:/opt/ros/jazzy/opt/gz_cmake_vendor:/opt/ros/jazzy DEBUGINFOD_URLS=https://debuginfod.ubuntu.com LD_LIBRARY_PATH=/home/group-7/dd2419_ws/install/robp_interfaces/lib:${LD_LIBRARY_PATH} PYTHONPATH=/home/group-7/dd2419_ws/install/robp_interfaces/lib/python3.12/site-packages:${PYTHONPATH} /usr/bin/cmake --build /home/group-7/dd2419_ws/build/robp_phidgets_encoders -- -j16 -l16
[0.061s] [100%] Built target robp_phidgets_encoders
[0.073s] Invoked command in '/home/group-7/dd2419_ws/build/robp_phidgets_encoders' returned '0': AMENT_PREFIX_PATH=/home/group-7/dd2419_ws/install/robp_interfaces:${AMENT_PREFIX_PATH} CMAKE_PREFIX_PATH=/home/group-7/dd2419_ws/install/robp_interfaces:/opt/ros/jazzy/opt/gz_math_vendor:/opt/ros/jazzy/opt/gz_utils_vendor:/opt/ros/jazzy/opt/gz_cmake_vendor:/opt/ros/jazzy DEBUGINFOD_URLS=https://debuginfod.ubuntu.com LD_LIBRARY_PATH=/home/group-7/dd2419_ws/install/robp_interfaces/lib:${LD_LIBRARY_PATH} PYTHONPATH=/home/group-7/dd2419_ws/install/robp_interfaces/lib/python3.12/site-packages:${PYTHONPATH} /usr/bin/cmake --build /home/group-7/dd2419_ws/build/robp_phidgets_encoders -- -j16 -l16
[0.073s] Invoking command in '/home/group-7/dd2419_ws/build/robp_phidgets_encoders': AMENT_PREFIX_PATH=/home/group-7/dd2419_ws/install/robp_interfaces:${AMENT_PREFIX_PATH} CMAKE_PREFIX_PATH=/home/group-7/dd2419_ws/install/robp_interfaces:/opt/ros/jazzy/opt/gz_math_vendor:/opt/ros/jazzy/opt/gz_utils_vendor:/opt/ros/jazzy/opt/gz_cmake_vendor:/opt/ros/jazzy DEBUGINFOD_URLS=https://debuginfod.ubuntu.com LD_LIBRARY_PATH=/home/group-7/dd2419_ws/install/robp_interfaces/lib:${LD_LIBRARY_PATH} PYTHONPATH=/home/group-7/dd2419_ws/install/robp_interfaces/lib/python3.12/site-packages:${PYTHONPATH} /usr/bin/cmake --install /home/group-7/dd2419_ws/build/robp_phidgets_encoders
[0.080s] -- Install configuration: "Release"
[0.080s] -- Execute custom install script
[0.080s] -- Up-to-date symlink: /home/group-7/dd2419_ws/install/robp_phidgets_encoders/lib/librobp_phidgets_encoders.so
[0.081s] -- Up-to-date symlink: /home/group-7/dd2419_ws/install/robp_phidgets_encoders/include/robp_phidgets_encoders/encoder.hpp
[0.081s] -- Up-to-date symlink: /home/group-7/dd2419_ws/install/robp_phidgets_encoders/include/robp_phidgets_encoders/encoders.hpp
[0.082s] -- Up-to-date symlink: /home/group-7/dd2419_ws/install/robp_phidgets_encoders/share/robp_phidgets_encoders/launch/encoders_launch.py
[0.082s] -- Up-to-date symlink: /home/group-7/dd2419_ws/install/robp_phidgets_encoders/share/ament_index/resource_index/package_run_dependencies/robp_phidgets_encoders
[0.082s] -- Up-to-date symlink: /home/group-7/dd2419_ws/install/robp_phidgets_encoders/share/ament_index/resource_index/parent_prefix_path/robp_phidgets_encoders
[0.082s] -- Up-to-date symlink: /home/group-7/dd2419_ws/install/robp_phidgets_encoders/share/robp_phidgets_encoders/environment/ament_prefix_path.sh
[0.082s] -- Up-to-date symlink: /home/group-7/dd2419_ws/install/robp_phidgets_encoders/share/robp_phidgets_encoders/environment/ament_prefix_path.dsv
[0.082s] -- Up-to-date symlink: /home/group-7/dd2419_ws/install/robp_phidgets_encoders/share/robp_phidgets_encoders/environment/path.sh
[0.082s] -- Up-to-date symlink: /home/group-7/dd2419_ws/install/robp_phidgets_encoders/share/robp_phidgets_encoders/environment/path.dsv
[0.082s] -- Up-to-date symlink: /home/group-7/dd2419_ws/install/robp_phidgets_encoders/share/robp_phidgets_encoders/local_setup.bash
[0.082s] -- Up-to-date symlink: /home/group-7/dd2419_ws/install/robp_phidgets_encoders/share/robp_phidgets_encoders/local_setup.sh
[0.083s] -- Up-to-date symlink: /home/group-7/dd2419_ws/install/robp_phidgets_encoders/share/robp_phidgets_encoders/local_setup.zsh
[0.083s] -- Up-to-date symlink: /home/group-7/dd2419_ws/install/robp_phidgets_encoders/share/robp_phidgets_encoders/local_setup.dsv
[0.083s] -- Symlinking: /home/group-7/dd2419_ws/install/robp_phidgets_encoders/share/robp_phidgets_encoders/package.dsv
[0.090s] -- Up-to-date symlink: /home/group-7/dd2419_ws/install/robp_phidgets_encoders/share/ament_index/resource_index/packages/robp_phidgets_encoders
[0.090s] -- Up-to-date symlink: /home/group-7/dd2419_ws/install/robp_phidgets_encoders/share/ament_index/resource_index/rclcpp_components/robp_phidgets_encoders
[0.090s] -- Up-to-date symlink: /home/group-7/dd2419_ws/install/robp_phidgets_encoders/share/robp_phidgets_encoders/cmake/robp_phidgets_encodersConfig.cmake
[0.090s] -- Up-to-date symlink: /home/group-7/dd2419_ws/install/robp_phidgets_encoders/share/robp_phidgets_encoders/cmake/robp_phidgets_encodersConfig-version.cmake
[0.091s] -- Up-to-date symlink: /home/group-7/dd2419_ws/install/robp_phidgets_encoders/share/robp_phidgets_encoders/package.xml
[0.092s] Invoked command in '/home/group-7/dd2419_ws/build/robp_phidgets_encoders' returned '0': AMENT_PREFIX_PATH=/home/group-7/dd2419_ws/install/robp_interfaces:${AMENT_PREFIX_PATH} CMAKE_PREFIX_PATH=/home/group-7/dd2419_ws/install/robp_interfaces:/opt/ros/jazzy/opt/gz_math_vendor:/opt/ros/jazzy/opt/gz_utils_vendor:/opt/ros/jazzy/opt/gz_cmake_vendor:/opt/ros/jazzy DEBUGINFOD_URLS=https://debuginfod.ubuntu.com LD_LIBRARY_PATH=/home/group-7/dd2419_ws/install/robp_interfaces/lib:${LD_LIBRARY_PATH} PYTHONPATH=/home/group-7/dd2419_ws/install/robp_interfaces/lib/python3.12/site-packages:${PYTHONPATH} /usr/bin/cmake --install /home/group-7/dd2419_ws/build/robp_phidgets_encoders
