[0.032s] Invoking command in '/home/sleepy/robp-group7-sleepy/build/robp_phidgets_spatial': AMENT_PREFIX_PATH=/home/sleepy/robp-group7-sleepy/install/robp_interfaces:${AMENT_PREFIX_PATH} CMAKE_PREFIX_PATH=/home/sleepy/robp-group7-sleepy/install/robp_interfaces:/opt/ros/jazzy/opt/gz_math_vendor:/opt/ros/jazzy/opt/gz_utils_vendor:/opt/ros/jazzy/opt/gz_cmake_vendor:/opt/ros/jazzy DEBUGINFOD_URLS=https://debuginfod.ubuntu.com LD_LIBRARY_PATH=/home/sleepy/robp-group7-sleepy/install/robp_interfaces/lib:${LD_LIBRARY_PATH} PYTHONPATH=/home/sleepy/robp-group7-sleepy/install/robp_interfaces/lib/python3.12/site-packages:${PYTHONPATH} /usr/bin/cmake /home/sleepy/robp-group7-sleepy/src/robp_robot/robp_phidgets/robp_phidgets_spatial -DAMENT_CMAKE_SYMLINK_INSTALL=1 -DCMAKE_INSTALL_PREFIX=/home/sleepy/robp-group7-sleepy/install/robp_phidgets_spatial
[0.049s] -- robp_phidgets_spatial: You did not request a specific build type: Choosing 'Release' for maximum performance
[0.137s] -- The C compiler identification is GNU 13.3.0
[0.308s] -- The CXX compiler identification is GNU 13.3.0
[0.359s] -- Detecting C compiler ABI info
[0.557s] -- Detecting C compiler ABI info - done
[0.587s] -- Check for working C compiler: /usr/bin/cc - skipped
[0.588s] -- Detecting C compile features
[0.589s] -- Detecting C compile features - done
[0.606s] -- Detecting CXX compiler ABI info
[0.796s] -- Detecting CXX compiler ABI info - done
[0.821s] -- Check for working CXX compiler: /usr/bin/c++ - skipped
[0.824s] -- Detecting CXX compile features
[0.824s] -- Detecting CXX compile features - done
[0.831s] -- Found ament_cmake_ros: 0.12.0 (/opt/ros/jazzy/share/ament_cmake_ros/cmake)
[1.149s] -- Found Python3: /usr/bin/python3 (found version "3.12.3") found components: Interpreter 
[1.319s] -- Override CMake install command with custom implementation using symlinks instead of copying resources
[1.375s] -- Found angles: 1.16.0 (/opt/ros/jazzy/share/angles/cmake)
[1.378s] -- Found libphidget22: 2.3.3 (/opt/ros/jazzy/share/libphidget22/cmake)
[1.381s] -- Found phidgets_api: 2.3.3 (/opt/ros/jazzy/share/phidgets_api/cmake)
[1.388s] -- Found rclcpp: 28.1.6 (/opt/ros/jazzy/share/rclcpp/cmake)
[1.475s] -- Found rosidl_generator_c: 4.6.5 (/opt/ros/jazzy/share/rosidl_generator_c/cmake)
[1.519s] -- Found rosidl_generator_cpp: 4.6.5 (/opt/ros/jazzy/share/rosidl_generator_cpp/cmake)
[1.552s] -- Using all available rosidl_typesupport_c: rosidl_typesupport_fastrtps_c;rosidl_typesupport_introspection_c
[1.590s] -- Using all available rosidl_typesupport_cpp: rosidl_typesupport_fastrtps_cpp;rosidl_typesupport_introspection_cpp
[1.753s] -- Found rmw_implementation_cmake: 7.3.1 (/opt/ros/jazzy/share/rmw_implementation_cmake/cmake)
[1.759s] -- Found rmw_fastrtps_cpp: 8.4.1 (/opt/ros/jazzy/share/rmw_fastrtps_cpp/cmake)
[1.907s] -- Found OpenSSL: /usr/lib/x86_64-linux-gnu/libcrypto.so (found version "3.0.13")  
[1.945s] -- Found FastRTPS: /opt/ros/jazzy/include (Required is at least version "2.13") 
[1.990s] -- Using RMW implementation 'rmw_fastrtps_cpp' as default
[2.144s] -- Found rclcpp_components: 28.1.6 (/opt/ros/jazzy/share/rclcpp_components/cmake)
[2.220s] -- Found robp_interfaces: 1.0.0 (/home/sleepy/robp-group7-sleepy/install/robp_interfaces/share/robp_interfaces/cmake)
[2.294s] -- Found sensor_msgs: 5.3.5 (/opt/ros/jazzy/share/sensor_msgs/cmake)
[2.369s] -- Found std_srvs: 5.3.5 (/opt/ros/jazzy/share/std_srvs/cmake)
[2.390s] -- Found tf2: 0.36.8 (/opt/ros/jazzy/share/tf2/cmake)
[2.397s] -- Found tf2_geometry_msgs: 0.36.8 (/opt/ros/jazzy/share/tf2_geometry_msgs/cmake)
[2.415s] -- Found eigen3_cmake_module: 0.3.0 (/opt/ros/jazzy/share/eigen3_cmake_module/cmake)
[2.417s] -- Found Eigen3: TRUE (found version "3.4.0") 
[2.417s] -- Ensuring Eigen3 include directory is part of orocos-kdl CMake target
[2.701s] -- Configuring done (2.6s)
[2.725s] -- Generating done (0.0s)
[2.735s] -- Build files have been written to: /home/sleepy/robp-group7-sleepy/build/robp_phidgets_spatial
[2.748s] Invoked command in '/home/sleepy/robp-group7-sleepy/build/robp_phidgets_spatial' returned '0': AMENT_PREFIX_PATH=/home/sleepy/robp-group7-sleepy/install/robp_interfaces:${AMENT_PREFIX_PATH} CMAKE_PREFIX_PATH=/home/sleepy/robp-group7-sleepy/install/robp_interfaces:/opt/ros/jazzy/opt/gz_math_vendor:/opt/ros/jazzy/opt/gz_utils_vendor:/opt/ros/jazzy/opt/gz_cmake_vendor:/opt/ros/jazzy DEBUGINFOD_URLS=https://debuginfod.ubuntu.com LD_LIBRARY_PATH=/home/sleepy/robp-group7-sleepy/install/robp_interfaces/lib:${LD_LIBRARY_PATH} PYTHONPATH=/home/sleepy/robp-group7-sleepy/install/robp_interfaces/lib/python3.12/site-packages:${PYTHONPATH} /usr/bin/cmake /home/sleepy/robp-group7-sleepy/src/robp_robot/robp_phidgets/robp_phidgets_spatial -DAMENT_CMAKE_SYMLINK_INSTALL=1 -DCMAKE_INSTALL_PREFIX=/home/sleepy/robp-group7-sleepy/install/robp_phidgets_spatial
[2.749s] Invoking command in '/home/sleepy/robp-group7-sleepy/build/robp_phidgets_spatial': AMENT_PREFIX_PATH=/home/sleepy/robp-group7-sleepy/install/robp_interfaces:${AMENT_PREFIX_PATH} CMAKE_PREFIX_PATH=/home/sleepy/robp-group7-sleepy/install/robp_interfaces:/opt/ros/jazzy/opt/gz_math_vendor:/opt/ros/jazzy/opt/gz_utils_vendor:/opt/ros/jazzy/opt/gz_cmake_vendor:/opt/ros/jazzy DEBUGINFOD_URLS=https://debuginfod.ubuntu.com LD_LIBRARY_PATH=/home/sleepy/robp-group7-sleepy/install/robp_interfaces/lib:${LD_LIBRARY_PATH} PYTHONPATH=/home/sleepy/robp-group7-sleepy/install/robp_interfaces/lib/python3.12/site-packages:${PYTHONPATH} /usr/bin/cmake --build /home/sleepy/robp-group7-sleepy/build/robp_phidgets_spatial -- -j8 -l8
[2.808s] [ 50%] [32mBuilding CXX object CMakeFiles/robp_phidgets_spatial.dir/src/spatial.cpp.o[0m
[13.250s] [100%] [32m[1mLinking CXX shared library librobp_phidgets_spatial.so[0m
[13.474s] [100%] Built target robp_phidgets_spatial
[13.486s] Invoked command in '/home/sleepy/robp-group7-sleepy/build/robp_phidgets_spatial' returned '0': AMENT_PREFIX_PATH=/home/sleepy/robp-group7-sleepy/install/robp_interfaces:${AMENT_PREFIX_PATH} CMAKE_PREFIX_PATH=/home/sleepy/robp-group7-sleepy/install/robp_interfaces:/opt/ros/jazzy/opt/gz_math_vendor:/opt/ros/jazzy/opt/gz_utils_vendor:/opt/ros/jazzy/opt/gz_cmake_vendor:/opt/ros/jazzy DEBUGINFOD_URLS=https://debuginfod.ubuntu.com LD_LIBRARY_PATH=/home/sleepy/robp-group7-sleepy/install/robp_interfaces/lib:${LD_LIBRARY_PATH} PYTHONPATH=/home/sleepy/robp-group7-sleepy/install/robp_interfaces/lib/python3.12/site-packages:${PYTHONPATH} /usr/bin/cmake --build /home/sleepy/robp-group7-sleepy/build/robp_phidgets_spatial -- -j8 -l8
[13.487s] Invoking command in '/home/sleepy/robp-group7-sleepy/build/robp_phidgets_spatial': AMENT_PREFIX_PATH=/home/sleepy/robp-group7-sleepy/install/robp_interfaces:${AMENT_PREFIX_PATH} CMAKE_PREFIX_PATH=/home/sleepy/robp-group7-sleepy/install/robp_interfaces:/opt/ros/jazzy/opt/gz_math_vendor:/opt/ros/jazzy/opt/gz_utils_vendor:/opt/ros/jazzy/opt/gz_cmake_vendor:/opt/ros/jazzy DEBUGINFOD_URLS=https://debuginfod.ubuntu.com LD_LIBRARY_PATH=/home/sleepy/robp-group7-sleepy/install/robp_interfaces/lib:${LD_LIBRARY_PATH} PYTHONPATH=/home/sleepy/robp-group7-sleepy/install/robp_interfaces/lib/python3.12/site-packages:${PYTHONPATH} /usr/bin/cmake --install /home/sleepy/robp-group7-sleepy/build/robp_phidgets_spatial
[13.496s] -- Install configuration: "Release"
[13.496s] -- Execute custom install script
[13.497s] -- Symlinking: /home/sleepy/robp-group7-sleepy/install/robp_phidgets_spatial/lib/librobp_phidgets_spatial.so
[13.507s] -- Symlinking: /home/sleepy/robp-group7-sleepy/install/robp_phidgets_spatial/include/robp_phidgets_spatial/spatial.hpp
[13.516s] -- Symlinking: /home/sleepy/robp-group7-sleepy/install/robp_phidgets_spatial/share/robp_phidgets_spatial/launch/spatial_launch.py
[13.526s] -- Symlinking: /home/sleepy/robp-group7-sleepy/install/robp_phidgets_spatial/share/ament_index/resource_index/package_run_dependencies/robp_phidgets_spatial
[13.535s] -- Symlinking: /home/sleepy/robp-group7-sleepy/install/robp_phidgets_spatial/share/ament_index/resource_index/parent_prefix_path/robp_phidgets_spatial
[13.545s] -- Symlinking: /home/sleepy/robp-group7-sleepy/install/robp_phidgets_spatial/share/robp_phidgets_spatial/environment/ament_prefix_path.sh
[13.554s] -- Symlinking: /home/sleepy/robp-group7-sleepy/install/robp_phidgets_spatial/share/robp_phidgets_spatial/environment/ament_prefix_path.dsv
[13.564s] -- Symlinking: /home/sleepy/robp-group7-sleepy/install/robp_phidgets_spatial/share/robp_phidgets_spatial/environment/path.sh
[13.573s] -- Symlinking: /home/sleepy/robp-group7-sleepy/install/robp_phidgets_spatial/share/robp_phidgets_spatial/environment/path.dsv
[13.583s] -- Symlinking: /home/sleepy/robp-group7-sleepy/install/robp_phidgets_spatial/share/robp_phidgets_spatial/local_setup.bash
[13.592s] -- Symlinking: /home/sleepy/robp-group7-sleepy/install/robp_phidgets_spatial/share/robp_phidgets_spatial/local_setup.sh
[13.602s] -- Symlinking: /home/sleepy/robp-group7-sleepy/install/robp_phidgets_spatial/share/robp_phidgets_spatial/local_setup.zsh
[13.611s] -- Symlinking: /home/sleepy/robp-group7-sleepy/install/robp_phidgets_spatial/share/robp_phidgets_spatial/local_setup.dsv
[13.621s] -- Symlinking: /home/sleepy/robp-group7-sleepy/install/robp_phidgets_spatial/share/robp_phidgets_spatial/package.dsv
[13.631s] -- Symlinking: /home/sleepy/robp-group7-sleepy/install/robp_phidgets_spatial/share/ament_index/resource_index/packages/robp_phidgets_spatial
[13.640s] -- Symlinking: /home/sleepy/robp-group7-sleepy/install/robp_phidgets_spatial/share/ament_index/resource_index/rclcpp_components/robp_phidgets_spatial
[13.650s] -- Symlinking: /home/sleepy/robp-group7-sleepy/install/robp_phidgets_spatial/share/robp_phidgets_spatial/cmake/robp_phidgets_spatialConfig.cmake
[13.659s] -- Symlinking: /home/sleepy/robp-group7-sleepy/install/robp_phidgets_spatial/share/robp_phidgets_spatial/cmake/robp_phidgets_spatialConfig-version.cmake
[13.669s] -- Symlinking: /home/sleepy/robp-group7-sleepy/install/robp_phidgets_spatial/share/robp_phidgets_spatial/package.xml
[13.680s] Invoked command in '/home/sleepy/robp-group7-sleepy/build/robp_phidgets_spatial' returned '0': AMENT_PREFIX_PATH=/home/sleepy/robp-group7-sleepy/install/robp_interfaces:${AMENT_PREFIX_PATH} CMAKE_PREFIX_PATH=/home/sleepy/robp-group7-sleepy/install/robp_interfaces:/opt/ros/jazzy/opt/gz_math_vendor:/opt/ros/jazzy/opt/gz_utils_vendor:/opt/ros/jazzy/opt/gz_cmake_vendor:/opt/ros/jazzy DEBUGINFOD_URLS=https://debuginfod.ubuntu.com LD_LIBRARY_PATH=/home/sleepy/robp-group7-sleepy/install/robp_interfaces/lib:${LD_LIBRARY_PATH} PYTHONPATH=/home/sleepy/robp-group7-sleepy/install/robp_interfaces/lib/python3.12/site-packages:${PYTHONPATH} /usr/bin/cmake --install /home/sleepy/robp-group7-sleepy/build/robp_phidgets_spatial
