[0.170s] DEBUG:colcon:Command line arguments: ['/usr/bin/colcon', 'build', '--packages-select', 'lidar_processing']
[0.170s] DEBUG:colcon:Parsed command line arguments: Namespace(log_base=None, log_level=None, verb_name='build', build_base='build', install_base='install', merge_install=False, symlink_install=False, test_result_base=None, continue_on_error=False, executor='parallel', parallel_workers=8, event_handlers=None, ignore_user_meta=False, metas=['./colcon.meta'], base_paths=['.'], packages_ignore=None, packages_ignore_regex=None, paths=None, packages_up_to=None, packages_up_to_regex=None, packages_above=None, packages_above_and_dependencies=None, packages_above_depth=None, packages_select_by_dep=None, packages_skip_by_dep=None, packages_skip_up_to=None, packages_select_build_failed=False, packages_skip_build_finished=False, packages_select_test_failures=False, packages_skip_test_passed=False, packages_select=['lidar_processing'], packages_skip=None, packages_select_regex=None, packages_skip_regex=None, packages_start=None, packages_end=None, allow_overriding=[], cmake_args=None, cmake_target=None, cmake_target_skip_unavailable=False, cmake_clean_cache=False, cmake_clean_first=False, cmake_force_configure=False, ament_cmake_args=None, catkin_cmake_args=None, catkin_skip_building_tests=False, verb_parser=<colcon_defaults.argument_parser.defaults.DefaultArgumentsDecorator object at 0x7b7c925cb950>, verb_extension=<colcon_core.verb.build.BuildVerb object at 0x7b7c9269db80>, main=<bound method BuildVerb.main of <colcon_core.verb.build.BuildVerb object at 0x7b7c9269db80>>)
[0.217s] Level 1:colcon.colcon_core.package_discovery:discover_packages(colcon_meta) check parameters
[0.217s] Level 1:colcon.colcon_core.package_discovery:discover_packages(recursive) check parameters
[0.217s] Level 1:colcon.colcon_core.package_discovery:discover_packages(ignore) check parameters
[0.217s] Level 1:colcon.colcon_core.package_discovery:discover_packages(path) check parameters
[0.217s] Level 1:colcon.colcon_core.package_discovery:discover_packages(colcon_meta) discover
[0.218s] Level 1:colcon.colcon_core.package_discovery:discover_packages(recursive) discover
[0.218s] INFO:colcon.colcon_core.package_discovery:Crawling recursively for packages in '/home/sleepy/robp-group7-sleepy'
[0.218s] Level 1:colcon.colcon_core.package_identification:_identify(.) by extensions ['ignore', 'ignore_ament_install']
[0.218s] Level 1:colcon.colcon_core.package_identification:_identify(.) by extension 'ignore'
[0.218s] Level 1:colcon.colcon_core.package_identification:_identify(.) by extension 'ignore_ament_install'
[0.218s] Level 1:colcon.colcon_core.package_identification:_identify(.) by extensions ['colcon_pkg']
[0.218s] Level 1:colcon.colcon_core.package_identification:_identify(.) by extension 'colcon_pkg'
[0.218s] Level 1:colcon.colcon_core.package_identification:_identify(.) by extensions ['colcon_meta']
[0.218s] Level 1:colcon.colcon_core.package_identification:_identify(.) by extension 'colcon_meta'
[0.218s] Level 1:colcon.colcon_core.package_identification:_identify(.) by extensions ['ros']
[0.219s] Level 1:colcon.colcon_core.package_identification:_identify(.) by extension 'ros'
[0.251s] Level 1:colcon.colcon_core.package_identification:_identify(.) by extensions ['cmake', 'python']
[0.251s] Level 1:colcon.colcon_core.package_identification:_identify(.) by extension 'cmake'
[0.251s] Level 1:colcon.colcon_core.package_identification:_identify(.) by extension 'python'
[0.251s] Level 1:colcon.colcon_core.package_identification:_identify(.) by extensions ['python_setup_py']
[0.251s] Level 1:colcon.colcon_core.package_identification:_identify(.) by extension 'python_setup_py'
[0.252s] Level 1:colcon.colcon_core.package_identification:_identify(bags) by extensions ['ignore', 'ignore_ament_install']
[0.252s] Level 1:colcon.colcon_core.package_identification:_identify(bags) by extension 'ignore'
[0.252s] Level 1:colcon.colcon_core.package_identification:_identify(bags) by extension 'ignore_ament_install'
[0.252s] Level 1:colcon.colcon_core.package_identification:_identify(bags) by extensions ['colcon_pkg']
[0.252s] Level 1:colcon.colcon_core.package_identification:_identify(bags) by extension 'colcon_pkg'
[0.252s] Level 1:colcon.colcon_core.package_identification:_identify(bags) by extensions ['colcon_meta']
[0.252s] Level 1:colcon.colcon_core.package_identification:_identify(bags) by extension 'colcon_meta'
[0.252s] Level 1:colcon.colcon_core.package_identification:_identify(bags) by extensions ['ros']
[0.252s] Level 1:colcon.colcon_core.package_identification:_identify(bags) by extension 'ros'
[0.253s] Level 1:colcon.colcon_core.package_identification:_identify(bags) by extensions ['cmake', 'python']
[0.253s] Level 1:colcon.colcon_core.package_identification:_identify(bags) by extension 'cmake'
[0.253s] Level 1:colcon.colcon_core.package_identification:_identify(bags) by extension 'python'
[0.253s] Level 1:colcon.colcon_core.package_identification:_identify(bags) by extensions ['python_setup_py']
[0.253s] Level 1:colcon.colcon_core.package_identification:_identify(bags) by extension 'python_setup_py'
[0.253s] Level 1:colcon.colcon_core.package_identification:_identify(bags/rosbag2_2025_02_04-17_53_24) by extensions ['ignore', 'ignore_ament_install']
[0.253s] Level 1:colcon.colcon_core.package_identification:_identify(bags/rosbag2_2025_02_04-17_53_24) by extension 'ignore'
[0.253s] Level 1:colcon.colcon_core.package_identification:_identify(bags/rosbag2_2025_02_04-17_53_24) by extension 'ignore_ament_install'
[0.253s] Level 1:colcon.colcon_core.package_identification:_identify(bags/rosbag2_2025_02_04-17_53_24) by extensions ['colcon_pkg']
[0.253s] Level 1:colcon.colcon_core.package_identification:_identify(bags/rosbag2_2025_02_04-17_53_24) by extension 'colcon_pkg'
[0.253s] Level 1:colcon.colcon_core.package_identification:_identify(bags/rosbag2_2025_02_04-17_53_24) by extensions ['colcon_meta']
[0.254s] Level 1:colcon.colcon_core.package_identification:_identify(bags/rosbag2_2025_02_04-17_53_24) by extension 'colcon_meta'
[0.254s] Level 1:colcon.colcon_core.package_identification:_identify(bags/rosbag2_2025_02_04-17_53_24) by extensions ['ros']
[0.254s] Level 1:colcon.colcon_core.package_identification:_identify(bags/rosbag2_2025_02_04-17_53_24) by extension 'ros'
[0.254s] Level 1:colcon.colcon_core.package_identification:_identify(bags/rosbag2_2025_02_04-17_53_24) by extensions ['cmake', 'python']
[0.254s] Level 1:colcon.colcon_core.package_identification:_identify(bags/rosbag2_2025_02_04-17_53_24) by extension 'cmake'
[0.254s] Level 1:colcon.colcon_core.package_identification:_identify(bags/rosbag2_2025_02_04-17_53_24) by extension 'python'
[0.254s] Level 1:colcon.colcon_core.package_identification:_identify(bags/rosbag2_2025_02_04-17_53_24) by extensions ['python_setup_py']
[0.254s] Level 1:colcon.colcon_core.package_identification:_identify(bags/rosbag2_2025_02_04-17_53_24) by extension 'python_setup_py'
[0.254s] Level 1:colcon.colcon_core.package_identification:_identify(build) by extensions ['ignore', 'ignore_ament_install']
[0.254s] Level 1:colcon.colcon_core.package_identification:_identify(build) by extension 'ignore'
[0.254s] Level 1:colcon.colcon_core.package_identification:_identify(build) ignored
[0.255s] Level 1:colcon.colcon_core.package_identification:_identify(install) by extensions ['ignore', 'ignore_ament_install']
[0.255s] Level 1:colcon.colcon_core.package_identification:_identify(install) by extension 'ignore'
[0.255s] Level 1:colcon.colcon_core.package_identification:_identify(install) ignored
[0.255s] Level 1:colcon.colcon_core.package_identification:_identify(log) by extensions ['ignore', 'ignore_ament_install']
[0.255s] Level 1:colcon.colcon_core.package_identification:_identify(log) by extension 'ignore'
[0.255s] Level 1:colcon.colcon_core.package_identification:_identify(log) ignored
[0.255s] Level 1:colcon.colcon_core.package_identification:_identify(src) by extensions ['ignore', 'ignore_ament_install']
[0.256s] Level 1:colcon.colcon_core.package_identification:_identify(src) by extension 'ignore'
[0.256s] Level 1:colcon.colcon_core.package_identification:_identify(src) by extension 'ignore_ament_install'
[0.256s] Level 1:colcon.colcon_core.package_identification:_identify(src) by extensions ['colcon_pkg']
[0.256s] Level 1:colcon.colcon_core.package_identification:_identify(src) by extension 'colcon_pkg'
[0.256s] Level 1:colcon.colcon_core.package_identification:_identify(src) by extensions ['colcon_meta']
[0.256s] Level 1:colcon.colcon_core.package_identification:_identify(src) by extension 'colcon_meta'
[0.256s] Level 1:colcon.colcon_core.package_identification:_identify(src) by extensions ['ros']
[0.256s] Level 1:colcon.colcon_core.package_identification:_identify(src) by extension 'ros'
[0.256s] Level 1:colcon.colcon_core.package_identification:_identify(src) by extensions ['cmake', 'python']
[0.256s] Level 1:colcon.colcon_core.package_identification:_identify(src) by extension 'cmake'
[0.256s] Level 1:colcon.colcon_core.package_identification:_identify(src) by extension 'python'
[0.256s] Level 1:colcon.colcon_core.package_identification:_identify(src) by extensions ['python_setup_py']
[0.257s] Level 1:colcon.colcon_core.package_identification:_identify(src) by extension 'python_setup_py'
[0.257s] Level 1:colcon.colcon_core.package_identification:_identify(src/core) by extensions ['ignore', 'ignore_ament_install']
[0.257s] Level 1:colcon.colcon_core.package_identification:_identify(src/core) by extension 'ignore'
[0.257s] Level 1:colcon.colcon_core.package_identification:_identify(src/core) by extension 'ignore_ament_install'
[0.257s] Level 1:colcon.colcon_core.package_identification:_identify(src/core) by extensions ['colcon_pkg']
[0.257s] Level 1:colcon.colcon_core.package_identification:_identify(src/core) by extension 'colcon_pkg'
[0.257s] Level 1:colcon.colcon_core.package_identification:_identify(src/core) by extensions ['colcon_meta']
[0.257s] Level 1:colcon.colcon_core.package_identification:_identify(src/core) by extension 'colcon_meta'
[0.257s] Level 1:colcon.colcon_core.package_identification:_identify(src/core) by extensions ['ros']
[0.257s] Level 1:colcon.colcon_core.package_identification:_identify(src/core) by extension 'ros'
[0.258s] Level 1:colcon.colcon_core.package_identification:_identify(src/core) by extensions ['cmake', 'python']
[0.258s] Level 1:colcon.colcon_core.package_identification:_identify(src/core) by extension 'cmake'
[0.258s] Level 1:colcon.colcon_core.package_identification:_identify(src/core) by extension 'python'
[0.258s] Level 1:colcon.colcon_core.package_identification:_identify(src/core) by extensions ['python_setup_py']
[0.258s] Level 1:colcon.colcon_core.package_identification:_identify(src/core) by extension 'python_setup_py'
[0.258s] Level 1:colcon.colcon_core.package_identification:_identify(src/core/arm_control) by extensions ['ignore', 'ignore_ament_install']
[0.258s] Level 1:colcon.colcon_core.package_identification:_identify(src/core/arm_control) by extension 'ignore'
[0.258s] Level 1:colcon.colcon_core.package_identification:_identify(src/core/arm_control) by extension 'ignore_ament_install'
[0.258s] Level 1:colcon.colcon_core.package_identification:_identify(src/core/arm_control) by extensions ['colcon_pkg']
[0.258s] Level 1:colcon.colcon_core.package_identification:_identify(src/core/arm_control) by extension 'colcon_pkg'
[0.259s] Level 1:colcon.colcon_core.package_identification:_identify(src/core/arm_control) by extensions ['colcon_meta']
[0.259s] Level 1:colcon.colcon_core.package_identification:_identify(src/core/arm_control) by extension 'colcon_meta'
[0.259s] Level 1:colcon.colcon_core.package_identification:_identify(src/core/arm_control) by extensions ['ros']
[0.259s] Level 1:colcon.colcon_core.package_identification:_identify(src/core/arm_control) by extension 'ros'
[0.262s] DEBUG:colcon.colcon_core.package_identification:Package 'src/core/arm_control' with type 'ros.ament_python' and name 'arm_control'
[0.262s] Level 1:colcon.colcon_core.package_identification:_identify(src/core/build) by extensions ['ignore', 'ignore_ament_install']
[0.262s] Level 1:colcon.colcon_core.package_identification:_identify(src/core/build) by extension 'ignore'
[0.262s] Level 1:colcon.colcon_core.package_identification:_identify(src/core/build) ignored
[0.262s] Level 1:colcon.colcon_core.package_identification:_identify(src/core/core_launch) by extensions ['ignore', 'ignore_ament_install']
[0.262s] Level 1:colcon.colcon_core.package_identification:_identify(src/core/core_launch) by extension 'ignore'
[0.263s] Level 1:colcon.colcon_core.package_identification:_identify(src/core/core_launch) by extension 'ignore_ament_install'
[0.263s] Level 1:colcon.colcon_core.package_identification:_identify(src/core/core_launch) by extensions ['colcon_pkg']
[0.263s] Level 1:colcon.colcon_core.package_identification:_identify(src/core/core_launch) by extension 'colcon_pkg'
[0.263s] Level 1:colcon.colcon_core.package_identification:_identify(src/core/core_launch) by extensions ['colcon_meta']
[0.263s] Level 1:colcon.colcon_core.package_identification:_identify(src/core/core_launch) by extension 'colcon_meta'
[0.263s] Level 1:colcon.colcon_core.package_identification:_identify(src/core/core_launch) by extensions ['ros']
[0.263s] Level 1:colcon.colcon_core.package_identification:_identify(src/core/core_launch) by extension 'ros'
[0.264s] DEBUG:colcon.colcon_core.package_identification:Package 'src/core/core_launch' with type 'ros.ament_python' and name 'core_launch'
[0.264s] Level 1:colcon.colcon_core.package_identification:_identify(src/core/include) by extensions ['ignore', 'ignore_ament_install']
[0.264s] Level 1:colcon.colcon_core.package_identification:_identify(src/core/include) by extension 'ignore'
[0.264s] Level 1:colcon.colcon_core.package_identification:_identify(src/core/include) by extension 'ignore_ament_install'
[0.264s] Level 1:colcon.colcon_core.package_identification:_identify(src/core/include) by extensions ['colcon_pkg']
[0.264s] Level 1:colcon.colcon_core.package_identification:_identify(src/core/include) by extension 'colcon_pkg'
[0.264s] Level 1:colcon.colcon_core.package_identification:_identify(src/core/include) by extensions ['colcon_meta']
[0.264s] Level 1:colcon.colcon_core.package_identification:_identify(src/core/include) by extension 'colcon_meta'
[0.264s] Level 1:colcon.colcon_core.package_identification:_identify(src/core/include) by extensions ['ros']
[0.265s] Level 1:colcon.colcon_core.package_identification:_identify(src/core/include) by extension 'ros'
[0.265s] Level 1:colcon.colcon_core.package_identification:_identify(src/core/include) by extensions ['cmake', 'python']
[0.265s] Level 1:colcon.colcon_core.package_identification:_identify(src/core/include) by extension 'cmake'
[0.265s] Level 1:colcon.colcon_core.package_identification:_identify(src/core/include) by extension 'python'
[0.265s] Level 1:colcon.colcon_core.package_identification:_identify(src/core/include) by extensions ['python_setup_py']
[0.265s] Level 1:colcon.colcon_core.package_identification:_identify(src/core/include) by extension 'python_setup_py'
[0.265s] Level 1:colcon.colcon_core.package_identification:_identify(src/core/install) by extensions ['ignore', 'ignore_ament_install']
[0.265s] Level 1:colcon.colcon_core.package_identification:_identify(src/core/install) by extension 'ignore'
[0.265s] Level 1:colcon.colcon_core.package_identification:_identify(src/core/install) ignored
[0.265s] Level 1:colcon.colcon_core.package_identification:_identify(src/core/lidar_processing) by extensions ['ignore', 'ignore_ament_install']
[0.266s] Level 1:colcon.colcon_core.package_identification:_identify(src/core/lidar_processing) by extension 'ignore'
[0.266s] Level 1:colcon.colcon_core.package_identification:_identify(src/core/lidar_processing) by extension 'ignore_ament_install'
[0.266s] Level 1:colcon.colcon_core.package_identification:_identify(src/core/lidar_processing) by extensions ['colcon_pkg']
[0.266s] Level 1:colcon.colcon_core.package_identification:_identify(src/core/lidar_processing) by extension 'colcon_pkg'
[0.266s] Level 1:colcon.colcon_core.package_identification:_identify(src/core/lidar_processing) by extensions ['colcon_meta']
[0.266s] Level 1:colcon.colcon_core.package_identification:_identify(src/core/lidar_processing) by extension 'colcon_meta'
[0.266s] Level 1:colcon.colcon_core.package_identification:_identify(src/core/lidar_processing) by extensions ['ros']
[0.266s] Level 1:colcon.colcon_core.package_identification:_identify(src/core/lidar_processing) by extension 'ros'
[0.267s] DEBUG:colcon.colcon_core.package_identification:Package 'src/core/lidar_processing' with type 'ros.ament_python' and name 'lidar_processing'
[0.267s] Level 1:colcon.colcon_core.package_identification:_identify(src/core/log) by extensions ['ignore', 'ignore_ament_install']
[0.267s] Level 1:colcon.colcon_core.package_identification:_identify(src/core/log) by extension 'ignore'
[0.267s] Level 1:colcon.colcon_core.package_identification:_identify(src/core/log) ignored
[0.267s] Level 1:colcon.colcon_core.package_identification:_identify(src/core/odometry) by extensions ['ignore', 'ignore_ament_install']
[0.267s] Level 1:colcon.colcon_core.package_identification:_identify(src/core/odometry) by extension 'ignore'
[0.267s] Level 1:colcon.colcon_core.package_identification:_identify(src/core/odometry) by extension 'ignore_ament_install'
[0.267s] Level 1:colcon.colcon_core.package_identification:_identify(src/core/odometry) by extensions ['colcon_pkg']
[0.267s] Level 1:colcon.colcon_core.package_identification:_identify(src/core/odometry) by extension 'colcon_pkg'
[0.267s] Level 1:colcon.colcon_core.package_identification:_identify(src/core/odometry) by extensions ['colcon_meta']
[0.267s] Level 1:colcon.colcon_core.package_identification:_identify(src/core/odometry) by extension 'colcon_meta'
[0.268s] Level 1:colcon.colcon_core.package_identification:_identify(src/core/odometry) by extensions ['ros']
[0.268s] Level 1:colcon.colcon_core.package_identification:_identify(src/core/odometry) by extension 'ros'
[0.268s] DEBUG:colcon.colcon_core.package_identification:Package 'src/core/odometry' with type 'ros.ament_python' and name 'odometry'
[0.268s] Level 1:colcon.colcon_core.package_identification:_identify(src/core/perception) by extensions ['ignore', 'ignore_ament_install']
[0.268s] Level 1:colcon.colcon_core.package_identification:_identify(src/core/perception) by extension 'ignore'
[0.268s] Level 1:colcon.colcon_core.package_identification:_identify(src/core/perception) by extension 'ignore_ament_install'
[0.268s] Level 1:colcon.colcon_core.package_identification:_identify(src/core/perception) by extensions ['colcon_pkg']
[0.268s] Level 1:colcon.colcon_core.package_identification:_identify(src/core/perception) by extension 'colcon_pkg'
[0.269s] Level 1:colcon.colcon_core.package_identification:_identify(src/core/perception) by extensions ['colcon_meta']
[0.269s] Level 1:colcon.colcon_core.package_identification:_identify(src/core/perception) by extension 'colcon_meta'
[0.269s] Level 1:colcon.colcon_core.package_identification:_identify(src/core/perception) by extensions ['ros']
[0.269s] Level 1:colcon.colcon_core.package_identification:_identify(src/core/perception) by extension 'ros'
[0.269s] DEBUG:colcon.colcon_core.package_identification:Package 'src/core/perception' with type 'ros.ament_python' and name 'perception'
[0.269s] Level 1:colcon.colcon_core.package_identification:_identify(src/core/simple_move) by extensions ['ignore', 'ignore_ament_install']
[0.269s] Level 1:colcon.colcon_core.package_identification:_identify(src/core/simple_move) by extension 'ignore'
[0.270s] Level 1:colcon.colcon_core.package_identification:_identify(src/core/simple_move) by extension 'ignore_ament_install'
[0.270s] Level 1:colcon.colcon_core.package_identification:_identify(src/core/simple_move) by extensions ['colcon_pkg']
[0.270s] Level 1:colcon.colcon_core.package_identification:_identify(src/core/simple_move) by extension 'colcon_pkg'
[0.270s] Level 1:colcon.colcon_core.package_identification:_identify(src/core/simple_move) by extensions ['colcon_meta']
[0.270s] Level 1:colcon.colcon_core.package_identification:_identify(src/core/simple_move) by extension 'colcon_meta'
[0.270s] Level 1:colcon.colcon_core.package_identification:_identify(src/core/simple_move) by extensions ['ros']
[0.270s] Level 1:colcon.colcon_core.package_identification:_identify(src/core/simple_move) by extension 'ros'
[0.271s] DEBUG:colcon.colcon_core.package_identification:Package 'src/core/simple_move' with type 'ros.ament_python' and name 'simple_move'
[0.271s] Level 1:colcon.colcon_core.package_identification:_identify(src/core/src) by extensions ['ignore', 'ignore_ament_install']
[0.271s] Level 1:colcon.colcon_core.package_identification:_identify(src/core/src) by extension 'ignore'
[0.271s] Level 1:colcon.colcon_core.package_identification:_identify(src/core/src) by extension 'ignore_ament_install'
[0.271s] Level 1:colcon.colcon_core.package_identification:_identify(src/core/src) by extensions ['colcon_pkg']
[0.271s] Level 1:colcon.colcon_core.package_identification:_identify(src/core/src) by extension 'colcon_pkg'
[0.271s] Level 1:colcon.colcon_core.package_identification:_identify(src/core/src) by extensions ['colcon_meta']
[0.271s] Level 1:colcon.colcon_core.package_identification:_identify(src/core/src) by extension 'colcon_meta'
[0.271s] Level 1:colcon.colcon_core.package_identification:_identify(src/core/src) by extensions ['ros']
[0.271s] Level 1:colcon.colcon_core.package_identification:_identify(src/core/src) by extension 'ros'
[0.271s] Level 1:colcon.colcon_core.package_identification:_identify(src/core/src) by extensions ['cmake', 'python']
[0.272s] Level 1:colcon.colcon_core.package_identification:_identify(src/core/src) by extension 'cmake'
[0.272s] Level 1:colcon.colcon_core.package_identification:_identify(src/core/src) by extension 'python'
[0.272s] Level 1:colcon.colcon_core.package_identification:_identify(src/core/src) by extensions ['python_setup_py']
[0.272s] Level 1:colcon.colcon_core.package_identification:_identify(src/core/src) by extension 'python_setup_py'
[0.272s] Level 1:colcon.colcon_core.package_identification:_identify(src/micro_ros_setup) by extensions ['ignore', 'ignore_ament_install']
[0.272s] Level 1:colcon.colcon_core.package_identification:_identify(src/micro_ros_setup) by extension 'ignore'
[0.272s] Level 1:colcon.colcon_core.package_identification:_identify(src/micro_ros_setup) by extension 'ignore_ament_install'
[0.272s] Level 1:colcon.colcon_core.package_identification:_identify(src/micro_ros_setup) by extensions ['colcon_pkg']
[0.272s] Level 1:colcon.colcon_core.package_identification:_identify(src/micro_ros_setup) by extension 'colcon_pkg'
[0.272s] Level 1:colcon.colcon_core.package_identification:_identify(src/micro_ros_setup) by extensions ['colcon_meta']
[0.272s] Level 1:colcon.colcon_core.package_identification:_identify(src/micro_ros_setup) by extension 'colcon_meta'
[0.272s] Level 1:colcon.colcon_core.package_identification:_identify(src/micro_ros_setup) by extensions ['ros']
[0.273s] Level 1:colcon.colcon_core.package_identification:_identify(src/micro_ros_setup) by extension 'ros'
[0.273s] DEBUG:colcon.colcon_core.package_identification:Package 'src/micro_ros_setup' with type 'ros.ament_cmake' and name 'micro_ros_setup'
[0.273s] Level 1:colcon.colcon_core.package_identification:_identify(src/robp_robot) by extensions ['ignore', 'ignore_ament_install']
[0.274s] Level 1:colcon.colcon_core.package_identification:_identify(src/robp_robot) by extension 'ignore'
[0.274s] Level 1:colcon.colcon_core.package_identification:_identify(src/robp_robot) by extension 'ignore_ament_install'
[0.274s] Level 1:colcon.colcon_core.package_identification:_identify(src/robp_robot) by extensions ['colcon_pkg']
[0.274s] Level 1:colcon.colcon_core.package_identification:_identify(src/robp_robot) by extension 'colcon_pkg'
[0.274s] Level 1:colcon.colcon_core.package_identification:_identify(src/robp_robot) by extensions ['colcon_meta']
[0.274s] Level 1:colcon.colcon_core.package_identification:_identify(src/robp_robot) by extension 'colcon_meta'
[0.274s] Level 1:colcon.colcon_core.package_identification:_identify(src/robp_robot) by extensions ['ros']
[0.274s] Level 1:colcon.colcon_core.package_identification:_identify(src/robp_robot) by extension 'ros'
[0.274s] Level 1:colcon.colcon_core.package_identification:_identify(src/robp_robot) by extensions ['cmake', 'python']
[0.274s] Level 1:colcon.colcon_core.package_identification:_identify(src/robp_robot) by extension 'cmake'
[0.274s] Level 1:colcon.colcon_core.package_identification:_identify(src/robp_robot) by extension 'python'
[0.274s] Level 1:colcon.colcon_core.package_identification:_identify(src/robp_robot) by extensions ['python_setup_py']
[0.274s] Level 1:colcon.colcon_core.package_identification:_identify(src/robp_robot) by extension 'python_setup_py'
[0.275s] Level 1:colcon.colcon_core.package_identification:_identify(src/robp_robot/robp_arm) by extensions ['ignore', 'ignore_ament_install']
[0.275s] Level 1:colcon.colcon_core.package_identification:_identify(src/robp_robot/robp_arm) by extension 'ignore'
[0.275s] Level 1:colcon.colcon_core.package_identification:_identify(src/robp_robot/robp_arm) by extension 'ignore_ament_install'
[0.275s] Level 1:colcon.colcon_core.package_identification:_identify(src/robp_robot/robp_arm) by extensions ['colcon_pkg']
[0.275s] Level 1:colcon.colcon_core.package_identification:_identify(src/robp_robot/robp_arm) by extension 'colcon_pkg'
[0.275s] Level 1:colcon.colcon_core.package_identification:_identify(src/robp_robot/robp_arm) by extensions ['colcon_meta']
[0.275s] Level 1:colcon.colcon_core.package_identification:_identify(src/robp_robot/robp_arm) by extension 'colcon_meta'
[0.275s] Level 1:colcon.colcon_core.package_identification:_identify(src/robp_robot/robp_arm) by extensions ['ros']
[0.275s] Level 1:colcon.colcon_core.package_identification:_identify(src/robp_robot/robp_arm) by extension 'ros'
[0.275s] Level 1:colcon.colcon_core.package_identification:_identify(src/robp_robot/robp_arm) by extensions ['cmake', 'python']
[0.276s] Level 1:colcon.colcon_core.package_identification:_identify(src/robp_robot/robp_arm) by extension 'cmake'
[0.276s] Level 1:colcon.colcon_core.package_identification:_identify(src/robp_robot/robp_arm) by extension 'python'
[0.276s] Level 1:colcon.colcon_core.package_identification:_identify(src/robp_robot/robp_arm) by extensions ['python_setup_py']
[0.276s] Level 1:colcon.colcon_core.package_identification:_identify(src/robp_robot/robp_arm) by extension 'python_setup_py'
[0.276s] Level 1:colcon.colcon_core.package_identification:_identify(src/robp_robot/robp_arm/Hiwonder_xArm_ROS2) by extensions ['ignore', 'ignore_ament_install']
[0.276s] Level 1:colcon.colcon_core.package_identification:_identify(src/robp_robot/robp_arm/Hiwonder_xArm_ROS2) by extension 'ignore'
[0.276s] Level 1:colcon.colcon_core.package_identification:_identify(src/robp_robot/robp_arm/Hiwonder_xArm_ROS2) by extension 'ignore_ament_install'
[0.276s] Level 1:colcon.colcon_core.package_identification:_identify(src/robp_robot/robp_arm/Hiwonder_xArm_ROS2) by extensions ['colcon_pkg']
[0.276s] Level 1:colcon.colcon_core.package_identification:_identify(src/robp_robot/robp_arm/Hiwonder_xArm_ROS2) by extension 'colcon_pkg'
[0.276s] Level 1:colcon.colcon_core.package_identification:_identify(src/robp_robot/robp_arm/Hiwonder_xArm_ROS2) by extensions ['colcon_meta']
[0.276s] Level 1:colcon.colcon_core.package_identification:_identify(src/robp_robot/robp_arm/Hiwonder_xArm_ROS2) by extension 'colcon_meta'
[0.276s] Level 1:colcon.colcon_core.package_identification:_identify(src/robp_robot/robp_arm/Hiwonder_xArm_ROS2) by extensions ['ros']
[0.277s] Level 1:colcon.colcon_core.package_identification:_identify(src/robp_robot/robp_arm/Hiwonder_xArm_ROS2) by extension 'ros'
[0.277s] Level 1:colcon.colcon_core.package_identification:_identify(src/robp_robot/robp_arm/Hiwonder_xArm_ROS2) by extensions ['cmake', 'python']
[0.277s] Level 1:colcon.colcon_core.package_identification:_identify(src/robp_robot/robp_arm/Hiwonder_xArm_ROS2) by extension 'cmake'
[0.277s] Level 1:colcon.colcon_core.package_identification:_identify(src/robp_robot/robp_arm/Hiwonder_xArm_ROS2) by extension 'python'
[0.277s] Level 1:colcon.colcon_core.package_identification:_identify(src/robp_robot/robp_arm/Hiwonder_xArm_ROS2) by extensions ['python_setup_py']
[0.277s] Level 1:colcon.colcon_core.package_identification:_identify(src/robp_robot/robp_arm/Hiwonder_xArm_ROS2) by extension 'python_setup_py'
[0.277s] Level 1:colcon.colcon_core.package_identification:_identify(src/robp_robot/robp_arm/Hiwonder_xArm_ROS2/include) by extensions ['ignore', 'ignore_ament_install']
[0.277s] Level 1:colcon.colcon_core.package_identification:_identify(src/robp_robot/robp_arm/Hiwonder_xArm_ROS2/include) by extension 'ignore'
[0.277s] Level 1:colcon.colcon_core.package_identification:_identify(src/robp_robot/robp_arm/Hiwonder_xArm_ROS2/include) by extension 'ignore_ament_install'
[0.277s] Level 1:colcon.colcon_core.package_identification:_identify(src/robp_robot/robp_arm/Hiwonder_xArm_ROS2/include) by extensions ['colcon_pkg']
[0.278s] Level 1:colcon.colcon_core.package_identification:_identify(src/robp_robot/robp_arm/Hiwonder_xArm_ROS2/include) by extension 'colcon_pkg'
[0.278s] Level 1:colcon.colcon_core.package_identification:_identify(src/robp_robot/robp_arm/Hiwonder_xArm_ROS2/include) by extensions ['colcon_meta']
[0.278s] Level 1:colcon.colcon_core.package_identification:_identify(src/robp_robot/robp_arm/Hiwonder_xArm_ROS2/include) by extension 'colcon_meta'
[0.278s] Level 1:colcon.colcon_core.package_identification:_identify(src/robp_robot/robp_arm/Hiwonder_xArm_ROS2/include) by extensions ['ros']
[0.278s] Level 1:colcon.colcon_core.package_identification:_identify(src/robp_robot/robp_arm/Hiwonder_xArm_ROS2/include) by extension 'ros'
[0.278s] Level 1:colcon.colcon_core.package_identification:_identify(src/robp_robot/robp_arm/Hiwonder_xArm_ROS2/include) by extensions ['cmake', 'python']
[0.278s] Level 1:colcon.colcon_core.package_identification:_identify(src/robp_robot/robp_arm/Hiwonder_xArm_ROS2/include) by extension 'cmake'
[0.278s] Level 1:colcon.colcon_core.package_identification:_identify(src/robp_robot/robp_arm/Hiwonder_xArm_ROS2/include) by extension 'python'
[0.278s] Level 1:colcon.colcon_core.package_identification:_identify(src/robp_robot/robp_arm/Hiwonder_xArm_ROS2/include) by extensions ['python_setup_py']
[0.278s] Level 1:colcon.colcon_core.package_identification:_identify(src/robp_robot/robp_arm/Hiwonder_xArm_ROS2/include) by extension 'python_setup_py'
[0.278s] Level 1:colcon.colcon_core.package_identification:_identify(src/robp_robot/robp_arm/Hiwonder_xArm_ROS2/lib) by extensions ['ignore', 'ignore_ament_install']
[0.278s] Level 1:colcon.colcon_core.package_identification:_identify(src/robp_robot/robp_arm/Hiwonder_xArm_ROS2/lib) by extension 'ignore'
[0.279s] Level 1:colcon.colcon_core.package_identification:_identify(src/robp_robot/robp_arm/Hiwonder_xArm_ROS2/lib) by extension 'ignore_ament_install'
[0.279s] Level 1:colcon.colcon_core.package_identification:_identify(src/robp_robot/robp_arm/Hiwonder_xArm_ROS2/lib) by extensions ['colcon_pkg']
[0.279s] Level 1:colcon.colcon_core.package_identification:_identify(src/robp_robot/robp_arm/Hiwonder_xArm_ROS2/lib) by extension 'colcon_pkg'
[0.279s] Level 1:colcon.colcon_core.package_identification:_identify(src/robp_robot/robp_arm/Hiwonder_xArm_ROS2/lib) by extensions ['colcon_meta']
[0.279s] Level 1:colcon.colcon_core.package_identification:_identify(src/robp_robot/robp_arm/Hiwonder_xArm_ROS2/lib) by extension 'colcon_meta'
[0.279s] Level 1:colcon.colcon_core.package_identification:_identify(src/robp_robot/robp_arm/Hiwonder_xArm_ROS2/lib) by extensions ['ros']
[0.279s] Level 1:colcon.colcon_core.package_identification:_identify(src/robp_robot/robp_arm/Hiwonder_xArm_ROS2/lib) by extension 'ros'
[0.279s] Level 1:colcon.colcon_core.package_identification:_identify(src/robp_robot/robp_arm/Hiwonder_xArm_ROS2/lib) by extensions ['cmake', 'python']
[0.279s] Level 1:colcon.colcon_core.package_identification:_identify(src/robp_robot/robp_arm/Hiwonder_xArm_ROS2/lib) by extension 'cmake'
[0.279s] Level 1:colcon.colcon_core.package_identification:_identify(src/robp_robot/robp_arm/Hiwonder_xArm_ROS2/lib) by extension 'python'
[0.279s] Level 1:colcon.colcon_core.package_identification:_identify(src/robp_robot/robp_arm/Hiwonder_xArm_ROS2/lib) by extensions ['python_setup_py']
[0.279s] Level 1:colcon.colcon_core.package_identification:_identify(src/robp_robot/robp_arm/Hiwonder_xArm_ROS2/lib) by extension 'python_setup_py'
[0.280s] Level 1:colcon.colcon_core.package_identification:_identify(src/robp_robot/robp_arm/Hiwonder_xArm_ROS2/src) by extensions ['ignore', 'ignore_ament_install']
[0.280s] Level 1:colcon.colcon_core.package_identification:_identify(src/robp_robot/robp_arm/Hiwonder_xArm_ROS2/src) by extension 'ignore'
[0.280s] Level 1:colcon.colcon_core.package_identification:_identify(src/robp_robot/robp_arm/Hiwonder_xArm_ROS2/src) by extension 'ignore_ament_install'
[0.280s] Level 1:colcon.colcon_core.package_identification:_identify(src/robp_robot/robp_arm/Hiwonder_xArm_ROS2/src) by extensions ['colcon_pkg']
[0.280s] Level 1:colcon.colcon_core.package_identification:_identify(src/robp_robot/robp_arm/Hiwonder_xArm_ROS2/src) by extension 'colcon_pkg'
[0.280s] Level 1:colcon.colcon_core.package_identification:_identify(src/robp_robot/robp_arm/Hiwonder_xArm_ROS2/src) by extensions ['colcon_meta']
[0.280s] Level 1:colcon.colcon_core.package_identification:_identify(src/robp_robot/robp_arm/Hiwonder_xArm_ROS2/src) by extension 'colcon_meta'
[0.280s] Level 1:colcon.colcon_core.package_identification:_identify(src/robp_robot/robp_arm/Hiwonder_xArm_ROS2/src) by extensions ['ros']
[0.280s] Level 1:colcon.colcon_core.package_identification:_identify(src/robp_robot/robp_arm/Hiwonder_xArm_ROS2/src) by extension 'ros'
[0.280s] Level 1:colcon.colcon_core.package_identification:_identify(src/robp_robot/robp_arm/Hiwonder_xArm_ROS2/src) by extensions ['cmake', 'python']
[0.280s] Level 1:colcon.colcon_core.package_identification:_identify(src/robp_robot/robp_arm/Hiwonder_xArm_ROS2/src) by extension 'cmake'
[0.280s] Level 1:colcon.colcon_core.package_identification:_identify(src/robp_robot/robp_arm/Hiwonder_xArm_ROS2/src) by extension 'python'
[0.281s] Level 1:colcon.colcon_core.package_identification:_identify(src/robp_robot/robp_arm/Hiwonder_xArm_ROS2/src) by extensions ['python_setup_py']
[0.281s] Level 1:colcon.colcon_core.package_identification:_identify(src/robp_robot/robp_arm/Hiwonder_xArm_ROS2/src) by extension 'python_setup_py'
[0.281s] Level 1:colcon.colcon_core.package_identification:_identify(src/robp_robot/robp_arm/Hiwonder_xArm_ROS2/test) by extensions ['ignore', 'ignore_ament_install']
[0.281s] Level 1:colcon.colcon_core.package_identification:_identify(src/robp_robot/robp_arm/Hiwonder_xArm_ROS2/test) by extension 'ignore'
[0.281s] Level 1:colcon.colcon_core.package_identification:_identify(src/robp_robot/robp_arm/Hiwonder_xArm_ROS2/test) by extension 'ignore_ament_install'
[0.281s] Level 1:colcon.colcon_core.package_identification:_identify(src/robp_robot/robp_arm/Hiwonder_xArm_ROS2/test) by extensions ['colcon_pkg']
[0.281s] Level 1:colcon.colcon_core.package_identification:_identify(src/robp_robot/robp_arm/Hiwonder_xArm_ROS2/test) by extension 'colcon_pkg'
[0.281s] Level 1:colcon.colcon_core.package_identification:_identify(src/robp_robot/robp_arm/Hiwonder_xArm_ROS2/test) by extensions ['colcon_meta']
[0.281s] Level 1:colcon.colcon_core.package_identification:_identify(src/robp_robot/robp_arm/Hiwonder_xArm_ROS2/test) by extension 'colcon_meta'
[0.281s] Level 1:colcon.colcon_core.package_identification:_identify(src/robp_robot/robp_arm/Hiwonder_xArm_ROS2/test) by extensions ['ros']
[0.281s] Level 1:colcon.colcon_core.package_identification:_identify(src/robp_robot/robp_arm/Hiwonder_xArm_ROS2/test) by extension 'ros'
[0.282s] Level 1:colcon.colcon_core.package_identification:_identify(src/robp_robot/robp_arm/Hiwonder_xArm_ROS2/test) by extensions ['cmake', 'python']
[0.282s] Level 1:colcon.colcon_core.package_identification:_identify(src/robp_robot/robp_arm/Hiwonder_xArm_ROS2/test) by extension 'cmake'
[0.282s] Level 1:colcon.colcon_core.package_identification:_identify(src/robp_robot/robp_arm/Hiwonder_xArm_ROS2/test) by extension 'python'
[0.282s] Level 1:colcon.colcon_core.package_identification:_identify(src/robp_robot/robp_arm/Hiwonder_xArm_ROS2/test) by extensions ['python_setup_py']
[0.282s] Level 1:colcon.colcon_core.package_identification:_identify(src/robp_robot/robp_arm/Hiwonder_xArm_ROS2/test) by extension 'python_setup_py'
[0.282s] Level 1:colcon.colcon_core.package_identification:_identify(src/robp_robot/robp_arm/arm_servos_pubs_subs) by extensions ['ignore', 'ignore_ament_install']
[0.282s] Level 1:colcon.colcon_core.package_identification:_identify(src/robp_robot/robp_arm/arm_servos_pubs_subs) by extension 'ignore'
[0.282s] Level 1:colcon.colcon_core.package_identification:_identify(src/robp_robot/robp_arm/arm_servos_pubs_subs) by extension 'ignore_ament_install'
[0.282s] Level 1:colcon.colcon_core.package_identification:_identify(src/robp_robot/robp_arm/arm_servos_pubs_subs) by extensions ['colcon_pkg']
[0.282s] Level 1:colcon.colcon_core.package_identification:_identify(src/robp_robot/robp_arm/arm_servos_pubs_subs) by extension 'colcon_pkg'
[0.282s] Level 1:colcon.colcon_core.package_identification:_identify(src/robp_robot/robp_arm/arm_servos_pubs_subs) by extensions ['colcon_meta']
[0.283s] Level 1:colcon.colcon_core.package_identification:_identify(src/robp_robot/robp_arm/arm_servos_pubs_subs) by extension 'colcon_meta'
[0.283s] Level 1:colcon.colcon_core.package_identification:_identify(src/robp_robot/robp_arm/arm_servos_pubs_subs) by extensions ['ros']
[0.283s] Level 1:colcon.colcon_core.package_identification:_identify(src/robp_robot/robp_arm/arm_servos_pubs_subs) by extension 'ros'
[0.283s] DEBUG:colcon.colcon_core.package_identification:Package 'src/robp_robot/robp_arm/arm_servos_pubs_subs' with type 'ros.ament_python' and name 'arm_servos_pubs_subs'
[0.283s] Level 1:colcon.colcon_core.package_identification:_identify(src/robp_robot/robp_arm/assets) by extensions ['ignore', 'ignore_ament_install']
[0.284s] Level 1:colcon.colcon_core.package_identification:_identify(src/robp_robot/robp_arm/assets) by extension 'ignore'
[0.284s] Level 1:colcon.colcon_core.package_identification:_identify(src/robp_robot/robp_arm/assets) by extension 'ignore_ament_install'
[0.284s] Level 1:colcon.colcon_core.package_identification:_identify(src/robp_robot/robp_arm/assets) by extensions ['colcon_pkg']
[0.284s] Level 1:colcon.colcon_core.package_identification:_identify(src/robp_robot/robp_arm/assets) by extension 'colcon_pkg'
[0.284s] Level 1:colcon.colcon_core.package_identification:_identify(src/robp_robot/robp_arm/assets) by extensions ['colcon_meta']
[0.284s] Level 1:colcon.colcon_core.package_identification:_identify(src/robp_robot/robp_arm/assets) by extension 'colcon_meta'
[0.284s] Level 1:colcon.colcon_core.package_identification:_identify(src/robp_robot/robp_arm/assets) by extensions ['ros']
[0.284s] Level 1:colcon.colcon_core.package_identification:_identify(src/robp_robot/robp_arm/assets) by extension 'ros'
[0.284s] Level 1:colcon.colcon_core.package_identification:_identify(src/robp_robot/robp_arm/assets) by extensions ['cmake', 'python']
[0.284s] Level 1:colcon.colcon_core.package_identification:_identify(src/robp_robot/robp_arm/assets) by extension 'cmake'
[0.284s] Level 1:colcon.colcon_core.package_identification:_identify(src/robp_robot/robp_arm/assets) by extension 'python'
[0.284s] Level 1:colcon.colcon_core.package_identification:_identify(src/robp_robot/robp_arm/assets) by extensions ['python_setup_py']
[0.285s] Level 1:colcon.colcon_core.package_identification:_identify(src/robp_robot/robp_arm/assets) by extension 'python_setup_py'
[0.285s] Level 1:colcon.colcon_core.package_identification:_identify(src/robp_robot/robp_arm/launch) by extensions ['ignore', 'ignore_ament_install']
[0.285s] Level 1:colcon.colcon_core.package_identification:_identify(src/robp_robot/robp_arm/launch) by extension 'ignore'
[0.285s] Level 1:colcon.colcon_core.package_identification:_identify(src/robp_robot/robp_arm/launch) by extension 'ignore_ament_install'
[0.285s] Level 1:colcon.colcon_core.package_identification:_identify(src/robp_robot/robp_arm/launch) by extensions ['colcon_pkg']
[0.285s] Level 1:colcon.colcon_core.package_identification:_identify(src/robp_robot/robp_arm/launch) by extension 'colcon_pkg'
[0.285s] Level 1:colcon.colcon_core.package_identification:_identify(src/robp_robot/robp_arm/launch) by extensions ['colcon_meta']
[0.285s] Level 1:colcon.colcon_core.package_identification:_identify(src/robp_robot/robp_arm/launch) by extension 'colcon_meta'
[0.285s] Level 1:colcon.colcon_core.package_identification:_identify(src/robp_robot/robp_arm/launch) by extensions ['ros']
[0.285s] Level 1:colcon.colcon_core.package_identification:_identify(src/robp_robot/robp_arm/launch) by extension 'ros'
[0.285s] Level 1:colcon.colcon_core.package_identification:_identify(src/robp_robot/robp_arm/launch) by extensions ['cmake', 'python']
[0.286s] Level 1:colcon.colcon_core.package_identification:_identify(src/robp_robot/robp_arm/launch) by extension 'cmake'
[0.286s] Level 1:colcon.colcon_core.package_identification:_identify(src/robp_robot/robp_arm/launch) by extension 'python'
[0.286s] Level 1:colcon.colcon_core.package_identification:_identify(src/robp_robot/robp_arm/launch) by extensions ['python_setup_py']
[0.286s] Level 1:colcon.colcon_core.package_identification:_identify(src/robp_robot/robp_arm/launch) by extension 'python_setup_py'
[0.286s] Level 1:colcon.colcon_core.package_identification:_identify(src/robp_robot/robp_arm/launch/__pycache__) by extensions ['ignore', 'ignore_ament_install']
[0.286s] Level 1:colcon.colcon_core.package_identification:_identify(src/robp_robot/robp_arm/launch/__pycache__) by extension 'ignore'
[0.286s] Level 1:colcon.colcon_core.package_identification:_identify(src/robp_robot/robp_arm/launch/__pycache__) by extension 'ignore_ament_install'
[0.286s] Level 1:colcon.colcon_core.package_identification:_identify(src/robp_robot/robp_arm/launch/__pycache__) by extensions ['colcon_pkg']
[0.286s] Level 1:colcon.colcon_core.package_identification:_identify(src/robp_robot/robp_arm/launch/__pycache__) by extension 'colcon_pkg'
[0.286s] Level 1:colcon.colcon_core.package_identification:_identify(src/robp_robot/robp_arm/launch/__pycache__) by extensions ['colcon_meta']
[0.286s] Level 1:colcon.colcon_core.package_identification:_identify(src/robp_robot/robp_arm/launch/__pycache__) by extension 'colcon_meta'
[0.287s] Level 1:colcon.colcon_core.package_identification:_identify(src/robp_robot/robp_arm/launch/__pycache__) by extensions ['ros']
[0.287s] Level 1:colcon.colcon_core.package_identification:_identify(src/robp_robot/robp_arm/launch/__pycache__) by extension 'ros'
[0.287s] Level 1:colcon.colcon_core.package_identification:_identify(src/robp_robot/robp_arm/launch/__pycache__) by extensions ['cmake', 'python']
[0.287s] Level 1:colcon.colcon_core.package_identification:_identify(src/robp_robot/robp_arm/launch/__pycache__) by extension 'cmake'
[0.287s] Level 1:colcon.colcon_core.package_identification:_identify(src/robp_robot/robp_arm/launch/__pycache__) by extension 'python'
[0.287s] Level 1:colcon.colcon_core.package_identification:_identify(src/robp_robot/robp_arm/launch/__pycache__) by extensions ['python_setup_py']
[0.287s] Level 1:colcon.colcon_core.package_identification:_identify(src/robp_robot/robp_arm/launch/__pycache__) by extension 'python_setup_py'
[0.287s] Level 1:colcon.colcon_core.package_identification:_identify(src/robp_robot/robp_interfaces) by extensions ['ignore', 'ignore_ament_install']
[0.287s] Level 1:colcon.colcon_core.package_identification:_identify(src/robp_robot/robp_interfaces) by extension 'ignore'
[0.287s] Level 1:colcon.colcon_core.package_identification:_identify(src/robp_robot/robp_interfaces) by extension 'ignore_ament_install'
[0.287s] Level 1:colcon.colcon_core.package_identification:_identify(src/robp_robot/robp_interfaces) by extensions ['colcon_pkg']
[0.288s] Level 1:colcon.colcon_core.package_identification:_identify(src/robp_robot/robp_interfaces) by extension 'colcon_pkg'
[0.288s] Level 1:colcon.colcon_core.package_identification:_identify(src/robp_robot/robp_interfaces) by extensions ['colcon_meta']
[0.288s] Level 1:colcon.colcon_core.package_identification:_identify(src/robp_robot/robp_interfaces) by extension 'colcon_meta'
[0.288s] Level 1:colcon.colcon_core.package_identification:_identify(src/robp_robot/robp_interfaces) by extensions ['ros']
[0.288s] Level 1:colcon.colcon_core.package_identification:_identify(src/robp_robot/robp_interfaces) by extension 'ros'
[0.288s] DEBUG:colcon.colcon_core.package_identification:Package 'src/robp_robot/robp_interfaces' with type 'ros.ament_cmake' and name 'robp_interfaces'
[0.289s] Level 1:colcon.colcon_core.package_identification:_identify(src/robp_robot/robp_launch) by extensions ['ignore', 'ignore_ament_install']
[0.289s] Level 1:colcon.colcon_core.package_identification:_identify(src/robp_robot/robp_launch) by extension 'ignore'
[0.289s] Level 1:colcon.colcon_core.package_identification:_identify(src/robp_robot/robp_launch) by extension 'ignore_ament_install'
[0.289s] Level 1:colcon.colcon_core.package_identification:_identify(src/robp_robot/robp_launch) by extensions ['colcon_pkg']
[0.289s] Level 1:colcon.colcon_core.package_identification:_identify(src/robp_robot/robp_launch) by extension 'colcon_pkg'
[0.289s] Level 1:colcon.colcon_core.package_identification:_identify(src/robp_robot/robp_launch) by extensions ['colcon_meta']
[0.289s] Level 1:colcon.colcon_core.package_identification:_identify(src/robp_robot/robp_launch) by extension 'colcon_meta'
[0.289s] Level 1:colcon.colcon_core.package_identification:_identify(src/robp_robot/robp_launch) by extensions ['ros']
[0.289s] Level 1:colcon.colcon_core.package_identification:_identify(src/robp_robot/robp_launch) by extension 'ros'
[0.290s] DEBUG:colcon.colcon_core.package_identification:Package 'src/robp_robot/robp_launch' with type 'ros.ament_python' and name 'robp_launch'
[0.290s] Level 1:colcon.colcon_core.package_identification:_identify(src/robp_robot/robp_phidgets) by extensions ['ignore', 'ignore_ament_install']
[0.290s] Level 1:colcon.colcon_core.package_identification:_identify(src/robp_robot/robp_phidgets) by extension 'ignore'
[0.290s] Level 1:colcon.colcon_core.package_identification:_identify(src/robp_robot/robp_phidgets) by extension 'ignore_ament_install'
[0.290s] Level 1:colcon.colcon_core.package_identification:_identify(src/robp_robot/robp_phidgets) by extensions ['colcon_pkg']
[0.290s] Level 1:colcon.colcon_core.package_identification:_identify(src/robp_robot/robp_phidgets) by extension 'colcon_pkg'
[0.290s] Level 1:colcon.colcon_core.package_identification:_identify(src/robp_robot/robp_phidgets) by extensions ['colcon_meta']
[0.291s] Level 1:colcon.colcon_core.package_identification:_identify(src/robp_robot/robp_phidgets) by extension 'colcon_meta'
[0.291s] Level 1:colcon.colcon_core.package_identification:_identify(src/robp_robot/robp_phidgets) by extensions ['ros']
[0.291s] Level 1:colcon.colcon_core.package_identification:_identify(src/robp_robot/robp_phidgets) by extension 'ros'
[0.291s] Level 1:colcon.colcon_core.package_identification:_identify(src/robp_robot/robp_phidgets) by extensions ['cmake', 'python']
[0.291s] Level 1:colcon.colcon_core.package_identification:_identify(src/robp_robot/robp_phidgets) by extension 'cmake'
[0.291s] Level 1:colcon.colcon_core.package_identification:_identify(src/robp_robot/robp_phidgets) by extension 'python'
[0.291s] Level 1:colcon.colcon_core.package_identification:_identify(src/robp_robot/robp_phidgets) by extensions ['python_setup_py']
[0.291s] Level 1:colcon.colcon_core.package_identification:_identify(src/robp_robot/robp_phidgets) by extension 'python_setup_py'
[0.291s] Level 1:colcon.colcon_core.package_identification:_identify(src/robp_robot/robp_phidgets/robp_phidgets_encoders) by extensions ['ignore', 'ignore_ament_install']
[0.291s] Level 1:colcon.colcon_core.package_identification:_identify(src/robp_robot/robp_phidgets/robp_phidgets_encoders) by extension 'ignore'
[0.291s] Level 1:colcon.colcon_core.package_identification:_identify(src/robp_robot/robp_phidgets/robp_phidgets_encoders) by extension 'ignore_ament_install'
[0.292s] Level 1:colcon.colcon_core.package_identification:_identify(src/robp_robot/robp_phidgets/robp_phidgets_encoders) by extensions ['colcon_pkg']
[0.292s] Level 1:colcon.colcon_core.package_identification:_identify(src/robp_robot/robp_phidgets/robp_phidgets_encoders) by extension 'colcon_pkg'
[0.292s] Level 1:colcon.colcon_core.package_identification:_identify(src/robp_robot/robp_phidgets/robp_phidgets_encoders) by extensions ['colcon_meta']
[0.292s] Level 1:colcon.colcon_core.package_identification:_identify(src/robp_robot/robp_phidgets/robp_phidgets_encoders) by extension 'colcon_meta'
[0.292s] Level 1:colcon.colcon_core.package_identification:_identify(src/robp_robot/robp_phidgets/robp_phidgets_encoders) by extensions ['ros']
[0.292s] Level 1:colcon.colcon_core.package_identification:_identify(src/robp_robot/robp_phidgets/robp_phidgets_encoders) by extension 'ros'
[0.294s] DEBUG:colcon.colcon_core.package_identification:Package 'src/robp_robot/robp_phidgets/robp_phidgets_encoders' with type 'ros.ament_cmake' and name 'robp_phidgets_encoders'
[0.294s] Level 1:colcon.colcon_core.package_identification:_identify(src/robp_robot/robp_phidgets/robp_phidgets_motors) by extensions ['ignore', 'ignore_ament_install']
[0.294s] Level 1:colcon.colcon_core.package_identification:_identify(src/robp_robot/robp_phidgets/robp_phidgets_motors) by extension 'ignore'
[0.294s] Level 1:colcon.colcon_core.package_identification:_identify(src/robp_robot/robp_phidgets/robp_phidgets_motors) by extension 'ignore_ament_install'
[0.294s] Level 1:colcon.colcon_core.package_identification:_identify(src/robp_robot/robp_phidgets/robp_phidgets_motors) by extensions ['colcon_pkg']
[0.294s] Level 1:colcon.colcon_core.package_identification:_identify(src/robp_robot/robp_phidgets/robp_phidgets_motors) by extension 'colcon_pkg'
[0.294s] Level 1:colcon.colcon_core.package_identification:_identify(src/robp_robot/robp_phidgets/robp_phidgets_motors) by extensions ['colcon_meta']
[0.294s] Level 1:colcon.colcon_core.package_identification:_identify(src/robp_robot/robp_phidgets/robp_phidgets_motors) by extension 'colcon_meta'
[0.294s] Level 1:colcon.colcon_core.package_identification:_identify(src/robp_robot/robp_phidgets/robp_phidgets_motors) by extensions ['ros']
[0.295s] Level 1:colcon.colcon_core.package_identification:_identify(src/robp_robot/robp_phidgets/robp_phidgets_motors) by extension 'ros'
[0.295s] DEBUG:colcon.colcon_core.package_identification:Package 'src/robp_robot/robp_phidgets/robp_phidgets_motors' with type 'ros.ament_cmake' and name 'robp_phidgets_motors'
[0.296s] Level 1:colcon.colcon_core.package_identification:_identify(src/robp_robot/robp_phidgets/robp_phidgets_spatial) by extensions ['ignore', 'ignore_ament_install']
[0.296s] Level 1:colcon.colcon_core.package_identification:_identify(src/robp_robot/robp_phidgets/robp_phidgets_spatial) by extension 'ignore'
[0.296s] Level 1:colcon.colcon_core.package_identification:_identify(src/robp_robot/robp_phidgets/robp_phidgets_spatial) by extension 'ignore_ament_install'
[0.296s] Level 1:colcon.colcon_core.package_identification:_identify(src/robp_robot/robp_phidgets/robp_phidgets_spatial) by extensions ['colcon_pkg']
[0.296s] Level 1:colcon.colcon_core.package_identification:_identify(src/robp_robot/robp_phidgets/robp_phidgets_spatial) by extension 'colcon_pkg'
[0.296s] Level 1:colcon.colcon_core.package_identification:_identify(src/robp_robot/robp_phidgets/robp_phidgets_spatial) by extensions ['colcon_meta']
[0.296s] Level 1:colcon.colcon_core.package_identification:_identify(src/robp_robot/robp_phidgets/robp_phidgets_spatial) by extension 'colcon_meta'
[0.296s] Level 1:colcon.colcon_core.package_identification:_identify(src/robp_robot/robp_phidgets/robp_phidgets_spatial) by extensions ['ros']
[0.296s] Level 1:colcon.colcon_core.package_identification:_identify(src/robp_robot/robp_phidgets/robp_phidgets_spatial) by extension 'ros'
[0.297s] DEBUG:colcon.colcon_core.package_identification:Package 'src/robp_robot/robp_phidgets/robp_phidgets_spatial' with type 'ros.ament_cmake' and name 'robp_phidgets_spatial'
[0.297s] Level 1:colcon.colcon_core.package_identification:_identify(src/robp_robot/robp_phidgets/robp_phidgets_temperature) by extensions ['ignore', 'ignore_ament_install']
[0.298s] Level 1:colcon.colcon_core.package_identification:_identify(src/robp_robot/robp_phidgets/robp_phidgets_temperature) by extension 'ignore'
[0.298s] Level 1:colcon.colcon_core.package_identification:_identify(src/robp_robot/robp_phidgets/robp_phidgets_temperature) by extension 'ignore_ament_install'
[0.298s] Level 1:colcon.colcon_core.package_identification:_identify(src/robp_robot/robp_phidgets/robp_phidgets_temperature) by extensions ['colcon_pkg']
[0.298s] Level 1:colcon.colcon_core.package_identification:_identify(src/robp_robot/robp_phidgets/robp_phidgets_temperature) by extension 'colcon_pkg'
[0.298s] Level 1:colcon.colcon_core.package_identification:_identify(src/robp_robot/robp_phidgets/robp_phidgets_temperature) by extensions ['colcon_meta']
[0.298s] Level 1:colcon.colcon_core.package_identification:_identify(src/robp_robot/robp_phidgets/robp_phidgets_temperature) by extension 'colcon_meta'
[0.298s] Level 1:colcon.colcon_core.package_identification:_identify(src/robp_robot/robp_phidgets/robp_phidgets_temperature) by extensions ['ros']
[0.298s] Level 1:colcon.colcon_core.package_identification:_identify(src/robp_robot/robp_phidgets/robp_phidgets_temperature) by extension 'ros'
[0.299s] DEBUG:colcon.colcon_core.package_identification:Package 'src/robp_robot/robp_phidgets/robp_phidgets_temperature' with type 'ros.ament_cmake' and name 'robp_phidgets_temperature'
[0.299s] Level 1:colcon.colcon_core.package_identification:_identify(src/robp_robot/sllidar_ros2) by extensions ['ignore', 'ignore_ament_install']
[0.299s] Level 1:colcon.colcon_core.package_identification:_identify(src/robp_robot/sllidar_ros2) by extension 'ignore'
[0.299s] Level 1:colcon.colcon_core.package_identification:_identify(src/robp_robot/sllidar_ros2) by extension 'ignore_ament_install'
[0.299s] Level 1:colcon.colcon_core.package_identification:_identify(src/robp_robot/sllidar_ros2) by extensions ['colcon_pkg']
[0.300s] Level 1:colcon.colcon_core.package_identification:_identify(src/robp_robot/sllidar_ros2) by extension 'colcon_pkg'
[0.300s] Level 1:colcon.colcon_core.package_identification:_identify(src/robp_robot/sllidar_ros2) by extensions ['colcon_meta']
[0.300s] Level 1:colcon.colcon_core.package_identification:_identify(src/robp_robot/sllidar_ros2) by extension 'colcon_meta'
[0.300s] Level 1:colcon.colcon_core.package_identification:_identify(src/robp_robot/sllidar_ros2) by extensions ['ros']
[0.300s] Level 1:colcon.colcon_core.package_identification:_identify(src/robp_robot/sllidar_ros2) by extension 'ros'
[0.300s] DEBUG:colcon.colcon_core.package_identification:Package 'src/robp_robot/sllidar_ros2' with type 'ros.ament_cmake' and name 'sllidar_ros2'
[0.301s] Level 1:colcon.colcon_core.package_identification:_identify(src/robp_robot/usb_cam) by extensions ['ignore', 'ignore_ament_install']
[0.301s] Level 1:colcon.colcon_core.package_identification:_identify(src/robp_robot/usb_cam) by extension 'ignore'
[0.301s] Level 1:colcon.colcon_core.package_identification:_identify(src/robp_robot/usb_cam) by extension 'ignore_ament_install'
[0.301s] Level 1:colcon.colcon_core.package_identification:_identify(src/robp_robot/usb_cam) by extensions ['colcon_pkg']
[0.301s] Level 1:colcon.colcon_core.package_identification:_identify(src/robp_robot/usb_cam) by extension 'colcon_pkg'
[0.301s] Level 1:colcon.colcon_core.package_identification:_identify(src/robp_robot/usb_cam) by extensions ['colcon_meta']
[0.301s] Level 1:colcon.colcon_core.package_identification:_identify(src/robp_robot/usb_cam) by extension 'colcon_meta'
[0.301s] Level 1:colcon.colcon_core.package_identification:_identify(src/robp_robot/usb_cam) by extensions ['ros']
[0.301s] Level 1:colcon.colcon_core.package_identification:_identify(src/robp_robot/usb_cam) by extension 'ros'
[0.303s] DEBUG:colcon.colcon_core.package_identification:Package 'src/robp_robot/usb_cam' with type 'ros.ament_cmake' and name 'usb_cam'
[0.303s] Level 1:colcon.colcon_core.package_identification:_identify(src/uros) by extensions ['ignore', 'ignore_ament_install']
[0.303s] Level 1:colcon.colcon_core.package_identification:_identify(src/uros) by extension 'ignore'
[0.303s] Level 1:colcon.colcon_core.package_identification:_identify(src/uros) by extension 'ignore_ament_install'
[0.303s] Level 1:colcon.colcon_core.package_identification:_identify(src/uros) by extensions ['colcon_pkg']
[0.303s] Level 1:colcon.colcon_core.package_identification:_identify(src/uros) by extension 'colcon_pkg'
[0.303s] Level 1:colcon.colcon_core.package_identification:_identify(src/uros) by extensions ['colcon_meta']
[0.304s] Level 1:colcon.colcon_core.package_identification:_identify(src/uros) by extension 'colcon_meta'
[0.304s] Level 1:colcon.colcon_core.package_identification:_identify(src/uros) by extensions ['ros']
[0.304s] Level 1:colcon.colcon_core.package_identification:_identify(src/uros) by extension 'ros'
[0.304s] Level 1:colcon.colcon_core.package_identification:_identify(src/uros) by extensions ['cmake', 'python']
[0.304s] Level 1:colcon.colcon_core.package_identification:_identify(src/uros) by extension 'cmake'
[0.304s] Level 1:colcon.colcon_core.package_identification:_identify(src/uros) by extension 'python'
[0.304s] Level 1:colcon.colcon_core.package_identification:_identify(src/uros) by extensions ['python_setup_py']
[0.304s] Level 1:colcon.colcon_core.package_identification:_identify(src/uros) by extension 'python_setup_py'
[0.304s] Level 1:colcon.colcon_core.package_identification:_identify(src/uros/drive_base) by extensions ['ignore', 'ignore_ament_install']
[0.304s] Level 1:colcon.colcon_core.package_identification:_identify(src/uros/drive_base) by extension 'ignore'
[0.304s] Level 1:colcon.colcon_core.package_identification:_identify(src/uros/drive_base) by extension 'ignore_ament_install'
[0.305s] Level 1:colcon.colcon_core.package_identification:_identify(src/uros/drive_base) by extensions ['colcon_pkg']
[0.305s] Level 1:colcon.colcon_core.package_identification:_identify(src/uros/drive_base) by extension 'colcon_pkg'
[0.305s] Level 1:colcon.colcon_core.package_identification:_identify(src/uros/drive_base) by extensions ['colcon_meta']
[0.305s] Level 1:colcon.colcon_core.package_identification:_identify(src/uros/drive_base) by extension 'colcon_meta'
[0.305s] Level 1:colcon.colcon_core.package_identification:_identify(src/uros/drive_base) by extensions ['ros']
[0.305s] Level 1:colcon.colcon_core.package_identification:_identify(src/uros/drive_base) by extension 'ros'
[0.305s] Level 1:colcon.colcon_core.package_identification:_identify(src/uros/drive_base) by extensions ['cmake', 'python']
[0.305s] Level 1:colcon.colcon_core.package_identification:_identify(src/uros/drive_base) by extension 'cmake'
[0.305s] Level 1:colcon.colcon_core.package_identification:_identify(src/uros/drive_base) by extension 'python'
[0.305s] Level 1:colcon.colcon_core.package_identification:_identify(src/uros/drive_base) by extensions ['python_setup_py']
[0.305s] Level 1:colcon.colcon_core.package_identification:_identify(src/uros/drive_base) by extension 'python_setup_py'
[0.305s] Level 1:colcon.colcon_core.package_identification:_identify(src/uros/drive_base/drive_base_msgs) by extensions ['ignore', 'ignore_ament_install']
[0.305s] Level 1:colcon.colcon_core.package_identification:_identify(src/uros/drive_base/drive_base_msgs) by extension 'ignore'
[0.305s] Level 1:colcon.colcon_core.package_identification:_identify(src/uros/drive_base/drive_base_msgs) by extension 'ignore_ament_install'
[0.306s] Level 1:colcon.colcon_core.package_identification:_identify(src/uros/drive_base/drive_base_msgs) by extensions ['colcon_pkg']
[0.306s] Level 1:colcon.colcon_core.package_identification:_identify(src/uros/drive_base/drive_base_msgs) by extension 'colcon_pkg'
[0.306s] Level 1:colcon.colcon_core.package_identification:_identify(src/uros/drive_base/drive_base_msgs) by extensions ['colcon_meta']
[0.306s] Level 1:colcon.colcon_core.package_identification:_identify(src/uros/drive_base/drive_base_msgs) by extension 'colcon_meta'
[0.306s] Level 1:colcon.colcon_core.package_identification:_identify(src/uros/drive_base/drive_base_msgs) by extensions ['ros']
[0.306s] Level 1:colcon.colcon_core.package_identification:_identify(src/uros/drive_base/drive_base_msgs) by extension 'ros'
[0.306s] DEBUG:colcon.colcon_core.package_identification:Package 'src/uros/drive_base/drive_base_msgs' with type 'ros.ament_cmake' and name 'drive_base_msgs'
[0.306s] Level 1:colcon.colcon_core.package_identification:_identify(src/uros/micro-ROS-Agent) by extensions ['ignore', 'ignore_ament_install']
[0.307s] Level 1:colcon.colcon_core.package_identification:_identify(src/uros/micro-ROS-Agent) by extension 'ignore'
[0.307s] Level 1:colcon.colcon_core.package_identification:_identify(src/uros/micro-ROS-Agent) by extension 'ignore_ament_install'
[0.307s] Level 1:colcon.colcon_core.package_identification:_identify(src/uros/micro-ROS-Agent) by extensions ['colcon_pkg']
[0.307s] Level 1:colcon.colcon_core.package_identification:_identify(src/uros/micro-ROS-Agent) by extension 'colcon_pkg'
[0.307s] Level 1:colcon.colcon_core.package_identification:_identify(src/uros/micro-ROS-Agent) by extensions ['colcon_meta']
[0.307s] Level 1:colcon.colcon_core.package_identification:_identify(src/uros/micro-ROS-Agent) by extension 'colcon_meta'
[0.307s] Level 1:colcon.colcon_core.package_identification:_identify(src/uros/micro-ROS-Agent) by extensions ['ros']
[0.307s] Level 1:colcon.colcon_core.package_identification:_identify(src/uros/micro-ROS-Agent) by extension 'ros'
[0.307s] Level 1:colcon.colcon_core.package_identification:_identify(src/uros/micro-ROS-Agent) by extensions ['cmake', 'python']
[0.307s] Level 1:colcon.colcon_core.package_identification:_identify(src/uros/micro-ROS-Agent) by extension 'cmake'
[0.307s] Level 1:colcon.colcon_core.package_identification:_identify(src/uros/micro-ROS-Agent) by extension 'python'
[0.307s] Level 1:colcon.colcon_core.package_identification:_identify(src/uros/micro-ROS-Agent) by extensions ['python_setup_py']
[0.307s] Level 1:colcon.colcon_core.package_identification:_identify(src/uros/micro-ROS-Agent) by extension 'python_setup_py'
[0.307s] Level 1:colcon.colcon_core.package_identification:_identify(src/uros/micro-ROS-Agent/micro_ros_agent) by extensions ['ignore', 'ignore_ament_install']
[0.307s] Level 1:colcon.colcon_core.package_identification:_identify(src/uros/micro-ROS-Agent/micro_ros_agent) by extension 'ignore'
[0.308s] Level 1:colcon.colcon_core.package_identification:_identify(src/uros/micro-ROS-Agent/micro_ros_agent) by extension 'ignore_ament_install'
[0.308s] Level 1:colcon.colcon_core.package_identification:_identify(src/uros/micro-ROS-Agent/micro_ros_agent) by extensions ['colcon_pkg']
[0.308s] Level 1:colcon.colcon_core.package_identification:_identify(src/uros/micro-ROS-Agent/micro_ros_agent) by extension 'colcon_pkg'
[0.308s] Level 1:colcon.colcon_core.package_identification:_identify(src/uros/micro-ROS-Agent/micro_ros_agent) by extensions ['colcon_meta']
[0.308s] Level 1:colcon.colcon_core.package_identification:_identify(src/uros/micro-ROS-Agent/micro_ros_agent) by extension 'colcon_meta'
[0.308s] Level 1:colcon.colcon_core.package_identification:_identify(src/uros/micro-ROS-Agent/micro_ros_agent) by extensions ['ros']
[0.308s] Level 1:colcon.colcon_core.package_identification:_identify(src/uros/micro-ROS-Agent/micro_ros_agent) by extension 'ros'
[0.309s] DEBUG:colcon.colcon_core.package_identification:Package 'src/uros/micro-ROS-Agent/micro_ros_agent' with type 'ros.ament_cmake' and name 'micro_ros_agent'
[0.309s] Level 1:colcon.colcon_core.package_identification:_identify(src/uros/micro-ROS-Agent/snap) by extensions ['ignore', 'ignore_ament_install']
[0.309s] Level 1:colcon.colcon_core.package_identification:_identify(src/uros/micro-ROS-Agent/snap) by extension 'ignore'
[0.309s] Level 1:colcon.colcon_core.package_identification:_identify(src/uros/micro-ROS-Agent/snap) by extension 'ignore_ament_install'
[0.309s] Level 1:colcon.colcon_core.package_identification:_identify(src/uros/micro-ROS-Agent/snap) by extensions ['colcon_pkg']
[0.309s] Level 1:colcon.colcon_core.package_identification:_identify(src/uros/micro-ROS-Agent/snap) by extension 'colcon_pkg'
[0.310s] Level 1:colcon.colcon_core.package_identification:_identify(src/uros/micro-ROS-Agent/snap) by extensions ['colcon_meta']
[0.310s] Level 1:colcon.colcon_core.package_identification:_identify(src/uros/micro-ROS-Agent/snap) by extension 'colcon_meta'
[0.310s] Level 1:colcon.colcon_core.package_identification:_identify(src/uros/micro-ROS-Agent/snap) by extensions ['ros']
[0.310s] Level 1:colcon.colcon_core.package_identification:_identify(src/uros/micro-ROS-Agent/snap) by extension 'ros'
[0.310s] Level 1:colcon.colcon_core.package_identification:_identify(src/uros/micro-ROS-Agent/snap) by extensions ['cmake', 'python']
[0.310s] Level 1:colcon.colcon_core.package_identification:_identify(src/uros/micro-ROS-Agent/snap) by extension 'cmake'
[0.310s] Level 1:colcon.colcon_core.package_identification:_identify(src/uros/micro-ROS-Agent/snap) by extension 'python'
[0.310s] Level 1:colcon.colcon_core.package_identification:_identify(src/uros/micro-ROS-Agent/snap) by extensions ['python_setup_py']
[0.310s] Level 1:colcon.colcon_core.package_identification:_identify(src/uros/micro-ROS-Agent/snap) by extension 'python_setup_py'
[0.310s] Level 1:colcon.colcon_core.package_identification:_identify(src/uros/micro-ROS-Agent/snap/hooks) by extensions ['ignore', 'ignore_ament_install']
[0.310s] Level 1:colcon.colcon_core.package_identification:_identify(src/uros/micro-ROS-Agent/snap/hooks) by extension 'ignore'
[0.311s] Level 1:colcon.colcon_core.package_identification:_identify(src/uros/micro-ROS-Agent/snap/hooks) by extension 'ignore_ament_install'
[0.311s] Level 1:colcon.colcon_core.package_identification:_identify(src/uros/micro-ROS-Agent/snap/hooks) by extensions ['colcon_pkg']
[0.311s] Level 1:colcon.colcon_core.package_identification:_identify(src/uros/micro-ROS-Agent/snap/hooks) by extension 'colcon_pkg'
[0.311s] Level 1:colcon.colcon_core.package_identification:_identify(src/uros/micro-ROS-Agent/snap/hooks) by extensions ['colcon_meta']
[0.311s] Level 1:colcon.colcon_core.package_identification:_identify(src/uros/micro-ROS-Agent/snap/hooks) by extension 'colcon_meta'
[0.311s] Level 1:colcon.colcon_core.package_identification:_identify(src/uros/micro-ROS-Agent/snap/hooks) by extensions ['ros']
[0.311s] Level 1:colcon.colcon_core.package_identification:_identify(src/uros/micro-ROS-Agent/snap/hooks) by extension 'ros'
[0.311s] Level 1:colcon.colcon_core.package_identification:_identify(src/uros/micro-ROS-Agent/snap/hooks) by extensions ['cmake', 'python']
[0.311s] Level 1:colcon.colcon_core.package_identification:_identify(src/uros/micro-ROS-Agent/snap/hooks) by extension 'cmake'
[0.311s] Level 1:colcon.colcon_core.package_identification:_identify(src/uros/micro-ROS-Agent/snap/hooks) by extension 'python'
[0.311s] Level 1:colcon.colcon_core.package_identification:_identify(src/uros/micro-ROS-Agent/snap/hooks) by extensions ['python_setup_py']
[0.311s] Level 1:colcon.colcon_core.package_identification:_identify(src/uros/micro-ROS-Agent/snap/hooks) by extension 'python_setup_py'
[0.312s] Level 1:colcon.colcon_core.package_identification:_identify(src/uros/micro-ROS-Agent/snap/local) by extensions ['ignore', 'ignore_ament_install']
[0.312s] Level 1:colcon.colcon_core.package_identification:_identify(src/uros/micro-ROS-Agent/snap/local) by extension 'ignore'
[0.312s] Level 1:colcon.colcon_core.package_identification:_identify(src/uros/micro-ROS-Agent/snap/local) by extension 'ignore_ament_install'
[0.312s] Level 1:colcon.colcon_core.package_identification:_identify(src/uros/micro-ROS-Agent/snap/local) by extensions ['colcon_pkg']
[0.312s] Level 1:colcon.colcon_core.package_identification:_identify(src/uros/micro-ROS-Agent/snap/local) by extension 'colcon_pkg'
[0.312s] Level 1:colcon.colcon_core.package_identification:_identify(src/uros/micro-ROS-Agent/snap/local) by extensions ['colcon_meta']
[0.312s] Level 1:colcon.colcon_core.package_identification:_identify(src/uros/micro-ROS-Agent/snap/local) by extension 'colcon_meta'
[0.312s] Level 1:colcon.colcon_core.package_identification:_identify(src/uros/micro-ROS-Agent/snap/local) by extensions ['ros']
[0.312s] Level 1:colcon.colcon_core.package_identification:_identify(src/uros/micro-ROS-Agent/snap/local) by extension 'ros'
[0.312s] Level 1:colcon.colcon_core.package_identification:_identify(src/uros/micro-ROS-Agent/snap/local) by extensions ['cmake', 'python']
[0.312s] Level 1:colcon.colcon_core.package_identification:_identify(src/uros/micro-ROS-Agent/snap/local) by extension 'cmake'
[0.313s] Level 1:colcon.colcon_core.package_identification:_identify(src/uros/micro-ROS-Agent/snap/local) by extension 'python'
[0.313s] Level 1:colcon.colcon_core.package_identification:_identify(src/uros/micro-ROS-Agent/snap/local) by extensions ['python_setup_py']
[0.313s] Level 1:colcon.colcon_core.package_identification:_identify(src/uros/micro-ROS-Agent/snap/local) by extension 'python_setup_py'
[0.313s] Level 1:colcon.colcon_core.package_identification:_identify(src/uros/micro_ros_msgs) by extensions ['ignore', 'ignore_ament_install']
[0.313s] Level 1:colcon.colcon_core.package_identification:_identify(src/uros/micro_ros_msgs) by extension 'ignore'
[0.313s] Level 1:colcon.colcon_core.package_identification:_identify(src/uros/micro_ros_msgs) by extension 'ignore_ament_install'
[0.313s] Level 1:colcon.colcon_core.package_identification:_identify(src/uros/micro_ros_msgs) by extensions ['colcon_pkg']
[0.313s] Level 1:colcon.colcon_core.package_identification:_identify(src/uros/micro_ros_msgs) by extension 'colcon_pkg'
[0.313s] Level 1:colcon.colcon_core.package_identification:_identify(src/uros/micro_ros_msgs) by extensions ['colcon_meta']
[0.313s] Level 1:colcon.colcon_core.package_identification:_identify(src/uros/micro_ros_msgs) by extension 'colcon_meta'
[0.313s] Level 1:colcon.colcon_core.package_identification:_identify(src/uros/micro_ros_msgs) by extensions ['ros']
[0.313s] Level 1:colcon.colcon_core.package_identification:_identify(src/uros/micro_ros_msgs) by extension 'ros'
[0.314s] DEBUG:colcon.colcon_core.package_identification:Package 'src/uros/micro_ros_msgs' with type 'ros.ament_cmake' and name 'micro_ros_msgs'
[0.314s] Level 1:colcon.colcon_core.package_discovery:discover_packages(recursive) using defaults
[0.314s] Level 1:colcon.colcon_core.package_discovery:discover_packages(ignore) discover
[0.314s] Level 1:colcon.colcon_core.package_discovery:discover_packages(ignore) using defaults
[0.314s] Level 1:colcon.colcon_core.package_discovery:discover_packages(path) discover
[0.314s] Level 1:colcon.colcon_core.package_discovery:discover_packages(path) using defaults
[0.339s] INFO:colcon.colcon_core.package_selection:Skipping not selected package 'arm_control' in 'src/core/arm_control'
[0.339s] INFO:colcon.colcon_core.package_selection:Skipping not selected package 'arm_servos_pubs_subs' in 'src/robp_robot/robp_arm/arm_servos_pubs_subs'
[0.339s] INFO:colcon.colcon_core.package_selection:Skipping not selected package 'drive_base_msgs' in 'src/uros/drive_base/drive_base_msgs'
[0.339s] INFO:colcon.colcon_core.package_selection:Skipping not selected package 'micro_ros_msgs' in 'src/uros/micro_ros_msgs'
[0.339s] INFO:colcon.colcon_core.package_selection:Skipping not selected package 'micro_ros_setup' in 'src/micro_ros_setup'
[0.339s] INFO:colcon.colcon_core.package_selection:Skipping not selected package 'odometry' in 'src/core/odometry'
[0.339s] INFO:colcon.colcon_core.package_selection:Skipping not selected package 'perception' in 'src/core/perception'
[0.339s] INFO:colcon.colcon_core.package_selection:Skipping not selected package 'robp_interfaces' in 'src/robp_robot/robp_interfaces'
[0.339s] INFO:colcon.colcon_core.package_selection:Skipping not selected package 'robp_phidgets_temperature' in 'src/robp_robot/robp_phidgets/robp_phidgets_temperature'
[0.339s] INFO:colcon.colcon_core.package_selection:Skipping not selected package 'simple_move' in 'src/core/simple_move'
[0.339s] INFO:colcon.colcon_core.package_selection:Skipping not selected package 'sllidar_ros2' in 'src/robp_robot/sllidar_ros2'
[0.339s] INFO:colcon.colcon_core.package_selection:Skipping not selected package 'usb_cam' in 'src/robp_robot/usb_cam'
[0.339s] INFO:colcon.colcon_core.package_selection:Skipping not selected package 'micro_ros_agent' in 'src/uros/micro-ROS-Agent/micro_ros_agent'
[0.339s] INFO:colcon.colcon_core.package_selection:Skipping not selected package 'robp_phidgets_encoders' in 'src/robp_robot/robp_phidgets/robp_phidgets_encoders'
[0.339s] INFO:colcon.colcon_core.package_selection:Skipping not selected package 'robp_phidgets_motors' in 'src/robp_robot/robp_phidgets/robp_phidgets_motors'
[0.339s] INFO:colcon.colcon_core.package_selection:Skipping not selected package 'robp_phidgets_spatial' in 'src/robp_robot/robp_phidgets/robp_phidgets_spatial'
[0.339s] INFO:colcon.colcon_core.package_selection:Skipping not selected package 'robp_launch' in 'src/robp_robot/robp_launch'
[0.339s] INFO:colcon.colcon_core.package_selection:Skipping not selected package 'core_launch' in 'src/core/core_launch'
[0.340s] Level 1:colcon.colcon_core.package_discovery:discover_packages(prefix_path) check parameters
[0.340s] Level 1:colcon.colcon_core.package_discovery:discover_packages(prefix_path) discover
[0.343s] DEBUG:colcon.colcon_installed_package_information.package_discovery:Found 19 installed packages in /home/sleepy/robp-group7-sleepy/install
[0.345s] DEBUG:colcon.colcon_installed_package_information.package_discovery:Found 304 installed packages in /opt/ros/jazzy
[0.346s] Level 1:colcon.colcon_core.package_discovery:discover_packages(prefix_path) using defaults
[0.399s] Level 5:colcon.colcon_core.verb:set package 'lidar_processing' build argument 'cmake_args' from command line to 'None'
[0.399s] Level 5:colcon.colcon_core.verb:set package 'lidar_processing' build argument 'cmake_target' from command line to 'None'
[0.399s] Level 5:colcon.colcon_core.verb:set package 'lidar_processing' build argument 'cmake_target_skip_unavailable' from command line to 'False'
[0.399s] Level 5:colcon.colcon_core.verb:set package 'lidar_processing' build argument 'cmake_clean_cache' from command line to 'False'
[0.399s] Level 5:colcon.colcon_core.verb:set package 'lidar_processing' build argument 'cmake_clean_first' from command line to 'False'
[0.399s] Level 5:colcon.colcon_core.verb:set package 'lidar_processing' build argument 'cmake_force_configure' from command line to 'False'
[0.399s] Level 5:colcon.colcon_core.verb:set package 'lidar_processing' build argument 'ament_cmake_args' from command line to 'None'
[0.399s] Level 5:colcon.colcon_core.verb:set package 'lidar_processing' build argument 'catkin_cmake_args' from command line to 'None'
[0.399s] Level 5:colcon.colcon_core.verb:set package 'lidar_processing' build argument 'catkin_skip_building_tests' from command line to 'False'
[0.399s] DEBUG:colcon.colcon_core.verb:Building package 'lidar_processing' with the following arguments: {'ament_cmake_args': None, 'build_base': '/home/sleepy/robp-group7-sleepy/build/lidar_processing', 'catkin_cmake_args': None, 'catkin_skip_building_tests': False, 'cmake_args': None, 'cmake_clean_cache': False, 'cmake_clean_first': False, 'cmake_force_configure': False, 'cmake_target': None, 'cmake_target_skip_unavailable': False, 'install_base': '/home/sleepy/robp-group7-sleepy/install/lidar_processing', 'merge_install': False, 'path': '/home/sleepy/robp-group7-sleepy/src/core/lidar_processing', 'symlink_install': False, 'test_result_base': None}
[0.399s] INFO:colcon.colcon_core.executor:Executing jobs using 'parallel' executor
[0.400s] DEBUG:colcon.colcon_parallel_executor.executor.parallel:run_until_complete
[0.401s] INFO:colcon.colcon_ros.task.ament_python.build:Building ROS package in '/home/sleepy/robp-group7-sleepy/src/core/lidar_processing' with build type 'ament_python'
[0.401s] Level 1:colcon.colcon_core.shell:create_environment_hook('lidar_processing', 'ament_prefix_path')
[0.404s] INFO:colcon.colcon_core.plugin_system:Skipping extension 'colcon_core.shell.bat': Not used on non-Windows systems
[0.404s] INFO:colcon.colcon_core.shell:Creating environment hook '/home/sleepy/robp-group7-sleepy/install/lidar_processing/share/lidar_processing/hook/ament_prefix_path.ps1'
[0.405s] INFO:colcon.colcon_core.shell:Creating environment descriptor '/home/sleepy/robp-group7-sleepy/install/lidar_processing/share/lidar_processing/hook/ament_prefix_path.dsv'
[0.406s] INFO:colcon.colcon_core.shell:Creating environment hook '/home/sleepy/robp-group7-sleepy/install/lidar_processing/share/lidar_processing/hook/ament_prefix_path.sh'
[0.406s] INFO:colcon.colcon_core.shell:Skip shell extension 'powershell' for command environment: Not usable outside of PowerShell
[0.407s] DEBUG:colcon.colcon_core.shell:Skip shell extension 'dsv' for command environment
[0.695s] INFO:colcon.colcon_core.task.python.build:Building Python package in '/home/sleepy/robp-group7-sleepy/src/core/lidar_processing'
[0.696s] INFO:colcon.colcon_core.shell:Skip shell extension 'powershell' for command environment: Not usable outside of PowerShell
[0.696s] DEBUG:colcon.colcon_core.shell:Skip shell extension 'dsv' for command environment
[1.442s] DEBUG:colcon.colcon_core.event_handler.log_command:Invoking command in '/home/sleepy/robp-group7-sleepy/build/lidar_processing': DEBUGINFOD_URLS=https://debuginfod.ubuntu.com PYTHONPATH=/home/sleepy/robp-group7-sleepy/build/lidar_processing/prefix_override:/usr/lib/python3/dist-packages/colcon_core/task/python/colcon_distutils_commands:/home/sleepy/robp-group7-sleepy/install/lidar_processing/lib/python3.12/site-packages:${PYTHONPATH} /usr/bin/python3 -W ignore:setup.py install is deprecated -W ignore:easy_install command is deprecated setup.py develop --uninstall --editable --build-directory /home/sleepy/robp-group7-sleepy/build/lidar_processing/build
[2.128s] DEBUG:colcon.colcon_core.event_handler.log_command:Invoked command in '/home/sleepy/robp-group7-sleepy/build/lidar_processing' returned '0': DEBUGINFOD_URLS=https://debuginfod.ubuntu.com PYTHONPATH=/home/sleepy/robp-group7-sleepy/build/lidar_processing/prefix_override:/usr/lib/python3/dist-packages/colcon_core/task/python/colcon_distutils_commands:/home/sleepy/robp-group7-sleepy/install/lidar_processing/lib/python3.12/site-packages:${PYTHONPATH} /usr/bin/python3 -W ignore:setup.py install is deprecated -W ignore:easy_install command is deprecated setup.py develop --uninstall --editable --build-directory /home/sleepy/robp-group7-sleepy/build/lidar_processing/build
[2.129s] DEBUG:colcon.colcon_core.event_handler.log_command:Invoking command in '/home/sleepy/robp-group7-sleepy/src/core/lidar_processing': DEBUGINFOD_URLS=https://debuginfod.ubuntu.com PYTHONPATH=/home/sleepy/robp-group7-sleepy/build/lidar_processing/prefix_override:/usr/lib/python3/dist-packages/colcon_core/task/python/colcon_distutils_commands:/home/sleepy/robp-group7-sleepy/install/lidar_processing/lib/python3.12/site-packages:${PYTHONPATH} /usr/bin/python3 -W ignore:setup.py install is deprecated -W ignore:easy_install command is deprecated setup.py egg_info --egg-base ../../../build/lidar_processing build --build-base /home/sleepy/robp-group7-sleepy/build/lidar_processing/build install --record /home/sleepy/robp-group7-sleepy/build/lidar_processing/install.log --single-version-externally-managed install_data --force
[2.808s] DEBUG:colcon.colcon_core.event_handler.log_command:Invoked command in '/home/sleepy/robp-group7-sleepy/src/core/lidar_processing' returned '0': DEBUGINFOD_URLS=https://debuginfod.ubuntu.com PYTHONPATH=/home/sleepy/robp-group7-sleepy/build/lidar_processing/prefix_override:/usr/lib/python3/dist-packages/colcon_core/task/python/colcon_distutils_commands:/home/sleepy/robp-group7-sleepy/install/lidar_processing/lib/python3.12/site-packages:${PYTHONPATH} /usr/bin/python3 -W ignore:setup.py install is deprecated -W ignore:easy_install command is deprecated setup.py egg_info --egg-base ../../../build/lidar_processing build --build-base /home/sleepy/robp-group7-sleepy/build/lidar_processing/build install --record /home/sleepy/robp-group7-sleepy/build/lidar_processing/install.log --single-version-externally-managed install_data --force
[2.810s] Level 1:colcon.colcon_core.environment:checking '/home/sleepy/robp-group7-sleepy/install/lidar_processing' for CMake module files
[2.811s] Level 1:colcon.colcon_core.environment:checking '/home/sleepy/robp-group7-sleepy/install/lidar_processing' for CMake config files
[2.812s] Level 1:colcon.colcon_core.environment:checking '/home/sleepy/robp-group7-sleepy/install/lidar_processing/lib'
[2.812s] Level 1:colcon.colcon_core.environment:checking '/home/sleepy/robp-group7-sleepy/install/lidar_processing/bin'
[2.812s] Level 1:colcon.colcon_core.environment:checking '/home/sleepy/robp-group7-sleepy/install/lidar_processing/lib/pkgconfig/lidar_processing.pc'
[2.812s] Level 1:colcon.colcon_core.environment:checking '/home/sleepy/robp-group7-sleepy/install/lidar_processing/lib/python3.12/site-packages'
[2.813s] Level 1:colcon.colcon_core.shell:create_environment_hook('lidar_processing', 'pythonpath')
[2.813s] INFO:colcon.colcon_core.shell:Creating environment hook '/home/sleepy/robp-group7-sleepy/install/lidar_processing/share/lidar_processing/hook/pythonpath.ps1'
[2.813s] INFO:colcon.colcon_core.shell:Creating environment descriptor '/home/sleepy/robp-group7-sleepy/install/lidar_processing/share/lidar_processing/hook/pythonpath.dsv'
[2.814s] INFO:colcon.colcon_core.shell:Creating environment hook '/home/sleepy/robp-group7-sleepy/install/lidar_processing/share/lidar_processing/hook/pythonpath.sh'
[2.815s] Level 1:colcon.colcon_core.environment:checking '/home/sleepy/robp-group7-sleepy/install/lidar_processing/bin'
[2.815s] Level 1:colcon.colcon_core.environment:create_environment_scripts_only(lidar_processing)
[2.815s] INFO:colcon.colcon_core.shell:Creating package script '/home/sleepy/robp-group7-sleepy/install/lidar_processing/share/lidar_processing/package.ps1'
[2.816s] INFO:colcon.colcon_core.shell:Creating package descriptor '/home/sleepy/robp-group7-sleepy/install/lidar_processing/share/lidar_processing/package.dsv'
[2.816s] INFO:colcon.colcon_core.shell:Creating package script '/home/sleepy/robp-group7-sleepy/install/lidar_processing/share/lidar_processing/package.sh'
[2.817s] INFO:colcon.colcon_core.shell:Creating package script '/home/sleepy/robp-group7-sleepy/install/lidar_processing/share/lidar_processing/package.bash'
[2.818s] INFO:colcon.colcon_core.shell:Creating package script '/home/sleepy/robp-group7-sleepy/install/lidar_processing/share/lidar_processing/package.zsh'
[2.819s] Level 1:colcon.colcon_core.environment:create_file_with_runtime_dependencies(/home/sleepy/robp-group7-sleepy/install/lidar_processing/share/colcon-core/packages/lidar_processing)
[2.819s] DEBUG:colcon.colcon_parallel_executor.executor.parallel:closing loop
[2.819s] DEBUG:colcon.colcon_parallel_executor.executor.parallel:loop closed
[2.819s] DEBUG:colcon.colcon_parallel_executor.executor.parallel:run_until_complete finished with '0'
[2.820s] DEBUG:colcon.colcon_core.event_reactor:joining thread
[2.840s] INFO:colcon.colcon_core.plugin_system:Skipping extension 'colcon_notification.desktop_notification.terminal_notifier': Not used on non-Darwin systems
[2.841s] INFO:colcon.colcon_core.plugin_system:Skipping extension 'colcon_notification.desktop_notification.win32': Not used on non-Windows systems
[2.841s] INFO:colcon.colcon_notification.desktop_notification:Sending desktop notification using 'notify2'
[2.856s] DEBUG:colcon.colcon_core.event_reactor:joined thread
[2.856s] INFO:colcon.colcon_core.shell:Creating prefix script '/home/sleepy/robp-group7-sleepy/install/local_setup.ps1'
[2.857s] INFO:colcon.colcon_core.shell:Creating prefix util module '/home/sleepy/robp-group7-sleepy/install/_local_setup_util_ps1.py'
[2.858s] INFO:colcon.colcon_core.shell:Creating prefix chain script '/home/sleepy/robp-group7-sleepy/install/setup.ps1'
[2.860s] INFO:colcon.colcon_core.shell:Creating prefix script '/home/sleepy/robp-group7-sleepy/install/local_setup.sh'
[2.861s] INFO:colcon.colcon_core.shell:Creating prefix util module '/home/sleepy/robp-group7-sleepy/install/_local_setup_util_sh.py'
[2.861s] INFO:colcon.colcon_core.shell:Creating prefix chain script '/home/sleepy/robp-group7-sleepy/install/setup.sh'
[2.863s] INFO:colcon.colcon_core.shell:Creating prefix script '/home/sleepy/robp-group7-sleepy/install/local_setup.bash'
[2.864s] INFO:colcon.colcon_core.shell:Creating prefix chain script '/home/sleepy/robp-group7-sleepy/install/setup.bash'
[2.865s] INFO:colcon.colcon_core.shell:Creating prefix script '/home/sleepy/robp-group7-sleepy/install/local_setup.zsh'
[2.866s] INFO:colcon.colcon_core.shell:Creating prefix chain script '/home/sleepy/robp-group7-sleepy/install/setup.zsh'
