[0.065s] Invoking command in '/home/sleepy/robp-group7-sleepy/build/core_interfaces': CMAKE_PREFIX_PATH=${CMAKE_PREFIX_PATH}:/home/sleepy/robp-group7-sleepy/install/simple_move:/home/sleepy/robp-group7-sleepy/install/core_launch:/home/sleepy/robp-group7-sleepy/install/robp_launch:/home/sleepy/robp-group7-sleepy/install/perception:/home/sleepy/robp-group7-sleepy/install/odometry:/home/sleepy/robp-group7-sleepy/install/navigation:/home/sleepy/robp-group7-sleepy/install/lidar_processing:/home/sleepy/robp-group7-sleepy/install/arm_servos_pubs_subs:/home/sleepy/robp-group7-sleepy/install/arm_control:/opt/ros/jazzy DEBUGINFOD_URLS=https://debuginfod.ubuntu.com /usr/bin/cmake --build /home/sleepy/robp-group7-sleepy/build/core_interfaces -- -j8 -l8
[1.183s] [  1%] Built target core_interfaces__rosidl_generator_type_description
[1.183s] [  1%] Built target ament_cmake_python_symlink_core_interfaces
[1.183s] [ 22%] Built target core_interfaces__rosidl_generator_c
[1.183s] [ 24%] Built target core_interfaces__cpp
[1.183s] [ 33%] Built target core_interfaces__rosidl_typesupport_fastrtps_c
[1.183s] [ 42%] Built target core_interfaces__rosidl_typesupport_introspection_c
[1.183s] [ 51%] Built target core_interfaces__rosidl_typesupport_c
[1.183s] [ 61%] Built target core_interfaces__rosidl_typesupport_fastrtps_cpp
[1.183s] [ 70%] Built target core_interfaces__rosidl_typesupport_introspection_cpp
[1.183s] [ 79%] Built target core_interfaces__rosidl_typesupport_cpp
[1.183s] [ 79%] Built target core_interfaces
[1.184s] [ 81%] Built target core_interfaces__py
[1.184s] [ 88%] Built target core_interfaces__rosidl_generator_py
[1.184s] [ 96%] Built target core_interfaces_s__rosidl_typesupport_c
[1.184s] [ 96%] Built target core_interfaces_s__rosidl_typesupport_introspection_c
[1.184s] [100%] Built target core_interfaces_s__rosidl_typesupport_fastrtps_c
[1.184s] running egg_info
[1.184s] writing core_interfaces.egg-info/PKG-INFO
[1.184s] writing dependency_links to core_interfaces.egg-info/dependency_links.txt
[1.184s] writing top-level names to core_interfaces.egg-info/top_level.txt
[1.184s] reading manifest file 'core_interfaces.egg-info/SOURCES.txt'
[1.185s] writing manifest file 'core_interfaces.egg-info/SOURCES.txt'
[1.185s] [100%] Built target ament_cmake_python_build_core_interfaces_egg
[1.204s] Invoked command in '/home/sleepy/robp-group7-sleepy/build/core_interfaces' returned '0': CMAKE_PREFIX_PATH=${CMAKE_PREFIX_PATH}:/home/sleepy/robp-group7-sleepy/install/simple_move:/home/sleepy/robp-group7-sleepy/install/core_launch:/home/sleepy/robp-group7-sleepy/install/robp_launch:/home/sleepy/robp-group7-sleepy/install/perception:/home/sleepy/robp-group7-sleepy/install/odometry:/home/sleepy/robp-group7-sleepy/install/navigation:/home/sleepy/robp-group7-sleepy/install/lidar_processing:/home/sleepy/robp-group7-sleepy/install/arm_servos_pubs_subs:/home/sleepy/robp-group7-sleepy/install/arm_control:/opt/ros/jazzy DEBUGINFOD_URLS=https://debuginfod.ubuntu.com /usr/bin/cmake --build /home/sleepy/robp-group7-sleepy/build/core_interfaces -- -j8 -l8
[1.205s] Invoking command in '/home/sleepy/robp-group7-sleepy/build/core_interfaces': CMAKE_PREFIX_PATH=${CMAKE_PREFIX_PATH}:/home/sleepy/robp-group7-sleepy/install/simple_move:/home/sleepy/robp-group7-sleepy/install/core_launch:/home/sleepy/robp-group7-sleepy/install/robp_launch:/home/sleepy/robp-group7-sleepy/install/perception:/home/sleepy/robp-group7-sleepy/install/odometry:/home/sleepy/robp-group7-sleepy/install/navigation:/home/sleepy/robp-group7-sleepy/install/lidar_processing:/home/sleepy/robp-group7-sleepy/install/arm_servos_pubs_subs:/home/sleepy/robp-group7-sleepy/install/arm_control:/opt/ros/jazzy DEBUGINFOD_URLS=https://debuginfod.ubuntu.com /usr/bin/cmake --install /home/sleepy/robp-group7-sleepy/build/core_interfaces
[1.221s] -- Install configuration: ""
[1.223s] -- Execute custom install script
[1.225s] -- Up-to-date symlink: /home/sleepy/robp-group7-sleepy/install/core_interfaces/share/ament_index/resource_index/rosidl_interfaces/core_interfaces
[1.227s] -- Up-to-date symlink: /home/sleepy/robp-group7-sleepy/install/core_interfaces/share/core_interfaces/srv/GeofenceCompliance.json
[1.228s] -- Up-to-date symlink: /home/sleepy/robp-group7-sleepy/install/core_interfaces/share/core_interfaces/action/MoveTo.json
[1.228s] -- Up-to-date symlink: /home/sleepy/robp-group7-sleepy/install/core_interfaces/share/core_interfaces/action/PathPlanner.json
[1.228s] -- Up-to-date symlink: /home/sleepy/robp-group7-sleepy/install/core_interfaces/include/core_interfaces/core_interfaces/action/detail/move_to__functions.h
[1.229s] -- Up-to-date symlink: /home/sleepy/robp-group7-sleepy/install/core_interfaces/include/core_interfaces/core_interfaces/action/detail/move_to__struct.h
[1.229s] -- Up-to-date symlink: /home/sleepy/robp-group7-sleepy/install/core_interfaces/include/core_interfaces/core_interfaces/action/detail/move_to__type_support.h
[1.229s] -- Up-to-date symlink: /home/sleepy/robp-group7-sleepy/install/core_interfaces/include/core_interfaces/core_interfaces/action/detail/path_planner__functions.h
[1.229s] -- Up-to-date symlink: /home/sleepy/robp-group7-sleepy/install/core_interfaces/include/core_interfaces/core_interfaces/action/detail/path_planner__struct.h
[1.229s] -- Up-to-date symlink: /home/sleepy/robp-group7-sleepy/install/core_interfaces/include/core_interfaces/core_interfaces/action/detail/path_planner__type_support.h
[1.232s] -- Up-to-date symlink: /home/sleepy/robp-group7-sleepy/install/core_interfaces/include/core_interfaces/core_interfaces/action/move_to.h
[1.235s] -- Up-to-date symlink: /home/sleepy/robp-group7-sleepy/install/core_interfaces/include/core_interfaces/core_interfaces/action/path_planner.h
[1.235s] -- Up-to-date symlink: /home/sleepy/robp-group7-sleepy/install/core_interfaces/include/core_interfaces/core_interfaces/msg/rosidl_generator_c__visibility_control.h
[1.236s] -- Up-to-date symlink: /home/sleepy/robp-group7-sleepy/install/core_interfaces/include/core_interfaces/core_interfaces/srv/detail/geofence_compliance__functions.h
[1.236s] -- Up-to-date symlink: /home/sleepy/robp-group7-sleepy/install/core_interfaces/include/core_interfaces/core_interfaces/srv/detail/geofence_compliance__struct.h
[1.237s] -- Up-to-date symlink: /home/sleepy/robp-group7-sleepy/install/core_interfaces/include/core_interfaces/core_interfaces/srv/detail/geofence_compliance__type_support.h
[1.252s] -- Up-to-date symlink: /home/sleepy/robp-group7-sleepy/install/core_interfaces/include/core_interfaces/core_interfaces/srv/geofence_compliance.h
[1.252s] -- Up-to-date symlink: /home/sleepy/robp-group7-sleepy/install/core_interfaces/share/core_interfaces/environment/library_path.sh
[1.252s] -- Up-to-date symlink: /home/sleepy/robp-group7-sleepy/install/core_interfaces/share/core_interfaces/environment/library_path.dsv
[1.252s] -- Up-to-date symlink: /home/sleepy/robp-group7-sleepy/install/core_interfaces/include/core_interfaces/core_interfaces/action/detail/move_to__rosidl_typesupport_fastrtps_c.h
[1.253s] -- Up-to-date symlink: /home/sleepy/robp-group7-sleepy/install/core_interfaces/include/core_interfaces/core_interfaces/action/detail/path_planner__rosidl_typesupport_fastrtps_c.h
[1.255s] -- Up-to-date symlink: /home/sleepy/robp-group7-sleepy/install/core_interfaces/include/core_interfaces/core_interfaces/msg/rosidl_typesupport_fastrtps_c__visibility_control.h
[1.255s] -- Up-to-date symlink: /home/sleepy/robp-group7-sleepy/install/core_interfaces/include/core_interfaces/core_interfaces/srv/detail/geofence_compliance__rosidl_typesupport_fastrtps_c.h
[1.255s] -- Up-to-date symlink: /home/sleepy/robp-group7-sleepy/install/core_interfaces/include/core_interfaces/core_interfaces/action/detail/move_to__rosidl_typesupport_introspection_c.h
[1.255s] -- Up-to-date symlink: /home/sleepy/robp-group7-sleepy/install/core_interfaces/include/core_interfaces/core_interfaces/action/detail/path_planner__rosidl_typesupport_introspection_c.h
[1.262s] -- Up-to-date symlink: /home/sleepy/robp-group7-sleepy/install/core_interfaces/include/core_interfaces/core_interfaces/msg/rosidl_typesupport_introspection_c__visibility_control.h
[1.262s] -- Up-to-date symlink: /home/sleepy/robp-group7-sleepy/install/core_interfaces/include/core_interfaces/core_interfaces/srv/detail/geofence_compliance__rosidl_typesupport_introspection_c.h
[1.262s] -- Up-to-date symlink: /home/sleepy/robp-group7-sleepy/install/core_interfaces/include/core_interfaces/core_interfaces/action/detail/move_to__builder.hpp
[1.266s] -- Up-to-date symlink: /home/sleepy/robp-group7-sleepy/install/core_interfaces/include/core_interfaces/core_interfaces/action/detail/move_to__struct.hpp
[1.266s] -- Up-to-date symlink: /home/sleepy/robp-group7-sleepy/install/core_interfaces/include/core_interfaces/core_interfaces/action/detail/move_to__traits.hpp
[1.266s] -- Up-to-date symlink: /home/sleepy/robp-group7-sleepy/install/core_interfaces/include/core_interfaces/core_interfaces/action/detail/move_to__type_support.hpp
[1.267s] -- Up-to-date symlink: /home/sleepy/robp-group7-sleepy/install/core_interfaces/include/core_interfaces/core_interfaces/action/detail/path_planner__builder.hpp
[1.267s] -- Up-to-date symlink: /home/sleepy/robp-group7-sleepy/install/core_interfaces/include/core_interfaces/core_interfaces/action/detail/path_planner__struct.hpp
[1.267s] -- Up-to-date symlink: /home/sleepy/robp-group7-sleepy/install/core_interfaces/include/core_interfaces/core_interfaces/action/detail/path_planner__traits.hpp
[1.267s] -- Up-to-date symlink: /home/sleepy/robp-group7-sleepy/install/core_interfaces/include/core_interfaces/core_interfaces/action/detail/path_planner__type_support.hpp
[1.268s] -- Up-to-date symlink: /home/sleepy/robp-group7-sleepy/install/core_interfaces/include/core_interfaces/core_interfaces/action/move_to.hpp
[1.272s] -- Up-to-date symlink: /home/sleepy/robp-group7-sleepy/install/core_interfaces/include/core_interfaces/core_interfaces/action/path_planner.hpp
[1.272s] -- Up-to-date symlink: /home/sleepy/robp-group7-sleepy/install/core_interfaces/include/core_interfaces/core_interfaces/msg/rosidl_generator_cpp__visibility_control.hpp
[1.273s] -- Up-to-date symlink: /home/sleepy/robp-group7-sleepy/install/core_interfaces/include/core_interfaces/core_interfaces/srv/detail/geofence_compliance__builder.hpp
[1.273s] -- Up-to-date symlink: /home/sleepy/robp-group7-sleepy/install/core_interfaces/include/core_interfaces/core_interfaces/srv/detail/geofence_compliance__struct.hpp
[1.274s] -- Up-to-date symlink: /home/sleepy/robp-group7-sleepy/install/core_interfaces/include/core_interfaces/core_interfaces/srv/detail/geofence_compliance__traits.hpp
[1.275s] -- Up-to-date symlink: /home/sleepy/robp-group7-sleepy/install/core_interfaces/include/core_interfaces/core_interfaces/srv/detail/geofence_compliance__type_support.hpp
[1.275s] -- Up-to-date symlink: /home/sleepy/robp-group7-sleepy/install/core_interfaces/include/core_interfaces/core_interfaces/srv/geofence_compliance.hpp
[1.275s] -- Up-to-date symlink: /home/sleepy/robp-group7-sleepy/install/core_interfaces/include/core_interfaces/core_interfaces/action/detail/move_to__rosidl_typesupport_fastrtps_cpp.hpp
[1.275s] -- Up-to-date symlink: /home/sleepy/robp-group7-sleepy/install/core_interfaces/include/core_interfaces/core_interfaces/action/detail/path_planner__rosidl_typesupport_fastrtps_cpp.hpp
[1.281s] -- Up-to-date symlink: /home/sleepy/robp-group7-sleepy/install/core_interfaces/include/core_interfaces/core_interfaces/msg/rosidl_typesupport_fastrtps_cpp__visibility_control.h
[1.282s] -- Up-to-date symlink: /home/sleepy/robp-group7-sleepy/install/core_interfaces/include/core_interfaces/core_interfaces/srv/detail/geofence_compliance__rosidl_typesupport_fastrtps_cpp.hpp
[1.286s] -- Up-to-date symlink: /home/sleepy/robp-group7-sleepy/install/core_interfaces/include/core_interfaces/core_interfaces/action/detail/move_to__rosidl_typesupport_introspection_cpp.hpp
[1.312s] -- Up-to-date symlink: /home/sleepy/robp-group7-sleepy/install/core_interfaces/include/core_interfaces/core_interfaces/action/detail/path_planner__rosidl_typesupport_introspection_cpp.hpp
[1.312s] -- Up-to-date symlink: /home/sleepy/robp-group7-sleepy/install/core_interfaces/include/core_interfaces/core_interfaces/srv/detail/geofence_compliance__rosidl_typesupport_introspection_cpp.hpp
[1.313s] -- Up-to-date symlink: /home/sleepy/robp-group7-sleepy/install/core_interfaces/share/core_interfaces/environment/pythonpath.sh
[1.313s] -- Up-to-date symlink: /home/sleepy/robp-group7-sleepy/install/core_interfaces/share/core_interfaces/environment/pythonpath.dsv
[1.313s] -- Up-to-date symlink: /home/sleepy/robp-group7-sleepy/install/core_interfaces/lib/python3.12/site-packages/core_interfaces-0.0.0-py3.12.egg-info/PKG-INFO
[1.313s] -- Up-to-date symlink: /home/sleepy/robp-group7-sleepy/install/core_interfaces/lib/python3.12/site-packages/core_interfaces-0.0.0-py3.12.egg-info/SOURCES.txt
[1.313s] -- Up-to-date symlink: /home/sleepy/robp-group7-sleepy/install/core_interfaces/lib/python3.12/site-packages/core_interfaces-0.0.0-py3.12.egg-info/dependency_links.txt
[1.313s] -- Up-to-date symlink: /home/sleepy/robp-group7-sleepy/install/core_interfaces/lib/python3.12/site-packages/core_interfaces-0.0.0-py3.12.egg-info/top_level.txt
[1.313s] -- Up-to-date symlink: /home/sleepy/robp-group7-sleepy/install/core_interfaces/lib/python3.12/site-packages/core_interfaces/__init__.py
[1.314s] -- Up-to-date symlink: /home/sleepy/robp-group7-sleepy/install/core_interfaces/lib/python3.12/site-packages/core_interfaces/_core_interfaces_s.ep.rosidl_typesupport_c.c
[1.314s] -- Up-to-date symlink: /home/sleepy/robp-group7-sleepy/install/core_interfaces/lib/python3.12/site-packages/core_interfaces/_core_interfaces_s.ep.rosidl_typesupport_fastrtps_c.c
[1.314s] -- Up-to-date symlink: /home/sleepy/robp-group7-sleepy/install/core_interfaces/lib/python3.12/site-packages/core_interfaces/_core_interfaces_s.ep.rosidl_typesupport_introspection_c.c
[1.314s] -- Up-to-date symlink: /home/sleepy/robp-group7-sleepy/install/core_interfaces/lib/python3.12/site-packages/core_interfaces/action/__init__.py
[1.319s] -- Up-to-date symlink: /home/sleepy/robp-group7-sleepy/install/core_interfaces/lib/python3.12/site-packages/core_interfaces/action/_move_to.py
[1.322s] -- Up-to-date symlink: /home/sleepy/robp-group7-sleepy/install/core_interfaces/lib/python3.12/site-packages/core_interfaces/action/_move_to_s.c
[1.322s] -- Up-to-date symlink: /home/sleepy/robp-group7-sleepy/install/core_interfaces/lib/python3.12/site-packages/core_interfaces/action/_path_planner.py
[1.331s] -- Up-to-date symlink: /home/sleepy/robp-group7-sleepy/install/core_interfaces/lib/python3.12/site-packages/core_interfaces/action/_path_planner_s.c
[1.331s] -- Up-to-date symlink: /home/sleepy/robp-group7-sleepy/install/core_interfaces/lib/python3.12/site-packages/core_interfaces/core_interfaces_s__rosidl_typesupport_c.so
[1.331s] -- Up-to-date symlink: /home/sleepy/robp-group7-sleepy/install/core_interfaces/lib/python3.12/site-packages/core_interfaces/core_interfaces_s__rosidl_typesupport_fastrtps_c.so
[1.331s] -- Up-to-date symlink: /home/sleepy/robp-group7-sleepy/install/core_interfaces/lib/python3.12/site-packages/core_interfaces/core_interfaces_s__rosidl_typesupport_introspection_c.so
[1.331s] -- Up-to-date symlink: /home/sleepy/robp-group7-sleepy/install/core_interfaces/lib/python3.12/site-packages/core_interfaces/srv/__init__.py
[1.332s] -- Up-to-date symlink: /home/sleepy/robp-group7-sleepy/install/core_interfaces/lib/python3.12/site-packages/core_interfaces/srv/_geofence_compliance.py
[1.332s] -- Up-to-date symlink: /home/sleepy/robp-group7-sleepy/install/core_interfaces/lib/python3.12/site-packages/core_interfaces/srv/_geofence_compliance_s.c
[1.332s] -- Up-to-date symlink: /home/sleepy/robp-group7-sleepy/install/core_interfaces/lib/python3.12/site-packages/core_interfaces/core_interfaces_s__rosidl_typesupport_fastrtps_c.so
[1.332s] -- Up-to-date symlink: /home/sleepy/robp-group7-sleepy/install/core_interfaces/lib/python3.12/site-packages/core_interfaces/core_interfaces_s__rosidl_typesupport_introspection_c.so
[1.332s] -- Up-to-date symlink: /home/sleepy/robp-group7-sleepy/install/core_interfaces/lib/python3.12/site-packages/core_interfaces/core_interfaces_s__rosidl_typesupport_c.so
[1.332s] -- Up-to-date symlink: /home/sleepy/robp-group7-sleepy/install/core_interfaces/share/core_interfaces/srv/GeofenceCompliance.idl
[1.332s] -- Up-to-date symlink: /home/sleepy/robp-group7-sleepy/install/core_interfaces/share/core_interfaces/action/MoveTo.idl
[1.333s] -- Up-to-date symlink: /home/sleepy/robp-group7-sleepy/install/core_interfaces/share/core_interfaces/action/PathPlanner.idl
[1.333s] -- Up-to-date symlink: /home/sleepy/robp-group7-sleepy/install/core_interfaces/share/core_interfaces/srv/GeofenceCompliance.srv
[1.333s] -- Up-to-date symlink: /home/sleepy/robp-group7-sleepy/install/core_interfaces/share/core_interfaces/action/MoveTo.action
[1.333s] -- Up-to-date symlink: /home/sleepy/robp-group7-sleepy/install/core_interfaces/share/core_interfaces/action/PathPlanner.action
[1.333s] -- Up-to-date symlink: /home/sleepy/robp-group7-sleepy/install/core_interfaces/share/ament_index/resource_index/package_run_dependencies/core_interfaces
[1.333s] -- Up-to-date symlink: /home/sleepy/robp-group7-sleepy/install/core_interfaces/share/ament_index/resource_index/parent_prefix_path/core_interfaces
[1.333s] -- Up-to-date symlink: /home/sleepy/robp-group7-sleepy/install/core_interfaces/share/core_interfaces/environment/ament_prefix_path.sh
[1.334s] -- Up-to-date symlink: /home/sleepy/robp-group7-sleepy/install/core_interfaces/share/core_interfaces/environment/ament_prefix_path.dsv
[1.334s] -- Up-to-date symlink: /home/sleepy/robp-group7-sleepy/install/core_interfaces/share/core_interfaces/environment/path.sh
[1.334s] -- Up-to-date symlink: /home/sleepy/robp-group7-sleepy/install/core_interfaces/share/core_interfaces/environment/path.dsv
[1.334s] -- Up-to-date symlink: /home/sleepy/robp-group7-sleepy/install/core_interfaces/share/core_interfaces/local_setup.bash
[1.334s] -- Up-to-date symlink: /home/sleepy/robp-group7-sleepy/install/core_interfaces/share/core_interfaces/local_setup.sh
[1.334s] -- Up-to-date symlink: /home/sleepy/robp-group7-sleepy/install/core_interfaces/share/core_interfaces/local_setup.zsh
[1.351s] -- Up-to-date symlink: /home/sleepy/robp-group7-sleepy/install/core_interfaces/share/core_interfaces/local_setup.dsv
[1.352s] -- Symlinking: /home/sleepy/robp-group7-sleepy/install/core_interfaces/share/core_interfaces/package.dsv
[1.364s] -- Up-to-date symlink: /home/sleepy/robp-group7-sleepy/install/core_interfaces/share/ament_index/resource_index/packages/core_interfaces
[1.364s] -- Up-to-date symlink: /home/sleepy/robp-group7-sleepy/install/core_interfaces/share/core_interfaces/cmake/rosidl_cmake-extras.cmake
[1.366s] -- Up-to-date symlink: /home/sleepy/robp-group7-sleepy/install/core_interfaces/share/core_interfaces/cmake/ament_cmake_export_dependencies-extras.cmake
[1.367s] -- Up-to-date symlink: /home/sleepy/robp-group7-sleepy/install/core_interfaces/share/core_interfaces/cmake/ament_cmake_export_include_directories-extras.cmake
[1.367s] -- Up-to-date symlink: /home/sleepy/robp-group7-sleepy/install/core_interfaces/share/core_interfaces/cmake/ament_cmake_export_libraries-extras.cmake
[1.368s] -- Up-to-date symlink: /home/sleepy/robp-group7-sleepy/install/core_interfaces/share/core_interfaces/cmake/ament_cmake_export_targets-extras.cmake
[1.368s] -- Up-to-date symlink: /home/sleepy/robp-group7-sleepy/install/core_interfaces/share/core_interfaces/cmake/rosidl_cmake_export_typesupport_targets-extras.cmake
[1.368s] -- Up-to-date symlink: /home/sleepy/robp-group7-sleepy/install/core_interfaces/share/core_interfaces/cmake/rosidl_cmake_export_typesupport_libraries-extras.cmake
[1.368s] -- Up-to-date symlink: /home/sleepy/robp-group7-sleepy/install/core_interfaces/share/core_interfaces/cmake/core_interfacesConfig.cmake
[1.368s] -- Up-to-date symlink: /home/sleepy/robp-group7-sleepy/install/core_interfaces/share/core_interfaces/cmake/core_interfacesConfig-version.cmake
[1.368s] -- Up-to-date symlink: /home/sleepy/robp-group7-sleepy/install/core_interfaces/share/core_interfaces/package.xml
[1.368s] -- Up-to-date: /home/sleepy/robp-group7-sleepy/install/core_interfaces/lib/libcore_interfaces__rosidl_generator_c.so
[1.373s] -- Up-to-date: /home/sleepy/robp-group7-sleepy/install/core_interfaces/lib/libcore_interfaces__rosidl_typesupport_fastrtps_c.so
[1.373s] -- Up-to-date: /home/sleepy/robp-group7-sleepy/install/core_interfaces/lib/libcore_interfaces__rosidl_typesupport_introspection_c.so
[1.373s] -- Up-to-date: /home/sleepy/robp-group7-sleepy/install/core_interfaces/lib/libcore_interfaces__rosidl_typesupport_c.so
[1.373s] -- Up-to-date: /home/sleepy/robp-group7-sleepy/install/core_interfaces/lib/libcore_interfaces__rosidl_typesupport_fastrtps_cpp.so
[1.373s] -- Up-to-date: /home/sleepy/robp-group7-sleepy/install/core_interfaces/lib/libcore_interfaces__rosidl_typesupport_introspection_cpp.so
[1.382s] -- Up-to-date: /home/sleepy/robp-group7-sleepy/install/core_interfaces/lib/libcore_interfaces__rosidl_typesupport_cpp.so
[1.403s] Listing '/home/sleepy/robp-group7-sleepy/install/core_interfaces/lib/python3.12/site-packages/core_interfaces'...
[1.403s] Listing '/home/sleepy/robp-group7-sleepy/install/core_interfaces/lib/python3.12/site-packages/core_interfaces/action'...
[1.403s] Listing '/home/sleepy/robp-group7-sleepy/install/core_interfaces/lib/python3.12/site-packages/core_interfaces/srv'...
[1.405s] -- Up-to-date: /home/sleepy/robp-group7-sleepy/install/core_interfaces/lib/libcore_interfaces__rosidl_generator_py.so
[1.406s] -- Up-to-date: /home/sleepy/robp-group7-sleepy/install/core_interfaces/share/core_interfaces/cmake/export_core_interfaces__rosidl_generator_cExport.cmake
[1.406s] -- Up-to-date: /home/sleepy/robp-group7-sleepy/install/core_interfaces/share/core_interfaces/cmake/export_core_interfaces__rosidl_generator_cExport-noconfig.cmake
[1.412s] -- Up-to-date: /home/sleepy/robp-group7-sleepy/install/core_interfaces/share/core_interfaces/cmake/export_core_interfaces__rosidl_typesupport_fastrtps_cExport.cmake
[1.413s] -- Up-to-date: /home/sleepy/robp-group7-sleepy/install/core_interfaces/share/core_interfaces/cmake/export_core_interfaces__rosidl_typesupport_fastrtps_cExport-noconfig.cmake
[1.413s] -- Up-to-date: /home/sleepy/robp-group7-sleepy/install/core_interfaces/share/core_interfaces/cmake/core_interfaces__rosidl_typesupport_introspection_cExport.cmake
[1.414s] -- Up-to-date: /home/sleepy/robp-group7-sleepy/install/core_interfaces/share/core_interfaces/cmake/core_interfaces__rosidl_typesupport_introspection_cExport-noconfig.cmake
[1.414s] -- Up-to-date: /home/sleepy/robp-group7-sleepy/install/core_interfaces/share/core_interfaces/cmake/core_interfaces__rosidl_typesupport_cExport.cmake
[1.415s] -- Up-to-date: /home/sleepy/robp-group7-sleepy/install/core_interfaces/share/core_interfaces/cmake/core_interfaces__rosidl_typesupport_cExport-noconfig.cmake
[1.415s] -- Up-to-date: /home/sleepy/robp-group7-sleepy/install/core_interfaces/share/core_interfaces/cmake/export_core_interfaces__rosidl_generator_cppExport.cmake
[1.416s] -- Up-to-date: /home/sleepy/robp-group7-sleepy/install/core_interfaces/share/core_interfaces/cmake/export_core_interfaces__rosidl_typesupport_fastrtps_cppExport.cmake
[1.417s] -- Up-to-date: /home/sleepy/robp-group7-sleepy/install/core_interfaces/share/core_interfaces/cmake/export_core_interfaces__rosidl_typesupport_fastrtps_cppExport-noconfig.cmake
[1.418s] -- Up-to-date: /home/sleepy/robp-group7-sleepy/install/core_interfaces/share/core_interfaces/cmake/core_interfaces__rosidl_typesupport_introspection_cppExport.cmake
[1.418s] -- Up-to-date: /home/sleepy/robp-group7-sleepy/install/core_interfaces/share/core_interfaces/cmake/core_interfaces__rosidl_typesupport_introspection_cppExport-noconfig.cmake
[1.420s] -- Up-to-date: /home/sleepy/robp-group7-sleepy/install/core_interfaces/share/core_interfaces/cmake/core_interfaces__rosidl_typesupport_cppExport.cmake
[1.422s] -- Up-to-date: /home/sleepy/robp-group7-sleepy/install/core_interfaces/share/core_interfaces/cmake/core_interfaces__rosidl_typesupport_cppExport-noconfig.cmake
[1.422s] -- Up-to-date: /home/sleepy/robp-group7-sleepy/install/core_interfaces/share/core_interfaces/cmake/export_core_interfaces__rosidl_generator_pyExport.cmake
[1.422s] -- Up-to-date: /home/sleepy/robp-group7-sleepy/install/core_interfaces/share/core_interfaces/cmake/export_core_interfaces__rosidl_generator_pyExport-noconfig.cmake
[1.545s] Invoked command in '/home/sleepy/robp-group7-sleepy/build/core_interfaces' returned '0': CMAKE_PREFIX_PATH=${CMAKE_PREFIX_PATH}:/home/sleepy/robp-group7-sleepy/install/simple_move:/home/sleepy/robp-group7-sleepy/install/core_launch:/home/sleepy/robp-group7-sleepy/install/robp_launch:/home/sleepy/robp-group7-sleepy/install/perception:/home/sleepy/robp-group7-sleepy/install/odometry:/home/sleepy/robp-group7-sleepy/install/navigation:/home/sleepy/robp-group7-sleepy/install/lidar_processing:/home/sleepy/robp-group7-sleepy/install/arm_servos_pubs_subs:/home/sleepy/robp-group7-sleepy/install/arm_control:/opt/ros/jazzy DEBUGINFOD_URLS=https://debuginfod.ubuntu.com /usr/bin/cmake --install /home/sleepy/robp-group7-sleepy/build/core_interfaces
