running egg_info
writing ../../../build/navigation/navigation.egg-info/PKG-INFO
writing dependency_links to ../../../build/navigation/navigation.egg-info/dependency_links.txt
writing entry points to ../../../build/navigation/navigation.egg-info/entry_points.txt
writing requirements to ../../../build/navigation/navigation.egg-info/requires.txt
writing top-level names to ../../../build/navigation/navigation.egg-info/top_level.txt
reading manifest file '../../../build/navigation/navigation.egg-info/SOURCES.txt'
writing manifest file '../../../build/navigation/navigation.egg-info/SOURCES.txt'
running build
running build_py
copying navigation/move_to.py -> /home/sleepy/robp-group7-sleepy/build/navigation/build/lib/navigation
running install
running install_lib
copying /home/sleepy/robp-group7-sleepy/build/navigation/build/lib/navigation/move_to.py -> /home/sleepy/robp-group7-sleepy/install/navigation/lib/python3.12/site-packages/navigation
byte-compiling /home/sleepy/robp-group7-sleepy/install/navigation/lib/python3.12/site-packages/navigation/move_to.py to move_to.cpython-312.pyc
running install_data
running install_egg_info
removing '/home/sleepy/robp-group7-sleepy/install/navigation/lib/python3.12/site-packages/navigation-0.0.0-py3.12.egg-info' (and everything under it)
Copying ../../../build/navigation/navigation.egg-info to /home/sleepy/robp-group7-sleepy/install/navigation/lib/python3.12/site-packages/navigation-0.0.0-py3.12.egg-info
running install_scripts
Installing generate_pose script to /home/sleepy/robp-group7-sleepy/install/navigation/lib/navigation
Installing geofence_compliance script to /home/sleepy/robp-group7-sleepy/install/navigation/lib/navigation
Installing geofence_publisher script to /home/sleepy/robp-group7-sleepy/install/navigation/lib/navigation
Installing move_to script to /home/sleepy/robp-group7-sleepy/install/navigation/lib/navigation
Installing path_planner script to /home/sleepy/robp-group7-sleepy/install/navigation/lib/navigation
writing list of installed files to '/home/sleepy/robp-group7-sleepy/build/navigation/install.log'
