[0.054s] Invoking command in '/home/sleepy/robp-group7-sleepy/build/robp_interfaces': CMAKE_PREFIX_PATH=${CMAKE_PREFIX_PATH}:/home/sleepy/robp-group7-sleepy/install/simple_move:/home/sleepy/robp-group7-sleepy/install/core_launch:/home/sleepy/robp-group7-sleepy/install/robp_launch:/home/sleepy/robp-group7-sleepy/install/perception:/home/sleepy/robp-group7-sleepy/install/odometry:/home/sleepy/robp-group7-sleepy/install/lidar_processing:/home/sleepy/robp-group7-sleepy/install/arm_servos_pubs_subs:/home/sleepy/robp-group7-sleepy/install/arm_control:/opt/ros/jazzy DEBUGINFOD_URLS=https://debuginfod.ubuntu.com /usr/bin/cmake --build /home/sleepy/robp-group7-sleepy/build/robp_interfaces -- -j8 -l8
[1.095s] [  2%] Built target robp_interfaces__rosidl_generator_type_description
[1.095s] [  2%] Built target ament_cmake_python_symlink_robp_interfaces
[1.095s] [  4%] Built target robp_interfaces__cpp
[1.095s] [ 22%] Built target robp_interfaces__rosidl_generator_c
[1.096s] [ 31%] Built target robp_interfaces__rosidl_typesupport_c
[1.096s] [ 40%] Built target robp_interfaces__rosidl_typesupport_cpp
[1.096s] [ 50%] Built target robp_interfaces__rosidl_typesupport_introspection_c
[1.096s] [ 59%] Built target robp_interfaces__rosidl_typesupport_fastrtps_c
[1.096s] [ 68%] Built target robp_interfaces__rosidl_typesupport_fastrtps_cpp
[1.096s] [ 77%] Built target robp_interfaces__rosidl_typesupport_introspection_cpp
[1.096s] [ 77%] Built target robp_interfaces
[1.096s] [ 79%] Built target robp_interfaces__py
[1.096s] [ 86%] Built target robp_interfaces__rosidl_generator_py
[1.096s] [ 90%] Built target robp_interfaces_s__rosidl_typesupport_introspection_c
[1.097s] [ 95%] Built target robp_interfaces_s__rosidl_typesupport_fastrtps_c
[1.097s] [100%] Built target robp_interfaces_s__rosidl_typesupport_c
[1.097s] running egg_info
[1.097s] writing robp_interfaces.egg-info/PKG-INFO
[1.097s] writing dependency_links to robp_interfaces.egg-info/dependency_links.txt
[1.097s] writing top-level names to robp_interfaces.egg-info/top_level.txt
[1.097s] reading manifest file 'robp_interfaces.egg-info/SOURCES.txt'
[1.097s] writing manifest file 'robp_interfaces.egg-info/SOURCES.txt'
[1.097s] [100%] Built target ament_cmake_python_build_robp_interfaces_egg
[1.424s] Invoked command in '/home/sleepy/robp-group7-sleepy/build/robp_interfaces' returned '0': CMAKE_PREFIX_PATH=${CMAKE_PREFIX_PATH}:/home/sleepy/robp-group7-sleepy/install/simple_move:/home/sleepy/robp-group7-sleepy/install/core_launch:/home/sleepy/robp-group7-sleepy/install/robp_launch:/home/sleepy/robp-group7-sleepy/install/perception:/home/sleepy/robp-group7-sleepy/install/odometry:/home/sleepy/robp-group7-sleepy/install/lidar_processing:/home/sleepy/robp-group7-sleepy/install/arm_servos_pubs_subs:/home/sleepy/robp-group7-sleepy/install/arm_control:/opt/ros/jazzy DEBUGINFOD_URLS=https://debuginfod.ubuntu.com /usr/bin/cmake --build /home/sleepy/robp-group7-sleepy/build/robp_interfaces -- -j8 -l8
[1.436s] Invoking command in '/home/sleepy/robp-group7-sleepy/build/robp_interfaces': CMAKE_PREFIX_PATH=${CMAKE_PREFIX_PATH}:/home/sleepy/robp-group7-sleepy/install/simple_move:/home/sleepy/robp-group7-sleepy/install/core_launch:/home/sleepy/robp-group7-sleepy/install/robp_launch:/home/sleepy/robp-group7-sleepy/install/perception:/home/sleepy/robp-group7-sleepy/install/odometry:/home/sleepy/robp-group7-sleepy/install/lidar_processing:/home/sleepy/robp-group7-sleepy/install/arm_servos_pubs_subs:/home/sleepy/robp-group7-sleepy/install/arm_control:/opt/ros/jazzy DEBUGINFOD_URLS=https://debuginfod.ubuntu.com /usr/bin/cmake --install /home/sleepy/robp-group7-sleepy/build/robp_interfaces
[1.447s] -- Install configuration: ""
[1.448s] -- Execute custom install script
[1.448s] -- Up-to-date symlink: /home/sleepy/robp-group7-sleepy/install/robp_interfaces/share/ament_index/resource_index/rosidl_interfaces/robp_interfaces
[1.448s] -- Up-to-date symlink: /home/sleepy/robp-group7-sleepy/install/robp_interfaces/share/robp_interfaces/msg/DutyCycles.json
[1.448s] -- Up-to-date symlink: /home/sleepy/robp-group7-sleepy/install/robp_interfaces/share/robp_interfaces/msg/Encoders.json
[1.449s] -- Up-to-date symlink: /home/sleepy/robp-group7-sleepy/install/robp_interfaces/include/robp_interfaces/robp_interfaces/msg/detail/duty_cycles__functions.h
[1.449s] -- Up-to-date symlink: /home/sleepy/robp-group7-sleepy/install/robp_interfaces/include/robp_interfaces/robp_interfaces/msg/detail/duty_cycles__struct.h
[1.449s] -- Up-to-date symlink: /home/sleepy/robp-group7-sleepy/install/robp_interfaces/include/robp_interfaces/robp_interfaces/msg/detail/duty_cycles__type_support.h
[1.449s] -- Up-to-date symlink: /home/sleepy/robp-group7-sleepy/install/robp_interfaces/include/robp_interfaces/robp_interfaces/msg/detail/encoders__functions.h
[1.449s] -- Up-to-date symlink: /home/sleepy/robp-group7-sleepy/install/robp_interfaces/include/robp_interfaces/robp_interfaces/msg/detail/encoders__struct.h
[1.449s] -- Up-to-date symlink: /home/sleepy/robp-group7-sleepy/install/robp_interfaces/include/robp_interfaces/robp_interfaces/msg/detail/encoders__type_support.h
[1.450s] -- Up-to-date symlink: /home/sleepy/robp-group7-sleepy/install/robp_interfaces/include/robp_interfaces/robp_interfaces/msg/duty_cycles.h
[1.450s] -- Up-to-date symlink: /home/sleepy/robp-group7-sleepy/install/robp_interfaces/include/robp_interfaces/robp_interfaces/msg/encoders.h
[1.450s] -- Up-to-date symlink: /home/sleepy/robp-group7-sleepy/install/robp_interfaces/include/robp_interfaces/robp_interfaces/msg/rosidl_generator_c__visibility_control.h
[1.450s] -- Up-to-date symlink: /home/sleepy/robp-group7-sleepy/install/robp_interfaces/share/robp_interfaces/environment/library_path.sh
[1.450s] -- Up-to-date symlink: /home/sleepy/robp-group7-sleepy/install/robp_interfaces/share/robp_interfaces/environment/library_path.dsv
[1.451s] -- Up-to-date symlink: /home/sleepy/robp-group7-sleepy/install/robp_interfaces/include/robp_interfaces/robp_interfaces/msg/detail/duty_cycles__rosidl_typesupport_fastrtps_c.h
[1.451s] -- Up-to-date symlink: /home/sleepy/robp-group7-sleepy/install/robp_interfaces/include/robp_interfaces/robp_interfaces/msg/detail/encoders__rosidl_typesupport_fastrtps_c.h
[1.452s] -- Up-to-date symlink: /home/sleepy/robp-group7-sleepy/install/robp_interfaces/include/robp_interfaces/robp_interfaces/msg/rosidl_typesupport_fastrtps_c__visibility_control.h
[1.453s] -- Up-to-date symlink: /home/sleepy/robp-group7-sleepy/install/robp_interfaces/include/robp_interfaces/robp_interfaces/msg/detail/duty_cycles__rosidl_typesupport_introspection_c.h
[1.455s] -- Up-to-date symlink: /home/sleepy/robp-group7-sleepy/install/robp_interfaces/include/robp_interfaces/robp_interfaces/msg/detail/encoders__rosidl_typesupport_introspection_c.h
[1.455s] -- Up-to-date symlink: /home/sleepy/robp-group7-sleepy/install/robp_interfaces/include/robp_interfaces/robp_interfaces/msg/rosidl_typesupport_introspection_c__visibility_control.h
[1.457s] -- Up-to-date symlink: /home/sleepy/robp-group7-sleepy/install/robp_interfaces/include/robp_interfaces/robp_interfaces/msg/detail/duty_cycles__builder.hpp
[1.457s] -- Up-to-date symlink: /home/sleepy/robp-group7-sleepy/install/robp_interfaces/include/robp_interfaces/robp_interfaces/msg/detail/duty_cycles__struct.hpp
[1.461s] -- Up-to-date symlink: /home/sleepy/robp-group7-sleepy/install/robp_interfaces/include/robp_interfaces/robp_interfaces/msg/detail/duty_cycles__traits.hpp
[1.465s] -- Up-to-date symlink: /home/sleepy/robp-group7-sleepy/install/robp_interfaces/include/robp_interfaces/robp_interfaces/msg/detail/duty_cycles__type_support.hpp
[1.465s] -- Up-to-date symlink: /home/sleepy/robp-group7-sleepy/install/robp_interfaces/include/robp_interfaces/robp_interfaces/msg/detail/encoders__builder.hpp
[1.465s] -- Up-to-date symlink: /home/sleepy/robp-group7-sleepy/install/robp_interfaces/include/robp_interfaces/robp_interfaces/msg/detail/encoders__struct.hpp
[1.465s] -- Up-to-date symlink: /home/sleepy/robp-group7-sleepy/install/robp_interfaces/include/robp_interfaces/robp_interfaces/msg/detail/encoders__traits.hpp
[1.466s] -- Up-to-date symlink: /home/sleepy/robp-group7-sleepy/install/robp_interfaces/include/robp_interfaces/robp_interfaces/msg/detail/encoders__type_support.hpp
[1.466s] -- Up-to-date symlink: /home/sleepy/robp-group7-sleepy/install/robp_interfaces/include/robp_interfaces/robp_interfaces/msg/duty_cycles.hpp
[1.466s] -- Up-to-date symlink: /home/sleepy/robp-group7-sleepy/install/robp_interfaces/include/robp_interfaces/robp_interfaces/msg/encoders.hpp
[1.467s] -- Up-to-date symlink: /home/sleepy/robp-group7-sleepy/install/robp_interfaces/include/robp_interfaces/robp_interfaces/msg/rosidl_generator_cpp__visibility_control.hpp
[1.467s] -- Up-to-date symlink: /home/sleepy/robp-group7-sleepy/install/robp_interfaces/include/robp_interfaces/robp_interfaces/msg/detail/duty_cycles__rosidl_typesupport_fastrtps_cpp.hpp
[1.468s] -- Up-to-date symlink: /home/sleepy/robp-group7-sleepy/install/robp_interfaces/include/robp_interfaces/robp_interfaces/msg/detail/encoders__rosidl_typesupport_fastrtps_cpp.hpp
[1.474s] -- Up-to-date symlink: /home/sleepy/robp-group7-sleepy/install/robp_interfaces/include/robp_interfaces/robp_interfaces/msg/rosidl_typesupport_fastrtps_cpp__visibility_control.h
[1.475s] -- Up-to-date symlink: /home/sleepy/robp-group7-sleepy/install/robp_interfaces/include/robp_interfaces/robp_interfaces/msg/detail/duty_cycles__rosidl_typesupport_introspection_cpp.hpp
[1.476s] -- Up-to-date symlink: /home/sleepy/robp-group7-sleepy/install/robp_interfaces/include/robp_interfaces/robp_interfaces/msg/detail/encoders__rosidl_typesupport_introspection_cpp.hpp
[1.478s] -- Up-to-date symlink: /home/sleepy/robp-group7-sleepy/install/robp_interfaces/share/robp_interfaces/environment/pythonpath.sh
[1.478s] -- Up-to-date symlink: /home/sleepy/robp-group7-sleepy/install/robp_interfaces/share/robp_interfaces/environment/pythonpath.dsv
[1.479s] -- Up-to-date symlink: /home/sleepy/robp-group7-sleepy/install/robp_interfaces/lib/python3.12/site-packages/robp_interfaces-1.0.0-py3.12.egg-info/PKG-INFO
[1.479s] -- Up-to-date symlink: /home/sleepy/robp-group7-sleepy/install/robp_interfaces/lib/python3.12/site-packages/robp_interfaces-1.0.0-py3.12.egg-info/SOURCES.txt
[1.480s] -- Up-to-date symlink: /home/sleepy/robp-group7-sleepy/install/robp_interfaces/lib/python3.12/site-packages/robp_interfaces-1.0.0-py3.12.egg-info/dependency_links.txt
[1.480s] -- Up-to-date symlink: /home/sleepy/robp-group7-sleepy/install/robp_interfaces/lib/python3.12/site-packages/robp_interfaces-1.0.0-py3.12.egg-info/top_level.txt
[1.480s] -- Up-to-date symlink: /home/sleepy/robp-group7-sleepy/install/robp_interfaces/lib/python3.12/site-packages/robp_interfaces/__init__.py
[1.480s] -- Up-to-date symlink: /home/sleepy/robp-group7-sleepy/install/robp_interfaces/lib/python3.12/site-packages/robp_interfaces/_robp_interfaces_s.ep.rosidl_typesupport_c.c
[1.481s] -- Up-to-date symlink: /home/sleepy/robp-group7-sleepy/install/robp_interfaces/lib/python3.12/site-packages/robp_interfaces/_robp_interfaces_s.ep.rosidl_typesupport_fastrtps_c.c
[1.481s] -- Up-to-date symlink: /home/sleepy/robp-group7-sleepy/install/robp_interfaces/lib/python3.12/site-packages/robp_interfaces/_robp_interfaces_s.ep.rosidl_typesupport_introspection_c.c
[1.481s] -- Up-to-date symlink: /home/sleepy/robp-group7-sleepy/install/robp_interfaces/lib/python3.12/site-packages/robp_interfaces/msg/__init__.py
[1.481s] -- Up-to-date symlink: /home/sleepy/robp-group7-sleepy/install/robp_interfaces/lib/python3.12/site-packages/robp_interfaces/msg/_duty_cycles.py
[1.481s] -- Up-to-date symlink: /home/sleepy/robp-group7-sleepy/install/robp_interfaces/lib/python3.12/site-packages/robp_interfaces/msg/_duty_cycles_s.c
[1.481s] -- Up-to-date symlink: /home/sleepy/robp-group7-sleepy/install/robp_interfaces/lib/python3.12/site-packages/robp_interfaces/msg/_encoders.py
[1.483s] -- Up-to-date symlink: /home/sleepy/robp-group7-sleepy/install/robp_interfaces/lib/python3.12/site-packages/robp_interfaces/msg/_encoders_s.c
[1.483s] -- Up-to-date symlink: /home/sleepy/robp-group7-sleepy/install/robp_interfaces/lib/python3.12/site-packages/robp_interfaces/robp_interfaces_s__rosidl_typesupport_c.so
[1.500s] -- Up-to-date symlink: /home/sleepy/robp-group7-sleepy/install/robp_interfaces/lib/python3.12/site-packages/robp_interfaces/robp_interfaces_s__rosidl_typesupport_fastrtps_c.so
[1.500s] -- Up-to-date symlink: /home/sleepy/robp-group7-sleepy/install/robp_interfaces/lib/python3.12/site-packages/robp_interfaces/robp_interfaces_s__rosidl_typesupport_introspection_c.so
[1.500s] -- Up-to-date symlink: /home/sleepy/robp-group7-sleepy/install/robp_interfaces/lib/python3.12/site-packages/robp_interfaces/robp_interfaces_s__rosidl_typesupport_fastrtps_c.so
[1.505s] -- Up-to-date symlink: /home/sleepy/robp-group7-sleepy/install/robp_interfaces/lib/python3.12/site-packages/robp_interfaces/robp_interfaces_s__rosidl_typesupport_introspection_c.so
[1.506s] -- Up-to-date symlink: /home/sleepy/robp-group7-sleepy/install/robp_interfaces/lib/python3.12/site-packages/robp_interfaces/robp_interfaces_s__rosidl_typesupport_c.so
[1.506s] -- Up-to-date symlink: /home/sleepy/robp-group7-sleepy/install/robp_interfaces/share/robp_interfaces/msg/DutyCycles.idl
[1.506s] -- Up-to-date symlink: /home/sleepy/robp-group7-sleepy/install/robp_interfaces/share/robp_interfaces/msg/Encoders.idl
[1.507s] -- Up-to-date symlink: /home/sleepy/robp-group7-sleepy/install/robp_interfaces/share/robp_interfaces/msg/DutyCycles.msg
[1.507s] -- Up-to-date symlink: /home/sleepy/robp-group7-sleepy/install/robp_interfaces/share/robp_interfaces/msg/Encoders.msg
[1.507s] -- Up-to-date symlink: /home/sleepy/robp-group7-sleepy/install/robp_interfaces/share/ament_index/resource_index/package_run_dependencies/robp_interfaces
[1.507s] -- Up-to-date symlink: /home/sleepy/robp-group7-sleepy/install/robp_interfaces/share/ament_index/resource_index/parent_prefix_path/robp_interfaces
[1.508s] -- Up-to-date symlink: /home/sleepy/robp-group7-sleepy/install/robp_interfaces/share/robp_interfaces/environment/ament_prefix_path.sh
[1.508s] -- Up-to-date symlink: /home/sleepy/robp-group7-sleepy/install/robp_interfaces/share/robp_interfaces/environment/ament_prefix_path.dsv
[1.508s] -- Up-to-date symlink: /home/sleepy/robp-group7-sleepy/install/robp_interfaces/share/robp_interfaces/environment/path.sh
[1.508s] -- Up-to-date symlink: /home/sleepy/robp-group7-sleepy/install/robp_interfaces/share/robp_interfaces/environment/path.dsv
[1.508s] -- Up-to-date symlink: /home/sleepy/robp-group7-sleepy/install/robp_interfaces/share/robp_interfaces/local_setup.bash
[1.508s] -- Up-to-date symlink: /home/sleepy/robp-group7-sleepy/install/robp_interfaces/share/robp_interfaces/local_setup.sh
[1.508s] -- Up-to-date symlink: /home/sleepy/robp-group7-sleepy/install/robp_interfaces/share/robp_interfaces/local_setup.zsh
[1.509s] -- Up-to-date symlink: /home/sleepy/robp-group7-sleepy/install/robp_interfaces/share/robp_interfaces/local_setup.dsv
[1.509s] -- Symlinking: /home/sleepy/robp-group7-sleepy/install/robp_interfaces/share/robp_interfaces/package.dsv
[1.542s] -- Up-to-date symlink: /home/sleepy/robp-group7-sleepy/install/robp_interfaces/share/ament_index/resource_index/packages/robp_interfaces
[1.543s] -- Up-to-date symlink: /home/sleepy/robp-group7-sleepy/install/robp_interfaces/share/robp_interfaces/cmake/rosidl_cmake-extras.cmake
[1.543s] -- Up-to-date symlink: /home/sleepy/robp-group7-sleepy/install/robp_interfaces/share/robp_interfaces/cmake/ament_cmake_export_dependencies-extras.cmake
[1.543s] -- Up-to-date symlink: /home/sleepy/robp-group7-sleepy/install/robp_interfaces/share/robp_interfaces/cmake/ament_cmake_export_include_directories-extras.cmake
[1.543s] -- Up-to-date symlink: /home/sleepy/robp-group7-sleepy/install/robp_interfaces/share/robp_interfaces/cmake/ament_cmake_export_libraries-extras.cmake
[1.543s] -- Up-to-date symlink: /home/sleepy/robp-group7-sleepy/install/robp_interfaces/share/robp_interfaces/cmake/ament_cmake_export_targets-extras.cmake
[1.543s] -- Up-to-date symlink: /home/sleepy/robp-group7-sleepy/install/robp_interfaces/share/robp_interfaces/cmake/rosidl_cmake_export_typesupport_targets-extras.cmake
[1.547s] -- Up-to-date symlink: /home/sleepy/robp-group7-sleepy/install/robp_interfaces/share/robp_interfaces/cmake/rosidl_cmake_export_typesupport_libraries-extras.cmake
[1.547s] -- Up-to-date symlink: /home/sleepy/robp-group7-sleepy/install/robp_interfaces/share/robp_interfaces/cmake/robp_interfacesConfig.cmake
[1.547s] -- Up-to-date symlink: /home/sleepy/robp-group7-sleepy/install/robp_interfaces/share/robp_interfaces/cmake/robp_interfacesConfig-version.cmake
[1.547s] -- Up-to-date symlink: /home/sleepy/robp-group7-sleepy/install/robp_interfaces/share/robp_interfaces/package.xml
[1.547s] -- Up-to-date: /home/sleepy/robp-group7-sleepy/install/robp_interfaces/lib/librobp_interfaces__rosidl_generator_c.so
[1.548s] -- Up-to-date: /home/sleepy/robp-group7-sleepy/install/robp_interfaces/lib/librobp_interfaces__rosidl_typesupport_fastrtps_c.so
[1.549s] -- Up-to-date: /home/sleepy/robp-group7-sleepy/install/robp_interfaces/lib/librobp_interfaces__rosidl_typesupport_introspection_c.so
[1.549s] -- Up-to-date: /home/sleepy/robp-group7-sleepy/install/robp_interfaces/lib/librobp_interfaces__rosidl_typesupport_c.so
[1.549s] -- Up-to-date: /home/sleepy/robp-group7-sleepy/install/robp_interfaces/lib/librobp_interfaces__rosidl_typesupport_fastrtps_cpp.so
[1.549s] -- Up-to-date: /home/sleepy/robp-group7-sleepy/install/robp_interfaces/lib/librobp_interfaces__rosidl_typesupport_introspection_cpp.so
[1.549s] -- Up-to-date: /home/sleepy/robp-group7-sleepy/install/robp_interfaces/lib/librobp_interfaces__rosidl_typesupport_cpp.so
[1.708s] Listing '/home/sleepy/robp-group7-sleepy/install/robp_interfaces/lib/python3.12/site-packages/robp_interfaces'...
[1.708s] Listing '/home/sleepy/robp-group7-sleepy/install/robp_interfaces/lib/python3.12/site-packages/robp_interfaces/msg'...
[1.718s] -- Up-to-date: /home/sleepy/robp-group7-sleepy/install/robp_interfaces/lib/librobp_interfaces__rosidl_generator_py.so
[1.720s] -- Up-to-date: /home/sleepy/robp-group7-sleepy/install/robp_interfaces/share/robp_interfaces/cmake/export_robp_interfaces__rosidl_generator_cExport.cmake
[1.721s] -- Up-to-date: /home/sleepy/robp-group7-sleepy/install/robp_interfaces/share/robp_interfaces/cmake/export_robp_interfaces__rosidl_generator_cExport-noconfig.cmake
[1.721s] -- Up-to-date: /home/sleepy/robp-group7-sleepy/install/robp_interfaces/share/robp_interfaces/cmake/export_robp_interfaces__rosidl_typesupport_fastrtps_cExport.cmake
[1.721s] -- Up-to-date: /home/sleepy/robp-group7-sleepy/install/robp_interfaces/share/robp_interfaces/cmake/export_robp_interfaces__rosidl_typesupport_fastrtps_cExport-noconfig.cmake
[1.721s] -- Up-to-date: /home/sleepy/robp-group7-sleepy/install/robp_interfaces/share/robp_interfaces/cmake/robp_interfaces__rosidl_typesupport_introspection_cExport.cmake
[1.721s] -- Up-to-date: /home/sleepy/robp-group7-sleepy/install/robp_interfaces/share/robp_interfaces/cmake/robp_interfaces__rosidl_typesupport_introspection_cExport-noconfig.cmake
[1.721s] -- Up-to-date: /home/sleepy/robp-group7-sleepy/install/robp_interfaces/share/robp_interfaces/cmake/robp_interfaces__rosidl_typesupport_cExport.cmake
[1.721s] -- Up-to-date: /home/sleepy/robp-group7-sleepy/install/robp_interfaces/share/robp_interfaces/cmake/robp_interfaces__rosidl_typesupport_cExport-noconfig.cmake
[1.722s] -- Up-to-date: /home/sleepy/robp-group7-sleepy/install/robp_interfaces/share/robp_interfaces/cmake/export_robp_interfaces__rosidl_generator_cppExport.cmake
[1.722s] -- Up-to-date: /home/sleepy/robp-group7-sleepy/install/robp_interfaces/share/robp_interfaces/cmake/export_robp_interfaces__rosidl_typesupport_fastrtps_cppExport.cmake
[1.722s] -- Up-to-date: /home/sleepy/robp-group7-sleepy/install/robp_interfaces/share/robp_interfaces/cmake/export_robp_interfaces__rosidl_typesupport_fastrtps_cppExport-noconfig.cmake
[1.723s] -- Up-to-date: /home/sleepy/robp-group7-sleepy/install/robp_interfaces/share/robp_interfaces/cmake/robp_interfaces__rosidl_typesupport_introspection_cppExport.cmake
[1.723s] -- Up-to-date: /home/sleepy/robp-group7-sleepy/install/robp_interfaces/share/robp_interfaces/cmake/robp_interfaces__rosidl_typesupport_introspection_cppExport-noconfig.cmake
[1.723s] -- Up-to-date: /home/sleepy/robp-group7-sleepy/install/robp_interfaces/share/robp_interfaces/cmake/robp_interfaces__rosidl_typesupport_cppExport.cmake
[1.723s] -- Up-to-date: /home/sleepy/robp-group7-sleepy/install/robp_interfaces/share/robp_interfaces/cmake/robp_interfaces__rosidl_typesupport_cppExport-noconfig.cmake
[1.723s] -- Up-to-date: /home/sleepy/robp-group7-sleepy/install/robp_interfaces/share/robp_interfaces/cmake/export_robp_interfaces__rosidl_generator_pyExport.cmake
[1.730s] -- Up-to-date: /home/sleepy/robp-group7-sleepy/install/robp_interfaces/share/robp_interfaces/cmake/export_robp_interfaces__rosidl_generator_pyExport-noconfig.cmake
[1.774s] Invoked command in '/home/sleepy/robp-group7-sleepy/build/robp_interfaces' returned '0': CMAKE_PREFIX_PATH=${CMAKE_PREFIX_PATH}:/home/sleepy/robp-group7-sleepy/install/simple_move:/home/sleepy/robp-group7-sleepy/install/core_launch:/home/sleepy/robp-group7-sleepy/install/robp_launch:/home/sleepy/robp-group7-sleepy/install/perception:/home/sleepy/robp-group7-sleepy/install/odometry:/home/sleepy/robp-group7-sleepy/install/lidar_processing:/home/sleepy/robp-group7-sleepy/install/arm_servos_pubs_subs:/home/sleepy/robp-group7-sleepy/install/arm_control:/opt/ros/jazzy DEBUGINFOD_URLS=https://debuginfod.ubuntu.com /usr/bin/cmake --install /home/sleepy/robp-group7-sleepy/build/robp_interfaces
