[0.010s] Invoking command in '/home/group-7/dd2419_ws/build/robp_phidgets_motors': AMENT_PREFIX_PATH=/home/group-7/dd2419_ws/install/robp_interfaces:${AMENT_PREFIX_PATH} CMAKE_PREFIX_PATH=/home/group-7/dd2419_ws/install/robp_interfaces:/opt/ros/jazzy/opt/gz_math_vendor:/opt/ros/jazzy/opt/gz_utils_vendor:/opt/ros/jazzy/opt/gz_cmake_vendor:/opt/ros/jazzy DEBUGINFOD_URLS=https://debuginfod.ubuntu.com LD_LIBRARY_PATH=/home/group-7/dd2419_ws/install/robp_interfaces/lib:${LD_LIBRARY_PATH} PYTHONPATH=/home/group-7/dd2419_ws/install/robp_interfaces/lib/python3.12/site-packages:${PYTHONPATH} /usr/bin/cmake --build /home/group-7/dd2419_ws/build/robp_phidgets_motors -- -j16 -l16
[0.059s] [100%] Built target robp_phidgets_motors
[0.071s] Invoked command in '/home/group-7/dd2419_ws/build/robp_phidgets_motors' returned '0': AMENT_PREFIX_PATH=/home/group-7/dd2419_ws/install/robp_interfaces:${AMENT_PREFIX_PATH} CMAKE_PREFIX_PATH=/home/group-7/dd2419_ws/install/robp_interfaces:/opt/ros/jazzy/opt/gz_math_vendor:/opt/ros/jazzy/opt/gz_utils_vendor:/opt/ros/jazzy/opt/gz_cmake_vendor:/opt/ros/jazzy DEBUGINFOD_URLS=https://debuginfod.ubuntu.com LD_LIBRARY_PATH=/home/group-7/dd2419_ws/install/robp_interfaces/lib:${LD_LIBRARY_PATH} PYTHONPATH=/home/group-7/dd2419_ws/install/robp_interfaces/lib/python3.12/site-packages:${PYTHONPATH} /usr/bin/cmake --build /home/group-7/dd2419_ws/build/robp_phidgets_motors -- -j16 -l16
[0.072s] Invoking command in '/home/group-7/dd2419_ws/build/robp_phidgets_motors': AMENT_PREFIX_PATH=/home/group-7/dd2419_ws/install/robp_interfaces:${AMENT_PREFIX_PATH} CMAKE_PREFIX_PATH=/home/group-7/dd2419_ws/install/robp_interfaces:/opt/ros/jazzy/opt/gz_math_vendor:/opt/ros/jazzy/opt/gz_utils_vendor:/opt/ros/jazzy/opt/gz_cmake_vendor:/opt/ros/jazzy DEBUGINFOD_URLS=https://debuginfod.ubuntu.com LD_LIBRARY_PATH=/home/group-7/dd2419_ws/install/robp_interfaces/lib:${LD_LIBRARY_PATH} PYTHONPATH=/home/group-7/dd2419_ws/install/robp_interfaces/lib/python3.12/site-packages:${PYTHONPATH} /usr/bin/cmake --install /home/group-7/dd2419_ws/build/robp_phidgets_motors
[0.079s] -- Install configuration: "Release"
[0.079s] -- Execute custom install script
[0.079s] -- Up-to-date symlink: /home/group-7/dd2419_ws/install/robp_phidgets_motors/lib/librobp_phidgets_motors.so
[0.081s] -- Up-to-date symlink: /home/group-7/dd2419_ws/install/robp_phidgets_motors/include/robp_phidgets_motors/motor.hpp
[0.081s] -- Up-to-date symlink: /home/group-7/dd2419_ws/install/robp_phidgets_motors/include/robp_phidgets_motors/motors.hpp
[0.081s] -- Up-to-date symlink: /home/group-7/dd2419_ws/install/robp_phidgets_motors/share/robp_phidgets_motors/launch/motors_launch.py
[0.081s] -- Up-to-date symlink: /home/group-7/dd2419_ws/install/robp_phidgets_motors/share/ament_index/resource_index/package_run_dependencies/robp_phidgets_motors
[0.081s] -- Up-to-date symlink: /home/group-7/dd2419_ws/install/robp_phidgets_motors/share/ament_index/resource_index/parent_prefix_path/robp_phidgets_motors
[0.081s] -- Up-to-date symlink: /home/group-7/dd2419_ws/install/robp_phidgets_motors/share/robp_phidgets_motors/environment/ament_prefix_path.sh
[0.081s] -- Up-to-date symlink: /home/group-7/dd2419_ws/install/robp_phidgets_motors/share/robp_phidgets_motors/environment/ament_prefix_path.dsv
[0.081s] -- Up-to-date symlink: /home/group-7/dd2419_ws/install/robp_phidgets_motors/share/robp_phidgets_motors/environment/path.sh
[0.081s] -- Up-to-date symlink: /home/group-7/dd2419_ws/install/robp_phidgets_motors/share/robp_phidgets_motors/environment/path.dsv
[0.081s] -- Up-to-date symlink: /home/group-7/dd2419_ws/install/robp_phidgets_motors/share/robp_phidgets_motors/local_setup.bash
[0.081s] -- Up-to-date symlink: /home/group-7/dd2419_ws/install/robp_phidgets_motors/share/robp_phidgets_motors/local_setup.sh
[0.081s] -- Up-to-date symlink: /home/group-7/dd2419_ws/install/robp_phidgets_motors/share/robp_phidgets_motors/local_setup.zsh
[0.081s] -- Up-to-date symlink: /home/group-7/dd2419_ws/install/robp_phidgets_motors/share/robp_phidgets_motors/local_setup.dsv
[0.081s] -- Symlinking: /home/group-7/dd2419_ws/install/robp_phidgets_motors/share/robp_phidgets_motors/package.dsv
[0.087s] -- Up-to-date symlink: /home/group-7/dd2419_ws/install/robp_phidgets_motors/share/ament_index/resource_index/packages/robp_phidgets_motors
[0.088s] -- Up-to-date symlink: /home/group-7/dd2419_ws/install/robp_phidgets_motors/share/ament_index/resource_index/rclcpp_components/robp_phidgets_motors
[0.088s] -- Up-to-date symlink: /home/group-7/dd2419_ws/install/robp_phidgets_motors/share/robp_phidgets_motors/cmake/robp_phidgets_motorsConfig.cmake
[0.088s] -- Up-to-date symlink: /home/group-7/dd2419_ws/install/robp_phidgets_motors/share/robp_phidgets_motors/cmake/robp_phidgets_motorsConfig-version.cmake
[0.089s] -- Up-to-date symlink: /home/group-7/dd2419_ws/install/robp_phidgets_motors/share/robp_phidgets_motors/package.xml
[0.112s] Invoked command in '/home/group-7/dd2419_ws/build/robp_phidgets_motors' returned '0': AMENT_PREFIX_PATH=/home/group-7/dd2419_ws/install/robp_interfaces:${AMENT_PREFIX_PATH} CMAKE_PREFIX_PATH=/home/group-7/dd2419_ws/install/robp_interfaces:/opt/ros/jazzy/opt/gz_math_vendor:/opt/ros/jazzy/opt/gz_utils_vendor:/opt/ros/jazzy/opt/gz_cmake_vendor:/opt/ros/jazzy DEBUGINFOD_URLS=https://debuginfod.ubuntu.com LD_LIBRARY_PATH=/home/group-7/dd2419_ws/install/robp_interfaces/lib:${LD_LIBRARY_PATH} PYTHONPATH=/home/group-7/dd2419_ws/install/robp_interfaces/lib/python3.12/site-packages:${PYTHONPATH} /usr/bin/cmake --install /home/group-7/dd2419_ws/build/robp_phidgets_motors
