[0.019s] Invoking command in '/home/sleepy/robp-group7-sleepy/build/robp_phidgets_encoders': AMENT_PREFIX_PATH=/home/sleepy/robp-group7-sleepy/install/robp_interfaces:${AMENT_PREFIX_PATH} CMAKE_PREFIX_PATH=/home/sleepy/robp-group7-sleepy/install/robp_interfaces:/opt/ros/jazzy/opt/gz_math_vendor:/opt/ros/jazzy/opt/gz_utils_vendor:/opt/ros/jazzy/opt/gz_cmake_vendor:/opt/ros/jazzy DEBUGINFOD_URLS=https://debuginfod.ubuntu.com LD_LIBRARY_PATH=/home/sleepy/robp-group7-sleepy/install/robp_interfaces/lib:${LD_LIBRARY_PATH} PYTHONPATH=/home/sleepy/robp-group7-sleepy/install/robp_interfaces/lib/python3.12/site-packages:${PYTHONPATH} /usr/bin/cmake --build /home/sleepy/robp-group7-sleepy/build/robp_phidgets_encoders -- -j8 -l8
[0.100s] [100%] Built target robp_phidgets_encoders
[0.113s] Invoked command in '/home/sleepy/robp-group7-sleepy/build/robp_phidgets_encoders' returned '0': AMENT_PREFIX_PATH=/home/sleepy/robp-group7-sleepy/install/robp_interfaces:${AMENT_PREFIX_PATH} CMAKE_PREFIX_PATH=/home/sleepy/robp-group7-sleepy/install/robp_interfaces:/opt/ros/jazzy/opt/gz_math_vendor:/opt/ros/jazzy/opt/gz_utils_vendor:/opt/ros/jazzy/opt/gz_cmake_vendor:/opt/ros/jazzy DEBUGINFOD_URLS=https://debuginfod.ubuntu.com LD_LIBRARY_PATH=/home/sleepy/robp-group7-sleepy/install/robp_interfaces/lib:${LD_LIBRARY_PATH} PYTHONPATH=/home/sleepy/robp-group7-sleepy/install/robp_interfaces/lib/python3.12/site-packages:${PYTHONPATH} /usr/bin/cmake --build /home/sleepy/robp-group7-sleepy/build/robp_phidgets_encoders -- -j8 -l8
[0.115s] Invoking command in '/home/sleepy/robp-group7-sleepy/build/robp_phidgets_encoders': AMENT_PREFIX_PATH=/home/sleepy/robp-group7-sleepy/install/robp_interfaces:${AMENT_PREFIX_PATH} CMAKE_PREFIX_PATH=/home/sleepy/robp-group7-sleepy/install/robp_interfaces:/opt/ros/jazzy/opt/gz_math_vendor:/opt/ros/jazzy/opt/gz_utils_vendor:/opt/ros/jazzy/opt/gz_cmake_vendor:/opt/ros/jazzy DEBUGINFOD_URLS=https://debuginfod.ubuntu.com LD_LIBRARY_PATH=/home/sleepy/robp-group7-sleepy/install/robp_interfaces/lib:${LD_LIBRARY_PATH} PYTHONPATH=/home/sleepy/robp-group7-sleepy/install/robp_interfaces/lib/python3.12/site-packages:${PYTHONPATH} /usr/bin/cmake --install /home/sleepy/robp-group7-sleepy/build/robp_phidgets_encoders
[0.124s] -- Install configuration: "Release"
[0.125s] -- Execute custom install script
[0.126s] -- Up-to-date symlink: /home/sleepy/robp-group7-sleepy/install/robp_phidgets_encoders/lib/librobp_phidgets_encoders.so
[0.128s] -- Up-to-date symlink: /home/sleepy/robp-group7-sleepy/install/robp_phidgets_encoders/include/robp_phidgets_encoders/encoder.hpp
[0.129s] -- Up-to-date symlink: /home/sleepy/robp-group7-sleepy/install/robp_phidgets_encoders/include/robp_phidgets_encoders/encoders.hpp
[0.129s] -- Up-to-date symlink: /home/sleepy/robp-group7-sleepy/install/robp_phidgets_encoders/share/robp_phidgets_encoders/launch/encoders_launch.py
[0.129s] -- Up-to-date symlink: /home/sleepy/robp-group7-sleepy/install/robp_phidgets_encoders/share/ament_index/resource_index/package_run_dependencies/robp_phidgets_encoders
[0.129s] -- Up-to-date symlink: /home/sleepy/robp-group7-sleepy/install/robp_phidgets_encoders/share/ament_index/resource_index/parent_prefix_path/robp_phidgets_encoders
[0.130s] -- Up-to-date symlink: /home/sleepy/robp-group7-sleepy/install/robp_phidgets_encoders/share/robp_phidgets_encoders/environment/ament_prefix_path.sh
[0.131s] -- Up-to-date symlink: /home/sleepy/robp-group7-sleepy/install/robp_phidgets_encoders/share/robp_phidgets_encoders/environment/ament_prefix_path.dsv
[0.131s] -- Up-to-date symlink: /home/sleepy/robp-group7-sleepy/install/robp_phidgets_encoders/share/robp_phidgets_encoders/environment/path.sh
[0.131s] -- Up-to-date symlink: /home/sleepy/robp-group7-sleepy/install/robp_phidgets_encoders/share/robp_phidgets_encoders/environment/path.dsv
[0.131s] -- Up-to-date symlink: /home/sleepy/robp-group7-sleepy/install/robp_phidgets_encoders/share/robp_phidgets_encoders/local_setup.bash
[0.131s] -- Up-to-date symlink: /home/sleepy/robp-group7-sleepy/install/robp_phidgets_encoders/share/robp_phidgets_encoders/local_setup.sh
[0.131s] -- Up-to-date symlink: /home/sleepy/robp-group7-sleepy/install/robp_phidgets_encoders/share/robp_phidgets_encoders/local_setup.zsh
[0.131s] -- Up-to-date symlink: /home/sleepy/robp-group7-sleepy/install/robp_phidgets_encoders/share/robp_phidgets_encoders/local_setup.dsv
[0.132s] -- Symlinking: /home/sleepy/robp-group7-sleepy/install/robp_phidgets_encoders/share/robp_phidgets_encoders/package.dsv
[0.141s] -- Up-to-date symlink: /home/sleepy/robp-group7-sleepy/install/robp_phidgets_encoders/share/ament_index/resource_index/packages/robp_phidgets_encoders
[0.142s] -- Up-to-date symlink: /home/sleepy/robp-group7-sleepy/install/robp_phidgets_encoders/share/ament_index/resource_index/rclcpp_components/robp_phidgets_encoders
[0.142s] -- Up-to-date symlink: /home/sleepy/robp-group7-sleepy/install/robp_phidgets_encoders/share/robp_phidgets_encoders/cmake/robp_phidgets_encodersConfig.cmake
[0.142s] -- Up-to-date symlink: /home/sleepy/robp-group7-sleepy/install/robp_phidgets_encoders/share/robp_phidgets_encoders/cmake/robp_phidgets_encodersConfig-version.cmake
[0.142s] -- Up-to-date symlink: /home/sleepy/robp-group7-sleepy/install/robp_phidgets_encoders/share/robp_phidgets_encoders/package.xml
[0.168s] Invoked command in '/home/sleepy/robp-group7-sleepy/build/robp_phidgets_encoders' returned '0': AMENT_PREFIX_PATH=/home/sleepy/robp-group7-sleepy/install/robp_interfaces:${AMENT_PREFIX_PATH} CMAKE_PREFIX_PATH=/home/sleepy/robp-group7-sleepy/install/robp_interfaces:/opt/ros/jazzy/opt/gz_math_vendor:/opt/ros/jazzy/opt/gz_utils_vendor:/opt/ros/jazzy/opt/gz_cmake_vendor:/opt/ros/jazzy DEBUGINFOD_URLS=https://debuginfod.ubuntu.com LD_LIBRARY_PATH=/home/sleepy/robp-group7-sleepy/install/robp_interfaces/lib:${LD_LIBRARY_PATH} PYTHONPATH=/home/sleepy/robp-group7-sleepy/install/robp_interfaces/lib/python3.12/site-packages:${PYTHONPATH} /usr/bin/cmake --install /home/sleepy/robp-group7-sleepy/build/robp_phidgets_encoders
