[0.012s] Invoking command in '/home/group-7/dd2419_ws/build/robp_phidgets_spatial': AMENT_PREFIX_PATH=/home/group-7/dd2419_ws/install/robp_interfaces:${AMENT_PREFIX_PATH} CMAKE_PREFIX_PATH=/home/group-7/dd2419_ws/install/robp_interfaces:/opt/ros/jazzy/opt/gz_math_vendor:/opt/ros/jazzy/opt/gz_utils_vendor:/opt/ros/jazzy/opt/gz_cmake_vendor:/opt/ros/jazzy DEBUGINFOD_URLS=https://debuginfod.ubuntu.com LD_LIBRARY_PATH=/home/group-7/dd2419_ws/install/robp_interfaces/lib:${LD_LIBRARY_PATH} PYTHONPATH=/home/group-7/dd2419_ws/install/robp_interfaces/lib/python3.12/site-packages:${PYTHONPATH} /usr/bin/cmake /home/group-7/dd2419_ws/src/robp_robot/robp_phidgets/robp_phidgets_spatial -DAMENT_CMAKE_SYMLINK_INSTALL=1 -DCMAKE_INSTALL_PREFIX=/home/group-7/dd2419_ws/install/robp_phidgets_spatial
[0.021s] -- robp_phidgets_spatial: You did not request a specific build type: Choosing 'Release' for maximum performance
[0.071s] -- The C compiler identification is GNU 13.3.0
[0.135s] -- The CXX compiler identification is GNU 13.3.0
[0.153s] -- Detecting C compiler ABI info
[0.256s] -- Detecting C compiler ABI info - done
[0.269s] -- Check for working C compiler: /usr/bin/cc - skipped
[0.269s] -- Detecting C compile features
[0.270s] -- Detecting C compile features - done
[0.282s] -- Detecting CXX compiler ABI info
[0.386s] -- Detecting CXX compiler ABI info - done
[0.394s] -- Check for working CXX compiler: /usr/bin/c++ - skipped
[0.394s] -- Detecting CXX compile features
[0.395s] -- Detecting CXX compile features - done
[0.397s] -- Found ament_cmake_ros: 0.12.0 (/opt/ros/jazzy/share/ament_cmake_ros/cmake)
[0.550s] -- Found Python3: /usr/bin/python3 (found version "3.12.3") found components: Interpreter 
[0.626s] -- Override CMake install command with custom implementation using symlinks instead of copying resources
[0.654s] -- Found angles: 1.16.0 (/opt/ros/jazzy/share/angles/cmake)
[0.657s] -- Found libphidget22: 2.3.3 (/opt/ros/jazzy/share/libphidget22/cmake)
[0.658s] -- Found phidgets_api: 2.3.3 (/opt/ros/jazzy/share/phidgets_api/cmake)
[0.662s] -- Found rclcpp: 28.1.6 (/opt/ros/jazzy/share/rclcpp/cmake)
[0.697s] -- Found rosidl_generator_c: 4.6.5 (/opt/ros/jazzy/share/rosidl_generator_c/cmake)
[0.708s] -- Found rosidl_generator_cpp: 4.6.5 (/opt/ros/jazzy/share/rosidl_generator_cpp/cmake)
[0.722s] -- Using all available rosidl_typesupport_c: rosidl_typesupport_fastrtps_c;rosidl_typesupport_introspection_c
[0.738s] -- Using all available rosidl_typesupport_cpp: rosidl_typesupport_fastrtps_cpp;rosidl_typesupport_introspection_cpp
[0.807s] -- Found rmw_implementation_cmake: 7.3.1 (/opt/ros/jazzy/share/rmw_implementation_cmake/cmake)
[0.809s] -- Found rmw_fastrtps_cpp: 8.4.1 (/opt/ros/jazzy/share/rmw_fastrtps_cpp/cmake)
[0.880s] -- Found OpenSSL: /usr/lib/x86_64-linux-gnu/libcrypto.so (found version "3.0.13")  
[0.898s] -- Found FastRTPS: /opt/ros/jazzy/include (Required is at least version "2.13") 
[0.919s] -- Using RMW implementation 'rmw_fastrtps_cpp' as default
[0.985s] -- Found rclcpp_components: 28.1.6 (/opt/ros/jazzy/share/rclcpp_components/cmake)
[1.018s] -- Found robp_interfaces: 1.0.0 (/home/group-7/dd2419_ws/install/robp_interfaces/share/robp_interfaces/cmake)
[1.048s] -- Found sensor_msgs: 5.3.5 (/opt/ros/jazzy/share/sensor_msgs/cmake)
[1.085s] -- Found std_srvs: 5.3.5 (/opt/ros/jazzy/share/std_srvs/cmake)
[1.102s] -- Found tf2: 0.36.8 (/opt/ros/jazzy/share/tf2/cmake)
[1.106s] -- Found tf2_geometry_msgs: 0.36.8 (/opt/ros/jazzy/share/tf2_geometry_msgs/cmake)
[1.121s] -- Found eigen3_cmake_module: 0.3.0 (/opt/ros/jazzy/share/eigen3_cmake_module/cmake)
[1.122s] -- Found Eigen3: TRUE (found version "3.4.0") 
[1.122s] -- Ensuring Eigen3 include directory is part of orocos-kdl CMake target
[1.294s] -- Configuring done (1.3s)
[1.311s] -- Generating done (0.0s)
[1.315s] -- Build files have been written to: /home/group-7/dd2419_ws/build/robp_phidgets_spatial
[1.327s] Invoked command in '/home/group-7/dd2419_ws/build/robp_phidgets_spatial' returned '0': AMENT_PREFIX_PATH=/home/group-7/dd2419_ws/install/robp_interfaces:${AMENT_PREFIX_PATH} CMAKE_PREFIX_PATH=/home/group-7/dd2419_ws/install/robp_interfaces:/opt/ros/jazzy/opt/gz_math_vendor:/opt/ros/jazzy/opt/gz_utils_vendor:/opt/ros/jazzy/opt/gz_cmake_vendor:/opt/ros/jazzy DEBUGINFOD_URLS=https://debuginfod.ubuntu.com LD_LIBRARY_PATH=/home/group-7/dd2419_ws/install/robp_interfaces/lib:${LD_LIBRARY_PATH} PYTHONPATH=/home/group-7/dd2419_ws/install/robp_interfaces/lib/python3.12/site-packages:${PYTHONPATH} /usr/bin/cmake /home/group-7/dd2419_ws/src/robp_robot/robp_phidgets/robp_phidgets_spatial -DAMENT_CMAKE_SYMLINK_INSTALL=1 -DCMAKE_INSTALL_PREFIX=/home/group-7/dd2419_ws/install/robp_phidgets_spatial
[1.328s] Invoking command in '/home/group-7/dd2419_ws/build/robp_phidgets_spatial': AMENT_PREFIX_PATH=/home/group-7/dd2419_ws/install/robp_interfaces:${AMENT_PREFIX_PATH} CMAKE_PREFIX_PATH=/home/group-7/dd2419_ws/install/robp_interfaces:/opt/ros/jazzy/opt/gz_math_vendor:/opt/ros/jazzy/opt/gz_utils_vendor:/opt/ros/jazzy/opt/gz_cmake_vendor:/opt/ros/jazzy DEBUGINFOD_URLS=https://debuginfod.ubuntu.com LD_LIBRARY_PATH=/home/group-7/dd2419_ws/install/robp_interfaces/lib:${LD_LIBRARY_PATH} PYTHONPATH=/home/group-7/dd2419_ws/install/robp_interfaces/lib/python3.12/site-packages:${PYTHONPATH} /usr/bin/cmake --build /home/group-7/dd2419_ws/build/robp_phidgets_spatial -- -j16 -l16
[1.380s] [ 50%] [32mBuilding CXX object CMakeFiles/robp_phidgets_spatial.dir/src/spatial.cpp.o[0m
[8.112s] [100%] [32m[1mLinking CXX shared library librobp_phidgets_spatial.so[0m
[8.258s] [100%] Built target robp_phidgets_spatial
[8.271s] Invoked command in '/home/group-7/dd2419_ws/build/robp_phidgets_spatial' returned '0': AMENT_PREFIX_PATH=/home/group-7/dd2419_ws/install/robp_interfaces:${AMENT_PREFIX_PATH} CMAKE_PREFIX_PATH=/home/group-7/dd2419_ws/install/robp_interfaces:/opt/ros/jazzy/opt/gz_math_vendor:/opt/ros/jazzy/opt/gz_utils_vendor:/opt/ros/jazzy/opt/gz_cmake_vendor:/opt/ros/jazzy DEBUGINFOD_URLS=https://debuginfod.ubuntu.com LD_LIBRARY_PATH=/home/group-7/dd2419_ws/install/robp_interfaces/lib:${LD_LIBRARY_PATH} PYTHONPATH=/home/group-7/dd2419_ws/install/robp_interfaces/lib/python3.12/site-packages:${PYTHONPATH} /usr/bin/cmake --build /home/group-7/dd2419_ws/build/robp_phidgets_spatial -- -j16 -l16
[8.272s] Invoking command in '/home/group-7/dd2419_ws/build/robp_phidgets_spatial': AMENT_PREFIX_PATH=/home/group-7/dd2419_ws/install/robp_interfaces:${AMENT_PREFIX_PATH} CMAKE_PREFIX_PATH=/home/group-7/dd2419_ws/install/robp_interfaces:/opt/ros/jazzy/opt/gz_math_vendor:/opt/ros/jazzy/opt/gz_utils_vendor:/opt/ros/jazzy/opt/gz_cmake_vendor:/opt/ros/jazzy DEBUGINFOD_URLS=https://debuginfod.ubuntu.com LD_LIBRARY_PATH=/home/group-7/dd2419_ws/install/robp_interfaces/lib:${LD_LIBRARY_PATH} PYTHONPATH=/home/group-7/dd2419_ws/install/robp_interfaces/lib/python3.12/site-packages:${PYTHONPATH} /usr/bin/cmake --install /home/group-7/dd2419_ws/build/robp_phidgets_spatial
[8.278s] -- Install configuration: "Release"
[8.279s] -- Execute custom install script
[8.279s] -- Symlinking: /home/group-7/dd2419_ws/install/robp_phidgets_spatial/lib/librobp_phidgets_spatial.so
[8.287s] -- Symlinking: /home/group-7/dd2419_ws/install/robp_phidgets_spatial/include/robp_phidgets_spatial/spatial.hpp
[8.295s] -- Symlinking: /home/group-7/dd2419_ws/install/robp_phidgets_spatial/share/robp_phidgets_spatial/launch/spatial_launch.py
[8.303s] -- Symlinking: /home/group-7/dd2419_ws/install/robp_phidgets_spatial/share/ament_index/resource_index/package_run_dependencies/robp_phidgets_spatial
[8.312s] -- Symlinking: /home/group-7/dd2419_ws/install/robp_phidgets_spatial/share/ament_index/resource_index/parent_prefix_path/robp_phidgets_spatial
[8.319s] -- Symlinking: /home/group-7/dd2419_ws/install/robp_phidgets_spatial/share/robp_phidgets_spatial/environment/ament_prefix_path.sh
[8.327s] -- Symlinking: /home/group-7/dd2419_ws/install/robp_phidgets_spatial/share/robp_phidgets_spatial/environment/ament_prefix_path.dsv
[8.335s] -- Symlinking: /home/group-7/dd2419_ws/install/robp_phidgets_spatial/share/robp_phidgets_spatial/environment/path.sh
[8.343s] -- Symlinking: /home/group-7/dd2419_ws/install/robp_phidgets_spatial/share/robp_phidgets_spatial/environment/path.dsv
[8.351s] -- Symlinking: /home/group-7/dd2419_ws/install/robp_phidgets_spatial/share/robp_phidgets_spatial/local_setup.bash
[8.359s] -- Symlinking: /home/group-7/dd2419_ws/install/robp_phidgets_spatial/share/robp_phidgets_spatial/local_setup.sh
[8.367s] -- Symlinking: /home/group-7/dd2419_ws/install/robp_phidgets_spatial/share/robp_phidgets_spatial/local_setup.zsh
[8.374s] -- Symlinking: /home/group-7/dd2419_ws/install/robp_phidgets_spatial/share/robp_phidgets_spatial/local_setup.dsv
[8.382s] -- Symlinking: /home/group-7/dd2419_ws/install/robp_phidgets_spatial/share/robp_phidgets_spatial/package.dsv
[8.389s] -- Symlinking: /home/group-7/dd2419_ws/install/robp_phidgets_spatial/share/ament_index/resource_index/packages/robp_phidgets_spatial
[8.397s] -- Symlinking: /home/group-7/dd2419_ws/install/robp_phidgets_spatial/share/ament_index/resource_index/rclcpp_components/robp_phidgets_spatial
[8.405s] -- Symlinking: /home/group-7/dd2419_ws/install/robp_phidgets_spatial/share/robp_phidgets_spatial/cmake/robp_phidgets_spatialConfig.cmake
[8.414s] -- Symlinking: /home/group-7/dd2419_ws/install/robp_phidgets_spatial/share/robp_phidgets_spatial/cmake/robp_phidgets_spatialConfig-version.cmake
[8.422s] -- Symlinking: /home/group-7/dd2419_ws/install/robp_phidgets_spatial/share/robp_phidgets_spatial/package.xml
[8.432s] Invoked command in '/home/group-7/dd2419_ws/build/robp_phidgets_spatial' returned '0': AMENT_PREFIX_PATH=/home/group-7/dd2419_ws/install/robp_interfaces:${AMENT_PREFIX_PATH} CMAKE_PREFIX_PATH=/home/group-7/dd2419_ws/install/robp_interfaces:/opt/ros/jazzy/opt/gz_math_vendor:/opt/ros/jazzy/opt/gz_utils_vendor:/opt/ros/jazzy/opt/gz_cmake_vendor:/opt/ros/jazzy DEBUGINFOD_URLS=https://debuginfod.ubuntu.com LD_LIBRARY_PATH=/home/group-7/dd2419_ws/install/robp_interfaces/lib:${LD_LIBRARY_PATH} PYTHONPATH=/home/group-7/dd2419_ws/install/robp_interfaces/lib/python3.12/site-packages:${PYTHONPATH} /usr/bin/cmake --install /home/group-7/dd2419_ws/build/robp_phidgets_spatial
