[1.914s] Invoking command in '/home/sleepy/robp-group7-sleepy/build/perception': DEBUGINFOD_URLS=https://debuginfod.ubuntu.com PYTHONPATH=/home/sleepy/robp-group7-sleepy/build/perception/prefix_override:/usr/lib/python3/dist-packages/colcon_core/task/python/colcon_distutils_commands:/home/sleepy/robp-group7-sleepy/install/perception/lib/python3.12/site-packages:${PYTHONPATH} /usr/bin/python3 -W ignore:setup.py install is deprecated -W ignore:easy_install command is deprecated setup.py develop --editable --build-directory /home/sleepy/robp-group7-sleepy/build/perception/build --no-deps symlink_data
[2.643s] running develop
[3.416s] running egg_info
[3.430s] creating perception.egg-info
[3.522s] writing perception.egg-info/PKG-INFO
[3.523s] writing dependency_links to perception.egg-info/dependency_links.txt
[3.524s] writing entry points to perception.egg-info/entry_points.txt
[3.525s] writing requirements to perception.egg-info/requires.txt
[3.526s] writing top-level names to perception.egg-info/top_level.txt
[3.532s] writing manifest file 'perception.egg-info/SOURCES.txt'
[3.780s] reading manifest file 'perception.egg-info/SOURCES.txt'
[3.785s] writing manifest file 'perception.egg-info/SOURCES.txt'
[3.879s] running build_ext
[3.879s] Creating /home/sleepy/robp-group7-sleepy/install/perception/lib/python3.12/site-packages/perception.egg-link (link to .)
[3.887s] Installing camera_processing script to /home/sleepy/robp-group7-sleepy/install/perception/lib/perception
[3.888s] Installing ransac script to /home/sleepy/robp-group7-sleepy/install/perception/lib/perception
[3.888s] 
[3.888s] Installed /home/sleepy/robp-group7-sleepy/build/perception
[3.888s] running symlink_data
[3.888s] creating /home/sleepy/robp-group7-sleepy/install/perception/share/ament_index
[3.888s] creating /home/sleepy/robp-group7-sleepy/install/perception/share/ament_index/resource_index
[3.888s] creating /home/sleepy/robp-group7-sleepy/install/perception/share/ament_index/resource_index/packages
[3.889s] symbolically linking /home/sleepy/robp-group7-sleepy/build/perception/resource/perception -> /home/sleepy/robp-group7-sleepy/install/perception/share/ament_index/resource_index/packages
[3.889s] symbolically linking /home/sleepy/robp-group7-sleepy/build/perception/package.xml -> /home/sleepy/robp-group7-sleepy/install/perception/share/perception
[4.113s] Invoked command in '/home/sleepy/robp-group7-sleepy/build/perception' returned '0': DEBUGINFOD_URLS=https://debuginfod.ubuntu.com PYTHONPATH=/home/sleepy/robp-group7-sleepy/build/perception/prefix_override:/usr/lib/python3/dist-packages/colcon_core/task/python/colcon_distutils_commands:/home/sleepy/robp-group7-sleepy/install/perception/lib/python3.12/site-packages:${PYTHONPATH} /usr/bin/python3 -W ignore:setup.py install is deprecated -W ignore:easy_install command is deprecated setup.py develop --editable --build-directory /home/sleepy/robp-group7-sleepy/build/perception/build --no-deps symlink_data
