[0.019s] Invoking command in '/home/sleepy/robp-group7-sleepy/build/robp_phidgets_motors': AMENT_PREFIX_PATH=/home/sleepy/robp-group7-sleepy/install/robp_interfaces:${AMENT_PREFIX_PATH} CMAKE_PREFIX_PATH=/home/sleepy/robp-group7-sleepy/install/robp_interfaces:/opt/ros/jazzy/opt/gz_math_vendor:/opt/ros/jazzy/opt/gz_utils_vendor:/opt/ros/jazzy/opt/gz_cmake_vendor:/opt/ros/jazzy DEBUGINFOD_URLS=https://debuginfod.ubuntu.com LD_LIBRARY_PATH=/home/sleepy/robp-group7-sleepy/install/robp_interfaces/lib:${LD_LIBRARY_PATH} PYTHONPATH=/home/sleepy/robp-group7-sleepy/install/robp_interfaces/lib/python3.12/site-packages:${PYTHONPATH} /usr/bin/cmake --build /home/sleepy/robp-group7-sleepy/build/robp_phidgets_motors -- -j8 -l8
[0.094s] [100%] Built target robp_phidgets_motors
[0.107s] Invoked command in '/home/sleepy/robp-group7-sleepy/build/robp_phidgets_motors' returned '0': AMENT_PREFIX_PATH=/home/sleepy/robp-group7-sleepy/install/robp_interfaces:${AMENT_PREFIX_PATH} CMAKE_PREFIX_PATH=/home/sleepy/robp-group7-sleepy/install/robp_interfaces:/opt/ros/jazzy/opt/gz_math_vendor:/opt/ros/jazzy/opt/gz_utils_vendor:/opt/ros/jazzy/opt/gz_cmake_vendor:/opt/ros/jazzy DEBUGINFOD_URLS=https://debuginfod.ubuntu.com LD_LIBRARY_PATH=/home/sleepy/robp-group7-sleepy/install/robp_interfaces/lib:${LD_LIBRARY_PATH} PYTHONPATH=/home/sleepy/robp-group7-sleepy/install/robp_interfaces/lib/python3.12/site-packages:${PYTHONPATH} /usr/bin/cmake --build /home/sleepy/robp-group7-sleepy/build/robp_phidgets_motors -- -j8 -l8
[0.109s] Invoking command in '/home/sleepy/robp-group7-sleepy/build/robp_phidgets_motors': AMENT_PREFIX_PATH=/home/sleepy/robp-group7-sleepy/install/robp_interfaces:${AMENT_PREFIX_PATH} CMAKE_PREFIX_PATH=/home/sleepy/robp-group7-sleepy/install/robp_interfaces:/opt/ros/jazzy/opt/gz_math_vendor:/opt/ros/jazzy/opt/gz_utils_vendor:/opt/ros/jazzy/opt/gz_cmake_vendor:/opt/ros/jazzy DEBUGINFOD_URLS=https://debuginfod.ubuntu.com LD_LIBRARY_PATH=/home/sleepy/robp-group7-sleepy/install/robp_interfaces/lib:${LD_LIBRARY_PATH} PYTHONPATH=/home/sleepy/robp-group7-sleepy/install/robp_interfaces/lib/python3.12/site-packages:${PYTHONPATH} /usr/bin/cmake --install /home/sleepy/robp-group7-sleepy/build/robp_phidgets_motors
[0.121s] -- Install configuration: "Release"
[0.121s] -- Execute custom install script
[0.122s] -- Up-to-date symlink: /home/sleepy/robp-group7-sleepy/install/robp_phidgets_motors/lib/librobp_phidgets_motors.so
[0.123s] -- Up-to-date symlink: /home/sleepy/robp-group7-sleepy/install/robp_phidgets_motors/include/robp_phidgets_motors/motor.hpp
[0.123s] -- Up-to-date symlink: /home/sleepy/robp-group7-sleepy/install/robp_phidgets_motors/include/robp_phidgets_motors/motors.hpp
[0.125s] -- Up-to-date symlink: /home/sleepy/robp-group7-sleepy/install/robp_phidgets_motors/share/robp_phidgets_motors/launch/motors_launch.py
[0.125s] -- Up-to-date symlink: /home/sleepy/robp-group7-sleepy/install/robp_phidgets_motors/share/ament_index/resource_index/package_run_dependencies/robp_phidgets_motors
[0.125s] -- Up-to-date symlink: /home/sleepy/robp-group7-sleepy/install/robp_phidgets_motors/share/ament_index/resource_index/parent_prefix_path/robp_phidgets_motors
[0.125s] -- Up-to-date symlink: /home/sleepy/robp-group7-sleepy/install/robp_phidgets_motors/share/robp_phidgets_motors/environment/ament_prefix_path.sh
[0.126s] -- Up-to-date symlink: /home/sleepy/robp-group7-sleepy/install/robp_phidgets_motors/share/robp_phidgets_motors/environment/ament_prefix_path.dsv
[0.126s] -- Up-to-date symlink: /home/sleepy/robp-group7-sleepy/install/robp_phidgets_motors/share/robp_phidgets_motors/environment/path.sh
[0.127s] -- Up-to-date symlink: /home/sleepy/robp-group7-sleepy/install/robp_phidgets_motors/share/robp_phidgets_motors/environment/path.dsv
[0.127s] -- Up-to-date symlink: /home/sleepy/robp-group7-sleepy/install/robp_phidgets_motors/share/robp_phidgets_motors/local_setup.bash
[0.127s] -- Up-to-date symlink: /home/sleepy/robp-group7-sleepy/install/robp_phidgets_motors/share/robp_phidgets_motors/local_setup.sh
[0.127s] -- Up-to-date symlink: /home/sleepy/robp-group7-sleepy/install/robp_phidgets_motors/share/robp_phidgets_motors/local_setup.zsh
[0.127s] -- Up-to-date symlink: /home/sleepy/robp-group7-sleepy/install/robp_phidgets_motors/share/robp_phidgets_motors/local_setup.dsv
[0.127s] -- Symlinking: /home/sleepy/robp-group7-sleepy/install/robp_phidgets_motors/share/robp_phidgets_motors/package.dsv
[0.137s] -- Up-to-date symlink: /home/sleepy/robp-group7-sleepy/install/robp_phidgets_motors/share/ament_index/resource_index/packages/robp_phidgets_motors
[0.137s] -- Up-to-date symlink: /home/sleepy/robp-group7-sleepy/install/robp_phidgets_motors/share/ament_index/resource_index/rclcpp_components/robp_phidgets_motors
[0.138s] -- Up-to-date symlink: /home/sleepy/robp-group7-sleepy/install/robp_phidgets_motors/share/robp_phidgets_motors/cmake/robp_phidgets_motorsConfig.cmake
[0.138s] -- Up-to-date symlink: /home/sleepy/robp-group7-sleepy/install/robp_phidgets_motors/share/robp_phidgets_motors/cmake/robp_phidgets_motorsConfig-version.cmake
[0.138s] -- Up-to-date symlink: /home/sleepy/robp-group7-sleepy/install/robp_phidgets_motors/share/robp_phidgets_motors/package.xml
[0.141s] Invoked command in '/home/sleepy/robp-group7-sleepy/build/robp_phidgets_motors' returned '0': AMENT_PREFIX_PATH=/home/sleepy/robp-group7-sleepy/install/robp_interfaces:${AMENT_PREFIX_PATH} CMAKE_PREFIX_PATH=/home/sleepy/robp-group7-sleepy/install/robp_interfaces:/opt/ros/jazzy/opt/gz_math_vendor:/opt/ros/jazzy/opt/gz_utils_vendor:/opt/ros/jazzy/opt/gz_cmake_vendor:/opt/ros/jazzy DEBUGINFOD_URLS=https://debuginfod.ubuntu.com LD_LIBRARY_PATH=/home/sleepy/robp-group7-sleepy/install/robp_interfaces/lib:${LD_LIBRARY_PATH} PYTHONPATH=/home/sleepy/robp-group7-sleepy/install/robp_interfaces/lib/python3.12/site-packages:${PYTHONPATH} /usr/bin/cmake --install /home/sleepy/robp-group7-sleepy/build/robp_phidgets_motors
