[0.028s] Invoking command in '/home/sleepy/robp-group7-sleepy/build/usb_cam': CMAKE_PREFIX_PATH=${CMAKE_PREFIX_PATH}:/home/sleepy/robp-group7-sleepy/install/simple_move:/home/sleepy/robp-group7-sleepy/install/core_launch:/home/sleepy/robp-group7-sleepy/install/robp_launch:/home/sleepy/robp-group7-sleepy/install/perception:/home/sleepy/robp-group7-sleepy/install/odometry:/home/sleepy/robp-group7-sleepy/install/navigation:/home/sleepy/robp-group7-sleepy/install/lidar_processing:/home/sleepy/robp-group7-sleepy/install/arm_servos_pubs_subs:/home/sleepy/robp-group7-sleepy/install/arm_control:/opt/ros/jazzy DEBUGINFOD_URLS=https://debuginfod.ubuntu.com /usr/bin/cmake /home/sleepy/robp-group7-sleepy/src/robp_robot/usb_cam -DAMENT_CMAKE_SYMLINK_INSTALL=1 -DCMAKE_INSTALL_PREFIX=/home/sleepy/robp-group7-sleepy/install/usb_cam
[2.017s] -- The C compiler identification is GNU 13.3.0
[2.017s] -- The CXX compiler identification is GNU 13.3.0
[2.017s] -- Detecting C compiler ABI info
[2.017s] -- Detecting C compiler ABI info - done
[2.017s] -- Check for working C compiler: /usr/bin/cc - skipped
[2.018s] -- Detecting C compile features
[2.018s] -- Detecting C compile features - done
[2.018s] -- Detecting CXX compiler ABI info
[2.018s] -- Detecting CXX compiler ABI info - done
[2.018s] -- Check for working CXX compiler: /usr/bin/c++ - skipped
[2.018s] -- Detecting CXX compile features
[2.018s] -- Detecting CXX compile features - done
[2.018s] -- Found ament_cmake_auto: 2.5.3 (/opt/ros/jazzy/share/ament_cmake_auto/cmake)
[2.849s] -- Found Python3: /usr/bin/python3 (found version "3.12.3") found components: Interpreter 
[3.329s] -- Override CMake install command with custom implementation using symlinks instead of copying resources
[4.416s] -- Found rosidl_generator_c: 4.6.5 (/opt/ros/jazzy/share/rosidl_generator_c/cmake)
[4.549s] -- Found rosidl_generator_cpp: 4.6.5 (/opt/ros/jazzy/share/rosidl_generator_cpp/cmake)
[4.708s] -- Using all available rosidl_typesupport_c: rosidl_typesupport_fastrtps_c;rosidl_typesupport_introspection_c
[4.902s] -- Using all available rosidl_typesupport_cpp: rosidl_typesupport_fastrtps_cpp;rosidl_typesupport_introspection_cpp
[5.757s] -- Found rmw_implementation_cmake: 7.3.1 (/opt/ros/jazzy/share/rmw_implementation_cmake/cmake)
[5.813s] -- Found rmw_fastrtps_cpp: 8.4.1 (/opt/ros/jazzy/share/rmw_fastrtps_cpp/cmake)
[6.388s] -- Found OpenSSL: /usr/lib/x86_64-linux-gnu/libcrypto.so (found version "3.0.13")  
[6.505s] -- Found FastRTPS: /opt/ros/jazzy/include (Required is at least version "2.13") 
[6.654s] -- Using RMW implementation 'rmw_fastrtps_cpp' as default
[7.593s] -- Setting yaml-cpp_DIR to: '/opt/ros/jazzy/share/yaml_cpp_vendor/cmake/../../../opt/yaml_cpp_vendor/share/cmake/yaml-cpp'
[8.169s] -- Found rosidl_adapter: 4.6.5 (/opt/ros/jazzy/share/rosidl_adapter/cmake)
[8.217s] -- Found OpenCV: /usr (found version "4.6.0") 
[8.229s] -- Found PkgConfig: /usr/bin/pkg-config (found version "1.8.1") 
[8.240s] -- Checking for module 'libavcodec'
[8.298s] --   Found libavcodec, version 60.31.102
[8.459s] -- Checking for module 'libavutil'
[8.528s] --   Found libavutil, version 58.29.100
[8.717s] -- Checking for module 'libswscale'
[8.806s] --   Found libswscale, version 7.5.100
[9.007s] -- Found ament_lint_auto: 0.17.1 (/opt/ros/jazzy/share/ament_lint_auto/cmake)
[9.077s] -- Found gtest sources under '/opt/ros/jazzy/src/gtest_vendor': C++ tests using 'Google Test' will be built
[9.104s] -- Performing Test CMAKE_HAVE_LIBC_PTHREAD
[9.448s] -- Performing Test CMAKE_HAVE_LIBC_PTHREAD - Success
[9.476s] -- Found Threads: TRUE  
[9.542s] -- Added test 'copyright' to check source files copyright and LICENSE
[9.557s] -- Added test 'cppcheck' to perform static code analysis on C / C++ code
[9.557s] -- Configured cppcheck include dirs: /home/sleepy/robp-group7-sleepy/src/robp_robot/usb_cam/include
[9.563s] -- Configured cppcheck exclude dirs and/or files: 
[9.578s] -- Added test 'cpplint' to check C / C++ code against the Google style
[9.578s] -- Configured cpplint exclude dirs and/or files: 
[9.601s] -- Added test 'flake8' to check Python code syntax and style conventions
[9.602s] -- Configured 'flake8' exclude dirs and/or files: 
[9.603s] -- Added test 'lint_cmake' to check CMake code style
[9.606s] -- Added test 'pep257' to check Python code against some of the docstring style conventions in PEP 257
[9.622s] -- Added test 'uncrustify' to check C / C++ code style
[9.623s] -- Configured uncrustify additional arguments: 
[9.626s] -- Added test 'xmllint' to check XML markup files
[9.666s] -- Configuring done (9.6s)
[9.865s] -- Generating done (0.1s)
[9.911s] -- Build files have been written to: /home/sleepy/robp-group7-sleepy/build/usb_cam
[10.001s] Invoked command in '/home/sleepy/robp-group7-sleepy/build/usb_cam' returned '0': CMAKE_PREFIX_PATH=${CMAKE_PREFIX_PATH}:/home/sleepy/robp-group7-sleepy/install/simple_move:/home/sleepy/robp-group7-sleepy/install/core_launch:/home/sleepy/robp-group7-sleepy/install/robp_launch:/home/sleepy/robp-group7-sleepy/install/perception:/home/sleepy/robp-group7-sleepy/install/odometry:/home/sleepy/robp-group7-sleepy/install/navigation:/home/sleepy/robp-group7-sleepy/install/lidar_processing:/home/sleepy/robp-group7-sleepy/install/arm_servos_pubs_subs:/home/sleepy/robp-group7-sleepy/install/arm_control:/opt/ros/jazzy DEBUGINFOD_URLS=https://debuginfod.ubuntu.com /usr/bin/cmake /home/sleepy/robp-group7-sleepy/src/robp_robot/usb_cam -DAMENT_CMAKE_SYMLINK_INSTALL=1 -DCMAKE_INSTALL_PREFIX=/home/sleepy/robp-group7-sleepy/install/usb_cam
[10.006s] Invoking command in '/home/sleepy/robp-group7-sleepy/build/usb_cam': CMAKE_PREFIX_PATH=${CMAKE_PREFIX_PATH}:/home/sleepy/robp-group7-sleepy/install/simple_move:/home/sleepy/robp-group7-sleepy/install/core_launch:/home/sleepy/robp-group7-sleepy/install/robp_launch:/home/sleepy/robp-group7-sleepy/install/perception:/home/sleepy/robp-group7-sleepy/install/odometry:/home/sleepy/robp-group7-sleepy/install/navigation:/home/sleepy/robp-group7-sleepy/install/lidar_processing:/home/sleepy/robp-group7-sleepy/install/arm_servos_pubs_subs:/home/sleepy/robp-group7-sleepy/install/arm_control:/opt/ros/jazzy DEBUGINFOD_URLS=https://debuginfod.ubuntu.com /usr/bin/cmake --build /home/sleepy/robp-group7-sleepy/build/usb_cam -- -j8 -l8
[14.231s] [  7%] [32mBuilding CXX object gtest/CMakeFiles/gtest.dir/src/gtest-all.cc.o[0m
[14.231s] [ 14%] [32mBuilding CXX object CMakeFiles/usb_cam.dir/src/usb_cam.cpp.o[0m
[14.231s] [ 21%] [32mBuilding CXX object gtest/CMakeFiles/gtest_main.dir/src/gtest_main.cc.o[0m
[14.231s] [ 28%] [32mBuilding CXX object CMakeFiles/usb_cam_node_exe.dir/rclcpp_components/node_main_usb_cam_node_exe.cpp.o[0m
[17.081s] [ 35%] [32m[1mLinking CXX static library libgtest_main.a[0m
[17.362s] [ 35%] Built target gtest_main
[21.480s] [ 42%] [32m[1mLinking CXX shared library libusb_cam.so[0m
[22.211s] [ 42%] Built target usb_cam
[24.177s] [ 50%] [32m[1mLinking CXX executable usb_cam_node_exe[0m
[24.587s] [ 50%] Built target usb_cam_node_exe
[25.568s] [ 57%] [32m[1mLinking CXX static library libgtest.a[0m
[25.838s] [ 57%] Built target gtest
[25.910s] [ 64%] [32mBuilding CXX object CMakeFiles/usb_cam_node.dir/src/usb_cam_node.cpp.o[0m
[42.227s] [ 71%] [32m[1mLinking CXX shared library libusb_cam_node.so[0m
[43.103s] [ 71%] Built target usb_cam_node
[43.143s] [ 78%] [32mBuilding CXX object CMakeFiles/test_pixel_formats.dir/test/test_pixel_formats.cpp.o[0m
[45.952s] [ 85%] [32m[1mLinking CXX executable test_pixel_formats[0m
[46.299s] [ 85%] Built target test_pixel_formats
[46.340s] [ 92%] [32mBuilding CXX object CMakeFiles/test_usb_cam_utils.dir/test/test_usb_cam_utils.cpp.o[0m
[48.907s] [100%] [32m[1mLinking CXX executable test_usb_cam_utils[0m
[49.306s] [100%] Built target test_usb_cam_utils
[49.362s] Invoked command in '/home/sleepy/robp-group7-sleepy/build/usb_cam' returned '0': CMAKE_PREFIX_PATH=${CMAKE_PREFIX_PATH}:/home/sleepy/robp-group7-sleepy/install/simple_move:/home/sleepy/robp-group7-sleepy/install/core_launch:/home/sleepy/robp-group7-sleepy/install/robp_launch:/home/sleepy/robp-group7-sleepy/install/perception:/home/sleepy/robp-group7-sleepy/install/odometry:/home/sleepy/robp-group7-sleepy/install/navigation:/home/sleepy/robp-group7-sleepy/install/lidar_processing:/home/sleepy/robp-group7-sleepy/install/arm_servos_pubs_subs:/home/sleepy/robp-group7-sleepy/install/arm_control:/opt/ros/jazzy DEBUGINFOD_URLS=https://debuginfod.ubuntu.com /usr/bin/cmake --build /home/sleepy/robp-group7-sleepy/build/usb_cam -- -j8 -l8
[49.368s] Invoking command in '/home/sleepy/robp-group7-sleepy/build/usb_cam': CMAKE_PREFIX_PATH=${CMAKE_PREFIX_PATH}:/home/sleepy/robp-group7-sleepy/install/simple_move:/home/sleepy/robp-group7-sleepy/install/core_launch:/home/sleepy/robp-group7-sleepy/install/robp_launch:/home/sleepy/robp-group7-sleepy/install/perception:/home/sleepy/robp-group7-sleepy/install/odometry:/home/sleepy/robp-group7-sleepy/install/navigation:/home/sleepy/robp-group7-sleepy/install/lidar_processing:/home/sleepy/robp-group7-sleepy/install/arm_servos_pubs_subs:/home/sleepy/robp-group7-sleepy/install/arm_control:/opt/ros/jazzy DEBUGINFOD_URLS=https://debuginfod.ubuntu.com /usr/bin/cmake --install /home/sleepy/robp-group7-sleepy/build/usb_cam
[49.395s] -- Install configuration: ""
[49.401s] -- Execute custom install script
[49.401s] -- Symlinking: /home/sleepy/robp-group7-sleepy/install/usb_cam/share/usb_cam/environment/library_path.sh
[49.420s] -- Symlinking: /home/sleepy/robp-group7-sleepy/install/usb_cam/share/usb_cam/environment/library_path.dsv
[49.436s] -- Symlinking: /home/sleepy/robp-group7-sleepy/install/usb_cam/lib/usb_cam/usb_cam_node_exe
[49.453s] -- Symlinking: /home/sleepy/robp-group7-sleepy/install/usb_cam/lib/usb_cam/show_image.py
[49.496s] -- Symlinking: /home/sleepy/robp-group7-sleepy/install/usb_cam/lib/libusb_cam.so
[49.523s] -- Symlinking: /home/sleepy/robp-group7-sleepy/install/usb_cam/lib/libusb_cam_node.so
[49.538s] -- Symlinking: /home/sleepy/robp-group7-sleepy/install/usb_cam/include/usb_cam/constants.hpp
[49.549s] -- Symlinking: /home/sleepy/robp-group7-sleepy/install/usb_cam/include/usb_cam/conversions.hpp
[49.564s] -- Symlinking: /home/sleepy/robp-group7-sleepy/install/usb_cam/include/usb_cam/formats/av_pixel_format_helper.hpp
[49.578s] -- Symlinking: /home/sleepy/robp-group7-sleepy/install/usb_cam/include/usb_cam/formats/m420.hpp
[49.593s] -- Symlinking: /home/sleepy/robp-group7-sleepy/install/usb_cam/include/usb_cam/formats/mjpeg.hpp
[49.610s] -- Symlinking: /home/sleepy/robp-group7-sleepy/install/usb_cam/include/usb_cam/formats/mono.hpp
[49.627s] -- Symlinking: /home/sleepy/robp-group7-sleepy/install/usb_cam/include/usb_cam/formats/pixel_format_base.hpp
[49.644s] -- Symlinking: /home/sleepy/robp-group7-sleepy/install/usb_cam/include/usb_cam/formats/rgb.hpp
[49.670s] -- Symlinking: /home/sleepy/robp-group7-sleepy/install/usb_cam/include/usb_cam/formats/utils.hpp
[49.689s] -- Symlinking: /home/sleepy/robp-group7-sleepy/install/usb_cam/include/usb_cam/formats/uyvy.hpp
[49.708s] -- Symlinking: /home/sleepy/robp-group7-sleepy/install/usb_cam/include/usb_cam/formats/yuyv.hpp
[49.728s] -- Symlinking: /home/sleepy/robp-group7-sleepy/install/usb_cam/include/usb_cam/usb_cam.hpp
[49.747s] -- Symlinking: /home/sleepy/robp-group7-sleepy/install/usb_cam/include/usb_cam/usb_cam_node.hpp
[49.763s] -- Symlinking: /home/sleepy/robp-group7-sleepy/install/usb_cam/include/usb_cam/utils.hpp
[49.782s] -- Up-to-date symlink: /home/sleepy/robp-group7-sleepy/install/usb_cam/lib/libusb_cam_node.so
[49.782s] -- Symlinking: /home/sleepy/robp-group7-sleepy/install/usb_cam/share/usb_cam/launch/__init__.py
[49.799s] -- Symlinking: /home/sleepy/robp-group7-sleepy/install/usb_cam/share/usb_cam/launch/__pycache__/camera_config.cpython-312.pyc
[49.815s] -- Symlinking: /home/sleepy/robp-group7-sleepy/install/usb_cam/share/usb_cam/launch/camera.launch.py
[49.835s] -- Symlinking: /home/sleepy/robp-group7-sleepy/install/usb_cam/share/usb_cam/launch/camera_config.py
[49.849s] -- Symlinking: /home/sleepy/robp-group7-sleepy/install/usb_cam/share/usb_cam/config/camera_info.yaml
[49.867s] -- Symlinking: /home/sleepy/robp-group7-sleepy/install/usb_cam/share/usb_cam/config/params_1.yaml
[49.883s] -- Symlinking: /home/sleepy/robp-group7-sleepy/install/usb_cam/share/usb_cam/config/params_2.yaml
[49.902s] -- Symlinking: /home/sleepy/robp-group7-sleepy/install/usb_cam/share/ament_index/resource_index/package_run_dependencies/usb_cam
[49.920s] -- Symlinking: /home/sleepy/robp-group7-sleepy/install/usb_cam/share/ament_index/resource_index/parent_prefix_path/usb_cam
[49.935s] -- Symlinking: /home/sleepy/robp-group7-sleepy/install/usb_cam/share/usb_cam/environment/ament_prefix_path.sh
[49.953s] -- Symlinking: /home/sleepy/robp-group7-sleepy/install/usb_cam/share/usb_cam/environment/ament_prefix_path.dsv
[49.968s] -- Symlinking: /home/sleepy/robp-group7-sleepy/install/usb_cam/share/usb_cam/environment/path.sh
[49.983s] -- Symlinking: /home/sleepy/robp-group7-sleepy/install/usb_cam/share/usb_cam/environment/path.dsv
[50.001s] -- Symlinking: /home/sleepy/robp-group7-sleepy/install/usb_cam/share/usb_cam/local_setup.bash
[50.016s] -- Symlinking: /home/sleepy/robp-group7-sleepy/install/usb_cam/share/usb_cam/local_setup.sh
[50.030s] -- Symlinking: /home/sleepy/robp-group7-sleepy/install/usb_cam/share/usb_cam/local_setup.zsh
[50.043s] -- Symlinking: /home/sleepy/robp-group7-sleepy/install/usb_cam/share/usb_cam/local_setup.dsv
[50.059s] -- Symlinking: /home/sleepy/robp-group7-sleepy/install/usb_cam/share/usb_cam/package.dsv
[50.073s] -- Symlinking: /home/sleepy/robp-group7-sleepy/install/usb_cam/share/ament_index/resource_index/packages/usb_cam
[50.085s] -- Symlinking: /home/sleepy/robp-group7-sleepy/install/usb_cam/share/ament_index/resource_index/rclcpp_components/usb_cam
[50.099s] -- Symlinking: /home/sleepy/robp-group7-sleepy/install/usb_cam/share/usb_cam/cmake/ament_cmake_export_libraries-extras.cmake
[50.115s] -- Symlinking: /home/sleepy/robp-group7-sleepy/install/usb_cam/share/usb_cam/cmake/ament_cmake_export_dependencies-extras.cmake
[50.137s] -- Symlinking: /home/sleepy/robp-group7-sleepy/install/usb_cam/share/usb_cam/cmake/ament_cmake_export_include_directories-extras.cmake
[50.153s] -- Symlinking: /home/sleepy/robp-group7-sleepy/install/usb_cam/share/usb_cam/cmake/usb_camConfig.cmake
[50.167s] -- Symlinking: /home/sleepy/robp-group7-sleepy/install/usb_cam/share/usb_cam/cmake/usb_camConfig-version.cmake
[50.184s] -- Symlinking: /home/sleepy/robp-group7-sleepy/install/usb_cam/share/usb_cam/package.xml
[50.209s] Invoked command in '/home/sleepy/robp-group7-sleepy/build/usb_cam' returned '0': CMAKE_PREFIX_PATH=${CMAKE_PREFIX_PATH}:/home/sleepy/robp-group7-sleepy/install/simple_move:/home/sleepy/robp-group7-sleepy/install/core_launch:/home/sleepy/robp-group7-sleepy/install/robp_launch:/home/sleepy/robp-group7-sleepy/install/perception:/home/sleepy/robp-group7-sleepy/install/odometry:/home/sleepy/robp-group7-sleepy/install/navigation:/home/sleepy/robp-group7-sleepy/install/lidar_processing:/home/sleepy/robp-group7-sleepy/install/arm_servos_pubs_subs:/home/sleepy/robp-group7-sleepy/install/arm_control:/opt/ros/jazzy DEBUGINFOD_URLS=https://debuginfod.ubuntu.com /usr/bin/cmake --install /home/sleepy/robp-group7-sleepy/build/usb_cam
