[0.988s] Invoking command in '/home/sleepy/robp-group7-sleepy/src/core/odometry2': DEBUGINFOD_URLS=https://debuginfod.ubuntu.com PYTHONPATH=/home/sleepy/robp-group7-sleepy/src/core/build/odometry2/prefix_override:/usr/lib/python3/dist-packages/colcon_core/task/python/colcon_distutils_commands:/home/sleepy/robp-group7-sleepy/src/core/install/odometry2/lib/python3.12/site-packages:${PYTHONPATH} /usr/bin/python3 -W ignore:setup.py install is deprecated -W ignore:easy_install command is deprecated setup.py egg_info --egg-base ../build/odometry2 build --build-base /home/sleepy/robp-group7-sleepy/src/core/build/odometry2/build install --record /home/sleepy/robp-group7-sleepy/src/core/build/odometry2/install.log --single-version-externally-managed install_data
[1.320s] running egg_info
[1.320s] creating ../build/odometry2/odometry2.egg-info
[1.342s] writing ../build/odometry2/odometry2.egg-info/PKG-INFO
[1.343s] writing dependency_links to ../build/odometry2/odometry2.egg-info/dependency_links.txt
[1.343s] writing entry points to ../build/odometry2/odometry2.egg-info/entry_points.txt
[1.343s] writing requirements to ../build/odometry2/odometry2.egg-info/requires.txt
[1.343s] writing top-level names to ../build/odometry2/odometry2.egg-info/top_level.txt
[1.344s] writing manifest file '../build/odometry2/odometry2.egg-info/SOURCES.txt'
[1.390s] reading manifest file '../build/odometry2/odometry2.egg-info/SOURCES.txt'
[1.391s] writing manifest file '../build/odometry2/odometry2.egg-info/SOURCES.txt'
[1.391s] running build
[1.392s] running build_py
[1.392s] creating /home/sleepy/robp-group7-sleepy/src/core/build/odometry2/build
[1.392s] creating /home/sleepy/robp-group7-sleepy/src/core/build/odometry2/build/lib
[1.392s] creating /home/sleepy/robp-group7-sleepy/src/core/build/odometry2/build/lib/odometry2
[1.392s] copying odometry2/odometry2.py -> /home/sleepy/robp-group7-sleepy/src/core/build/odometry2/build/lib/odometry2
[1.392s] copying odometry2/__init__.py -> /home/sleepy/robp-group7-sleepy/src/core/build/odometry2/build/lib/odometry2
[1.393s] running install
[1.401s] running install_lib
[1.426s] creating /home/sleepy/robp-group7-sleepy/src/core/install/odometry2/lib/python3.12/site-packages/odometry2
[1.426s] copying /home/sleepy/robp-group7-sleepy/src/core/build/odometry2/build/lib/odometry2/odometry2.py -> /home/sleepy/robp-group7-sleepy/src/core/install/odometry2/lib/python3.12/site-packages/odometry2
[1.426s] copying /home/sleepy/robp-group7-sleepy/src/core/build/odometry2/build/lib/odometry2/__init__.py -> /home/sleepy/robp-group7-sleepy/src/core/install/odometry2/lib/python3.12/site-packages/odometry2
[1.427s] byte-compiling /home/sleepy/robp-group7-sleepy/src/core/install/odometry2/lib/python3.12/site-packages/odometry2/odometry2.py to odometry2.cpython-312.pyc
[1.429s] byte-compiling /home/sleepy/robp-group7-sleepy/src/core/install/odometry2/lib/python3.12/site-packages/odometry2/__init__.py to __init__.cpython-312.pyc
[1.429s] running install_data
[1.429s] creating /home/sleepy/robp-group7-sleepy/src/core/install/odometry2/share/ament_index
[1.429s] creating /home/sleepy/robp-group7-sleepy/src/core/install/odometry2/share/ament_index/resource_index
[1.430s] creating /home/sleepy/robp-group7-sleepy/src/core/install/odometry2/share/ament_index/resource_index/packages
[1.430s] copying resource/odometry2 -> /home/sleepy/robp-group7-sleepy/src/core/install/odometry2/share/ament_index/resource_index/packages
[1.430s] copying package.xml -> /home/sleepy/robp-group7-sleepy/src/core/install/odometry2/share/odometry2
[1.430s] running install_egg_info
[1.456s] Copying ../build/odometry2/odometry2.egg-info to /home/sleepy/robp-group7-sleepy/src/core/install/odometry2/lib/python3.12/site-packages/odometry2-0.0.0-py3.12.egg-info
[1.456s] running install_scripts
[1.618s] Installing odometry2 script to /home/sleepy/robp-group7-sleepy/src/core/install/odometry2/lib/odometry2
[1.619s] writing list of installed files to '/home/sleepy/robp-group7-sleepy/src/core/build/odometry2/install.log'
[1.649s] Invoked command in '/home/sleepy/robp-group7-sleepy/src/core/odometry2' returned '0': DEBUGINFOD_URLS=https://debuginfod.ubuntu.com PYTHONPATH=/home/sleepy/robp-group7-sleepy/src/core/build/odometry2/prefix_override:/usr/lib/python3/dist-packages/colcon_core/task/python/colcon_distutils_commands:/home/sleepy/robp-group7-sleepy/src/core/install/odometry2/lib/python3.12/site-packages:${PYTHONPATH} /usr/bin/python3 -W ignore:setup.py install is deprecated -W ignore:easy_install command is deprecated setup.py egg_info --egg-base ../build/odometry2 build --build-base /home/sleepy/robp-group7-sleepy/src/core/build/odometry2/build install --record /home/sleepy/robp-group7-sleepy/src/core/build/odometry2/install.log --single-version-externally-managed install_data
