[  2%] Built target robp_interfaces__rosidl_generator_type_description
[  2%] Built target ament_cmake_python_symlink_robp_interfaces
[ 20%] Built target robp_interfaces__rosidl_generator_c
[ 22%] Built target robp_interfaces__cpp
[ 40%] Built target robp_interfaces__rosidl_typesupport_c
[ 40%] Built target robp_interfaces__rosidl_typesupport_fastrtps_c
[ 50%] Built target robp_interfaces__rosidl_typesupport_introspection_c
[ 59%] Built target robp_interfaces__rosidl_typesupport_cpp
[ 68%] Built target robp_interfaces__rosidl_typesupport_introspection_cpp
[ 77%] Built target robp_interfaces__rosidl_typesupport_fastrtps_cpp
[ 77%] Built target robp_interfaces
[ 79%] Built target robp_interfaces__py
[ 86%] Built target robp_interfaces__rosidl_generator_py
[ 90%] Built target robp_interfaces_s__rosidl_typesupport_introspection_c
[ 95%] Built target robp_interfaces_s__rosidl_typesupport_c
[100%] Built target robp_interfaces_s__rosidl_typesupport_fastrtps_c
running egg_info
writing robp_interfaces.egg-info/PKG-INFO
writing dependency_links to robp_interfaces.egg-info/dependency_links.txt
writing top-level names to robp_interfaces.egg-info/top_level.txt
reading manifest file 'robp_interfaces.egg-info/SOURCES.txt'
writing manifest file 'robp_interfaces.egg-info/SOURCES.txt'
[100%] Built target ament_cmake_python_build_robp_interfaces_egg
