[0.043s] Invoking command in '/home/sleepy/robp-group7-sleepy/build/robp_interfaces': CMAKE_PREFIX_PATH=${CMAKE_PREFIX_PATH}:/home/sleepy/robp-group7-sleepy/install/robp_launch:/home/sleepy/robp-group7-sleepy/install/arm_servos_pubs_subs:/opt/ros/jazzy DEBUGINFOD_URLS=https://debuginfod.ubuntu.com /usr/bin/cmake --build /home/sleepy/robp-group7-sleepy/build/robp_interfaces -- -j8 -l8
[0.358s] [  2%] Built target robp_interfaces__rosidl_generator_type_description
[0.359s] [  2%] Built target ament_cmake_python_symlink_robp_interfaces
[0.359s] [ 20%] Built target robp_interfaces__rosidl_generator_c
[0.359s] [ 22%] Built target robp_interfaces__cpp
[0.359s] [ 40%] Built target robp_interfaces__rosidl_typesupport_c
[0.359s] [ 40%] Built target robp_interfaces__rosidl_typesupport_fastrtps_c
[0.360s] [ 50%] Built target robp_interfaces__rosidl_typesupport_introspection_c
[0.360s] [ 59%] Built target robp_interfaces__rosidl_typesupport_cpp
[0.360s] [ 68%] Built target robp_interfaces__rosidl_typesupport_introspection_cpp
[0.360s] [ 77%] Built target robp_interfaces__rosidl_typesupport_fastrtps_cpp
[0.360s] [ 77%] Built target robp_interfaces
[0.360s] [ 79%] Built target robp_interfaces__py
[0.361s] [ 86%] Built target robp_interfaces__rosidl_generator_py
[0.361s] [ 90%] Built target robp_interfaces_s__rosidl_typesupport_introspection_c
[0.361s] [ 95%] Built target robp_interfaces_s__rosidl_typesupport_c
[0.361s] [100%] Built target robp_interfaces_s__rosidl_typesupport_fastrtps_c
[0.425s] running egg_info
[0.459s] writing robp_interfaces.egg-info/PKG-INFO
[0.460s] writing dependency_links to robp_interfaces.egg-info/dependency_links.txt
[0.460s] writing top-level names to robp_interfaces.egg-info/top_level.txt
[0.540s] reading manifest file 'robp_interfaces.egg-info/SOURCES.txt'
[0.541s] writing manifest file 'robp_interfaces.egg-info/SOURCES.txt'
[0.572s] [100%] Built target ament_cmake_python_build_robp_interfaces_egg
