running develop
Removing /home/sleepy/robp-group7-sleepy/install/navigation/lib/python3.12/site-packages/navigation.egg-link (link to .)
running egg_info
writing ../../../build/navigation/navigation.egg-info/PKG-INFO
writing dependency_links to ../../../build/navigation/navigation.egg-info/dependency_links.txt
writing entry points to ../../../build/navigation/navigation.egg-info/entry_points.txt
writing requirements to ../../../build/navigation/navigation.egg-info/requires.txt
writing top-level names to ../../../build/navigation/navigation.egg-info/top_level.txt
reading manifest file '../../../build/navigation/navigation.egg-info/SOURCES.txt'
writing manifest file '../../../build/navigation/navigation.egg-info/SOURCES.txt'
running build
running build_py
creating /home/sleepy/robp-group7-sleepy/build/navigation/build
creating /home/sleepy/robp-group7-sleepy/build/navigation/build/lib
creating /home/sleepy/robp-group7-sleepy/build/navigation/build/lib/navigation
copying navigation/random_pose_client.py -> /home/sleepy/robp-group7-sleepy/build/navigation/build/lib/navigation
copying navigation/move_to.py -> /home/sleepy/robp-group7-sleepy/build/navigation/build/lib/navigation
copying navigation/__init__.py -> /home/sleepy/robp-group7-sleepy/build/navigation/build/lib/navigation
copying navigation/geofence_compliance.py -> /home/sleepy/robp-group7-sleepy/build/navigation/build/lib/navigation
copying navigation/path_planner.py -> /home/sleepy/robp-group7-sleepy/build/navigation/build/lib/navigation
copying navigation/geofence_publisher.py -> /home/sleepy/robp-group7-sleepy/build/navigation/build/lib/navigation
copying navigation/testingtesting.py -> /home/sleepy/robp-group7-sleepy/build/navigation/build/lib/navigation
running install
running install_lib
creating /home/sleepy/robp-group7-sleepy/install/navigation/lib/python3.12/site-packages/navigation
copying /home/sleepy/robp-group7-sleepy/build/navigation/build/lib/navigation/random_pose_client.py -> /home/sleepy/robp-group7-sleepy/install/navigation/lib/python3.12/site-packages/navigation
copying /home/sleepy/robp-group7-sleepy/build/navigation/build/lib/navigation/move_to.py -> /home/sleepy/robp-group7-sleepy/install/navigation/lib/python3.12/site-packages/navigation
copying /home/sleepy/robp-group7-sleepy/build/navigation/build/lib/navigation/__init__.py -> /home/sleepy/robp-group7-sleepy/install/navigation/lib/python3.12/site-packages/navigation
copying /home/sleepy/robp-group7-sleepy/build/navigation/build/lib/navigation/geofence_compliance.py -> /home/sleepy/robp-group7-sleepy/install/navigation/lib/python3.12/site-packages/navigation
copying /home/sleepy/robp-group7-sleepy/build/navigation/build/lib/navigation/path_planner.py -> /home/sleepy/robp-group7-sleepy/install/navigation/lib/python3.12/site-packages/navigation
copying /home/sleepy/robp-group7-sleepy/build/navigation/build/lib/navigation/geofence_publisher.py -> /home/sleepy/robp-group7-sleepy/install/navigation/lib/python3.12/site-packages/navigation
copying /home/sleepy/robp-group7-sleepy/build/navigation/build/lib/navigation/testingtesting.py -> /home/sleepy/robp-group7-sleepy/install/navigation/lib/python3.12/site-packages/navigation
byte-compiling /home/sleepy/robp-group7-sleepy/install/navigation/lib/python3.12/site-packages/navigation/random_pose_client.py to random_pose_client.cpython-312.pyc
byte-compiling /home/sleepy/robp-group7-sleepy/install/navigation/lib/python3.12/site-packages/navigation/move_to.py to move_to.cpython-312.pyc
byte-compiling /home/sleepy/robp-group7-sleepy/install/navigation/lib/python3.12/site-packages/navigation/__init__.py to __init__.cpython-312.pyc
byte-compiling /home/sleepy/robp-group7-sleepy/install/navigation/lib/python3.12/site-packages/navigation/geofence_compliance.py to geofence_compliance.cpython-312.pyc
byte-compiling /home/sleepy/robp-group7-sleepy/install/navigation/lib/python3.12/site-packages/navigation/path_planner.py to path_planner.cpython-312.pyc
byte-compiling /home/sleepy/robp-group7-sleepy/install/navigation/lib/python3.12/site-packages/navigation/geofence_publisher.py to geofence_publisher.cpython-312.pyc
byte-compiling /home/sleepy/robp-group7-sleepy/install/navigation/lib/python3.12/site-packages/navigation/testingtesting.py to testingtesting.cpython-312.pyc
running install_data
copying resource/navigation -> /home/sleepy/robp-group7-sleepy/install/navigation/share/ament_index/resource_index/packages
copying package.xml -> /home/sleepy/robp-group7-sleepy/install/navigation/share/navigation
copying /home/sleepy/robp-group7-sleepy/src/core/navigation/../core_interfaces/action/MoveTo.action -> /home/sleepy/robp-group7-sleepy/install/navigation/share/core_interfaces/action
running install_egg_info
Copying ../../../build/navigation/navigation.egg-info to /home/sleepy/robp-group7-sleepy/install/navigation/lib/python3.12/site-packages/navigation-0.0.0-py3.12.egg-info
running install_scripts
Installing generate_pose script to /home/sleepy/robp-group7-sleepy/install/navigation/lib/navigation
Installing geofence_compliance script to /home/sleepy/robp-group7-sleepy/install/navigation/lib/navigation
Installing geofence_publisher script to /home/sleepy/robp-group7-sleepy/install/navigation/lib/navigation
Installing move_to script to /home/sleepy/robp-group7-sleepy/install/navigation/lib/navigation
Installing path_planner script to /home/sleepy/robp-group7-sleepy/install/navigation/lib/navigation
writing list of installed files to '/home/sleepy/robp-group7-sleepy/build/navigation/install.log'
