[0.011s] Invoking command in '/home/sleepy/robp-group7-sleepy/build/micro_ros_msgs': CMAKE_PREFIX_PATH=${CMAKE_PREFIX_PATH}:/home/sleepy/robp-group7-sleepy/install/robp_launch:/home/sleepy/robp-group7-sleepy/install/arm_servos_pubs_subs:/opt/ros/jazzy DEBUGINFOD_URLS=https://debuginfod.ubuntu.com /usr/bin/cmake /home/sleepy/robp-group7-sleepy/src/uros/micro_ros_msgs -DUAGENT_BUILD_EXECUTABLE=OFF -DUAGENT_P2P_PROFILE=OFF --no-warn-unused-cli -DCMAKE_INSTALL_PREFIX=/home/sleepy/robp-group7-sleepy/install/micro_ros_msgs
[0.019s] Not searching for unused variables given on the command line.
[0.072s] -- The C compiler identification is GNU 13.3.0
[0.138s] -- The CXX compiler identification is GNU 13.3.0
[0.155s] -- Detecting C compiler ABI info
[0.253s] -- Detecting C compiler ABI info - done
[0.264s] -- Check for working C compiler: /usr/bin/cc - skipped
[0.264s] -- Detecting C compile features
[0.265s] -- Detecting C compile features - done
[0.274s] -- Detecting CXX compiler ABI info
[0.389s] -- Detecting CXX compiler ABI info - done
[0.400s] -- Check for working CXX compiler: /usr/bin/c++ - skipped
[0.401s] -- Detecting CXX compile features
[0.401s] -- Detecting CXX compile features - done
[0.405s] -- Found ament_cmake: 2.5.3 (/opt/ros/jazzy/share/ament_cmake/cmake)
[0.586s] -- Found Python3: /usr/bin/python3 (found version "3.12.3") found components: Interpreter 
[0.716s] -- Found rosidl_default_generators: 1.6.0 (/opt/ros/jazzy/share/rosidl_default_generators/cmake)
[0.725s] -- Using all available rosidl_typesupport_c: rosidl_typesupport_fastrtps_c;rosidl_typesupport_introspection_c
[0.789s] -- Using all available rosidl_typesupport_cpp: rosidl_typesupport_fastrtps_cpp;rosidl_typesupport_introspection_cpp
[0.850s] -- Found rosidl_adapter: 4.6.5 (/opt/ros/jazzy/share/rosidl_adapter/cmake)
[0.854s] -- Found ament_lint_auto: 0.17.1 (/opt/ros/jazzy/share/ament_lint_auto/cmake)
[1.581s] -- Found ament_cmake_ros: 0.12.0 (/opt/ros/jazzy/share/ament_cmake_ros/cmake)
[2.093s] -- Using all available rosidl_typesupport_c: rosidl_typesupport_fastrtps_c;rosidl_typesupport_introspection_c
[2.764s] -- Using all available rosidl_typesupport_cpp: rosidl_typesupport_fastrtps_cpp;rosidl_typesupport_introspection_cpp
[2.767s] -- Found python_cmake_module: 0.11.1 (/opt/ros/jazzy/share/python_cmake_module/cmake)
[2.932s] -- Found PythonExtra: /usr/bin/python3  
[3.476s] -- Found Python3: /usr/bin/python3 (found version "3.12.3") found components: Interpreter Development NumPy Development.Module Development.Embed 
[3.516s] -- Added test 'copyright' to check source files copyright and LICENSE
[3.523s] -- Added test 'lint_cmake' to check CMake code style
[3.527s] -- Added test 'xmllint' to check XML markup files
[3.532s] -- Configuring done (3.5s)
[3.568s] -- Generating done (0.0s)
[3.581s] -- Build files have been written to: /home/sleepy/robp-group7-sleepy/build/micro_ros_msgs
[3.587s] Invoked command in '/home/sleepy/robp-group7-sleepy/build/micro_ros_msgs' returned '0': CMAKE_PREFIX_PATH=${CMAKE_PREFIX_PATH}:/home/sleepy/robp-group7-sleepy/install/robp_launch:/home/sleepy/robp-group7-sleepy/install/arm_servos_pubs_subs:/opt/ros/jazzy DEBUGINFOD_URLS=https://debuginfod.ubuntu.com /usr/bin/cmake /home/sleepy/robp-group7-sleepy/src/uros/micro_ros_msgs -DUAGENT_BUILD_EXECUTABLE=OFF -DUAGENT_P2P_PROFILE=OFF --no-warn-unused-cli -DCMAKE_INSTALL_PREFIX=/home/sleepy/robp-group7-sleepy/install/micro_ros_msgs
[3.589s] Invoking command in '/home/sleepy/robp-group7-sleepy/build/micro_ros_msgs': CMAKE_PREFIX_PATH=${CMAKE_PREFIX_PATH}:/home/sleepy/robp-group7-sleepy/install/robp_launch:/home/sleepy/robp-group7-sleepy/install/arm_servos_pubs_subs:/opt/ros/jazzy DEBUGINFOD_URLS=https://debuginfod.ubuntu.com /usr/bin/cmake --build /home/sleepy/robp-group7-sleepy/build/micro_ros_msgs -- -j8 -l8
[3.648s] [  1%] [34m[1mGenerating type hashes for ROS interfaces[0m
[3.657s] [  1%] Built target ament_cmake_python_copy_micro_ros_msgs
[3.915s] running egg_info
[3.916s] creating micro_ros_msgs.egg-info
[3.939s] writing micro_ros_msgs.egg-info/PKG-INFO
[3.939s] writing dependency_links to micro_ros_msgs.egg-info/dependency_links.txt
[3.939s] writing top-level names to micro_ros_msgs.egg-info/top_level.txt
[3.939s] writing manifest file 'micro_ros_msgs.egg-info/SOURCES.txt'
[3.942s] [  1%] Built target micro_ros_msgs__rosidl_generator_type_description
[3.953s] [  3%] [34m[1mGenerating C code for ROS interfaces[0m
[3.964s] [  5%] [34m[1mGenerating C++ code for ROS interfaces[0m
[4.008s] reading manifest file 'micro_ros_msgs.egg-info/SOURCES.txt'
[4.008s] writing manifest file 'micro_ros_msgs.egg-info/SOURCES.txt'
[4.041s] [  5%] Built target ament_cmake_python_build_micro_ros_msgs_egg
[4.607s] [  5%] Built target micro_ros_msgs__cpp
[4.696s] [ 11%] [32mBuilding C object CMakeFiles/micro_ros_msgs__rosidl_generator_c.dir/rosidl_generator_c/micro_ros_msgs/msg/detail/graph__type_support.c.o[0m
[4.696s] [ 11%] [32mBuilding C object CMakeFiles/micro_ros_msgs__rosidl_generator_c.dir/rosidl_generator_c/micro_ros_msgs/msg/detail/graph__description.c.o[0m
[4.696s] [ 11%] [32mBuilding C object CMakeFiles/micro_ros_msgs__rosidl_generator_c.dir/rosidl_generator_c/micro_ros_msgs/msg/detail/graph__functions.c.o[0m
[4.697s] [ 12%] [32mBuilding C object CMakeFiles/micro_ros_msgs__rosidl_generator_c.dir/rosidl_generator_c/micro_ros_msgs/msg/detail/node__description.c.o[0m
[4.697s] [ 14%] [32mBuilding C object CMakeFiles/micro_ros_msgs__rosidl_generator_c.dir/rosidl_generator_c/micro_ros_msgs/msg/detail/node__functions.c.o[0m
[4.698s] [ 16%] [32mBuilding C object CMakeFiles/micro_ros_msgs__rosidl_generator_c.dir/rosidl_generator_c/micro_ros_msgs/msg/detail/node__type_support.c.o[0m
[4.698s] [ 18%] [32mBuilding C object CMakeFiles/micro_ros_msgs__rosidl_generator_c.dir/rosidl_generator_c/micro_ros_msgs/msg/detail/entity__description.c.o[0m
[4.698s] [ 20%] [32mBuilding C object CMakeFiles/micro_ros_msgs__rosidl_generator_c.dir/rosidl_generator_c/micro_ros_msgs/msg/detail/entity__functions.c.o[0m
[4.750s] [ 22%] [32mBuilding C object CMakeFiles/micro_ros_msgs__rosidl_generator_c.dir/rosidl_generator_c/micro_ros_msgs/msg/detail/entity__type_support.c.o[0m
[4.789s] [ 24%] [32m[1mLinking C shared library libmicro_ros_msgs__rosidl_generator_c.so[0m
[4.833s] [ 24%] Built target micro_ros_msgs__rosidl_generator_c
[4.844s] [ 27%] [34m[1mGenerating C++ type support dispatch for ROS interfaces[0m
[4.844s] [ 27%] [34m[1mGenerating C++ introspection for ROS interfaces[0m
[4.847s] [ 29%] [34m[1mGenerating C++ type support for eProsima Fast-RTPS[0m
[4.847s] [ 31%] [34m[1mGenerating C type support for eProsima Fast-RTPS[0m
[4.848s] [ 33%] [34m[1mGenerating C type support dispatch for ROS interfaces[0m
[4.848s] [ 35%] [34m[1mGenerating C introspection for ROS interfaces[0m
[5.251s] [ 38%] [32mBuilding C object CMakeFiles/micro_ros_msgs__rosidl_typesupport_introspection_c.dir/rosidl_typesupport_introspection_c/micro_ros_msgs/msg/detail/graph__type_support.c.o[0m
[5.252s] [ 38%] [32mBuilding C object CMakeFiles/micro_ros_msgs__rosidl_typesupport_introspection_c.dir/rosidl_typesupport_introspection_c/micro_ros_msgs/msg/detail/entity__type_support.c.o[0m
[5.254s] [ 40%] [32mBuilding C object CMakeFiles/micro_ros_msgs__rosidl_typesupport_introspection_c.dir/rosidl_typesupport_introspection_c/micro_ros_msgs/msg/detail/node__type_support.c.o[0m
[5.264s] [ 42%] [32mBuilding CXX object CMakeFiles/micro_ros_msgs__rosidl_typesupport_introspection_cpp.dir/rosidl_typesupport_introspection_cpp/micro_ros_msgs/msg/detail/graph__type_support.cpp.o[0m
[5.319s] [ 44%] [32mBuilding CXX object CMakeFiles/micro_ros_msgs__rosidl_typesupport_introspection_cpp.dir/rosidl_typesupport_introspection_cpp/micro_ros_msgs/msg/detail/node__type_support.cpp.o[0m
[5.319s] [ 48%] [32mBuilding CXX object CMakeFiles/micro_ros_msgs__rosidl_typesupport_introspection_cpp.dir/rosidl_typesupport_introspection_cpp/micro_ros_msgs/msg/detail/entity__type_support.cpp.o[0m
[5.320s] [ 48%] [32m[1mLinking C shared library libmicro_ros_msgs__rosidl_typesupport_introspection_c.so[0m
[5.370s] [ 48%] Built target micro_ros_msgs__rosidl_typesupport_introspection_c
[5.427s] [ 50%] [32mBuilding CXX object CMakeFiles/micro_ros_msgs__rosidl_typesupport_c.dir/rosidl_typesupport_c/micro_ros_msgs/msg/graph__type_support.cpp.o[0m
[5.430s] [ 51%] [32mBuilding CXX object CMakeFiles/micro_ros_msgs__rosidl_typesupport_c.dir/rosidl_typesupport_c/micro_ros_msgs/msg/node__type_support.cpp.o[0m
[5.449s] [ 53%] [32mBuilding CXX object CMakeFiles/micro_ros_msgs__rosidl_typesupport_cpp.dir/rosidl_typesupport_cpp/micro_ros_msgs/msg/graph__type_support.cpp.o[0m
[5.503s] [ 57%] [32mBuilding CXX object CMakeFiles/micro_ros_msgs__rosidl_typesupport_c.dir/rosidl_typesupport_c/micro_ros_msgs/msg/entity__type_support.cpp.o[0m
[5.503s] [ 57%] [32mBuilding CXX object CMakeFiles/micro_ros_msgs__rosidl_typesupport_cpp.dir/rosidl_typesupport_cpp/micro_ros_msgs/msg/node__type_support.cpp.o[0m
[5.577s] [ 59%] [32m[1mLinking CXX shared library libmicro_ros_msgs__rosidl_typesupport_c.so[0m
[5.648s] [ 59%] Built target micro_ros_msgs__rosidl_typesupport_c
[5.663s] [ 61%] [32mBuilding CXX object CMakeFiles/micro_ros_msgs__rosidl_typesupport_cpp.dir/rosidl_typesupport_cpp/micro_ros_msgs/msg/entity__type_support.cpp.o[0m
[5.686s] [ 62%] [32mBuilding CXX object CMakeFiles/micro_ros_msgs__rosidl_typesupport_fastrtps_cpp.dir/rosidl_typesupport_fastrtps_cpp/micro_ros_msgs/msg/detail/dds_fastrtps/graph__type_support.cpp.o[0m
[5.710s] [ 64%] [32mBuilding CXX object CMakeFiles/micro_ros_msgs__rosidl_typesupport_fastrtps_c.dir/rosidl_typesupport_fastrtps_c/micro_ros_msgs/msg/detail/graph__type_support_c.cpp.o[0m
[5.932s] [ 66%] [32mBuilding CXX object CMakeFiles/micro_ros_msgs__rosidl_typesupport_fastrtps_c.dir/rosidl_typesupport_fastrtps_c/micro_ros_msgs/msg/detail/node__type_support_c.cpp.o[0m
[6.005s] [ 68%] [32mBuilding CXX object CMakeFiles/micro_ros_msgs__rosidl_typesupport_fastrtps_c.dir/rosidl_typesupport_fastrtps_c/micro_ros_msgs/msg/detail/entity__type_support_c.cpp.o[0m
[6.046s] [ 70%] [32mBuilding CXX object CMakeFiles/micro_ros_msgs__rosidl_typesupport_fastrtps_cpp.dir/rosidl_typesupport_fastrtps_cpp/micro_ros_msgs/msg/detail/dds_fastrtps/node__type_support.cpp.o[0m
[6.052s] [ 72%] [32mBuilding CXX object CMakeFiles/micro_ros_msgs__rosidl_typesupport_fastrtps_cpp.dir/rosidl_typesupport_fastrtps_cpp/micro_ros_msgs/msg/detail/dds_fastrtps/entity__type_support.cpp.o[0m
[6.124s] [ 74%] [32m[1mLinking CXX shared library libmicro_ros_msgs__rosidl_typesupport_introspection_cpp.so[0m
[6.211s] [ 75%] [32m[1mLinking CXX shared library libmicro_ros_msgs__rosidl_typesupport_cpp.so[0m
[6.270s] [ 75%] Built target micro_ros_msgs__rosidl_typesupport_introspection_cpp
[6.289s] [ 75%] Built target micro_ros_msgs__rosidl_typesupport_cpp
[6.767s] [ 77%] [32m[1mLinking CXX shared library libmicro_ros_msgs__rosidl_typesupport_fastrtps_c.so[0m
[6.851s] [ 77%] Built target micro_ros_msgs__rosidl_typesupport_fastrtps_c
[6.856s] [ 79%] [32m[1mLinking CXX shared library libmicro_ros_msgs__rosidl_typesupport_fastrtps_cpp.so[0m
[6.945s] [ 79%] Built target micro_ros_msgs__rosidl_typesupport_fastrtps_cpp
[6.967s] [ 79%] Built target micro_ros_msgs
[6.989s] [ 81%] [34m[1mGenerating Python code for ROS interfaces[0m
[7.549s] [ 81%] Built target micro_ros_msgs__py
[7.571s] [ 87%] [32mBuilding C object CMakeFiles/micro_ros_msgs__rosidl_generator_py.dir/rosidl_generator_py/micro_ros_msgs/msg/_node_s.c.o[0m
[7.571s] [ 87%] [32mBuilding C object CMakeFiles/micro_ros_msgs__rosidl_generator_py.dir/rosidl_generator_py/micro_ros_msgs/msg/_graph_s.c.o[0m
[7.571s] [ 87%] [32mBuilding C object CMakeFiles/micro_ros_msgs__rosidl_generator_py.dir/rosidl_generator_py/micro_ros_msgs/msg/_entity_s.c.o[0m
[7.733s] [ 88%] [32m[1mLinking C shared library libmicro_ros_msgs__rosidl_generator_py.so[0m
[7.777s] [ 88%] Built target micro_ros_msgs__rosidl_generator_py
[7.799s] [ 92%] [32mBuilding C object CMakeFiles/micro_ros_msgs_s__rosidl_typesupport_fastrtps_c.dir/rosidl_generator_py/micro_ros_msgs/_micro_ros_msgs_s.ep.rosidl_typesupport_fastrtps_c.c.o[0m
[7.799s] [ 92%] [32mBuilding C object CMakeFiles/micro_ros_msgs_s__rosidl_typesupport_introspection_c.dir/rosidl_generator_py/micro_ros_msgs/_micro_ros_msgs_s.ep.rosidl_typesupport_introspection_c.c.o[0m
[7.799s] [ 94%] [32mBuilding C object CMakeFiles/micro_ros_msgs_s__rosidl_typesupport_c.dir/rosidl_generator_py/micro_ros_msgs/_micro_ros_msgs_s.ep.rosidl_typesupport_c.c.o[0m
[7.918s] [ 98%] [32m[1mLinking C shared module rosidl_generator_py/micro_ros_msgs/micro_ros_msgs_s__rosidl_typesupport_c.so[0m
[7.918s] [ 98%] [32m[1mLinking C shared module rosidl_generator_py/micro_ros_msgs/micro_ros_msgs_s__rosidl_typesupport_introspection_c.so[0m
[7.920s] [100%] [32m[1mLinking C shared module rosidl_generator_py/micro_ros_msgs/micro_ros_msgs_s__rosidl_typesupport_fastrtps_c.so[0m
[7.951s] [100%] Built target micro_ros_msgs_s__rosidl_typesupport_introspection_c
[7.951s] [100%] Built target micro_ros_msgs_s__rosidl_typesupport_c
[7.952s] [100%] Built target micro_ros_msgs_s__rosidl_typesupport_fastrtps_c
[7.966s] Invoked command in '/home/sleepy/robp-group7-sleepy/build/micro_ros_msgs' returned '0': CMAKE_PREFIX_PATH=${CMAKE_PREFIX_PATH}:/home/sleepy/robp-group7-sleepy/install/robp_launch:/home/sleepy/robp-group7-sleepy/install/arm_servos_pubs_subs:/opt/ros/jazzy DEBUGINFOD_URLS=https://debuginfod.ubuntu.com /usr/bin/cmake --build /home/sleepy/robp-group7-sleepy/build/micro_ros_msgs -- -j8 -l8
[7.976s] Invoking command in '/home/sleepy/robp-group7-sleepy/build/micro_ros_msgs': CMAKE_PREFIX_PATH=${CMAKE_PREFIX_PATH}:/home/sleepy/robp-group7-sleepy/install/robp_launch:/home/sleepy/robp-group7-sleepy/install/arm_servos_pubs_subs:/opt/ros/jazzy DEBUGINFOD_URLS=https://debuginfod.ubuntu.com /usr/bin/cmake --install /home/sleepy/robp-group7-sleepy/build/micro_ros_msgs
[7.985s] -- Install configuration: ""
[7.985s] -- Installing: /home/sleepy/robp-group7-sleepy/install/micro_ros_msgs/share/ament_index/resource_index/rosidl_interfaces/micro_ros_msgs
[7.985s] -- Installing: /home/sleepy/robp-group7-sleepy/install/micro_ros_msgs/share/micro_ros_msgs/msg/Graph.json
[7.985s] -- Installing: /home/sleepy/robp-group7-sleepy/install/micro_ros_msgs/share/micro_ros_msgs/msg/Node.json
[7.985s] -- Installing: /home/sleepy/robp-group7-sleepy/install/micro_ros_msgs/share/micro_ros_msgs/msg/Entity.json
[7.986s] -- Installing: /home/sleepy/robp-group7-sleepy/install/micro_ros_msgs/include/micro_ros_msgs/micro_ros_msgs
[7.986s] -- Installing: /home/sleepy/robp-group7-sleepy/install/micro_ros_msgs/include/micro_ros_msgs/micro_ros_msgs/msg
[7.986s] -- Installing: /home/sleepy/robp-group7-sleepy/install/micro_ros_msgs/include/micro_ros_msgs/micro_ros_msgs/msg/node.h
[7.986s] -- Installing: /home/sleepy/robp-group7-sleepy/install/micro_ros_msgs/include/micro_ros_msgs/micro_ros_msgs/msg/detail
[7.986s] -- Installing: /home/sleepy/robp-group7-sleepy/install/micro_ros_msgs/include/micro_ros_msgs/micro_ros_msgs/msg/detail/node__type_support.h
[7.986s] -- Installing: /home/sleepy/robp-group7-sleepy/install/micro_ros_msgs/include/micro_ros_msgs/micro_ros_msgs/msg/detail/graph__type_support.c
[7.986s] -- Installing: /home/sleepy/robp-group7-sleepy/install/micro_ros_msgs/include/micro_ros_msgs/micro_ros_msgs/msg/detail/entity__functions.c
[7.986s] -- Installing: /home/sleepy/robp-group7-sleepy/install/micro_ros_msgs/include/micro_ros_msgs/micro_ros_msgs/msg/detail/node__description.c
[7.986s] -- Installing: /home/sleepy/robp-group7-sleepy/install/micro_ros_msgs/include/micro_ros_msgs/micro_ros_msgs/msg/detail/entity__description.c
[7.987s] -- Installing: /home/sleepy/robp-group7-sleepy/install/micro_ros_msgs/include/micro_ros_msgs/micro_ros_msgs/msg/detail/graph__struct.h
[7.987s] -- Installing: /home/sleepy/robp-group7-sleepy/install/micro_ros_msgs/include/micro_ros_msgs/micro_ros_msgs/msg/detail/graph__functions.h
[7.987s] -- Installing: /home/sleepy/robp-group7-sleepy/install/micro_ros_msgs/include/micro_ros_msgs/micro_ros_msgs/msg/detail/node__struct.h
[7.987s] -- Installing: /home/sleepy/robp-group7-sleepy/install/micro_ros_msgs/include/micro_ros_msgs/micro_ros_msgs/msg/detail/entity__struct.h
[7.987s] -- Installing: /home/sleepy/robp-group7-sleepy/install/micro_ros_msgs/include/micro_ros_msgs/micro_ros_msgs/msg/detail/graph__functions.c
[7.987s] -- Installing: /home/sleepy/robp-group7-sleepy/install/micro_ros_msgs/include/micro_ros_msgs/micro_ros_msgs/msg/detail/node__functions.c
[7.987s] -- Installing: /home/sleepy/robp-group7-sleepy/install/micro_ros_msgs/include/micro_ros_msgs/micro_ros_msgs/msg/detail/entity__type_support.c
[7.987s] -- Installing: /home/sleepy/robp-group7-sleepy/install/micro_ros_msgs/include/micro_ros_msgs/micro_ros_msgs/msg/detail/node__type_support.c
[7.987s] -- Installing: /home/sleepy/robp-group7-sleepy/install/micro_ros_msgs/include/micro_ros_msgs/micro_ros_msgs/msg/detail/node__functions.h
[7.988s] -- Installing: /home/sleepy/robp-group7-sleepy/install/micro_ros_msgs/include/micro_ros_msgs/micro_ros_msgs/msg/detail/graph__description.c
[7.988s] -- Installing: /home/sleepy/robp-group7-sleepy/install/micro_ros_msgs/include/micro_ros_msgs/micro_ros_msgs/msg/detail/graph__type_support.h
[7.988s] -- Installing: /home/sleepy/robp-group7-sleepy/install/micro_ros_msgs/include/micro_ros_msgs/micro_ros_msgs/msg/detail/entity__type_support.h
[7.988s] -- Installing: /home/sleepy/robp-group7-sleepy/install/micro_ros_msgs/include/micro_ros_msgs/micro_ros_msgs/msg/detail/entity__functions.h
[7.988s] -- Installing: /home/sleepy/robp-group7-sleepy/install/micro_ros_msgs/include/micro_ros_msgs/micro_ros_msgs/msg/entity.h
[7.988s] -- Installing: /home/sleepy/robp-group7-sleepy/install/micro_ros_msgs/include/micro_ros_msgs/micro_ros_msgs/msg/rosidl_generator_c__visibility_control.h
[7.988s] -- Installing: /home/sleepy/robp-group7-sleepy/install/micro_ros_msgs/include/micro_ros_msgs/micro_ros_msgs/msg/graph.h
[7.988s] -- Installing: /home/sleepy/robp-group7-sleepy/install/micro_ros_msgs/share/micro_ros_msgs/environment/library_path.sh
[7.989s] -- Installing: /home/sleepy/robp-group7-sleepy/install/micro_ros_msgs/share/micro_ros_msgs/environment/library_path.dsv
[7.989s] -- Installing: /home/sleepy/robp-group7-sleepy/install/micro_ros_msgs/lib/libmicro_ros_msgs__rosidl_generator_c.so
[7.989s] -- Set non-toolchain portion of runtime path of "/home/sleepy/robp-group7-sleepy/install/micro_ros_msgs/lib/libmicro_ros_msgs__rosidl_generator_c.so" to ""
[7.989s] -- Up-to-date: /home/sleepy/robp-group7-sleepy/install/micro_ros_msgs/include/micro_ros_msgs/micro_ros_msgs
[7.989s] -- Up-to-date: /home/sleepy/robp-group7-sleepy/install/micro_ros_msgs/include/micro_ros_msgs/micro_ros_msgs/msg
[7.989s] -- Up-to-date: /home/sleepy/robp-group7-sleepy/install/micro_ros_msgs/include/micro_ros_msgs/micro_ros_msgs/msg/detail
[7.990s] -- Installing: /home/sleepy/robp-group7-sleepy/install/micro_ros_msgs/include/micro_ros_msgs/micro_ros_msgs/msg/detail/entity__rosidl_typesupport_fastrtps_c.h
[7.990s] -- Installing: /home/sleepy/robp-group7-sleepy/install/micro_ros_msgs/include/micro_ros_msgs/micro_ros_msgs/msg/detail/node__rosidl_typesupport_fastrtps_c.h
[7.990s] -- Installing: /home/sleepy/robp-group7-sleepy/install/micro_ros_msgs/include/micro_ros_msgs/micro_ros_msgs/msg/detail/graph__rosidl_typesupport_fastrtps_c.h
[7.990s] -- Installing: /home/sleepy/robp-group7-sleepy/install/micro_ros_msgs/include/micro_ros_msgs/micro_ros_msgs/msg/rosidl_typesupport_fastrtps_c__visibility_control.h
[7.990s] -- Installing: /home/sleepy/robp-group7-sleepy/install/micro_ros_msgs/lib/libmicro_ros_msgs__rosidl_typesupport_fastrtps_c.so
[7.990s] -- Set non-toolchain portion of runtime path of "/home/sleepy/robp-group7-sleepy/install/micro_ros_msgs/lib/libmicro_ros_msgs__rosidl_typesupport_fastrtps_c.so" to ""
[7.990s] -- Up-to-date: /home/sleepy/robp-group7-sleepy/install/micro_ros_msgs/include/micro_ros_msgs/micro_ros_msgs
[7.990s] -- Up-to-date: /home/sleepy/robp-group7-sleepy/install/micro_ros_msgs/include/micro_ros_msgs/micro_ros_msgs/msg
[7.991s] -- Up-to-date: /home/sleepy/robp-group7-sleepy/install/micro_ros_msgs/include/micro_ros_msgs/micro_ros_msgs/msg/detail
[7.991s] -- Installing: /home/sleepy/robp-group7-sleepy/install/micro_ros_msgs/include/micro_ros_msgs/micro_ros_msgs/msg/detail/graph__type_support.c
[7.991s] -- Installing: /home/sleepy/robp-group7-sleepy/install/micro_ros_msgs/include/micro_ros_msgs/micro_ros_msgs/msg/detail/entity__rosidl_typesupport_introspection_c.h
[7.991s] -- Installing: /home/sleepy/robp-group7-sleepy/install/micro_ros_msgs/include/micro_ros_msgs/micro_ros_msgs/msg/detail/entity__type_support.c
[7.991s] -- Installing: /home/sleepy/robp-group7-sleepy/install/micro_ros_msgs/include/micro_ros_msgs/micro_ros_msgs/msg/detail/node__rosidl_typesupport_introspection_c.h
[7.991s] -- Installing: /home/sleepy/robp-group7-sleepy/install/micro_ros_msgs/include/micro_ros_msgs/micro_ros_msgs/msg/detail/node__type_support.c
[7.991s] -- Installing: /home/sleepy/robp-group7-sleepy/install/micro_ros_msgs/include/micro_ros_msgs/micro_ros_msgs/msg/detail/graph__rosidl_typesupport_introspection_c.h
[7.991s] -- Installing: /home/sleepy/robp-group7-sleepy/install/micro_ros_msgs/include/micro_ros_msgs/micro_ros_msgs/msg/rosidl_typesupport_introspection_c__visibility_control.h
[7.991s] -- Installing: /home/sleepy/robp-group7-sleepy/install/micro_ros_msgs/lib/libmicro_ros_msgs__rosidl_typesupport_introspection_c.so
[7.992s] -- Set non-toolchain portion of runtime path of "/home/sleepy/robp-group7-sleepy/install/micro_ros_msgs/lib/libmicro_ros_msgs__rosidl_typesupport_introspection_c.so" to ""
[7.992s] -- Installing: /home/sleepy/robp-group7-sleepy/install/micro_ros_msgs/lib/libmicro_ros_msgs__rosidl_typesupport_c.so
[7.992s] -- Set non-toolchain portion of runtime path of "/home/sleepy/robp-group7-sleepy/install/micro_ros_msgs/lib/libmicro_ros_msgs__rosidl_typesupport_c.so" to ""
[7.992s] -- Up-to-date: /home/sleepy/robp-group7-sleepy/install/micro_ros_msgs/include/micro_ros_msgs/micro_ros_msgs
[7.992s] -- Up-to-date: /home/sleepy/robp-group7-sleepy/install/micro_ros_msgs/include/micro_ros_msgs/micro_ros_msgs/msg
[7.992s] -- Installing: /home/sleepy/robp-group7-sleepy/install/micro_ros_msgs/include/micro_ros_msgs/micro_ros_msgs/msg/entity.hpp
[7.992s] -- Installing: /home/sleepy/robp-group7-sleepy/install/micro_ros_msgs/include/micro_ros_msgs/micro_ros_msgs/msg/rosidl_generator_cpp__visibility_control.hpp
[7.993s] -- Up-to-date: /home/sleepy/robp-group7-sleepy/install/micro_ros_msgs/include/micro_ros_msgs/micro_ros_msgs/msg/detail
[7.993s] -- Installing: /home/sleepy/robp-group7-sleepy/install/micro_ros_msgs/include/micro_ros_msgs/micro_ros_msgs/msg/detail/entity__struct.hpp
[7.993s] -- Installing: /home/sleepy/robp-group7-sleepy/install/micro_ros_msgs/include/micro_ros_msgs/micro_ros_msgs/msg/detail/node__struct.hpp
[7.993s] -- Installing: /home/sleepy/robp-group7-sleepy/install/micro_ros_msgs/include/micro_ros_msgs/micro_ros_msgs/msg/detail/entity__traits.hpp
[7.993s] -- Installing: /home/sleepy/robp-group7-sleepy/install/micro_ros_msgs/include/micro_ros_msgs/micro_ros_msgs/msg/detail/node__builder.hpp
[7.993s] -- Installing: /home/sleepy/robp-group7-sleepy/install/micro_ros_msgs/include/micro_ros_msgs/micro_ros_msgs/msg/detail/graph__builder.hpp
[7.993s] -- Installing: /home/sleepy/robp-group7-sleepy/install/micro_ros_msgs/include/micro_ros_msgs/micro_ros_msgs/msg/detail/entity__builder.hpp
[7.993s] -- Installing: /home/sleepy/robp-group7-sleepy/install/micro_ros_msgs/include/micro_ros_msgs/micro_ros_msgs/msg/detail/node__traits.hpp
[7.993s] -- Installing: /home/sleepy/robp-group7-sleepy/install/micro_ros_msgs/include/micro_ros_msgs/micro_ros_msgs/msg/detail/graph__type_support.hpp
[7.994s] -- Installing: /home/sleepy/robp-group7-sleepy/install/micro_ros_msgs/include/micro_ros_msgs/micro_ros_msgs/msg/detail/node__type_support.hpp
[7.994s] -- Installing: /home/sleepy/robp-group7-sleepy/install/micro_ros_msgs/include/micro_ros_msgs/micro_ros_msgs/msg/detail/graph__traits.hpp
[7.994s] -- Installing: /home/sleepy/robp-group7-sleepy/install/micro_ros_msgs/include/micro_ros_msgs/micro_ros_msgs/msg/detail/graph__struct.hpp
[7.994s] -- Installing: /home/sleepy/robp-group7-sleepy/install/micro_ros_msgs/include/micro_ros_msgs/micro_ros_msgs/msg/detail/entity__type_support.hpp
[7.994s] -- Installing: /home/sleepy/robp-group7-sleepy/install/micro_ros_msgs/include/micro_ros_msgs/micro_ros_msgs/msg/node.hpp
[7.994s] -- Installing: /home/sleepy/robp-group7-sleepy/install/micro_ros_msgs/include/micro_ros_msgs/micro_ros_msgs/msg/graph.hpp
[7.994s] -- Up-to-date: /home/sleepy/robp-group7-sleepy/install/micro_ros_msgs/include/micro_ros_msgs/micro_ros_msgs
[7.994s] -- Up-to-date: /home/sleepy/robp-group7-sleepy/install/micro_ros_msgs/include/micro_ros_msgs/micro_ros_msgs/msg
[7.994s] -- Installing: /home/sleepy/robp-group7-sleepy/install/micro_ros_msgs/include/micro_ros_msgs/micro_ros_msgs/msg/rosidl_typesupport_fastrtps_cpp__visibility_control.h
[7.995s] -- Up-to-date: /home/sleepy/robp-group7-sleepy/install/micro_ros_msgs/include/micro_ros_msgs/micro_ros_msgs/msg/detail
[7.995s] -- Installing: /home/sleepy/robp-group7-sleepy/install/micro_ros_msgs/include/micro_ros_msgs/micro_ros_msgs/msg/detail/node__rosidl_typesupport_fastrtps_cpp.hpp
[7.995s] -- Installing: /home/sleepy/robp-group7-sleepy/install/micro_ros_msgs/include/micro_ros_msgs/micro_ros_msgs/msg/detail/dds_fastrtps
[7.995s] -- Installing: /home/sleepy/robp-group7-sleepy/install/micro_ros_msgs/include/micro_ros_msgs/micro_ros_msgs/msg/detail/entity__rosidl_typesupport_fastrtps_cpp.hpp
[7.995s] -- Installing: /home/sleepy/robp-group7-sleepy/install/micro_ros_msgs/include/micro_ros_msgs/micro_ros_msgs/msg/detail/graph__rosidl_typesupport_fastrtps_cpp.hpp
[7.995s] -- Installing: /home/sleepy/robp-group7-sleepy/install/micro_ros_msgs/lib/libmicro_ros_msgs__rosidl_typesupport_fastrtps_cpp.so
[7.995s] -- Set non-toolchain portion of runtime path of "/home/sleepy/robp-group7-sleepy/install/micro_ros_msgs/lib/libmicro_ros_msgs__rosidl_typesupport_fastrtps_cpp.so" to ""
[7.995s] -- Up-to-date: /home/sleepy/robp-group7-sleepy/install/micro_ros_msgs/include/micro_ros_msgs/micro_ros_msgs
[7.996s] -- Up-to-date: /home/sleepy/robp-group7-sleepy/install/micro_ros_msgs/include/micro_ros_msgs/micro_ros_msgs/msg
[7.996s] -- Up-to-date: /home/sleepy/robp-group7-sleepy/install/micro_ros_msgs/include/micro_ros_msgs/micro_ros_msgs/msg/detail
[7.996s] -- Installing: /home/sleepy/robp-group7-sleepy/install/micro_ros_msgs/include/micro_ros_msgs/micro_ros_msgs/msg/detail/node__rosidl_typesupport_introspection_cpp.hpp
[7.996s] -- Installing: /home/sleepy/robp-group7-sleepy/install/micro_ros_msgs/include/micro_ros_msgs/micro_ros_msgs/msg/detail/graph__type_support.cpp
[7.996s] -- Installing: /home/sleepy/robp-group7-sleepy/install/micro_ros_msgs/include/micro_ros_msgs/micro_ros_msgs/msg/detail/entity__type_support.cpp
[7.996s] -- Installing: /home/sleepy/robp-group7-sleepy/install/micro_ros_msgs/include/micro_ros_msgs/micro_ros_msgs/msg/detail/node__type_support.cpp
[7.996s] -- Installing: /home/sleepy/robp-group7-sleepy/install/micro_ros_msgs/include/micro_ros_msgs/micro_ros_msgs/msg/detail/entity__rosidl_typesupport_introspection_cpp.hpp
[7.996s] -- Installing: /home/sleepy/robp-group7-sleepy/install/micro_ros_msgs/include/micro_ros_msgs/micro_ros_msgs/msg/detail/graph__rosidl_typesupport_introspection_cpp.hpp
[7.996s] -- Installing: /home/sleepy/robp-group7-sleepy/install/micro_ros_msgs/lib/libmicro_ros_msgs__rosidl_typesupport_introspection_cpp.so
[7.997s] -- Set non-toolchain portion of runtime path of "/home/sleepy/robp-group7-sleepy/install/micro_ros_msgs/lib/libmicro_ros_msgs__rosidl_typesupport_introspection_cpp.so" to ""
[7.997s] -- Installing: /home/sleepy/robp-group7-sleepy/install/micro_ros_msgs/lib/libmicro_ros_msgs__rosidl_typesupport_cpp.so
[7.997s] -- Set non-toolchain portion of runtime path of "/home/sleepy/robp-group7-sleepy/install/micro_ros_msgs/lib/libmicro_ros_msgs__rosidl_typesupport_cpp.so" to ""
[7.997s] -- Installing: /home/sleepy/robp-group7-sleepy/install/micro_ros_msgs/share/micro_ros_msgs/environment/pythonpath.sh
[7.997s] -- Installing: /home/sleepy/robp-group7-sleepy/install/micro_ros_msgs/share/micro_ros_msgs/environment/pythonpath.dsv
[7.998s] -- Installing: /home/sleepy/robp-group7-sleepy/install/micro_ros_msgs/lib/python3.12/site-packages/micro_ros_msgs-5.0.2-py3.12.egg-info
[7.998s] -- Installing: /home/sleepy/robp-group7-sleepy/install/micro_ros_msgs/lib/python3.12/site-packages/micro_ros_msgs-5.0.2-py3.12.egg-info/dependency_links.txt
[7.998s] -- Installing: /home/sleepy/robp-group7-sleepy/install/micro_ros_msgs/lib/python3.12/site-packages/micro_ros_msgs-5.0.2-py3.12.egg-info/top_level.txt
[7.998s] -- Installing: /home/sleepy/robp-group7-sleepy/install/micro_ros_msgs/lib/python3.12/site-packages/micro_ros_msgs-5.0.2-py3.12.egg-info/PKG-INFO
[7.998s] -- Installing: /home/sleepy/robp-group7-sleepy/install/micro_ros_msgs/lib/python3.12/site-packages/micro_ros_msgs-5.0.2-py3.12.egg-info/SOURCES.txt
[7.998s] -- Installing: /home/sleepy/robp-group7-sleepy/install/micro_ros_msgs/lib/python3.12/site-packages/micro_ros_msgs
[7.998s] -- Installing: /home/sleepy/robp-group7-sleepy/install/micro_ros_msgs/lib/python3.12/site-packages/micro_ros_msgs/_micro_ros_msgs_s.ep.rosidl_typesupport_introspection_c.c
[7.998s] -- Installing: /home/sleepy/robp-group7-sleepy/install/micro_ros_msgs/lib/python3.12/site-packages/micro_ros_msgs/_micro_ros_msgs_s.ep.rosidl_typesupport_c.c
[7.998s] -- Installing: /home/sleepy/robp-group7-sleepy/install/micro_ros_msgs/lib/python3.12/site-packages/micro_ros_msgs/msg
[7.999s] -- Installing: /home/sleepy/robp-group7-sleepy/install/micro_ros_msgs/lib/python3.12/site-packages/micro_ros_msgs/msg/_entity.py
[7.999s] -- Installing: /home/sleepy/robp-group7-sleepy/install/micro_ros_msgs/lib/python3.12/site-packages/micro_ros_msgs/msg/_entity_s.c
[7.999s] -- Installing: /home/sleepy/robp-group7-sleepy/install/micro_ros_msgs/lib/python3.12/site-packages/micro_ros_msgs/msg/_node_s.c
[7.999s] -- Installing: /home/sleepy/robp-group7-sleepy/install/micro_ros_msgs/lib/python3.12/site-packages/micro_ros_msgs/msg/__init__.py
[7.999s] -- Installing: /home/sleepy/robp-group7-sleepy/install/micro_ros_msgs/lib/python3.12/site-packages/micro_ros_msgs/msg/_node.py
[7.999s] -- Installing: /home/sleepy/robp-group7-sleepy/install/micro_ros_msgs/lib/python3.12/site-packages/micro_ros_msgs/msg/_graph_s.c
[7.999s] -- Installing: /home/sleepy/robp-group7-sleepy/install/micro_ros_msgs/lib/python3.12/site-packages/micro_ros_msgs/msg/_graph.py
[7.999s] -- Installing: /home/sleepy/robp-group7-sleepy/install/micro_ros_msgs/lib/python3.12/site-packages/micro_ros_msgs/micro_ros_msgs_s__rosidl_typesupport_c.so
[7.999s] -- Installing: /home/sleepy/robp-group7-sleepy/install/micro_ros_msgs/lib/python3.12/site-packages/micro_ros_msgs/_micro_ros_msgs_s.ep.rosidl_typesupport_fastrtps_c.c
[8.000s] -- Installing: /home/sleepy/robp-group7-sleepy/install/micro_ros_msgs/lib/python3.12/site-packages/micro_ros_msgs/__init__.py
[8.000s] -- Installing: /home/sleepy/robp-group7-sleepy/install/micro_ros_msgs/lib/python3.12/site-packages/micro_ros_msgs/micro_ros_msgs_s__rosidl_typesupport_introspection_c.so
[8.000s] -- Installing: /home/sleepy/robp-group7-sleepy/install/micro_ros_msgs/lib/python3.12/site-packages/micro_ros_msgs/micro_ros_msgs_s__rosidl_typesupport_fastrtps_c.so
[8.051s] Listing '/home/sleepy/robp-group7-sleepy/install/micro_ros_msgs/lib/python3.12/site-packages/micro_ros_msgs'...
[8.051s] Compiling '/home/sleepy/robp-group7-sleepy/install/micro_ros_msgs/lib/python3.12/site-packages/micro_ros_msgs/__init__.py'...
[8.051s] Listing '/home/sleepy/robp-group7-sleepy/install/micro_ros_msgs/lib/python3.12/site-packages/micro_ros_msgs/msg'...
[8.051s] Compiling '/home/sleepy/robp-group7-sleepy/install/micro_ros_msgs/lib/python3.12/site-packages/micro_ros_msgs/msg/__init__.py'...
[8.051s] Compiling '/home/sleepy/robp-group7-sleepy/install/micro_ros_msgs/lib/python3.12/site-packages/micro_ros_msgs/msg/_entity.py'...
[8.051s] Compiling '/home/sleepy/robp-group7-sleepy/install/micro_ros_msgs/lib/python3.12/site-packages/micro_ros_msgs/msg/_graph.py'...
[8.051s] Compiling '/home/sleepy/robp-group7-sleepy/install/micro_ros_msgs/lib/python3.12/site-packages/micro_ros_msgs/msg/_node.py'...
[8.058s] -- Installing: /home/sleepy/robp-group7-sleepy/install/micro_ros_msgs/lib/python3.12/site-packages/micro_ros_msgs/micro_ros_msgs_s__rosidl_typesupport_fastrtps_c.so
[8.058s] -- Set non-toolchain portion of runtime path of "/home/sleepy/robp-group7-sleepy/install/micro_ros_msgs/lib/python3.12/site-packages/micro_ros_msgs/micro_ros_msgs_s__rosidl_typesupport_fastrtps_c.so" to ""
[8.058s] -- Installing: /home/sleepy/robp-group7-sleepy/install/micro_ros_msgs/lib/python3.12/site-packages/micro_ros_msgs/micro_ros_msgs_s__rosidl_typesupport_introspection_c.so
[8.058s] -- Set non-toolchain portion of runtime path of "/home/sleepy/robp-group7-sleepy/install/micro_ros_msgs/lib/python3.12/site-packages/micro_ros_msgs/micro_ros_msgs_s__rosidl_typesupport_introspection_c.so" to ""
[8.058s] -- Installing: /home/sleepy/robp-group7-sleepy/install/micro_ros_msgs/lib/python3.12/site-packages/micro_ros_msgs/micro_ros_msgs_s__rosidl_typesupport_c.so
[8.059s] -- Set non-toolchain portion of runtime path of "/home/sleepy/robp-group7-sleepy/install/micro_ros_msgs/lib/python3.12/site-packages/micro_ros_msgs/micro_ros_msgs_s__rosidl_typesupport_c.so" to ""
[8.059s] -- Installing: /home/sleepy/robp-group7-sleepy/install/micro_ros_msgs/lib/libmicro_ros_msgs__rosidl_generator_py.so
[8.059s] -- Set non-toolchain portion of runtime path of "/home/sleepy/robp-group7-sleepy/install/micro_ros_msgs/lib/libmicro_ros_msgs__rosidl_generator_py.so" to ""
[8.059s] -- Installing: /home/sleepy/robp-group7-sleepy/install/micro_ros_msgs/share/micro_ros_msgs/msg/Graph.idl
[8.059s] -- Installing: /home/sleepy/robp-group7-sleepy/install/micro_ros_msgs/share/micro_ros_msgs/msg/Node.idl
[8.059s] -- Installing: /home/sleepy/robp-group7-sleepy/install/micro_ros_msgs/share/micro_ros_msgs/msg/Entity.idl
[8.059s] -- Installing: /home/sleepy/robp-group7-sleepy/install/micro_ros_msgs/share/micro_ros_msgs/msg/Graph.msg
[8.060s] -- Installing: /home/sleepy/robp-group7-sleepy/install/micro_ros_msgs/share/micro_ros_msgs/msg/Node.msg
[8.060s] -- Installing: /home/sleepy/robp-group7-sleepy/install/micro_ros_msgs/share/micro_ros_msgs/msg/Entity.msg
[8.060s] -- Installing: /home/sleepy/robp-group7-sleepy/install/micro_ros_msgs/share/ament_index/resource_index/package_run_dependencies/micro_ros_msgs
[8.060s] -- Installing: /home/sleepy/robp-group7-sleepy/install/micro_ros_msgs/share/ament_index/resource_index/parent_prefix_path/micro_ros_msgs
[8.060s] -- Installing: /home/sleepy/robp-group7-sleepy/install/micro_ros_msgs/share/micro_ros_msgs/environment/ament_prefix_path.sh
[8.060s] -- Installing: /home/sleepy/robp-group7-sleepy/install/micro_ros_msgs/share/micro_ros_msgs/environment/ament_prefix_path.dsv
[8.060s] -- Installing: /home/sleepy/robp-group7-sleepy/install/micro_ros_msgs/share/micro_ros_msgs/environment/path.sh
[8.060s] -- Installing: /home/sleepy/robp-group7-sleepy/install/micro_ros_msgs/share/micro_ros_msgs/environment/path.dsv
[8.061s] -- Installing: /home/sleepy/robp-group7-sleepy/install/micro_ros_msgs/share/micro_ros_msgs/local_setup.bash
[8.061s] -- Installing: /home/sleepy/robp-group7-sleepy/install/micro_ros_msgs/share/micro_ros_msgs/local_setup.sh
[8.061s] -- Installing: /home/sleepy/robp-group7-sleepy/install/micro_ros_msgs/share/micro_ros_msgs/local_setup.zsh
[8.061s] -- Installing: /home/sleepy/robp-group7-sleepy/install/micro_ros_msgs/share/micro_ros_msgs/local_setup.dsv
[8.061s] -- Installing: /home/sleepy/robp-group7-sleepy/install/micro_ros_msgs/share/micro_ros_msgs/package.dsv
[8.061s] -- Installing: /home/sleepy/robp-group7-sleepy/install/micro_ros_msgs/share/ament_index/resource_index/packages/micro_ros_msgs
[8.061s] -- Installing: /home/sleepy/robp-group7-sleepy/install/micro_ros_msgs/share/micro_ros_msgs/cmake/export_micro_ros_msgs__rosidl_generator_cExport.cmake
[8.061s] -- Installing: /home/sleepy/robp-group7-sleepy/install/micro_ros_msgs/share/micro_ros_msgs/cmake/export_micro_ros_msgs__rosidl_generator_cExport-noconfig.cmake
[8.061s] -- Installing: /home/sleepy/robp-group7-sleepy/install/micro_ros_msgs/share/micro_ros_msgs/cmake/export_micro_ros_msgs__rosidl_typesupport_fastrtps_cExport.cmake
[8.062s] -- Installing: /home/sleepy/robp-group7-sleepy/install/micro_ros_msgs/share/micro_ros_msgs/cmake/export_micro_ros_msgs__rosidl_typesupport_fastrtps_cExport-noconfig.cmake
[8.062s] -- Installing: /home/sleepy/robp-group7-sleepy/install/micro_ros_msgs/share/micro_ros_msgs/cmake/micro_ros_msgs__rosidl_typesupport_introspection_cExport.cmake
[8.062s] -- Installing: /home/sleepy/robp-group7-sleepy/install/micro_ros_msgs/share/micro_ros_msgs/cmake/micro_ros_msgs__rosidl_typesupport_introspection_cExport-noconfig.cmake
[8.062s] -- Installing: /home/sleepy/robp-group7-sleepy/install/micro_ros_msgs/share/micro_ros_msgs/cmake/micro_ros_msgs__rosidl_typesupport_cExport.cmake
[8.062s] -- Installing: /home/sleepy/robp-group7-sleepy/install/micro_ros_msgs/share/micro_ros_msgs/cmake/micro_ros_msgs__rosidl_typesupport_cExport-noconfig.cmake
[8.062s] -- Installing: /home/sleepy/robp-group7-sleepy/install/micro_ros_msgs/share/micro_ros_msgs/cmake/export_micro_ros_msgs__rosidl_generator_cppExport.cmake
[8.062s] -- Installing: /home/sleepy/robp-group7-sleepy/install/micro_ros_msgs/share/micro_ros_msgs/cmake/export_micro_ros_msgs__rosidl_typesupport_fastrtps_cppExport.cmake
[8.062s] -- Installing: /home/sleepy/robp-group7-sleepy/install/micro_ros_msgs/share/micro_ros_msgs/cmake/export_micro_ros_msgs__rosidl_typesupport_fastrtps_cppExport-noconfig.cmake
[8.062s] -- Installing: /home/sleepy/robp-group7-sleepy/install/micro_ros_msgs/share/micro_ros_msgs/cmake/micro_ros_msgs__rosidl_typesupport_introspection_cppExport.cmake
[8.063s] -- Installing: /home/sleepy/robp-group7-sleepy/install/micro_ros_msgs/share/micro_ros_msgs/cmake/micro_ros_msgs__rosidl_typesupport_introspection_cppExport-noconfig.cmake
[8.063s] -- Installing: /home/sleepy/robp-group7-sleepy/install/micro_ros_msgs/share/micro_ros_msgs/cmake/micro_ros_msgs__rosidl_typesupport_cppExport.cmake
[8.063s] -- Installing: /home/sleepy/robp-group7-sleepy/install/micro_ros_msgs/share/micro_ros_msgs/cmake/micro_ros_msgs__rosidl_typesupport_cppExport-noconfig.cmake
[8.063s] -- Installing: /home/sleepy/robp-group7-sleepy/install/micro_ros_msgs/share/micro_ros_msgs/cmake/export_micro_ros_msgs__rosidl_generator_pyExport.cmake
[8.063s] -- Installing: /home/sleepy/robp-group7-sleepy/install/micro_ros_msgs/share/micro_ros_msgs/cmake/export_micro_ros_msgs__rosidl_generator_pyExport-noconfig.cmake
[8.063s] -- Installing: /home/sleepy/robp-group7-sleepy/install/micro_ros_msgs/share/micro_ros_msgs/cmake/rosidl_cmake-extras.cmake
[8.063s] -- Installing: /home/sleepy/robp-group7-sleepy/install/micro_ros_msgs/share/micro_ros_msgs/cmake/ament_cmake_export_include_directories-extras.cmake
[8.063s] -- Installing: /home/sleepy/robp-group7-sleepy/install/micro_ros_msgs/share/micro_ros_msgs/cmake/ament_cmake_export_libraries-extras.cmake
[8.063s] -- Installing: /home/sleepy/robp-group7-sleepy/install/micro_ros_msgs/share/micro_ros_msgs/cmake/ament_cmake_export_targets-extras.cmake
[8.064s] -- Installing: /home/sleepy/robp-group7-sleepy/install/micro_ros_msgs/share/micro_ros_msgs/cmake/rosidl_cmake_export_typesupport_targets-extras.cmake
[8.064s] -- Installing: /home/sleepy/robp-group7-sleepy/install/micro_ros_msgs/share/micro_ros_msgs/cmake/ament_cmake_export_dependencies-extras.cmake
[8.064s] -- Installing: /home/sleepy/robp-group7-sleepy/install/micro_ros_msgs/share/micro_ros_msgs/cmake/rosidl_cmake_export_typesupport_libraries-extras.cmake
[8.064s] -- Installing: /home/sleepy/robp-group7-sleepy/install/micro_ros_msgs/share/micro_ros_msgs/cmake/micro_ros_msgsConfig.cmake
[8.064s] -- Installing: /home/sleepy/robp-group7-sleepy/install/micro_ros_msgs/share/micro_ros_msgs/cmake/micro_ros_msgsConfig-version.cmake
[8.064s] -- Installing: /home/sleepy/robp-group7-sleepy/install/micro_ros_msgs/share/micro_ros_msgs/package.xml
[8.067s] Invoked command in '/home/sleepy/robp-group7-sleepy/build/micro_ros_msgs' returned '0': CMAKE_PREFIX_PATH=${CMAKE_PREFIX_PATH}:/home/sleepy/robp-group7-sleepy/install/robp_launch:/home/sleepy/robp-group7-sleepy/install/arm_servos_pubs_subs:/opt/ros/jazzy DEBUGINFOD_URLS=https://debuginfod.ubuntu.com /usr/bin/cmake --install /home/sleepy/robp-group7-sleepy/build/micro_ros_msgs
